--- Log opened Sat Nov 20 13:48:31 2010
--- Log closed Sat Nov 20 13:48:46 2010
--- Log opened Sat Nov 20 13:49:18 2010
13:49 --- Users 145 nicks [7 ops, 0 halfops, 0 voices, 138 normal]
13:49  denysonique: Ebrahem, It is slower on GNU/Linux
13:49  denysonique: Ebrahem, Try Firefox 4 beta
13:49  denysonique: its much faster
13:49 --- TheHe|AFK is now known as TheHe
13:50 --- Channel #firefox was synced in 85 seconds
15:00 --- ataK is now known as Kata
15:13  iconstruct: hey, anyone know if there is a way for a website to force firefox to use the html5 parser?
15:13  iconstruct: the standard one has so many annoying bugs, it's worse than IE
15:53  denysonique: force?
15:53  denysonique: <!doctype html>
16:19  gypsymauro: hi
16:19  gypsymauro: there is a way to change user agent string for site basis?
16:28  Quatroking: Hi
16:28  Quatroking: Are there still any firefox versions around that run on Mac OS 9?
16:37  Quatroking: Anyone?
--- Log closed Sat Nov 20 17:05:14 2010
--- Log opened Sat Nov 20 17:05:40 2010
17:05 --- Users 150 nicks [7 ops, 0 halfops, 0 voices, 143 normal]
17:06 --- Channel #firefox was synced in 86 seconds
17:30  S_G_H: HIIIIIIIIIIIIIIIII :)
17:52 --- Tannn3r|away is now known as Tannn3r
17:58  Hilikus:  i am getting this weird font in all google pages using firefox. even in private mode i get this unreadable font. if i start with another profile though, it works fine. any idea how to fix it?
18:10  Hilikus: this is what it looks like
18:10  Hilikus: http://imagebin.org/124116
18:35  Skull0Inc: Hello all. Just a question. After streaming a video to be watched online...is there a temporary file on the HD used to store the data? if so where is it?
18:46  kateweb: Hilikus:  looks like you dl'ed a bad font
18:47  kateweb: go into your fontmanager and disable the one that looks like that
18:48  kateweb: Hilikus: ??
18:49  Hilikus: sorry
18:49  Hilikus: i fixed the problem, the language setting in ff was [chrome://global/locale/intl/properties]
18:49  Hilikus: for some reason
19:20 --- Tannn3r is now known as Tannn3r|away
--- Log closed Sun Nov 21 18:48:51 2010
