--- Log opened Sun Nov 14 19:50:10 2010
--- Log closed Sun Nov 14 19:50:10 2010
--- Log opened Sun Nov 14 19:55:31 2010
19:55 --- Users 123 nicks [7 ops, 0 halfops, 0 voices, 116 normal]
19:56 --- Channel #firefox was synced in 85 seconds
20:25 --- Tannn3r is now known as Tannn3r|away
--- Log closed Sun Nov 14 20:32:42 2010
--- Log opened Sun Nov 14 20:38:12 2010
20:38 --- Users 122 nicks [7 ops, 0 halfops, 0 voices, 115 normal]
20:39 --- Channel #firefox was synced in 88 seconds
20:55 --- bh-off is now known as boonhead
--- Log closed Sun Nov 14 21:10:17 2010
--- Log opened Sun Nov 14 21:11:02 2010
21:11 --- Users 122 nicks [7 ops, 0 halfops, 0 voices, 115 normal]
21:12 --- Channel #firefox was synced in 103 seconds
21:20  electronicmaji: Hey
21:20  electronicmaji: is there a way to get the status bar at the bottom of the browser back in firefox beta
21:32  electronicmaji: ?
21:35  rjohnson19: electronicmaji: https://addons.mozilla.org/en-US/firefox/addon/235283/
21:39  electronicmaji: why the fuck was it removed
21:39  electronicmaji: fucking fail
21:40  electronicmaji: enjoy getting fished
21:41  electronicmaji: do you know how many more people will fall for those blizzard scam emails if they cant see the actual redirect of emails?
21:45  rjohnson19: the link location shows in the location bar now, to the right...
21:48  electronicmaji: oh
21:53  Moo^_^: where are fennec android bugs tracked?
21:53  Moo^_^: I see only option "Linux" in bugzilla
21:53  Moo^_^: and platform x86
--- Log closed Sun Nov 14 22:09:27 2010
--- Log opened Sun Nov 14 22:09:54 2010
22:09 --- Users 122 nicks [7 ops, 0 halfops, 0 voices, 115 normal]
22:11 --- Channel #firefox was synced in 83 seconds
22:26 --- Tannn3r|away is now known as Tannn3r
22:51 --- Tannn3r is now known as Tannn3r|away
22:52  melkor: There is a python process that if I kill then firefox starts.
23:10  WaterRatj: How do I disable auto fill in passwords?
23:14  rjohnson19: WaterRatj: options -> security, uncheck Remember passwords for sites
23:15  WaterRatj: I want them to remember
23:15  WaterRatj: just not autofill them in
23:18  rjohnson19: WaterRatj: you want signon.autofillForms to false in about:config, see http://kb.mozillazine.org/Signon.autofillForms
23:19  WaterRatj: thanks!
23:22  rjohnson19: yw
23:42 --- boonhead is now known as bh-off
23:45 --- Tannn3r|away is now known as Tannn3r
23:50  Kerrick: How do I choose which Java Firefox uses?
23:51  Kerrick: I'm on Ubuntu; I'd expect that the update-alternatives command followed by a browser restart would do it.
23:53  Autoclesis: can you undo a deleted bookmark ?
--- Log closed Mon Nov 15 00:00:10 2010
