--- Log opened Fri Jan 21 21:10:43 2011
21:10 --- Query: Starting query with Shine on bitlbee
21:10 Shine: geht eure technik zuhause eigentlich wieder?
21:11 iaj: Jo ein glück
21:11 Shine: was war los?
21:12 iaj: kP Technik im ganzem Haus hat versagt
21:13 Shine: mmh
21:13 Shine: komisch
21:13 Shine: hat der schäfer
21:13 Shine: ne ausrede?
21:14 iaj: Lol der schäfer... So langsam gehter auf n Sack
21:14 Shine: was macht er?
21:14 iaj: Will dass ich vor meinem Urlaub putze
21:14 iaj: also grossputz
21:14 iaj: mit ihm
21:14 Shine: was für ein urlaub?
21:14 iaj: damit er hier silvester feiern kann
21:14 iaj: hab ich gesagt leck mich
21:14 iaj: lol
21:14 Shine: achso vor deinem urlaub
21:14 iaj: Nu hatter hier leute her eingeladen und kein bisschen gemacht
21:14 iaj: und kommt dann an
21:14 iaj: joerg wir meussen nen putzplan erstellen
21:15 Shine: joa
21:15 iaj: der soll seiner freundin erstma beibringen dass man nach m kacken die spuelung drückt
21:15 Shine: aber dein zimmer war doch eh zu oda?
21:15 iaj: jo.. da war keiner
21:15 iaj: der meinte halt
21:15 iaj: Küche Bad unso
21:15 Shine: naja was sollst dann aufräumen?
21:15 Shine: aso
21:15 Shine: k
21:15 Shine: naja müsst ihr schon halbiern ne
21:15 Shine: auf srtl
21:16 Shine: is grad asterix und obelix
21:16 Shine: passgierschein
21:16 Shine: 43
21:16 iaj: HAHAH ach stimmt
21:16 iaj: des kommt ja het
21:16 iaj: wo se durchs haus rennen
21:16 Shine: kennst das noch?
21:17 Shine: soll ich dir ma nen anderen coolen link schicken?
21:18 Shine: ???
21:18 iaj: http://www.youtube.com/watch?v=iGvYeK7tsYE
21:18 iaj: lol
21:20 Shine: http://www.youtube.com/watch?v=02RI-E0pNCc
21:21 iaj: LOOOOOOOOOOOOOOOL
21:21 iaj: LOOOOOOOOOOOL
21:21 iaj: da denk ich direkt an MIkado stangen
21:21 iaj: Ohneeeeeeein
21:21 iaj: ohneeeeeeein :D
21:21 iaj: Krass wie klein die is
21:25 iaj: Hmm dachte das wären die Knetmaennschen
--- Log closed Fri Jan 21 21:30:47 2011
--- Log opened Fri Jan 21 21:37:07 2011
21:37 Shine: bin bei folge 6  
21:38 iaj: HAHAHA
--- Log closed Fri Jan 21 21:43:47 2011
--- Log opened Fri Jan 21 21:48:48 2011
21:48 Shine: schauste?
21:49 iaj: Ne bin bissl am chatten
21:49 iaj: dachten alle ich wär tot
21:49 iaj: lol
--- Log closed Fri Jan 21 21:54:47 2011
--- Log opened Fri Jan 21 21:57:58 2011
21:57 Shine: mmh
--- Log closed Fri Jan 21 22:03:47 2011
