--- Log opened Wed Dec 01 00:00:31 2010
--- Log closed Wed Dec 01 00:05:31 2010
--- Log opened Wed Dec 01 13:01:23 2010
13:01 iaj: dein Idol
13:01 iaj: SlayersBoxer
13:01 iaj: spielt bald
13:01 Pestberzerker: hi
13:01 iaj: hi
13:01 Pestberzerker: bin leider auf der arbeit
13:01 iaj: ich auch
13:01 iaj: who cares
13:01 iaj: lol
13:01 Pestberzerker: idra wurd grad geknipst
13:01 Pestberzerker: hab ich gelesen
13:01 iaj: echt?
13:01 iaj: lol
--- Log closed Wed Dec 01 13:07:28 2010
--- Log opened Wed Dec 01 13:41:28 2010
13:41 Pestberzerker: abuh
13:41 iaj: abuuuuuh
13:41 Pestberzerker: heut wurden alle 3 z player geknipst
13:41 Pestberzerker: a sad day for the swarm !! ^^
--- Log closed Wed Dec 01 13:47:28 2010
--- Log opened Wed Dec 01 13:49:42 2010
13:49 iaj: neeeeein
13:49 iaj: naja
13:49 iaj: hauptsache FruitDealer
13:49 iaj: bleibt on air
13:51 Pestberzerker: hmm
13:51 Pestberzerker: ja
13:51 iaj: ;-0
--- Log closed Wed Dec 01 13:56:28 2010
--- Log opened Wed Dec 01 13:58:50 2010
13:58 iaj: hmm
13:58 iaj: wann zockt denn dingens
13:58 iaj: SlayersBoxer?
13:59 Pestberzerker: zockt atm
13:59 Pestberzerker: hat g1 verloren
13:59 Pestberzerker: g2 atm
13:59 Pestberzerker: ich les text ticker zu dem game ^^
14:00 iaj: loooool
14:01 iaj: gleich 1-1
14:01 iaj: :D
14:05 Pestberzerker: yess
14:09 iaj: dein Idol!
14:12 Pestberzerker: oL
14:13 iaj: oL
14:13 iaj: ?
14:13 iaj: mein stream is ausgefallen
14:13 Pestberzerker: das is einer der bekanntesten bw spieler die es gibt
14:13 Pestberzerker: aber als der am start war
14:13 Pestberzerker: hab ich noch net gezockt
14:13 Pestberzerker: Flash is mein Idol
14:13 iaj: lol... wer is das
14:14 Pestberzerker: -.-
14:14 iaj: ein Niemand
14:14 iaj: wie mich deucht
14:17 Pestberzerker: boxer is down
14:17 Pestberzerker: banshee > 1 rax fe 
--- Log closed Wed Dec 01 14:22:28 2010
