--- Log opened Fri Dec 03 13:11:12 2010
13:11 --- Query: Starting query with Pestberzerker on bitlbee
13:11 iaj: lo there dude
--- Log closed Fri Dec 03 13:16:40 2010
--- Log opened Fri Dec 03 13:28:30 2010
13:28 Pestberzerker: yeah
13:28 Pestberzerker: schaust auch grad?
13:28 iaj: alles klar :)
13:28 iaj: nee noch ned
13:28 iaj: huko?
13:29 iaj: wer gegen wen und wievieltes game sindsen?
13:29 Pestberzerker: letztes game f채ngt bald an
13:29 Pestberzerker: http://www.teamliquid.net/video/streams/teacherWISH
13:32 iaj: letztes game?
13:32 iaj: 1-1 stehts?
13:35 Pestberzerker: f채ngt gleich an
13:35 Pestberzerker: last match
13:35 Pestberzerker: baba
13:36 iaj: 4th match
--- Log closed Fri Dec 03 13:36:16 2010
--- Log opened Fri Dec 03 22:57:44 2010
22:57 --- Query: Starting query with Pestberzerker on bitlbee
22:57 Pestberzerker: HATCH
22:58 iaj: HEY
22:58 iaj: empfehl mir ma nen gutes video
22:58 iaj: du nerd
22:58 iaj: :-)
--- Log closed Fri Dec 03 23:04:40 2010
--- Log opened Fri Dec 03 23:21:01 2010
23:21 iaj: sterben gehen sollen sie
23:23 Pestberzerker: hi
23:23 Pestberzerker: wie definierst du "gutes video" ?
23:23 iaj: GUTES MATCH
23:23 iaj: was geil ist
23:23 iaj: geiles micro
23:23 iaj: ETC
23:23 iaj: :SSS
23:24 Pestberzerker: allgemein oder mit bestimmten races oder sonstigen merkmalen?
23:24 iaj: allgemein:)
23:25 iaj: hihi
23:26 Pestberzerker: liquid jinro vs fox moon
23:26 Pestberzerker: http://simple-night-21.heroku.com/view/1423
23:27 Pestberzerker: jinro is jetzt in round of 8, hat heute gegen nen terran gewonnen
23:27 Pestberzerker: beste none-korean ergebnis bis jetzt in ner gsl
23:27 Pestberzerker: er is sick gut
23:27 iaj: hmmm
23:27 iaj: du downloadest die vids dann ja auch oder?
23:27 Pestberzerker: geb dir sein tvz in dem game gegen moon oder halt t v t, aber das war recht einseitig
23:27 Pestberzerker: ja
23:27 iaj: bei mir l채d eins seit 2 stunden oder so
23:27 iaj: arschlahm
23:27 Pestberzerker: http://www.sc2rep.com/
23:27 Pestberzerker: kannst hier auch game stream schauen
23:27 Pestberzerker: aber halt low quali und auf kor
23:28 iaj: jo nur halt schwul mit kor :)
23:28 iaj: k thans
23:28 Pestberzerker: zieh den stuff morgens
23:29 iaj: LOOOOOOL
23:29 iaj: wie der aussieht
23:29 iaj: loooooool
23:29 Pestberzerker: ^^
23:29 iaj: wenn der ma ned aus m raster f채llt
23:29 iaj: :P
23:32 iaj: wieviel runden du wohl dieses we
23:32 iaj: wieder bashst
--- Log closed Fri Dec 03 23:38:40 2010
--- Log opened Fri Dec 03 23:39:34 2010
23:39 iaj: grad seinen sieg angeguckt haha
23:41 Pestberzerker: ^^
23:41 Pestberzerker: hol dir nen pc du hans
23:41 Pestberzerker: er zockt halt so krass
23:41 Pestberzerker: sein tvt auch
23:41 Pestberzerker: vs polt
23:42 iaj: loooooool
23:42 iaj: jo schon nicht schlecht
23:42 iaj: lern von ihm
23:42 iaj: will dich da in nem monat
23:42 iaj: hocken sehen
--- Log closed Fri Dec 03 23:48:40 2010
