--- Log opened Wed Nov 24 11:32:03 2010
11:32 iaj: ;-) wieso?
11:32 iaj: Warst du gestern nicht auf seiner Party?
11:32 Melissa: haha...keine party
11:32 Melissa: er hasst geburtstage ganz besonders seinen ;-)
11:37 iaj: harharhar
11:37 iaj: :-)
11:37 iaj: andere geburtstage findi ch gut
11:37 iaj: aber jo.. eigene stinken 
11:38 iaj: Boah man, wasn hässlicher Sonnenstand
11:38 Melissa: sonne? wo
11:38 Melissa: was ist das
11:38 iaj: LoL
11:38 iaj: in Indien scheint se doch sicher auch grad
11:39 iaj: oder biste grad in Deutschland?
11:39 Melissa: watt
11:39 Melissa: natürlich bin ich hier
11:39 Melissa: wer sagt, dass ich in indien bin
11:39 Melissa: ich bin verwirrt
11:39 Melissa: lol
--- Log closed Wed Nov 24 11:45:12 2010
--- Log opened Wed Nov 24 11:46:05 2010
11:46 iaj: hätt ja sein können :-)
11:46 iaj: bist du morgen bei deinem Freund?
11:46 Melissa: denk schon
11:46 Melissa: why
--- Log closed Wed Nov 24 11:52:12 2010
--- Log opened Wed Nov 24 12:01:28 2010
12:01 iaj: Nur so
12:01 iaj: Man wird ja wohl mal fragen dürfen
12:01 iaj: Ebenso wie 
12:01 iaj: bist du am 15.04.2013 noch am leben?
--- Log closed Wed Nov 24 12:07:12 2010
--- Log opened Wed Nov 24 12:23:16 2010
12:23 Melissa: hahah...
12:23 Melissa: jaa nee ich dacht du hättest nen bestimmten grund wieso du das fragst
--- Log closed Wed Nov 24 12:29:12 2010
--- Log opened Wed Nov 24 12:37:25 2010
12:37 Melissa: biste arbeiten??
--- Log closed Wed Nov 24 12:43:12 2010
--- Log opened Wed Nov 24 12:48:34 2010
12:48 iaj: heh.. ne naja ich überleg noch wegen morgen weil er ja dann frei hat
12:48 iaj: aber wird gut stressig glaub ich
12:51 Melissa: wer hat frei?
12:51 iaj: der Chris
12:51 Melissa: echt?
12:51 iaj: meinte er zumindest mal
12:51 Melissa: wieee
12:51 iaj: oder er lügt
12:51 iaj: was weis sich
12:51 Melissa: erzähl mir genaueres
12:51 Melissa: jaja
12:52 iaj: er hat nur mal geschrieben und gemeint er hätte irgendwann ab nem reitag frei glaub ich
12:52 Melissa: jaaa...im dezember ;-)
12:53 Melissa: ab dem 17. dez ;-)
12:53 Melissa: lang lang ist hin
12:54 iaj: heh... es wird viel zu schnell gehen
12:54 iaj: I fear.
12:54 Melissa: du sagst es...
12:55 Melissa: in einem monat ist einfach schon weihnachten
12:55 iaj: KOTZ
12:55 iaj: stimmt...
12:55 Melissa: ich könnt jetzt schon heulen
12:55 Melissa: geschenke? ideen? kp
12:55 Melissa: hilfe
12:55 iaj: ja.. wenn ich immerhin schon Ideen hätte
12:55 iaj: Sau assig
12:56 Melissa: ich hab absolut keine ahnung...bei chris sowieso nicht...es hat sich schon fast ausgeschenkt...und ach hilfe
12:57 iaj: ausgeschenkt ツ
12:57 iaj: ja klar nach 5 Jahren
12:58 iaj: oder wieviele es sein mögen
12:58 iaj: ;-)
12:58 Melissa: hahaha...jajajaaaaaaa das werden wir noch sehen :-P
12:59 iaj: sind's noch keine 5 ?
12:59 Melissa: doch man...6 werdens dieses mal...
13:00 Melissa: aber wieviele es noch sein werden...werden wir sehen ;-)
--- Log closed Wed Nov 24 13:05:12 2010
--- Log opened Wed Nov 24 13:10:06 2010
13:10 iaj: das ihr noch keine kiddos habt
13:10 iaj: hab gestern katrins kleinen scheisser gesehen
13:10 iaj: ooohdamn ^^
13:11 Melissa: ist ja gut jetzt...lol..chris und ich und kinder...hahahah..also jetzt auf gar keinen fall!!!  in live??? und wie ist der herr bennet so...knuffisch?
13:15 iaj: lol wo soll das nur hinführen ^^   
13:16 iaj: ein süßer kleiner fratz
13:16 iaj: hat wohl gut was vom vadder abbekommen
13:16 iaj: ;p
13:16 iaj: in live jo, bei meiner tante gestern
13:16 Melissa: lool
13:17 Melissa: ich will den auch ma sehen
13:19 iaj: da kannste bestimmt noch warten so wie die verplant is ^^
13:19 Melissa: ja das sowieso...sie hat mir ja schon vorn paar jahren gesagt..wir treffen uns bald...naja...bald ist bis heute noch nicht eingetroffen
--- Log closed Wed Nov 24 13:25:12 2010
--- Log opened Wed Nov 24 13:27:47 2010
13:27 iaj: ahhahaah ja so kenn ich's doch auch normal
13:30 iaj: ich hab wohl noch das privileg dass ich 4 jahre die zeit mit ihr geteilt habe daher komm 
13:30 iaj: ich einma im jahr dran
13:30 iaj: YEAH
13:30 iaj: :-D
13:30 Melissa: heheh
13:30 Melissa: du glückskeks ;-)
13:31 iaj: Wo gammelsten du grad wieder rum?
13:31 Melissa: noch daheim!!! aber bald in der uniii
13:31 Melissa: heul
13:31 Melissa: seltsamerweise funktioniert ICQ net mehr da
13:31 Melissa: voll doofiii
13:32 Melissa: ich muss icq2go testen
13:32 iaj: haha die haben den server geaendert glaub ich
13:32 iaj: icq2go ist schrott
13:32 iaj: probier mal www.meebo.com aus
13:32 Melissa: wasn das
13:32 iaj: Auch ICQ für unterwegs :-)
13:33 iaj: Aber dann lernst du doch nicht so gut oder?
13:33 Melissa: und wie muss ich mich anmelden
13:33 Melissa: ruheeeeeeeeeee
13:33 iaj: ganz normal im ICQ feld deine #UIN und drunter das Passwort reinhaun
13:34 Melissa: #UIN ist meine ICQ nr...
13:34 Melissa: gell
13:34 Melissa: haha
13:34 Melissa: bitte nicht so mit fachbegriffen um dich herumschmeißen
13:34 iaj: lol
13:34 iaj: vergess immer mit wem ich spreche
13:34 iaj: Ja icq nr :-)
13:34 Melissa: hehe ok
13:35 Melissa: ich werde es testen später...ab 15:15 Uhr :-)
13:35 iaj: da geht's los??
13:35 Melissa: jap
13:35 iaj: Man darf gespannt sein :-D
13:35 Melissa: ja...bist du dann auch da??
13:35 iaj: Schon Silvesterplaene geschmiedet mittlerweile??
13:35 Melissa: du kannst ja unterhalter für mich sein
13:35 iaj: Bin heute bis 19:00 hier :\
13:35 Melissa: juhuuuuuuuuu
13:36 Melissa: lol :-)
13:36 iaj: Das ist so fürrrrrrrrn ARRRRRRRSSSSSSSSCHHHHHHHHHHH
13:36 iaj: lol
13:36 iaj: werd mich geschickt
13:36 iaj: vor der Arbeit drücken heute
13:36 iaj: hoff ich ;)
13:36 Melissa: lol
13:36 Melissa: ähh silvester...naja keine ahnung...wird wohl bei den möllers sein..wie eig geplant schon
13:36 Melissa: aber wer wohl kommen wird??? wird mager diesmal
13:37 Melissa: bb, seppel, chris und ich...was mit voelsks ist
13:37 Melissa: kp
13:37 Melissa: du bist lost....schäfer..(kein kommentar) und hoyas im kifferland ;-)
13:38 iaj: looooool.... jo schäfer würde auch nicht kommen loooooool.... der's schon cool immer wieder :D
13:38 iaj: bb is nich mit in amsterdam
13:38 iaj: das wundert mich
13:38 iaj: Naja mal sehen ob ich lost bin, bis dahin is noch lang hin
13:38 iaj: ;p
13:39 Melissa: nee bb hat kein bock auf amsterdam...to much stress...
13:39 Melissa: du fährst doch nach polen?
13:40 Melissa: oder was soll ich mit deiner aussage anfangen?
13:40 iaj: too much stress- lol.. des is ja auch voll de gemuetliche (GEWORDEN!?)
13:40 Melissa: anscheind schon
13:40 iaj: naja... keine Ahnung von der Polin noch keine endgueltige Zusage gehört
13:40 iaj: Ei ei ei
13:41 Melissa: lol...immer diese polen
13:41 Melissa: ist die silvi polin?
13:42 iaj: neneee nur eine ihrer besten freudinnen
13:43 Melissa: haha..guuut...ich hatte das auch so verstanden...weil katharina mich natürlich gefragt hat, ob deine freundin polin ist..und sie hat sich schon das schönste ausgemalt..dass sie dann jdm zum polnisch reden hätte
13:43 Melissa: und bla blubb
13:43 iaj: lol... dreamer... die hab ich eh schon gegen die eingestellt ^^
13:43 iaj: paar stories ham gereicht
13:43 Melissa: looool
13:44 Melissa: ich hoffe von mir ist du nur das beste berichtet ;-)
13:45 iaj: abgesehen von euren Escapes aus dem Camp schon ^_-  naja haben auch egtl andere Themen
13:45 Melissa: hahaha...echt??? ich dachte ihr redet nur über uns ;-) 
13:46 iaj: ツ  eher negativ
13:46 iaj: :D
13:46 Melissa: :-)
13:49 Melissa: so mein freund...wir sehen bzw lesen uns um 15:15 uhr ;-)
13:49 iaj: haha
13:49 iaj: ok :D
13:49 Melissa: hoffentlich klappts...
13:49 Melissa: falls nicht..quatsch ich dich in facebook mal an...damit du mir hilfst
13:49 Melissa: :-)
13:49 Melissa: bis denneeee
13:49 Melissa: tüdelüüü
13:49 iaj: haha... okay
13:49 iaj: bis später
13:49 iaj: :-D
--- Log closed Wed Nov 24 13:55:12 2010
--- Log opened Wed Nov 24 15:09:20 2010
15:09 Melissa: juhuuuuuuuu
15:09 Melissa: es hat geklappt
15:09 Melissa: cooool
15:10 Melissa: so..du weißt was das bedeutet...ich hab bis 18:30 uhr uni mit 15 min pause
15:10 Melissa: unterhalte mich bitte diese zeit ang
15:10 Melissa: lang
15:12 Melissa: na super...jetzt kommt wohl nichts mehr
--- Log closed Wed Nov 24 15:18:12 2010
--- Log opened Wed Nov 24 15:21:30 2010
15:21 Melissa: bla blubb
--- Log closed Wed Nov 24 15:27:12 2010
--- Log opened Wed Nov 24 15:52:50 2010
15:52 Melissa: prima
--- Log closed Wed Nov 24 15:58:12 2010
--- Log opened Wed Nov 24 16:14:29 2010
16:14 Melissa: klooooooooooopf
--- Log closed Wed Nov 24 16:20:12 2010
--- Log opened Wed Nov 24 16:53:21 2010
16:53 iaj: orrrrrrrrrry
16:53 iaj: gleich da lol
--- Log closed Wed Nov 24 16:59:12 2010
--- Log opened Wed Nov 24 16:59:45 2010
16:59 Melissa: lol
--- Log closed Wed Nov 24 17:05:12 2010
--- Log opened Wed Nov 24 17:20:23 2010
17:20 iaj: ZUM KOTZEN
17:20 iaj: hab immer nur morgens frei
17:20 iaj: lol
17:20 Melissa: und jetzt soo viel zu tun?
17:20 Melissa: armer bub
17:23 iaj: FÜRN POBBBBBBBBBBS
17:24 Melissa: lolol
--- Log closed Wed Nov 24 17:30:12 2010
