--- Log opened Fri Jan 14 19:54:20 2011
19:54 --- Query: Starting query with shabble on FreeNode
19:54 iaj: lo ther
19:54 iaj: you alright man?
--- Log closed Fri Jan 14 19:59:30 2011
--- Log opened Fri Jan 14 21:17:56 2011
21:17 shabble: hey
21:18 shabble: been better
21:18 shabble: what'sup?
--- Log closed Fri Jan 14 21:23:30 2011
--- Log opened Fri Jan 14 21:25:30 2011
21:25 iaj: :) looo :))) 
21:26 iaj: no good to hear
21:26 iaj: :::(
21:30 iaj: can you help me.. what do I have to do to map something to take me to the last buffer?
21:31 iaj: in irssi_mode.pl
21:36 shabble: erm
21:36 shabble: last == highest refnum, or previous?
21:36 iaj: highest refnu
21:36 iaj: m
21:36 iaj: :)
21:36 iaj: :map < :bp   would that work 
21:38 shabble: I'm not sure, actually
21:38 shabble: i've been awaky from hacking on vim_mode for a bit now, let me hajve a look
21:39 iaj: :-) hehee
21:39 iaj: sorry
21:40 shabble: :b 1 :bp, should do it if you can chain them
21:40 shabble: hmm
21:41 iaj: and i want to map ,b to :b<space>   i forget your solution
21:41 shabble: maybe ask in #irssi_ivm, and see if rudi knows
21:41 shabble: I've managed to forget quite a bit
21:42 shabble: stupid brain
21:42 iaj: heh.. ok :-) 
21:42 iaj: thanks
--- Log closed Fri Jan 14 21:48:30 2011
--- Log opened Fri Jan 14 21:51:26 2011
21:51 iaj: 21:50:44  vim_mode: Error in ex-mode command map: :b1 not found      i tried :map a :b1    what's wrong about it :-D
--- Log closed Fri Jan 14 23:44:37 2011
