--- Log opened Sun Oct 24 23:32:50 2010
23:32 --- Query: Starting query with Lucy on bitlbee
23:32 iaj: hier spricht
23:32 iaj: dein gott
23:32 iaj: knie nieder
23:32 iaj: und bete
23:33 iaj: dass ich dich verschone
23:33 iaj: nun wirst du sicher angst haben
23:33 iaj: und zittrig unter deinem tisch liegen
23:33 iaj: zurecht muss ich da sagen
23:34 iaj: aber ich,
23:34 iaj: dein gott!
23:34 iaj: erlaube dir das wort zu erheben
23:35 Lucy: O________________O
23:35 Lucy: LOL?? 
23:35 Lucy: XD
23:37 Lucy: *eingeschüchtert hochguck*
23:39 iaj: Da hab ich dich
23:39 iaj: wohl dick geownt
23:39 iaj: tjaaaaaaaaaaaa
23:39 iaj: was meinste wohl wer hier ist
23:39 iaj: "LUCY"
23:39 iaj: aka...
23:39 iaj: mmmh lass mich raten
23:39 iaj: ACH NE
23:39 iaj: cih bin ja gott:
23:39 iaj: S.V.E.N.J.A
--- Log closed Sun Oct 24 23:44:49 2010
--- Log opened Sun Oct 24 23:46:50 2010
23:46 Lucy: grins XD Was bist du schlau cousinsche 
23:46 Lucy: grins
23:47 iaj: cousinsche
23:47 iaj: da hammers
23:47 Lucy: ich verneige mich vor eurer Hoheit
23:47 Lucy: ;-)
23:47 iaj: keine ahnung die gute
23:48 iaj: aber sie lernt
23:49 iaj: ich wuerd dir ja
23:49 iaj: als bestrafung
23:49 iaj: die haare abschneiden
23:49 iaj: doch leider tatest du dies schon selbst
23:54 Lucy: grins nun ich sorge eben vor mein Lieber ;-)
--- Log closed Sun Oct 24 23:59:49 2010
