--- Log opened Thu Oct 28 00:00:55 2010
00:04 iaj: lol
00:04 iaj: gibts das?
00:04 iaj: LOL
00:04 iaj: ein halbes haehnchenlooooooool
00:04 iaj: den hab ich aber schonmal gehoert
00:04 iaj: ja sorry ich bastel hier nebenbei noch an der webpage
00:05 buTcHEr: jo np
00:05 buTcHEr: un jepp
00:05 buTcHEr: kam die tage
00:05 iaj: damn.. wie isses?
00:05 iaj: kann mans mal wieder zu zweit zocken
00:05 buTcHEr: ka
00:05 buTcHEr: habs eben erst begonnen
00:05 buTcHEr: gerade vorspann vorbei
00:05 iaj: ahh ok sag dnan mal an
00:05 iaj: ich werd gleich pennen gehen
00:08 buTcHEr: sieht net so aus
00:08 buTcHEr: bin mir aber noch net 100pro sicher
00:08 buTcHEr: werd icha uch badl machen
00:08 buTcHEr: also dann schonma gn8 jerk
00:08 iaj: kk wir labbern die tage
00:08 buTcHEr: alles klar
00:08 iaj: dann ma noch much fun
00:08 buTcHEr: gn8
00:08 iaj: auf nen neuen fuck tag :D
00:09 buTcHEr: thx u2
00:09 iaj: bis dann cyaa :-)
--- Log closed Thu Oct 28 00:14:55 2010
