--- Log opened Mon Nov 01 09:01:50 2010
09:01 -NickServ- (NickServ@services.) This nickname is registered. Please choose a different nickname, or identify via /msg NickServ identify <password>.
09:01 -NickServ- (NickServ@services.) You are now identified for iaj.
--- Log closed Mon Nov 01 09:07:46 2010
--- Log opened Mon Nov 01 11:10:59 2010
11:10 -NickServ- (NickServ@services.) This nickname is registered. Please choose a different nickname, or identify via /msg NickServ identify <password>.
11:11 -NickServ- (NickServ@services.) You are now identified for iaj.
--- Log closed Mon Nov 01 11:16:47 2010
--- Log opened Mon Nov 01 13:17:20 2010
13:17 -NickServ- (NickServ@services.) This nickname is registered. Please choose a different nickname, or identify via /msg NickServ identify <password>.
13:17 -NickServ- (NickServ@services.) You are now identified for iaj.
--- Log closed Mon Nov 01 13:23:21 2010
--- Log opened Mon Nov 01 15:01:28 2010
15:01 -NickServ- (NickServ@services.) This nickname is registered. Please choose a different nickname, or identify via /msg NickServ identify <password>.
15:01 -NickServ- (NickServ@services.) You are now identified for iaj.
--- Log closed Mon Nov 01 15:07:13 2010
--- Log opened Mon Nov 01 16:30:53 2010
16:30 -NickServ- (NickServ@services.) This nickname is registered. Please choose a different nickname, or identify via /msg NickServ identify <password>.
16:30 -NickServ- (NickServ@services.) You are now identified for iaj.
--- Log closed Mon Nov 01 16:36:13 2010
--- Log opened Mon Nov 01 16:58:47 2010
16:58 -NickServ- (NickServ@services.) This nickname is registered. Please choose a different nickname, or identify via /msg NickServ identify <password>.
16:58 -NickServ- (NickServ@services.) You are now identified for iaj.
--- Log closed Mon Nov 01 17:04:13 2010
--- Log opened Mon Nov 01 17:57:53 2010
17:57 -NickServ- (NickServ@services.) This nickname is registered. Please choose a different nickname, or identify via /msg NickServ identify <password>.
17:57 -NickServ- (NickServ@services.) You are now identified for iaj.
--- Log closed Mon Nov 01 18:03:13 2010
--- Log opened Mon Nov 01 19:57:58 2010
19:57 -NickServ- (NickServ@services.) This nickname is registered. Please choose a different nickname, or identify via /msg NickServ identify <password>.
19:57 -NickServ- (NickServ@services.) You are now identified for iaj.
--- Log closed Mon Nov 01 20:03:13 2010
--- Log opened Mon Nov 01 23:57:43 2010
23:57 -NickServ- (NickServ@services.) This nickname is registered. Please choose a different nickname, or identify via /msg NickServ identify <password>.
23:57 -NickServ- (NickServ@services.) You are now identified for iaj.
--- Log closed Tue Nov 02 00:00:13 2010
