--- Log opened Thu Jan 20 08:37:39 2011
08:37 -NickServ- (NickServ@services.) This nickname is registered. Please choose a different nickname, or identify via /msg NickServ identify <password>.
08:37 -NickServ- (NickServ@services.) You are now identified for iaj.
--- Log closed Thu Jan 20 08:43:15 2011
--- Log opened Thu Jan 20 14:17:28 2011
14:17 -NickServ- (NickServ@services.) This nickname is registered. Please choose a different nickname, or identify via /msg NickServ identify <password>.
14:17 -NickServ- (NickServ@services.) You are now identified for iaj.
--- Log closed Thu Jan 20 14:23:25 2011
--- Log opened Thu Jan 20 14:41:12 2011
14:41 -NickServ- (NickServ@services.) This nickname is registered. Please choose a different nickname, or identify via /msg NickServ identify <password>.
14:41 -NickServ- (NickServ@services.) You are now identified for iaj.
--- Log closed Thu Jan 20 14:47:11 2011
--- Log opened Thu Jan 20 17:07:12 2011
17:07 -NickServ- (NickServ@services.) This nickname is registered. Please choose a different nickname, or identify via /msg NickServ identify <password>.
17:07 -NickServ- (NickServ@services.) You are now identified for iaj.
--- Log closed Thu Jan 20 17:13:11 2011
--- Log opened Thu Jan 20 19:28:52 2011
19:28 -NickServ- (NickServ@services.) This nickname is registered. Please choose a different nickname, or identify via /msg NickServ identify <password>.
19:28 -NickServ- (NickServ@services.) You are now identified for iaj.
--- Log closed Thu Jan 20 19:33:59 2011
--- Log opened Thu Jan 20 19:55:42 2011
19:55 -NickServ- (NickServ@services.) This nickname is registered. Please choose a different nickname, or identify via /msg NickServ identify <password>.
19:55 -NickServ- (NickServ@services.) You are now identified for iaj.
--- Log opened Thu Jan 20 20:01:13 2011
20:01 -NickServ- (NickServ@services.) This nickname is registered. Please choose a different nickname, or identify via /msg NickServ identify <password>.
20:01 -NickServ- (NickServ@services.) You are now identified for iaj.
--- Log closed Thu Jan 20 20:06:59 2011
--- Log opened Thu Jan 20 21:55:24 2011
21:55 -NickServ- (NickServ@services.) This nickname is registered. Please choose a different nickname, or identify via /msg NickServ identify <password>.
21:55 -NickServ- (NickServ@services.) You are now identified for iaj.
--- Log closed Thu Jan 20 22:00:59 2011
--- Log opened Thu Jan 20 22:55:52 2011
22:55 -NickServ- (NickServ@services.) iaj_!~iaj@euve20098.vserver.de has just authenticated as you (iaj)
--- Log closed Thu Jan 20 23:01:00 2011
