--- Log opened Mon Nov 15 10:00:30 2010
10:00 --- Query: Starting query with BoehsesSchaf on bitlbee
10:00 BoehsesSchaf: Morsche, na wie wars beim Pokern
--- Log closed Mon Nov 15 10:06:12 2010
--- Log opened Mon Nov 15 11:09:39 2010
11:09 --- Query: Starting query with BoehsesSchaf on bitlbee
11:09 iaj: sers
11:09 iaj: Ganz gut
11:09 iaj: Wie pokern zu dritt halt so is, ne ^^
11:09 iaj: Selbst?
11:11 BoehsesSchaf: ja kann ich mir vorstellen... ich hatte Samstag und Sonntag Frühdienst und war dementsprechend ziemlich im Arsch und Früh im Bett
11:15 BoehsesSchaf: naja ich muss auch mal los, bis demnächst
11:15 BoehsesSchaf: machsgut
11:18 iaj: .okayyy ja... dann machs mal besser.. geht's schaffen?
--- Log closed Mon Nov 15 11:20:27 2010
--- Log opened Mon Nov 15 11:20:53 2010
11:20 --- Query: Starting query with BoehsesSchaf on bitlbee
11:20 BoehsesSchaf: ich treff mich mit ner freundin zum frühstücken, anschl. schaffen ja... hast du heut frei?
11:25 BoehsesSchaf: muss jetzt echt weg, sorry
11:25 BoehsesSchaf: also dann bye bye
--- Log closed Mon Nov 15 11:31:30 2010
