--- Log opened Sun Dec 05 00:00:32 2010
--- Log closed Sun Dec 05 12:03:07 2010
--- Log opened Sun Dec 05 12:03:17 2010
12:03 --- Users 101 nicks [0 ops, 0 halfops, 0 voices, 101 normal]
12:05 --- Channel #awk was synced in 141 seconds
--- Log closed Sun Dec 05 13:39:40 2010
--- Log opened Sun Dec 05 13:39:52 2010
13:39 --- Users 102 nicks [0 ops, 0 halfops, 0 voices, 102 normal]
13:42 --- Channel #awk was synced in 144 seconds
--- Log closed Sun Dec 05 15:35:24 2010
--- Log opened Sun Dec 05 17:19:28 2010
17:19 --- Users 98 nicks [0 ops, 0 halfops, 0 voices, 98 normal]
17:21 --- Channel #awk was synced in 141 seconds
--- Log closed Sun Dec 05 20:39:27 2010
--- Log opened Sun Dec 05 20:39:53 2010
20:39 --- Users 104 nicks [0 ops, 0 halfops, 0 voices, 104 normal]
--- Log closed Sun Dec 05 20:43:48 2010
--- Log opened Sun Dec 05 21:00:01 2010
21:00 --- Users 103 nicks [0 ops, 0 halfops, 0 voices, 103 normal]
21:02 --- Channel #awk was synced in 141 seconds
--- Log closed Sun Dec 05 21:22:59 2010
--- Log opened Sun Dec 05 21:28:38 2010
21:28 --- Users 103 nicks [0 ops, 0 halfops, 0 voices, 103 normal]
21:30 --- Channel #awk was synced in 153 seconds
--- Log closed Sun Dec 05 22:23:40 2010
--- Log opened Sun Dec 05 22:29:08 2010
22:29 --- Users 105 nicks [0 ops, 0 halfops, 0 voices, 105 normal]
22:31 --- Channel #awk was synced in 146 seconds
--- Log closed Mon Dec 06 00:00:07 2010
