--- Log opened Sat Nov 20 13:48:31 2010
--- Log closed Sat Nov 20 13:48:46 2010
--- Log opened Sat Nov 20 13:49:18 2010
13:49 --- Users 100 nicks [0 ops, 0 halfops, 0 voices, 100 normal]
13:49  alek{xmb}{bottz}: paeict the kkommand u did
13:50  mac-: cat directories_temp.txt | awk ' $9 ~/^[a-z]/{ print $9}'
13:50  alek{xmb}{bottz}: should really work
13:50  alek{xmb}{bottz}: paeict the whole
13:50 --- Channel #awk was synced in 97 seconds
13:50  alek{xmb}{bottz}: including cat .. | head, the kmdline
13:50  alek{xmb}{bottz}: and the ending kmdline
13:51  mac-: yeah, but you command simply lists 9th column, nothing more
13:51  mac-: yours
13:51  alek{xmb}{bottz}: so works ?
13:51  alek{xmb}{bottz}: do this
13:51  alek{xmb}{bottz}: awk ' $9 ~ ..'
13:51  alek{xmb}{bottz}: without the { .. }
13:51  alek{xmb}{bottz}: and ull see the whole
13:52  mac-: nothing changed
13:52  alek{xmb}{bottz}: no output ?
13:52  alek{xmb}{bottz}: paeict
13:52  mac-: it returns whole 9th column, when shpuld only that lines which starts with small leters
13:52  alek{xmb}{bottz}: well
13:52  alek{xmb}{bottz}: is the dir alife ?
13:53  alek{xmb}{bottz}: what do u wanna akkomplisch
13:53  alek{xmb}{bottz}: do L| awk /^[a-z]/
13:53  alek{xmb}{bottz}: ls |awk /^[a-z]/
13:53  alek{xmb}{bottz}: there is
13:53  alek{xmb}{bottz}: daet
13:53  mac-: letterslist only that wchich are dirs and are started with small letters
13:54  alek{xmb}{bottz}: ls -d */ |awk /^[a-z]/
13:54  alek{xmb}{bottz}: finally start beeing produktif
13:54  alek{xmb}{bottz}: or i stop helping
13:54  alek{xmb}{bottz}: you
13:54  alek{xmb}{bottz}: j00
13:55  alek{xmb}{bottz}: do tschaett mor
13:55  mac-: yep, doing ls -d on a file content is so productive ...
13:55  alek{xmb}{bottz}: dude
13:56  alek{xmb}{bottz}: im talking about your trying and nearly no produktif tschaett
13:56  alek{xmb}{bottz}: i meant in the dir
13:56  alek{xmb}{bottz}: not on the file itself
13:56  mac-: it cames from ftp session
13:56  alek{xmb}{bottz}: awk ' /^d/ &&$ 9 ~/^[a-z]/'
13:56  alek{xmb}{bottz}: du mount it with ftpfs
13:56  alek{xmb}{bottz}: or ncfs
13:56  alek{xmb}{bottz}: or fuse ftp
13:58  alek{xmb}{bottz}: i give a schitt if u find em, im djuct giwing tippcsz
13:58  mac-: ok, thanks for your help 
13:59  alek{xmb}{bottz}: k
14:56  mac-: how can I insert content of column into array ?
14:56  mac-: into an array
15:11  alek{xmb}{bottz}: mac-
15:11  alek{xmb}{bottz}: $ 0 icsz an arrayi
15:11  alek{xmb}{bottz}: $ 1 is the first element
15:11  alek{xmb}{bottz}: kind of co
15:15  mac-: I don`t understand
15:21  taylanub: his speech is a lot like his name ... :P
--- Log closed Sat Nov 20 17:05:14 2010
--- Log opened Sat Nov 20 17:05:40 2010
17:05 --- Users 98 nicks [0 ops, 0 halfops, 0 voices, 98 normal]
17:07 --- Channel #awk was synced in 100 seconds
18:08  sente: from ConfigParser import SafeConfigParser
18:08  sente: parser = SafeConfigParser()
18:08  sente: parser.read('simple.ini')
18:08  sente: print parser.get('bug_tracker', 'url')
18:09  sente: fuck. sorry
--- Log closed Sun Nov 21 18:48:51 2010
