--- Log opened Sun Dec 19 02:03:00 2010
02:03 --- Users 95 nicks [1 ops, 0 halfops, 0 voices, 94 normal]
02:04 --- Channel #awk was synced in 115 seconds
--- Log closed Sun Dec 19 10:12:26 2010
--- Log opened Sun Dec 19 14:47:17 2010
14:47 --- Users 95 nicks [1 ops, 0 halfops, 0 voices, 94 normal]
14:47 --- Server: [kornbluth.freenode.net] [freenode-info] if you're at a conference and other people are having trouble connecting, please mention it to staff: http://freenode.net/faq.shtml#gettinghelp
14:49 --- Channel #awk was synced in 115 seconds
--- Log closed Sun Dec 19 15:12:43 2010
--- Log opened Sun Dec 19 15:33:10 2010
15:33 --- Users 95 nicks [1 ops, 0 halfops, 0 voices, 94 normal]
15:34 --- Channel #awk was synced in 115 seconds
15:35  mac-: right, it is interesting solution, thx
15:35  mac-: :>
15:47  geirha: 4# var=/sdf/dff/dff-dff-1.1.1; echo "${var##*/}"
15:48  shbot: geirha: dff-dff-1.1.1
15:48  geirha: If you're doing echo "$var" | awk ..., I'd consider using a PE like that instead ^
--- Log closed Sun Dec 19 15:55:32 2010
--- Log opened Sun Dec 19 16:03:16 2010
16:03 --- Users 95 nicks [1 ops, 0 halfops, 0 voices, 94 normal]
16:04 --- Channel #awk was synced in 227 seconds
--- Log closed Sun Dec 19 18:06:09 2010
--- Log opened Sun Dec 19 18:11:32 2010
18:11 --- Users 99 nicks [1 ops, 0 halfops, 0 voices, 98 normal]
18:13 --- Channel #awk was synced in 117 seconds
--- Log closed Sun Dec 19 21:08:29 2010
--- Log opened Sun Dec 19 21:18:53 2010
21:18 --- Users 97 nicks [1 ops, 0 halfops, 0 voices, 96 normal]
21:20 --- Channel #awk was synced in 117 seconds
22:20 --- kornbluth.freenode.net sets modes [#awk +o pr3d4t0r]
--- Log closed Sun Dec 19 23:44:18 2010
