--- Log opened Mon Dec 06 00:17:30 2010
00:17 --- Server: [kinetic.oftc.net] *** Looking up your hostname...
00:17 --- Server: [kinetic.oftc.net] *** Checking Ident
00:17 --- Server: [kinetic.oftc.net] *** Found your hostname
00:17 --- Server: [kinetic.oftc.net] *** No Ident response
--- Log closed Mon Dec 06 00:23:07 2010
--- Log opened Mon Dec 06 01:03:35 2010
01:03 --- Server: [coulomb.oftc.net] *** Looking up your hostname...
01:03 --- Server: [coulomb.oftc.net] *** Checking Ident
01:03 --- Server: [coulomb.oftc.net] *** Found your hostname
01:08 --- Server: [kilo.oftc.net] *** Looking up your hostname...
01:08 --- Server: [kilo.oftc.net] *** Checking Ident
01:08 --- Server: [kilo.oftc.net] *** Found your hostname
01:08 --- Server: [kilo.oftc.net] *** No Ident response
--- Log closed Mon Dec 06 01:14:07 2010
--- Log opened Mon Dec 06 02:03:51 2010
02:03 --- Server: [galapagos.oftc.net] *** Looking up your hostname...
02:03 --- Server: [galapagos.oftc.net] *** Checking Ident
02:03 --- Server: [galapagos.oftc.net] *** Found your hostname
02:08 --- Server: [galapagos.oftc.net] *** Looking up your hostname...
02:08 --- Server: [galapagos.oftc.net] *** Checking Ident
02:08 --- Server: [galapagos.oftc.net] *** Found your hostname
02:09 --- Server: [galapagos.oftc.net] *** No Ident response
--- Log closed Mon Dec 06 02:14:07 2010
--- Log opened Mon Dec 06 04:04:07 2010
04:04 --- Server: [kilo.oftc.net] *** Looking up your hostname...
04:04 --- Server: [kilo.oftc.net] *** Checking Ident
04:04 --- Server: [kilo.oftc.net] *** Found your hostname
--- Log closed Mon Dec 06 04:09:07 2010
--- Log opened Mon Dec 06 04:09:09 2010
04:09 --- Server: [kinetic.oftc.net] *** Looking up your hostname...
04:09 --- Server: [kinetic.oftc.net] *** Checking Ident
04:09 --- Server: [kinetic.oftc.net] *** Found your hostname
04:09 --- Server: [kinetic.oftc.net] *** No Ident response
--- Log closed Mon Dec 06 04:15:07 2010
--- Log opened Mon Dec 06 08:03:20 2010
08:03 --- Server: [coulomb.oftc.net] *** Looking up your hostname...
08:03 --- Server: [coulomb.oftc.net] *** Checking Ident
08:03 --- Server: [coulomb.oftc.net] *** Found your hostname
08:08 --- Server: [kilo.oftc.net] *** Looking up your hostname...
08:08 --- Server: [kilo.oftc.net] *** Checking Ident
08:08 --- Server: [kilo.oftc.net] *** Found your hostname
08:08 --- Server: [kilo.oftc.net] *** No Ident response
--- Log closed Mon Dec 06 08:14:07 2010
--- Log opened Mon Dec 06 11:39:10 2010
11:39 --- Server: [coulomb.oftc.net] *** Looking up your hostname...
11:39 --- Server: [coulomb.oftc.net] *** Checking Ident
11:39 --- Server: [coulomb.oftc.net] *** Found your hostname
11:44 --- Server: [coulomb.oftc.net] *** Looking up your hostname...
11:44 --- Server: [coulomb.oftc.net] *** Checking Ident
11:44 --- Server: [coulomb.oftc.net] *** Found your hostname
11:49 --- Server: [kilo.oftc.net] *** Looking up your hostname...
11:49 --- Server: [kilo.oftc.net] *** Checking Ident
11:49 --- Server: [kilo.oftc.net] *** Found your hostname
11:49 --- Server: [kilo.oftc.net] *** No Ident response
--- Log closed Mon Dec 06 11:55:07 2010
--- Log opened Mon Dec 06 12:14:59 2010
12:14 --- Server: [magnet.oftc.net] *** Looking up your hostname...
12:14 --- Server: [magnet.oftc.net] *** Checking Ident
12:14 --- Server: [magnet.oftc.net] *** Found your hostname
12:20 --- Server: [galapagos.oftc.net] *** Looking up your hostname...
12:20 --- Server: [galapagos.oftc.net] *** Checking Ident
12:20 --- Server: [galapagos.oftc.net] *** Found your hostname
12:20 --- Server: [galapagos.oftc.net] *** No Ident response
--- Log closed Mon Dec 06 12:26:07 2010
--- Log opened Mon Dec 06 22:31:26 2010
22:31 --- Server: [coulomb.oftc.net] *** Looking up your hostname...
22:31 --- Server: [coulomb.oftc.net] *** Checking Ident
22:31 --- Server: [coulomb.oftc.net] *** Found your hostname
22:36 --- Server: [kinetic.oftc.net] *** Looking up your hostname...
22:36 --- Server: [kinetic.oftc.net] *** Checking Ident
22:36 --- Server: [kinetic.oftc.net] *** Found your hostname
22:41 --- Server: [kilo.oftc.net] *** Looking up your hostname...
22:41 --- Server: [kilo.oftc.net] *** Checking Ident
22:41 --- Server: [kilo.oftc.net] *** Found your hostname
22:41 --- Server: [kilo.oftc.net] *** No Ident response
--- Log closed Mon Dec 06 22:47:08 2010
