--- Log opened Mon Dec 13 00:45:19 2010
00:45 --- Server: [solenoid.oftc.net] *** Looking up your hostname...
00:45 --- Server: [solenoid.oftc.net] *** Checking Ident
00:45 --- Server: [solenoid.oftc.net] *** Found your hostname
08:42 --- Server: [kinetic.oftc.net] *** Looking up your hostname...
08:42 --- Server: [kinetic.oftc.net] *** Checking Ident
08:42 --- Server: [kinetic.oftc.net] *** Your forward and reverse DNS do not match, ignoring hostname.
08:43 --- Server: [kinetic.oftc.net] *** No Ident response
--- Log closed Mon Dec 13 08:48:28 2010
--- Log opened Mon Dec 13 09:42:00 2010
09:42 --- Server: [coulomb.oftc.net] *** Looking up your hostname...
09:42 --- Server: [coulomb.oftc.net] *** Checking Ident
09:42 --- Server: [coulomb.oftc.net] *** Your forward and reverse DNS do not match, ignoring hostname.
09:42 --- Server: [coulomb.oftc.net] *** No Ident response
--- Log closed Mon Dec 13 09:47:28 2010
--- Log opened Mon Dec 13 09:54:24 2010
09:54 --- Server: [kilo.oftc.net] *** Looking up your hostname...
09:54 --- Server: [kilo.oftc.net] *** Checking Ident
09:54 --- Server: [kilo.oftc.net] *** Your forward and reverse DNS do not match, ignoring hostname.
09:54 --- Server: [kilo.oftc.net] *** No Ident response
--- Log closed Mon Dec 13 10:00:28 2010
--- Log opened Mon Dec 13 13:38:24 2010
13:38 --- Server: [kinetic.oftc.net] *** Looking up your hostname...
13:38 --- Server: [kinetic.oftc.net] *** Checking Ident
13:38 --- Server: [kinetic.oftc.net] *** Your forward and reverse DNS do not match, ignoring hostname.
13:38 --- Server: [kinetic.oftc.net] *** No Ident response
--- Log closed Mon Dec 13 13:44:28 2010
