--- Log opened Sun Dec 12 19:39:49 2010
19:39 --- Server: [kinetic.oftc.net] *** Looking up your hostname...
19:39 --- Server: [kinetic.oftc.net] *** Checking Ident
19:39 --- Server: [kinetic.oftc.net] *** Found your hostname
19:44 --- Server: [solenoid.oftc.net] *** Looking up your hostname...
19:44 --- Server: [solenoid.oftc.net] *** Checking Ident
19:44 --- Server: [solenoid.oftc.net] *** Found your hostname
19:49 --- Server: [kinetic.oftc.net] *** Looking up your hostname...
19:49 --- Server: [kinetic.oftc.net] *** Checking Ident
19:49 --- Server: [kinetic.oftc.net] *** Found your hostname
19:54 --- Server: [kilo.oftc.net] *** Looking up your hostname...
19:54 --- Server: [kilo.oftc.net] *** Checking Ident
19:54 --- Server: [kilo.oftc.net] *** Found your hostname
19:55 --- Server: [kilo.oftc.net] *** No Ident response
--- Log closed Sun Dec 12 20:00:32 2010
--- Log opened Sun Dec 12 23:17:32 2010
23:17 --- Server: [kinetic.oftc.net] *** Looking up your hostname...
23:17 --- Server: [kinetic.oftc.net] *** Checking Ident
23:17 --- Server: [kinetic.oftc.net] *** Found your hostname
--- Log closed Sun Dec 12 23:22:32 2010
--- Log opened Sun Dec 12 23:22:34 2010
23:22 --- Server: [solenoid.oftc.net] *** Looking up your hostname...
23:22 --- Server: [solenoid.oftc.net] *** Checking Ident
23:22 --- Server: [solenoid.oftc.net] *** Found your hostname
23:22 --- Server: [solenoid.oftc.net] *** No Ident response
--- Log closed Sun Dec 12 23:28:32 2010
