--- Log opened Thu Dec 09 00:02:25 2010
00:02 Dan: so 
00:02 Dan: wieder daheim
00:02 Dan: alte eitermade
--- Log closed Thu Dec 09 00:08:18 2010
--- Log opened Thu Dec 09 01:42:25 2010
01:42 iaj: Morgen 11 Uhr
01:42 iaj: geht's wieder weiter
01:42 iaj: leider 2 Crapzorrrrrrrs
01:42 iaj: :-D
--- Log closed Thu Dec 09 01:48:18 2010
--- Log opened Thu Dec 09 02:19:22 2010
02:19 Dan: lol
02:19 Dan: huhh
--- Log closed Thu Dec 09 02:25:18 2010
--- Log opened Thu Dec 09 03:00:15 2010
03:00 iaj: UUUUUUH
03:00 Dan: noch wach??
03:00 Dan: WTFFFFFFFFFFFF
03:02 iaj: lol
03:02 iaj: jo
03:02 iaj: CODEN
03:02 iaj: or something like thhhhhhhhaaaat
03:02 iaj: Aber was machst du noch on
03:02 iaj: zu dieser
03:02 iaj: SPÄTEN stunde
03:04 Dan: lol
03:05 Dan: falloutn
03:05 Dan: letzte 2 tage kamen auch die letzten absagen
03:06 Dan: von den bewerbungen die rausgehaun 
03:06 Dan: naja seit sonntag versuch ich mich zu überwinden wieder motivation zu finden
03:06 Dan: aber diese kack abturns lol
03:11 iaj: Ouch :( jo.. ich kenns hab heute aber immerhin mal alles organisatorische weggeschafft
03:11 iaj: geh zwar grad nicht arbeiten - ganze week schon nciht
03:11 iaj: aber egal
03:11 Dan: loooooool
03:12 Dan: BA angefangen inzwische
03:12 Dan: oder wieß
03:12 Dan: ?
03:12 iaj: ein almaehlisches reinschauen würd ich's eher nennen
03:12 iaj: lol
03:15 iaj: We fly so high into the sky.
03:15 iaj: we kannste Fallout zocken wenn SC bei dir läuft
03:15 iaj: Ist wohl genau so ein Raetsel 
03:15 iaj: alik
03:15 iaj: e
03:16 Dan: loooooooool
03:16 Dan: sobalds durch is
03:16 iaj: http://www.youtube.com/watch?v=j1LPj9msobY&feature=related
03:16 Dan: wird auch sc2 wieder ausgepackt
03:16 Dan: durch deine fuck vids
03:16 Dan: wieder ober bock druff lol
03:16 Dan: aber wenn ich mir schon die CE hol bei fallout 
03:16 Dan: musses wenigstens 1x durchgezockt werden auch wenn das game wohl JAHRE dauert
03:16 iaj: :D
03:16 iaj: looooool
03:17 Dan: und nebenbei ma wieder ne gute alte 3 aus 5 am laufen lol
03:17 Dan: wo seit 3 tagen immer 2 richtig sind in nba
03:17 Dan: und heut wirds ned anders sein
03:17 Dan: indi over lookin good okc-5,5 NUNJA
03:18 Dan: aber is auch nur um bissi am ball zu bleiben halt lol
03:18 Dan: die reichtümer sammelt wohl jetzt der koy an ma wieder
03:18 Dan: glaub wenn er wieder 30k packt frag ich ihn ob er mir 10 leiht damit wieder gescheit arben kann LOL
03:23 iaj: lol loool ^^
03:23 iaj: hatter mal wieder ne Kombi durchgebracht
03:25 Dan: keinplan weiß nur am sonntag ham wir  n nfl pick mit ihm shared un als der durchging hatte er 3k
03:25 Dan: also war in ner kombi jo lol
03:25 Dan: un seitdem scheinba auch fast alles richtig
03:25 Dan: er koynelt wieder :-D
03:26 Dan: seppel meinte heut hat er frauen handball gezockt und so käse
03:26 iaj: lol :D:D dann gainste immerhin schonma 100 die er mir schuldet ^^
03:26 Dan: und won looooooool
03:26 iaj: oojeeeeeee
03:26 Dan: LOOOOOOOOOOL
03:26 Dan: hast mein geld
03:26 Dan: weiterverteilt
03:26 Dan: in der ganzen welt
03:26 Dan: ich seh schon irgendwann kommt n kleiner afghane
03:26 Dan: und gibt mir n fuffi
03:26 Dan: "hier is vom jörg"
03:26 Dan: ll
03:27 Dan: aber jo wenn er net alles wieder verzockt/hat (LOL?!?) könnt er den hunni wohl abdrücken
--- Log closed Thu Dec 09 03:33:18 2010
--- Log opened Thu Dec 09 03:35:14 2010
03:35 iaj: loooooooooolllllllllllllll
03:35 iaj: looooooooooool
03:35 iaj: lol
03:35 iaj: icqe ja nichtmehr mit ihm
03:35 iaj: aber je nachdem 
03:35 iaj: ob loud
03:35 iaj: oder muted
03:35 iaj: erkennt mans immer
--- Log closed Thu Dec 09 03:41:18 2010
--- Log opened Thu Dec 09 03:43:20 2010
03:43 Dan: looooooooooooool
03:43 Dan: jo naja auch seit sonntag nix mehr gehört
03:43 Dan: wo er mich erste ma seit halbem jahr anschreibt
03:44 Dan: achso 
03:44 Dan: wie issn nu
03:44 Dan: biste jetzt am BA mache
03:44 Dan: oder warum so rare
03:44 Dan: ;-)
--- Log closed Thu Dec 09 03:50:18 2010
--- Log opened Thu Dec 09 04:17:49 2010
04:17 Dan: LOL seg grad das pacers over was egtl schon "durch" war geht grad noch tot mit nem u30 4th   
--- Log closed Thu Dec 09 04:23:18 2010
--- Log opened Thu Dec 09 04:37:07 2010
04:37 iaj: olol
04:37 iaj: so kanns gehen
04:37 iaj: im leben
04:37 iaj: lol
04:37 iaj: wunder mich 
04:37 iaj: dasse ned gegen gsw spielen
04:37 Dan: looool 
04:37 iaj: die ja immer unter 70 scoren
04:37 Dan: gsw hatt ich gestern over vs mavs im system
04:37 Dan: und was kam geiles?
04:37 Dan: 5 missing
04:37 Dan: gsw haut 3er rein
04:37 Dan: foult
04:37 Dan: dirk makes first
04:37 Dan: misses 2nd
04:37 Dan: gsm
04:38 iaj: looooool
04:38 iaj: loooooooooooool
04:38 Dan: erste ma des jahr
04:38 iaj: da würd ich wohl niiiiiiiiiiieeeeeeeeee mehr over nehmen
04:38 Dan: dass die missgeburten mavs taken
04:38 iaj: looooooool
04:38 Dan: und direkt fuckense ab
04:38 Dan: spread war gut lol
04:38 iaj: erste und letzte ma
04:38 Dan: 204 nur oder so
04:38 Dan: jo
04:38 Dan: scheiß mavs
04:38 Dan: sowas von blacklisted noch von lastyear
04:38 Dan: und bestätigt again lol
04:38 iaj: loooooooool loooooooool
04:38 iaj: looooooooooooooool
04:39 iaj: die haben uns auch ma was gutes zerschossen
04:39 iaj: afaik
04:39 Dan: jo looool
04:39 Dan: wundert mich dass die petkobitch ned für die im dance team is :-D
04:39 iaj: looool
04:39 iaj: :-DD
04:39 iaj: Pektovツc
04:39 iaj: :)))))
04:39 iaj: das waren noch zeiten
04:39 Dan: looooooooooooool
04:39 Dan: jo da wurd an nem tag mehr verzockt mit der
04:39 Dan: als man jetzt in 3 monaten sieht
04:40 iaj: loooooool
04:40 iaj: LOL
04:40 iaj: jo
04:40 iaj: das is
04:40 iaj: schon echt hart
04:40 Dan: looooooooooooooooooooooooooooooooooooooooooool
04:40 iaj: muss atm jeden pfennig
04:40 Dan: jo un die koy sau
04:40 iaj: 3x umdrehen
04:40 Dan: hat das adrenalin jetzt wieder
04:40 iaj: naja.. bin ja auch laufend am buchen
04:40 iaj: von iwelchen trips
04:40 Dan: lol
04:40 iaj: lol
04:40 Dan: looool
04:40 Dan: oje
04:40 Dan: der gute sylveinfluss
04:40 Dan: wohin gehts so
04:40 iaj: zu irgendwie sonstwas für billig preisen
04:40 Dan: außer paris
04:40 iaj: über silvester nach polen für ne woche umsonst lol... naja nur bahnfahrt
04:41 iaj: dann paris jo
04:41 iaj: februar rom
04:41 Dan: LOL
04:41 Dan: kranke kackfreaks
04:41 Dan: loooooooooooooooooooooooool
04:41 iaj: rom wird mein erster fucking flug
04:41 iaj: obs
04:41 iaj: abstürzt
04:41 iaj: lol
04:41 Dan: looooooool achwas
04:41 Dan: wenne flugangst hast
04:41 iaj: naja
04:41 Dan: hf
04:41 Dan: lol
04:41 iaj: in ner week geht's  erstmal zum zahnarzt da R.I.P.e ich eh
04:42 Dan: loool geil die miami wixer
04:42 Dan: fressen grad 22-8 run
04:42 Dan: gutes altes gambling
04:42 iaj: looooooool
04:42 Dan: selbst mit billo stakes nur komische sachen
04:42 iaj: You gotta <3 it.
04:42 iaj: ich will auf die GSL setzen können loool
04:43 Dan: looooooooooooooooooooooooooooooooool
04:44 iaj: Grad gegoogled
04:44 iaj: gibt wohl nicht die Möglichkeit
04:44 iaj: Damn.
04:44 Dan: lol
04:44 Dan: bei den asiaten
04:44 Dan: garantiert irgendwo
04:44 Dan: nur hier net bekannt
04:44 Dan: oder musst chingchong sprache könn
04:44 iaj: lol
04:44 iaj: jo scheisse man
04:44 iaj: das wärs
04:44 Dan: looooooooool
04:44 iaj: wieviel geld
04:44 Dan: immer auf jinro :-D
04:44 iaj: der jinro schon gebracht hätt
04:44 Dan: LOOOOOOOOOOOOOOL
04:44 iaj: wo immer krasser aussenseiter looool
04:45 Dan: dann würdste auch irgendwannmitm schild rumhängen
04:45 Dan: und ihn anfeuern
04:45 iaj: die kakc comments it would be truly fricken awesome if he makes it to the top32
04:45 iaj: und nu isser top4
04:45 Dan: LOL
04:45 Dan: loooooool
04:45 iaj: DAMN
04:45 iaj: ;D
04:45 iaj: =D
04:45 Dan: der d-will bastard lol
04:45 Dan: wie der miami zerlegt 
04:45 iaj: looooooool
04:45 iaj: loooooool
04:45 iaj: da hängt wohl was dran
04:45 iaj: hab koy angeschrieben
04:45 iaj: aber er antwortet nicht
04:45 iaj: lol
04:45 Dan: LOL
04:46 Dan: daher wohl
04:46 iaj: Ich schätz ma
04:46 iaj: du streamst
04:46 iaj: lol
04:46 Dan: looooooooooooooooooooooooooooool
04:46 iaj: jo hat bestimmt wieder geloosed
04:46 Dan: bei okc hats luck gebracht
04:46 Dan: die schon abgehakt warn
04:46 iaj: schätze mal am 1. Weihnachtsfeiertag haste keine Time abends?
04:46 Dan: nachdem 40er eaten
04:46 Dan: im 1st
04:46 Dan: hmmmm unwahrscheinlich why
04:46 iaj: denk ma da wird n Spieleabend beim Koy gestartet
04:46 Dan: aso damn
04:46 iaj: wie jedes year
04:46 iaj: lol
04:46 Dan: lol
04:46 Dan: und stil keine silvesterpläne hier kotzzzzzzzz
04:47 iaj: loooool
04:47 iaj: hoyer is ja wesch
04:47 iaj: was macht seppel?
04:47 iaj: schrammbo hat mich vorhin angeschrieben
04:47 Dan: lol
04:47 Dan: seppel weiß auch nonned
04:47 Dan: bestimmt arbeitskollegen oder so
04:47 Dan: wollt sich ned so wirklich äußern  der penner
04:47 iaj: dann jo
04:47 iaj: der
04:47 iaj: verlegene blick
04:48 iaj: sacht so einiges
04:48 Dan: looooooooooool
04:48 iaj: naja wenn die dann absagen
04:48 iaj: kommst du ins Gespraech
04:48 iaj: lol
04:48 Dan: LOL
04:48 iaj: koys feiern bestimmt
04:48 iaj: bei Moellers
04:48 iaj: Ringepitz mit Anfassen
04:48 Dan: werd mir wohl flasche korn holen
04:48 iaj: kannste da Mitmachen
04:48 Dan: und zum eberhard
04:48 Dan: LOL
04:48 iaj: Loooooooooooooooool
04:48 Dan: koys+möllers am arsch
04:48 iaj: Triumphaler Start in 2011
04:48 iaj: Wie sich's gehört
04:49 iaj: Boa... die letzten 5 oder 6 Tage nie allein gepennt.... nun muss auhc ma n bisschen die Nachtsuchtstrahlenbefriedigung her
04:49 Dan: looooooooooooooooooooooooooooooooooooooool
04:49 Dan: oh die lakers basterds zocken ja auch schon
04:49 Dan: bin ich ja gespannt
04:49 iaj: loooooool
04:49 Dan: ob noch überhaupt eins der ausstehenden 3 auch nur close wird
04:49 iaj: gegen die Clips
04:49 Dan: lol
04:49 Dan: da 2 schon durch
04:50 Dan: vom 3 of 5
04:50 Dan: und standard is halt
04:50 Dan: 2 durch
04:50 Dan: 2 badbeat
04:50 Dan: und 1 voll daneben
04:50 iaj: lol
04:50 iaj: GSW hätt ja fast die 100 gepackt
04:50 iaj: Ich bin begeistert
04:50 Dan: loooooooooooooooooooooool
04:50 Dan: siehstema!!!
04:50 Dan: aber
04:50 Dan: under isses dennoch
04:50 Dan: 213 war spread
04:50 iaj: loooooooool
04:50 Dan: da dacht ich aunur
04:50 Dan: geh kacken
04:50 iaj: Bei Washington haste nix?
04:50 Dan: over 203
04:50 Dan: lol
04:51 Dan: wiz o203,5
04:51 iaj: lol
04:51 Dan: was grad in sack geht
04:51 Dan: lakers-8
04:51 Dan: die das ganze jahr noch ned 1x gecovert ham wenn ich se genommen hab
04:51 iaj: Die gute Alte NBA
04:51 Dan: und miami-1
04:51 iaj: loooooooool
04:51 iaj: Einmal weiss ich's wohl noch
04:51 iaj: imt den Lakers
04:51 iaj: lol
04:51 Dan: die eh ne wundertüte sind halt
04:51 Dan: aber im 3rd
04:51 iaj: GOTT war's kacke
04:51 Dan: 12pt lead gehabt
04:51 Dan: und verblasen
04:51 Dan: sagt schon einiges aus lol
04:51 iaj: GEGEN DEINE JAZZ?
04:51 iaj: was ist da nur lo
04:51 iaj: s
04:51 Dan: loooooooooool
04:51 Dan: jo
04:51 Dan: FEHLER wars
04:51 iaj: loooooooool
04:51 iaj: LOL knadder
04:52 iaj: is grad in ICQ gekomme
04:52 iaj: magste ned mit ihr chatten
04:52 Dan: und wiz 2nd qtr kann ich wohl froh sein wenns O40 geht
04:52 Dan: wizards und kings
04:52 Dan: man kennt sie für ihre defense stärke
04:52 iaj: loooooool
04:52 iaj: und ihre O
04:52 iaj: 6 Stunden noch bis zum Match
04:52 Dan: looooooooooool
04:52 iaj: und noch ne Stunde bis ich SMS raushau
04:52 Dan: von jinro?
04:52 iaj: an Chef
04:52 Dan: LOOOOOOOOOOL
04:52 Dan: LOL
04:52 iaj: dass immernoch krank
04:52 iaj: lol
04:53 iaj: jo
04:53 iaj: ne
04:53 Dan: looooool
04:53 iaj: der spielt Freitag erst
04:53 Dan: bepiss
04:53 iaj: Verfickter Zahn, gib Ruhe
04:53 Dan: *GET OUTTA HERE*
04:53 Dan: lol
04:53 iaj: lol
04:53 Dan: wo grad bosh weggeblockt wurd
04:53 Dan: ne dampier
04:53 Dan: dafür
04:53 Dan: 3er !
04:53 Dan: ha!
04:53 Dan: es lebt!
04:53 Dan: lol
04:53 Dan: aber 3rd hamse ja auch 12 lead gehabt
04:54 Dan: um einzubrechen
04:54 Dan: wixkröten
04:54 Dan: ROFL der d-will 
04:54 Dan: wird gefoult
04:54 Dan: und im fallen hämmert er noch schnell den ball richtung rum
04:54 iaj: looooool
04:54 Dan: rim
04:54 iaj: looooooool
04:54 Dan: => 3ft
04:54 iaj: achso du streamst
04:54 iaj: na kein wunder
04:54 iaj: dass deine wetten
04:54 Dan: loooooooooool
04:54 iaj: schief laufen
04:55 iaj: Aber
04:55 iaj: da ich nix hab
04:55 iaj: kann ich ja auch ma
04:55 iaj: reinschwenken
04:55 Dan: looooooooooooooooooooool
04:55 Dan: in die utah party
04:55 Dan: die geile crowd da
04:55 iaj: wieviel musses n ausgehen?
04:55 Dan: und fucking d-will
04:55 iaj: LOL
04:55 iaj: :D
04:55 Dan: -1
04:55 Dan: also sieg halt
04:56 Dan: da war okc-5,5
04:56 iaj: Eben hatter verfehlt
04:56 iaj: loool
04:56 Dan: einiges enger lol
04:56 iaj: loooool
04:56 Dan: siehe
04:56 Dan: 1st qtr
04:56 Dan: LOL
04:56 iaj: Alter
04:56 iaj: ROFL
04:57 iaj: Krasses Comeback
04:57 Dan: da hat der kevin l<3ve allein 15 gemacht
04:57 Dan: jo
04:57 Dan: war n1
04:57 Dan: gute alte thunder
04:57 Dan: gleich kommtse
04:57 Dan: die utalead
04:57 Dan: turnover dwill!!!
04:57 Dan: lol
04:57 iaj: loooooooooool
04:57 iaj: looooooooooooooooooooooooooooooooooooool
04:57 iaj: wie kann miami
04:57 Dan: looooooooooooooooooooooooool
04:57 iaj: so schlecht sein
04:57 iaj: mit dem team
04:57 Dan: jo
04:57 iaj: lol
04:58 Dan: unglaublich immer wieder
04:58 Dan: phew
04:58 Dan: ma ausnahmsweise ned direkte antwort
04:58 Dan: WADE
04:58 Dan: boah das war n2
04:58 Dan: n1
04:58 Dan: bzw
04:58 Dan: n2
04:58 Dan: eigentlich
04:58 Dan: weil 2 3er lol
04:58 iaj: der LJ Loool
04:58 Dan: der knilch lol
04:58 Dan: ROFL
04:58 iaj: so kenn ich die jazz jedenfalls
04:58 Dan: ROOOOOOOOFL
04:59 Dan: das war
04:59 Dan: d-will style
04:59 Dan: der wade LOOOOOOOOOOL
04:59 Dan: wie kann sowas foul geben
04:59 Dan: ich nehms zwar gern
04:59 Dan: aber so unreal
04:59 Dan: springt in den gegner un gained 3 ft
04:59 Dan: ich werd doch ned etwa
04:59 Dan: erste ma die week cashback gainen in der nba???
05:00 iaj: lol
05:00 iaj: Game is noch lang
05:00 iaj: Mein bester
05:00 Dan: jo leider lol
05:00 iaj: LOOOOOL
05:00 iaj: Fuern Seppel geht's hier immerhin
05:00 iaj: um ein Essen beim SUbways
05:00 Dan: loooooooooool
05:01 Dan: ne der zockt nur noch nhl
05:01 Dan: nba hat er nur abgelosed des jahr
05:01 iaj: n H l ?
05:01 iaj: lol
05:01 Dan: jo det und noch irgendwas
05:01 Dan: det 3-2 lost schonma lol
05:01 iaj: LOOOOOOOOOOOOOL
05:01 iaj: bepiss
05:01 iaj: das hat man davon
05:01 iaj: wenn man sich gegen die NBA stellt
05:01 Dan: jo looool
05:02 Dan: ich bleib ihr treu auch wennse mich die woche hasst
05:02 iaj: Dein Freund Dwayne
05:02 Dan: wade ROFL
05:02 iaj: lol
05:02 Dan: da machter den dirkulos
05:02 Dan: seh noch wiz im ticker
05:02 Dan: es könnte tatsächlich ü40 gehn
05:02 Dan: damit noch ned komplett tot lol
05:02 Dan: bam
05:02 Dan: diese AK slams lol
05:02 iaj: looooooool
05:03 Dan: looool
05:03 Dan: was se machen
05:03 Dan: bosh wars
05:03 Dan: der airballmaster
05:03 Dan: 40!!!!
05:03 Dan: krass da hats ja nochma gehagelt die letzten min scheinba
05:03 Dan: könnte soga 50er geben in sac
05:03 Dan: gotit!
05:03 iaj: loool
05:04 iaj: looooooooooool könnte
05:04 Dan: 7min bis cashbcak!
05:04 iaj: loooool
05:04 Dan: 24sec turnover von was
05:04 Dan: seh ich da direkt lol
05:04 iaj: llooooooooooool
05:04 Dan: WIXER
05:04 Dan: lool
05:04 Dan: lakers warn immerhin auch ma kurz im $$
05:05 iaj: 9 Pt game looooool.. All Miami in the 4th
05:05 Dan: alter
05:05 Dan: pwned
05:05 Dan: lol
05:05 Dan: 7pt game
05:05 iaj: Das war actually
05:05 iaj: PWNED
05:05 iaj: lol
05:05 Dan: da machense wieder
05:05 Dan: 3rd qtr style
05:05 Dan: lol
05:05 Dan: LOL
05:05 Dan: der freak
05:05 Dan: was der probiert
05:05 Dan: das hamse
05:05 Dan: von so scheiß überheblich moves
05:05 iaj: loooooooool
05:05 Dan: turnaround 3er loooool
05:05 Dan: dumme bastarde einfach nur
05:05 Dan: daher losen se wohl so oft ab lol
05:06 iaj: loooooooooooooooool
05:06 iaj: seh sse glaub ich
05:06 iaj: das erste ma spielen
05:06 Dan: lol
05:06 Dan: überall
05:06 Dan: gehts bergab
05:06 Dan: lakers 20-11 => 20-15
05:06 Dan: wiz wenigstens timeout
05:06 Dan: aber eh gleich 2min crap
05:06 Dan: und miami ma wieder 11pt lead squandered lol
05:08 iaj: lol
05:08 iaj: jeah
05:08 iaj: n neues wort gelernt
05:08 iaj: squandered kannt ich noch ned
05:08 Dan: looooooooooooooooooool
05:08 iaj: obwohls eigentlich wohl n muss is
05:08 Dan: glaub in der nfl
05:08 iaj: im gambling biz
05:08 Dan: benutzenses hauptsächlich
05:08 Dan: LOL die fakers
05:08 iaj: lolllll
05:08 iaj: k
05:08 Dan: 20-17 und ft clipz
05:08 iaj: nach dem game
05:08 iaj: gehsch pennen
05:08 Dan: <3 em
05:09 Dan: 5min bis cashback
05:09 Dan: another dagger
05:09 Dan: lol
05:09 iaj: A DAAAAAAAAAAAGAAA
05:09 Dan: LOL
05:09 Dan: alter
05:09 Dan: dieser dumme spast
05:09 Dan: gj
05:09 Dan: wd
05:09 Dan: n1
05:09 iaj: looooool
05:09 iaj: gj wd
05:09 iaj: n1
05:09 iaj: loooooool
05:09 Dan: feafeafea
05:09 Dan: scheiß miami lol
05:09 iaj: statt DD
05:10 Dan: und der fucking dwill
05:10 Dan: 6
05:10 Dan: jo
05:10 Dan: loooooooool
05:10 iaj: 6 loool
05:10 Dan: 4pt diff
05:10 iaj: Dein Freund
05:10 Dan: ne 5
05:10 Dan: war ja 3pt play
05:10 Dan: statt slamdunk
05:10 Dan: der war wenigstens ma gut
05:10 iaj: Wie der aussieht ohne seine Rhastas
05:10 Dan: 4min bis cashbkack
05:10 iaj: lol
05:10 Dan: lol
05:10 iaj: loooool
05:11 iaj: ich muss mir Wecker stellen
05:11 iaj: SMS ist schon vorgeschrieben
05:11 iaj: aber wär auffällig
05:11 Dan: und weißte wieviele millionen
05:11 iaj: würde ich sie a) Nachts schicken
05:11 Dan: auf der systembet liegen
05:11 Dan: guess it
05:11 Dan: lol
05:11 iaj: oder erst um 14h
05:11 iaj: lol
05:11 iaj: hmmm
05:11 iaj: kein plan
05:11 iaj: 500
05:11 Dan: normal 50
05:11 Dan: diesma 63 wg abrundung
05:11 iaj: loooooool
05:11 iaj: die 3er guys
05:11 iaj: kommen
05:11 Dan: naja wenn 5/5 richtig gäbs soga gut knete lol
05:12 Dan: aber mein ziel sinn immer 3
05:12 Dan: also gibts 2
05:12 iaj: LOOOOOOOOOOOL
05:12 Dan: the whole fuckingggg wweek
05:12 Dan: BAM
05:12 Dan: better this time
05:12 iaj: DWADE und LEBRON
05:12 iaj: lol
05:12 iaj: loooool
05:12 Dan: jo looool
05:12 Dan: aber die spielen halt auch krasse D
05:13 iaj: die beiden
05:13 iaj: looooooool
05:13 Dan: so viel score wie heut gibts egtl selten bei den wixern
05:13 Dan: loooool der lebron
05:13 Dan: fast ins brett gesprunge
05:13 Dan: wie ich mich da weggepisst hätte
05:13 Dan: 50er in was!!!!
05:13 Dan: ich darf doch ned etwa auf n 4/5 hoffen für geile +50???
05:14 Dan: oder was es geben mag
05:14 Dan: weiß nur bei 5/5 gäbs soga +300 oder so lol
05:14 Dan: daher zock ich den käse im mom....MEISTENS cashback ca und immerhin noch die hopes auf n plus was einen bockt obwohl babystakes
05:15 Dan: aber hätte wohl lieber clipz ML taken sollen
05:15 Dan: scheiß fakers hätts wissen müssen
05:15 iaj: https://skitch.com/iiaj/rrner/studivz-fotoalbum-vimperator-1
05:15 iaj: LOOOOOOOOOOL
05:16 iaj: was ich hier fürn shit finde
05:16 Dan: bähhhhhhhhhhhhhhhhhhhh ey
05:16 iaj: loooooooool
05:16 iaj: wirste geil
05:16 Dan: boah is die hässlich
05:16 iaj: welche?
05:16 iaj: looooooool
05:16 Dan: looooooooooooooooooooooooooooooooooooooooooooooooooooooooooool
05:16 Dan: ich find knadder sogar noch schlimmer
05:16 Dan: als die mugel
05:17 iaj: n Bild von dir
05:17 iaj: hab ich sogar auch noch
05:17 iaj: https://skitch.com/iiaj/rrnej/studivz-fotos
05:17 Dan: ROFL
05:19 Dan: geil LOLOOOOOL
05:19 Dan: 94sec bis cashback
05:19 Dan: looooooooooool is das kostüm geil
05:19 iaj: loooooooooooooool
05:19 iaj: looooooooooooooooooooool
05:19 iaj: das rockt man :D
05:19 iaj: https://skitch.com/iiaj/rrnex/studivz-fotoalbum-vimperator-2
05:19 iaj: loooooooooooooool
05:19 iaj: die dummen honks
05:19 iaj: und der bauch war da wohl schon back lol
05:19 Dan: loooooooooooooooooooooooooooooooooooooooooooooooooool
05:19 Dan: hilfe ey
05:19 Dan: die caro
05:20 Dan: und wir sind schuld an der
05:20 Dan: weil wir a) hoya ins multis geschleppt
05:20 Dan: un b) allein gelassen in dem komischen assischuppen wo die ihn aufgegabelt hat lol
05:20 Dan: 40
05:20 Dan: bis
05:20 Dan: cashback
05:20 Dan: erste ma die week bei nba!!!
05:21 iaj: looooooooooooooooooooooooooooooooooooooool
05:21 iaj: loooooooooooooooooooooooooooooooooooooooool
05:21 iaj: stimmt
05:21 iaj: wir sidn echt schuld
05:21 iaj: loooooooool
05:21 iaj: LOOOOOL
05:21 Dan: jo looooooooooooool
05:21 Dan: und zum dank
05:21 Dan: isser gone4good
05:21 Dan: hab glaub mind 6monate nix mehr gehört
05:21 Dan: von dem dummen pisser
05:21 Dan: selbst bb seh ich öfter lol
05:22 Dan: krass
05:22 Dan: da machen ja beide teams noch sinnlos 3er lol
05:22 Dan: was da los man könnt meinen wir hätten under 208 für 10k gepickt
05:23 Dan: aber
05:23 Dan: CASHBACK
05:23 Dan: OLKE
05:23 Dan: OLE
05:23 Dan: OLE
05:23 Dan: OLE
05:24 iaj: looooooooool
05:24 iaj: loooooooooooooooooooooooooooooool
05:24 iaj: looooooooooooooool
05:24 iaj: GRATS
05:24 iaj: ツDDDDDDDDDDDDD
05:24 iaj: Pektovツc!!!!!!!!!
05:24 iaj: ich geb mir noch ne Folge
05:24 Dan: loool obwohl glaub ne
05:24 iaj: Gute-Nacht-Jinro
05:24 Dan: noch is -15 oder so
05:24 Dan: weil ja nur eine kombi im system richtig sein kann
05:24 iaj: loooooooooool
05:24 Dan: wär auch zu schön wenn nba einma ohne minus :-D
05:24 iaj: die scheisse
05:24 Dan: jo loooooooooooooooooooooooool
05:24 Dan: naja werds sehn
05:25 iaj: wenn morgen
05:25 iaj: McMillionair
05:25 Dan: aber glaub dafür wenn noch 1 stimmt
05:25 Dan: +100 rum
05:25 Dan: McMillionair
05:25 Dan: DOUBTE ich
05:25 Dan: lol
05:25 iaj: laesste dich dann in Lord Daniel
05:25 iaj: umbennenen
05:25 Dan: aber jetzt wo dus sagst
05:25 Dan: kann ich ma lotto checken
05:25 iaj: loooooool
05:25 Dan: hab ich ja im frust für dezember n schein gemacht
05:25 Dan: nach irgendner absage lol
05:26 Dan: und bisher immer 2er 
05:26 iaj: loooooooool
05:26 iaj: looooooooooooool
05:26 iaj: geht!
05:26 iaj: was gewinnt man da so
05:26 iaj: ok
05:26 Dan: jo looooooool
05:26 iaj: folge liegt bereit
05:26 Dan: geile
05:26 Dan: 0,00
05:26 iaj: LOOOOOO
05:26 Dan: wie bei meinenn nba 2ern
05:26 iaj: läuft@!
05:26 Dan: beim 3er
05:26 Dan: kriegste 5-20 je nachdem
05:26 Dan: beim 4er so ~100
05:26 Dan: ab 5er lohnts aber
05:26 iaj: ab 5 ?
05:26 Dan: da wirds tief 4stellig oder 5stellig
05:26 Dan: lol
05:27 Dan: easy!
05:27 iaj: sind doch nur 3 oder 5?
05:27 iaj: 3 aus 5
05:27 iaj: achso
05:27 iaj: im lotto
05:27 Dan: lotto
05:27 Dan: mein ich lol
05:27 Dan: bei nba
05:27 Dan: bei 4 so +100
05:27 Dan: bei alle richtig +300-400
05:27 Dan: was fett wär
05:27 Dan: aber nie passiern wird
05:27 iaj: looooooooooool
05:27 iaj: LOOOOOOO
05:27 Dan: also lotto am mittwoch
05:27 iaj: washington over
05:27 Dan: SCHAUNMERMA
05:27 Dan:  
05:27 iaj: und lakers
05:27 iaj: kann doch noch kommen?
05:27 iaj: dann sind's 5 aus 5
05:27 Dan: 2 7 14 16 18 26
05:27 Dan: jo
05:27 Dan: möglich isses noch
05:28 Dan: reihe 1: 1 richtig SAUBER
05:28 Dan: reihe 2 hab ich 15 17
05:28 Dan: statt 14 16 18
05:28 Dan: LOOOOOOOL
05:28 iaj: looooool
05:28 Dan: in your face
05:28 iaj: loool
05:28 Dan: sozusagen
05:28 Dan: @me
05:28 Dan: also 0 richtig
05:28 Dan: bei reihe 2
05:28 Dan: und reihe 3
05:28 iaj: loooooooooooool
05:28 iaj: loooooooooooooooooo
05:28 iaj: der kack
05:28 iaj: ich weiss schon
05:28 Dan: 1 richtig
05:28 iaj: warum ich's nid spiel
05:28 Dan: ole
05:28 iaj: würden se nur
05:28 iaj: zusammenzählen
05:28 iaj: lol
05:28 Dan: mieseste ziehung überhaupt
05:29 Dan: selbst dann
05:29 Dan: hätt ich nur 2
05:29 Dan: lol
05:29 iaj: LOOOOOOOOOOOOOL
05:29 iaj: ok
05:29 iaj: das is schwch
05:29 iaj: LOL
05:29 Dan: hab auch nur 5wochen schein gemacht
05:29 Dan: lol
05:29 Dan: für die xmas zeit
05:29 Dan: hoffen dass der gamblegott
05:29 Dan: mir gnade gewährt
05:29 Dan: und ich die uni sprengen kann
05:29 iaj: looks good
05:29 iaj: so far
05:29 iaj: LOL
05:29 Dan: jo LOL
05:29 iaj: looooooooooooool
05:29 Dan: loooooooooooooooool
05:29 iaj: spreng dann bitte auch die her
05:29 Dan: hab auch noch so n andern scheiß gemacht
05:29 Dan: spanische weihnachtslotterie
05:29 Dan: da gibts 85k lose
05:30 iaj: LOOOOOOOL
05:30 Dan: eins kostet 200 davon n zehntel geholt
05:30 iaj: LOOOOOOOOOOOOOOOL
05:30 Dan: mitm hauptpreis wärs aber auch locker 6stellig lol
05:30 Dan: immerhin
05:30 Dan: chance 1:85k
05:30 Dan: net wie beim lotto
05:30 Dan: 1:50mio?
05:30 Dan: oder wie isse?
05:30 iaj: glaub irgendwie so
05:30 iaj: zu krank
05:30 iaj: lol
05:30 Dan: looooooooooooooooooooooooooooooooooooool
05:30 iaj: selbst mein Obba
05:30 Dan: da fand ich die spanienlotterie doch sympathischer
05:30 iaj: hats uffgegebbe
05:30 Dan: looooooooooooooooooooool
05:30 Dan: jo ich zock den wix auch nur dann un wann
05:31 Dan: entweder wenn cash da is...den sommer leider verpeilt
05:31 iaj: ^^ spanische weihnachtslotterie
05:31 Dan: da hätt ich eigentlich ma direkt n 2jahres schein kaufen müsen
05:31 iaj: wie du da allein rankamst
05:31 iaj: i don't wanna know
05:31 Dan: looooooooooooool
05:31 Dan: tipp24
05:31 iaj: lol
05:31 Dan: bietets an
05:31 Dan: gogo
05:31 Dan: naja also wie gesagt entweder wenn grad bissi was übrig un dran denk
05:31 Dan: oder...
05:31 Dan: wenn absolut verzweifelt
05:31 Dan: lol
05:31 iaj: boa krass
05:31 iaj: die suns
05:31 iaj: sind ja back
05:31 iaj: gekommen lol
05:31 Dan: ui tatsache
05:31 Dan: damn
05:31 Dan: suns hc hab ich faded
05:32 iaj: das wär auch gut gewes
05:32 Dan: glaub -3,5
05:32 iaj: e
05:32 Dan: wars
05:32 Dan: aber nach den mem ft´s
05:32 iaj: wo -16 ins 4.
05:32 iaj: lol
05:32 Dan: doch besser lol
05:32 Dan: aber geiles 4th
05:32 Dan: muss man den kakcsuns lasse
05:32 Dan: ob memphis nochma bauert
05:32 Dan: für die suns guys
05:32 Dan: und dirk dann schnell einwechselt
05:32 Dan: um 1st zu machen
05:32 Dan: dass man denkt JAAAA
05:32 Dan: und dann
05:32 Dan: "ach kack drauf" körperhaltung
05:32 Dan: den 2. fast airballt
05:33 Dan: lol die neger
05:33 Dan: deciding 1
05:33 Dan: upcoming
05:33 Dan: was machste channing
05:33 Dan: MISS
05:33 Dan: LOL
05:33 Dan: er DIRKT
05:33 iaj: loooooooooooool
05:33 Dan: neues wort
05:33 Dan: DIRKEN
05:33 Dan: aka 
05:33 Dan: den fürs hc/over deciding 2nd ft
05:33 Dan: in die tribüne ballern
05:33 iaj: looooooool
05:33 iaj: loooooooooooooool
05:33 iaj: der 90% FT shooter
05:33 iaj: da hatter wohl
05:33 iaj: versagt
05:33 iaj: lol
05:34 Dan: loooooooooooool jo
05:34 Dan: hat man ihm halt auch angesehn
05:34 Dan: dass ihm egal war der 2.
05:34 Dan: dumme missgeburt 
05:34 Dan: immerhin hamse auch net gecovert die scheiß spasten
05:34 Dan: Last Play: 9:50 Illegal pick turnover on Kevin Seraphin (WAS)
05:34 Dan: gj
05:34 Dan: pissnelke
05:34 iaj: loooool
05:35 Dan: noch is kein polster da
05:35 Dan: fürn u40er qtr
05:35 Dan: lol
05:35 Dan: das pacers over
05:35 iaj: OVERTIME
05:35 Dan: ein glück wars 190
05:35 iaj: looooooooooool
05:35 iaj: loooooooooooooooooooooooooooooooooooooooooooooooool
05:35 Dan: dieses scheiß 4th
05:35 Dan: looool
05:35 Dan: krass
05:35 iaj: looooooooooooooooooooooool
05:35 iaj: der geile
05:35 iaj: Freethrow
05:35 iaj: loooooooooooooool
05:35 Dan: looooooooooooooooooooooooooooooooool
05:35 Dan: pwnzored
05:35 iaj: naja fürs over
05:35 iaj: isses wohl
05:35 iaj: gut
05:35 iaj: lol
05:35 iaj: aber wohl dennoch under
05:36 iaj: wenn ich mir des so anseh
05:36 Dan: looool
05:36 Dan: wieß nemmer aber glaub jo
05:36 Dan: war relativ high
05:36 Dan: knicks Over 220
05:36 Dan: is im mom auch n favopick von mir
05:36 Dan: zieht auch fast immer lol
05:36 Dan: habs heut nur ned genommen weil die craptors so hasse
05:36 Dan: aber hätt auch wieder gezogen lol
05:36 iaj: loooooooooooooooooooool
05:36 iaj: lol
05:36 iaj: die craptors
05:36 iaj: ツD
05:36 iaj: ok alles
05:36 iaj: prepared
05:36 iaj: ich hau mich ma inne horizontale nu
05:36 Dan: loooooooooooooooool
05:36 Dan: kk
05:37 iaj: und geb mir noch n match
05:37 iaj: ROF
05:37 Dan: sollt ich owhl auch
05:37 Dan: und nice
05:37 Dan: dass man dich ma wieder angetroffen hat
05:37 Dan: altes kackviech
05:37 iaj: LoL ich bin der schatten der die nacht durchflattert
05:37 iaj: alte Eule du
05:37 Dan: biste schon eingezogen bei der
05:37 iaj: ;)
05:37 iaj: hier
05:37 iaj: kann ich ja nemmer sein
05:37 iaj: kack schäfer
05:37 iaj: lol
05:37 Dan: looooooooool
05:37 Dan: wo wohntse dennß
05:37 Dan: achso
05:37 Dan: auch da
05:37 iaj: maenz
05:37 iaj: wooooooohl
05:37 iaj: lol
05:37 Dan: aber studiert in meenz?
05:37 Dan: ahhhh 
05:37 iaj: wohnt auch da
05:37 iaj: irgendwo
05:37 iaj: lol
05:38 iaj: das kackstück
05:38 Dan: also hängste in mainz ab?
05:38 iaj: jo
05:38 Dan: morgen geh ich wohl ma wieder in die uni
05:38 Dan: aber erst nachmittaags
05:38 iaj: LOOOOOOOL
05:38 Dan: wie man sich denken kann
05:38 Dan: lol
05:38 iaj: LOOOOOOOOOOOOOOOOOL
05:38 iaj: "MORGEN"
05:38 iaj: wohl gemerkt
05:38 Dan: bock auf bogarts oder so n scheiß
05:38 iaj: ahso... ich seh se bis montach nid
05:38 iaj: lol
05:38 iaj: und gerade @ da.. naja
05:38 Dan: also gehts morgn analwärts
05:38 Dan: asooo
05:38 iaj: auch kein bock aufs arbeiten
05:38 Dan: verpeilt dachte bist grad meenz
05:38 Dan: lol
05:38 iaj: kein bock aufs rumfahren
05:38 iaj: loooool
05:39 Dan: looooo,l jo
05:39 Dan: kann ich verstehn
05:39 iaj: wollt ma lieber
05:39 Dan: die scheiße 
05:39 iaj: was für die uni schaffen
05:39 iaj: leider
05:39 Dan: LOL
05:39 iaj: wars nich so erfolreich
05:39 iaj: wie ich ohffte
05:39 Dan: was?
05:39 iaj: die BA vorranzutreiben
05:39 iaj: hab eher
05:39 Dan: aso :-(
05:39 iaj: Mist gemacht
05:39 iaj: wie immer
05:39 iaj: lol
05:39 Dan: aber hier wird auch ein schein nachm andern
05:39 Dan: gecancelled
05:39 iaj: Geht wohl nich ander
05:39 iaj: s
05:39 Dan: und das geile is
05:39 iaj: loooooooool
05:39 Dan: hab son  schein für wahlpflichtblock angemeldet
05:39 iaj: ROT Z ZZZ man
05:39 iaj: lol
05:39 iaj: ABER?
05:39 Dan: weil wir uns ja überall"unverbindlich" anmelden müssen
05:40 Dan: um später klausuranmeldung zu machen
05:40 Dan: also meld ich mich immer überall an
05:40 Dan: naja
05:40 Dan: un da bin ich bei dem schein
05:40 Dan: WO ICH NOCH NIE WAR
05:40 Dan: auf einma schon in klausur angemeldet
05:40 Dan: das kam auch geil
05:40 Dan: als lastweek bemerkt
05:40 iaj: loooooool
05:40 iaj: LOOOOOOOOOOOOOOL
05:40 iaj: OLOOOOOOOOOL
05:40 iaj: looooooooooooooooooooool
05:40 iaj: und nu?
05:40 iaj: wieder rausgekommen aber?
05:40 Dan: ne keinplan 
05:40 Dan: werd prüfungsamt ma anmailen aber die antworten eh nie
05:41 Dan: und morgen ma hingehn aber wird so fuck sinnlos sein
05:41 Dan: hab ja netma die unterlagen
05:41 Dan: weil
05:41 Dan: ofcourse
05:41 Dan: passwort versehn
05:41 iaj: looooool
05:41 iaj: LOL
05:41 Dan: damit man auch mit uni account die ned lesen kann
05:41 iaj: LOOOOOL
05:41 iaj: ofcourse
05:41 Dan: jo
05:41 Dan: scheiß mainz
05:41 Dan: hab ich schon erwähnt
05:41 Dan: DASS ICHS HASSE
05:41 Dan: lol
05:41 iaj: looooooooooooooooooool
05:41 Dan: clips lead
05:41 Dan: LOl
05:41 iaj: loooooool
05:41 iaj: die fakers
05:41 Dan: jo ich hoff se losen wenigstens
05:41 iaj: weiss noch damals
05:41 iaj: NUTTEN
05:42 Dan: un ned wie sonst immer noch ne kobeshow im 4. um mit 1 zu winnen
05:42 Dan: naja selbst schuld die spasten zu picken
05:42 Dan: clipz won the ht1
05:42 Dan: lol
05:42 iaj: we will never learn
05:42 iaj: aberrrrrrrrrrrrr
05:42 Dan: 43-41
05:42 iaj: GEGEN CLIPZZZZZZ
05:42 iaj: looool
05:42 Dan: jo eigentlich
05:42 Dan: hab ichs gelernt
05:42 Dan: aber gegen clipz
05:42 iaj: das is wie Pirates aus der MLB
05:42 Dan: wurd ich dann doch schwach
05:42 Dan: loooooooooooooool
05:42 iaj: lol
05:42 iaj: :D
05:42 iaj: ookkkkkkk
05:42 Dan: weil normal lakeres auch blacklisted
05:42 Dan: bzw
05:42 iaj: lieg schon schraeg..lol nu hurtets schreiben
05:42 Dan: wollt in zukunft eher immer gegen die setzen
05:43 Dan: loool kk kenn ich
05:43 iaj: jo schlauer isses
05:43 iaj: dann ma noch viel glück
05:43 Dan: alrighty...thx
05:43 iaj: und das n gewin rausspringt
05:43 iaj: bis moien
05:43 Dan: dann ja evtl bis morgen
05:43 iaj: da werd ich 
05:43 iaj: im bett verweilen
05:43 Dan: yea ich hoff auf wiz:-D
05:43 iaj: lol
05:43 iaj: und FR biste IDSTEIN oder wo?
05:43 Dan: weiß nonned aber glaub die woche ned
05:43 Dan: wollt sa ma wieder beachen gehn lol
05:43 Dan: und die kleine schwester geht mir eh bös aufn keks
05:43 iaj: wollten vllt bowlen gehen am FR, naja wissen ned wo bislang aber war im gespraech
05:43 iaj: wir labern morgen
05:43 iaj: looooooool
05:43 iaj: :D
05:44 iaj: ok dann
05:44 iaj: penn ma gut später
05:44 iaj: bis moiiiien
05:44 Dan: kk
05:44 Dan: jo du auch
05:44 Dan: bis denn
05:44 Dan: goodnight
05:44 Dan: ciaooooooooooo
05:44 iaj: ahooooi
05:44 iaj: ciaaao
--- Log closed Thu Dec 09 05:50:07 2010
--- Log opened Thu Dec 09 17:15:34 2010
17:15 iaj: CONGRATS
17:15 iaj: reicher schnoesel
17:15 Dan: loooooooooooool
17:15 Dan: yea OLE
17:15 iaj: gibste dich jetzt noch mit dem Fussvolk ab
17:15 Dan: +100 oder so
17:15 Dan: un damit
17:15 Dan: die 2 nba nites wieder in
17:16 Dan: ne man
17:16 Dan: ich geh erstma ins hilton
17:16 Dan: aber du darfst meine sänfte tragen
17:16 Dan: lol
17:16 iaj: lol
17:16 iaj: ツDDDDDDDDDDDDDDDDDDDDDDDDDDD
17:16 Dan: nur die scheiß lakers spasten
17:16 Dan: zuverlässig wie immer lol
17:16 Dan: weiß noch genau wie ich gestern zu dir meinte
17:17 Dan: hoffentlich losen se wenigstens ab
17:17 Dan: aber bestimmt drehnses im 4. und winnen mit 1
17:17 Dan: und wie wars...lol
17:17 iaj: lol jo
17:17 iaj: habs gesehen
17:17 iaj: auch wenns DFISH war
17:17 iaj: und nicht kobe
17:17 iaj: der den entscheidenden machte
17:17 Dan: jo loooooooooooooool
17:17 iaj: Arschkrampen die
17:17 Dan: man kannse nur hassen des jahr
17:17 Dan: letztes hamse immerhin gelegentlich ma ordentlich gespielt
17:18 Dan: aber dieses noch NIE gecovert wenn ich se hatte lol
17:18 iaj: LOOOOOL
17:18 Dan: bald sinnse im  exklusiv club der mavs,celtics,petkobitch angelangt :-D
17:18 iaj: hatten wir die nicht mal gegen OKC
17:18 iaj: letztes jahr
17:18 iaj: lol
17:18 iaj: oder OKC gegen die?
17:18 iaj: naja auf jeden fall
17:18 iaj: wars scheisse
17:18 iaj: ll
17:18 iaj: das weiss ich noch
17:18 Dan: loooooool
17:18 Dan: hm kann sein
17:18 Dan: bestimmt in okc
17:18 Dan: die homecrowd da lol
17:19 iaj: jo gut möglich
17:19 Dan: heut spielen se wieder
17:19 Dan: die bastard dirks
17:19 Dan: lol
17:20 iaj: LOOOOL :D
17:20 iaj: da biste doch sicher wieder
17:20 iaj: im bandwagon
17:20 Dan: looooooooooooooooool
17:20 Dan: heut stinkt die nba leider
17:20 Dan: so wie alles
17:20 iaj: Orlando looooooool
17:21 Dan: jo
17:21 iaj: jo
17:21 Dan: das einzige
17:21 Dan: was spielbar is
17:21 iaj: Alles stinkt
17:21 Dan: lol
17:21 iaj: drum wart ich auf Unter Uns
17:21 iaj: dann geh ich erstma fressen besorgen
17:21 iaj: un dhoff...es reicht lol
17:21 Dan: loooooool
17:22 iaj: Ahso und Inside Man wollt ich gucken... Yeah
17:22 Dan: der geile
17:22 iaj: Yeah man ders brett
17:23 Dan: jo
17:23 Dan: brauch auch ma wida n guten movie
17:23 iaj: Und mal den Staatus
17:23 Dan: um mich abzulenken
17:23 Dan: vom arschgefickten real life
17:23 iaj: vom mc mac Koy
17:23 iaj: einholen
17:23 iaj: lol
17:23 Dan: loooooooooooooooooooooool
17:23 iaj: aber den erreicht man wohl nur
17:23 Dan: hasten nochned
17:23 iaj: wenn man HoN installiert hat
17:23 Dan: loooooooooooooooooooooooooooooooooooooooooooooooooooooooooooooooooooooooooooooooool
17:23 iaj: lol
17:23 Dan: obs da auch ne league gibt inzwischen?
17:24 Dan: also mit 80k tourneys
17:24 Dan: etc
17:24 iaj: looooooool
17:24 Dan: am ende war hon eigentlich nur noch geschicklichkeitsspiel wenn ich so überleg lol
17:24 iaj: das wärs
17:24 Dan: zumindest beim creepen
17:24 Dan: wo man das kack timing haben musste
17:24 Dan: und nebenbei
17:24 Dan: "bei 5 go?"
17:24 Dan: das hatte schon was :-D
17:25 iaj: LOOOOL ツ  jo.... hätts mal nurnicht
17:25 iaj: n Jahr gefressen
17:25 iaj: oder wie langs war
17:25 iaj: loooooool
17:25 Dan: jo LOL
17:25 Dan: das der KLEINE nachteil
17:25 Dan: naja diablo3
17:25 Dan: wird auned besser
17:25 Dan: ok für dich schon
17:25 Dan: da du ja n mac hast
17:25 Dan: auf dem eh nix geht
17:25 iaj: loooooooooool
17:25 iaj: looooooooooooooooooooooooooooool
17:25 iaj: lol
17:26 iaj: mach lieber was
17:26 iaj: mein TV empfang is wicked
17:26 Dan: hm wat hattste morgen nochma überlegt zu do´n?
17:26 iaj: achso und geilste ist:
17:26 iaj: hab nur über facebook bislang erfahren
17:26 iaj: dass draussen wohl schnee ist
17:26 iaj: lo;l
17:26 iaj: ll
17:26 Dan: LOLL
17:26 Dan: LOOOOOOOOOOOOOOOOOOOOOOOOOOOOOOOOOOOOOOOL
17:26 Dan: alter
17:26 Dan: dann guck ma ausm fenster
17:26 iaj: wie geil das is :D
17:26 Dan: inzwischen
17:26 Dan: könnts bei dir an der fensterbank sein
17:26 iaj: loooooooooooooooooooool
17:26 Dan: die schneehöhe
17:26 iaj: LOOOOOOOOOOOOOOOOOOOL
17:26 iaj: ne oder
17:26 iaj: naja ich geh gleich einkaufen dann seh ich's ツDD
17:27 Dan: loooool iwo aber schon krass
17:27 iaj: Ohno
17:27 Dan: was da seit gestern runterkam
17:27 Dan: als zum sebbel bin
17:27 iaj: lol
17:27 Dan: war wie skifahrn mitm auto
17:27 Dan: dann  will ich einparken
17:27 iaj: Ahso ja morgen Bowlen oder so hab ich im Mind
17:27 Dan: rückwärts halt will steil einlenken
17:27 Dan: und geht nur bis mitte
17:27 iaj: loooooool
17:27 iaj: loooooooooooolllllllllllllll
17:27 Dan: dann rutschts nur noch rückwärts
17:27 Dan: denk ich mir na geil
17:27 Dan: ok
17:27 Dan:  wieder rausfahrn korrigiern neuer try
17:27 Dan: rutscht das ding wieder nach rechts fast in den vordermann
17:27 Dan: lol
17:28 iaj: looooooooooooooooooooooooool
17:28 iaj: looooooooooooooooooooooooooooooool
17:28 iaj: ich bin zwar nur BEDINGT lang gefahren
17:28 iaj: aber ich bin beim einparken ma
17:28 iaj: wo reingerutscht
17:28 Dan: loooooooooooooooooooool
17:28 iaj: dann ausgestiegen war dunkel geguckt obs einer sieht
17:28 iaj: no?
17:28 Dan: LOL
17:28 iaj: schnell rein und weg
17:28 iaj: lol
17:28 Dan: loooooooooooooool
17:28 Dan: bei mir wär halt einer direkt danebengestanden
17:28 Dan: der am schneeschibbe war
17:28 Dan: daher nochma glück gehabt wohl LOL
17:29 iaj: loooooooooooooooooooooooooooool
17:29 Dan: wobei der war son alter peilo
17:29 Dan: der hätts garnet mitgekriegt
17:29 Dan: lol
17:29 iaj: geil
17:29 iaj: ツDDDDDDD
17:29 iaj: ob ich wegen dem fuck schnee keinen empfnag hab
17:29 iaj: unteruns ruckelt lol
17:29 Dan: lol
17:29 iaj: is fast wie als würd ich hier sc2 zocken
17:30 iaj: ooooooooooomaaaaaaaan
17:30 Dan: haste satschüssel?
17:30 iaj: ne kabel egtl LOL
17:30 Dan: ok hm dann keinplan lol
17:30 Dan: der seppel musste seine gestern freischaufeln
17:30 Dan: zum cl gucken
17:30 Dan: lol
17:30 iaj: lOOOOOOOOl
17:31 iaj: das auch geil
17:31 iaj: Ok hab des Ding aus und angemacht
17:31 Dan: un nu garnix mehr
17:31 Dan: i guess
17:31 iaj: Rolf Sina Till Paco Micky Tobias können nun ihre schauspielerischen Glanzleistung hier in Darmstadt an den Tag legen!
17:32 iaj: Legt los!
17:32 iaj: :-DDDDDDD
17:32 iaj: Aber 2 Minuten gemissed
17:34 iaj: Machst schnell RTL an?
17:34 iaj: Wise Choice!
17:34 iaj: Naja hab keine Ahnung
17:34 iaj: ob der Schäfer noch lebt
17:34 iaj: aber wir wollten evtl bowlen gehen
17:35 Dan: loooooooooooooooooooooooooooooooooooooooooooooooooooooooooool
17:35 Dan: hmmm
17:36 iaj: MHH sprach die
17:36 iaj: ARSCHMADE
17:40 iaj: You can hide but you can't escape!
17:40 iaj: Du alter Bananabanger!
17:40 iaj: Applestrudeler!
17:44 iaj: http://www.youtube.com/watch?v=C_A7Hu0uKNw
17:44 iaj: dein Land
17:44 iaj: garnemma so schlecht
17:44 Dan: najo wann so
17:44 iaj: Und lauter DU's spielen mit
17:44 Dan: weißtes denn
17:44 Dan: ob morgen oder ned planst
17:44 Dan: HEIMATFEELINGS
17:44 Dan: lol
17:45 iaj: mhjtoa morgen im laufe des Tages wohl...   Obwohl heute abend könnt ich dem Schäfer noch ne Mail schicken
17:45 iaj: Jasmin wollt auch mitmachen evlt
17:45 iaj: lol
17:45 Dan: achherje :-D
17:45 Dan: wie kommstn auf die wieder lol
17:45 iaj: dann wären wir schoma schäfer du ich jasmin sicher ka wer halt noch
17:45 iaj: hat in Studi genervt
17:45 iaj: lol
17:46 iaj: KALLLLLLLLLLINKAAAAAAA
17:46 Dan: sehr gut lol
17:46 iaj: ich werd mir ein Voels essen machen
17:46 iaj: Brote
17:46 iaj: Und Milch
17:46 Dan: schäfer wird perm im iphone hängen
17:46 iaj: llllllllooooooolllllllllllllllllllllllllll
17:46 Dan: und jasmin redet eh kein wort mit mir lol
17:46 iaj: looooooooooooooooooooooooooooooooooooooooooooooooooooooooooooooooooooooooooooooooooooooooooooooooooooooooooooooooooooooooooooooooooooooooolllllllllllllllllllllllllllllllllllllllllllllllllllllllllllllllllllllllllllllllllllllllll
17:46 iaj: würd der seppel reacten
17:46 iaj: hätt ich auch den gefrat
17:46 Dan: looooooooooooool
17:46 iaj: naja ich schick m schäfer mal ne mail l8r wies aussieht
17:47 Dan: mach ma jetzt pls
17:47 iaj: lol
17:47 Dan: ich schick dafür
17:47 Dan: dem seppel
17:47 Dan: ne mail lol
17:47 Dan: +
17:47 Dan: die geile dance show d alol
17:48 iaj: schäfer is out
17:48 iaj: also
17:48 iaj: mail
17:48 Dan: sebbl auch
17:48 Dan: lol
17:48 iaj: aber glaub is eh tot
17:48 Dan: yea
17:48 Dan: lol
17:48 iaj: dann hätt ich wohl n Prob
17:48 Dan: seit pimpern gemecker
17:48 Dan: nemmer geredet
17:48 Dan: oder wie?
17:48 iaj: die Bude allein zu bezahlen
17:48 iaj: doch irngedwnan gings sogar wieder
17:48 Dan: lol
17:49 iaj: will eh am Weekend umbauen
17:49 iaj: am besten Matraze auf m Boden
17:49 iaj: lol
17:49 Dan: loooooooooool
17:49 Dan: jo
17:49 Dan: das überlegen wir auch :-D
17:49 Dan: bzw tessi hat noch so n anderes bett irgendwo rumstehn das evtl ma einbaun und hoffen
17:49 Dan: aber glaub kaum dasses besser wird
17:49 Dan: knarrt bestimmt nemmer so
17:49 Dan: aber gegen die wand hämmern
17:49 Dan: wirds immernoch lol
17:49 iaj: lol
17:49 iaj: ;-)
17:49 iaj: UU geht on
17:49 Dan: bäääähhhh
17:50 Dan: http://www.youtube.com/watch?v=ClG2IIh4I3c&NR=1
17:50 iaj: du kleiner mieser selbstgefälliger praktikant
17:51 Dan: loooooooooooooooooooooooooooooooooooool
17:51 Dan: ausm leben gegriffen ma wieder wohl
17:51 Dan: das unteruns
17:51 iaj: Immer man
17:51 iaj: Saurealistisch
17:51 iaj: deswegen liebens ja die Fans
17:52 iaj: WIE MEIN KOPF HÄMMERT
17:52 iaj: oman
17:52 iaj: und gleich muss ich in die Pennerbude
17:52 Dan: das kalinka
17:52 iaj: Namnes Netto Grafenstrasse
17:52 Dan: was dir geschickt hab
17:52 Dan: geht soga ab
17:52 Dan: 3 geile säue
17:52 Dan: un können soga spielen
17:52 iaj: manchmal machst du mir richtig angst
17:52 iaj: hallo ihr beiden
17:52 Dan: looooooooooool
17:52 iaj: kommt rein ute hat angeblich den weltbesten kuchen der welt gebacken
17:52 iaj: angeblich??
17:52 iaj: herrlich
17:52 iaj: einfach nur genial
17:52 iaj: frag mich ob die auch gamblen müssen
17:52 Dan: den weltbesten kuchen der welt!
17:52 iaj: für lebensunterhalt
17:52 Dan: loooooooooooooooooooooooooooooooooooooooooooooooool
17:52 Dan: LOL
17:52 Dan: like me
17:53 Dan: :-D
17:53 iaj: oller Badgambler
17:53 Dan: ob ich JE
17:53 Dan: uni pack
17:53 Dan: und JE
17:53 Dan: n job krieg???
17:53 Dan: frag mich was so
17:53 iaj: loooooooooooooooooooooooooooooooooooooooooooool
17:53 Dan: ich ned falsch gemacht hab
17:53 Dan: in meinem berufsleben
17:54 Dan: so ziemlich
17:54 iaj: loooooooooooooooooooooooooooooooooooooooooooooooooooooool
17:54 Dan: NIX
17:54 iaj: Hauptsache gesund
17:54 iaj: sag ich immer
17:54 iaj: LOL
17:54 Dan: => knie
17:54 iaj: da fällt mir 
17:54 Dan: lol
17:54 iaj: das knie ein
17:54 iaj: lol
17:54 Dan: loooooooooooool
17:54 iaj: Alter Krueppel :D
17:54 Dan: looooooooool
17:54 iaj: machs wie Koynel
17:54 Dan: was macht deine krüppelung am rücken eigentlich
17:54 Dan: hoffe du krepierst dran!!!
17:54 iaj: Beruf ausueben ohne jeglichen Peil
17:54 Dan: loooooooooooooooooooool
17:54 iaj: lol.. ka.. mach ja atm
17:54 iaj: rein
17:54 iaj: GARNNNNNNNIX
17:54 iaj: lol
17:54 Dan: looooooooooool
17:55 iaj: ausser Poppen
17:55 Dan: egal pimpern hält bauchmuskeln fit
17:55 Dan: zumindest
17:55 Dan: wenn mans gescheit machen "darf"
17:55 Dan: un ned scheiß blümchensex damit se ned wieder kllingeln
17:55 Dan: lol
17:55 iaj: llllllllloooooooolllllllllllllllllllllllllllll
17:55 iaj: looooooooooooooooooooooooooooool
17:55 iaj: lo
17:55 iaj: l
17:55 iaj: muessen die eltern
17:55 iaj: wohl wieder in urlaub
17:55 Dan: LOL
17:55 iaj: bald is ja wieder
17:55 iaj: ski urlaub zeit
17:55 Dan: februar
17:55 Dan: fahrnse
17:55 Dan: ole
17:55 iaj: lol
17:55 iaj: nach rom?
17:55 Dan: loooool
17:55 iaj: oder wohin
17:55 iaj: lol
17:55 Dan: glaub tenerife
17:55 Dan: hast glück
17:56 iaj: looooooooool
17:56 iaj: loooooooooool
17:56 iaj: perfekt
17:56 iaj: morgen muss ich zwar arbeiten
17:56 iaj: aber chef nicht da
17:56 Dan: lol
17:56 iaj: means, jinro hab time für dich
17:56 iaj: hes getting
17:56 iaj: jinROLLED
17:56 Dan: "
17:56 Dan: kommt drauf an wann und wo vor 23h wird schwer."
17:56 Dan: sagt seppel
17:56 iaj: llllllllooooooollllllllllll
17:56 Dan: ffm wär wohl besser
17:56 Dan: lol
17:57 Dan: aber bestimmt wollt ihr arschficker eh in DA
17:57 iaj: jo wirds wohl eh denk ich... schäfer noch keine antwort
17:57 iaj: der soll hinkommen
17:57 iaj: und ich kann
17:57 iaj: zurückfahren mim car
17:57 iaj: mit ihm
17:57 Dan: ah ffm
17:57 iaj: perfekt
17:57 Dan: wär soga cool
17:57 iaj: nur wohin da ... lol.. bestimmt alles dicht.. naja
17:57 Dan: hm jo 
17:57 iaj: erstma musser antworten
17:57 Dan: lol
17:57 iaj: wenn ich bis so nix hör
17:57 iaj: mach ich mir wohl langsam gedanken
17:58 iaj: lol
17:58 Dan: looooooooooooooooooooooooooooooooooooooooooooooooooooooool
17:58 Dan: vom ungetüm erdrückt
17:58 iaj: loooooool
17:58 iaj: loooooooooooooooooooooooooooooooooooooooooool
17:58 iaj: looooooooooooool
17:58 iaj: vllt machen se ja n kurztrip
17:58 iaj: in so ne butterfabrik
17:58 iaj: oder was die wohl interessiert
17:58 iaj: who knowsssss
17:59 iaj: ROOOOOFL
17:59 iaj: ROOOOOOLF
17:59 iaj: ROOOOOLF
17:59 iaj: 4 the pwn
17:59 iaj: der typ
17:59 Dan: LOL
17:59 iaj: 'dieser mann wurde beruehmt weil er mit einem ganzem ort geschlafen haben soll' lol und rtl explosiv
18:00 Dan: bäckereibesuch
18:00 iaj: geht's gleich in dem style weiter
18:00 Dan: loooooooooooooooooooooooooooooooooooooooooooooooooooooooooooooooooooooooool
18:00 Dan: lol
18:00 Dan: das geile rtl
18:00 Dan: fragt sich nur
18:00 Dan: ob er die geilen säue 18-30 gebrettert hat
18:00 Dan: oder die omas 58-80
18:01 iaj: lol
18:01 iaj: wahrscheinlich nur altersheime da
18:01 iaj: ok
18:01 iaj: ich überwind
18:01 iaj: den inneren schweinehund
18:01 iaj: bisschen zeit is noch
18:01 iaj: bis zur euroleague
18:01 iaj: ein gleuck
18:02 Dan: looooooooooooooooooooooool
18:02 Dan: hm jo ich überleg auch grad
18:02 Dan: aber feeling wicked
18:02 Dan: sick
18:02 iaj: was überlegst
18:02 iaj: LOl
18:02 Dan: train
18:02 iaj: hab sooooo kopfweh... muss nurnoch
18:02 Dan: ode was meinste
18:02 Dan: mit schweinehund
18:02 iaj: essen kaufen
18:02 iaj: dann pennen
18:02 iaj: lol
18:02 Dan: aso
18:02 Dan: lol
18:02 iaj: naja und essen machen wohl
18:03 iaj: FORGET ICH
18:03 iaj: aber hab schon ne coole idee brot.. butter druff
18:03 Dan: reiche leute essen!
18:03 iaj: bin in max 30 min daheim
18:03 iaj: grad noch im buro
18:03 iaj: lol
18:03 Dan: ertappt
18:03 Dan: hast mit koy zusammen
18:03 Dan: die mio´s gescheffelt
18:03 iaj: lol und wie er immer
18:03 iaj: ne begruessung
18:03 iaj: wie
18:03 iaj: hi du scheisshaus
18:03 iaj: auffasst:
18:04 iaj: nen scheisshaus ist hier nicht
18:04 iaj: mir ist egal ob billiard oder bowling
18:04 iaj: mit ffm koennte ich auch leben
18:04 iaj: falls wir laenger da sein wollen als bahnen zurueckfahren koennten wir
18:04 iaj: auch mitm auto fahren
18:04 Dan: loooooooooooool
18:04 Dan: LOL
18:04 Dan:  
18:04 Dan: ne oder
18:04 Dan: @scheisshaus
18:04 iaj: ooooooh
18:04 iaj: doch
18:04 iaj: LoL
18:04 iaj: es ist eins
18:04 Dan: grats
18:04 Dan: lol
18:04 Dan: also
18:04 iaj: a true scheisshau
18:04 Dan: @
18:04 iaj: s
18:04 Dan: mitbewohner
18:04 iaj: LOOOOOOOOOOOOOOOOOOL
18:04 iaj: loooooooooooooooooooooooooool
18:04 iaj: so sCHAUTS
18:04 iaj: halbe stunde kommter
18:04 iaj: KOTZ
18:05 iaj: dann is immerhin gewiss
18:05 iaj: ich geh morgen arbeiten
18:05 iaj: lol
18:05 iaj: also dann wären wir schonma 3 sicher
18:05 iaj: da könnte man auf jeden falls chonma was machen
18:05 iaj: frage is nur
18:05 iaj: wo 
18:05 iaj: rebstock
18:05 iaj: ?
18:05 Dan: jo wenn dann da denk ich
18:05 iaj: lol werd gleich erstma den schnee erblicken
18:05 iaj: und mir denken wtf
18:05 Dan: looool
18:06 iaj: k
18:06 iaj: ich reservier
18:06 iaj: da ne bowling bahn
18:06 iaj: ari?
18:06 iaj: ARI?
18:06 iaj: ARU?
18:06 iaj: rouninski?
18:06 iaj: feafewfawefwafawfwafwaf
18:06 iaj: antworte FFS!
18:06 iaj: WAHEED, go!!!!!!!!
--- Log closed Thu Dec 09 18:12:07 2010
--- Log opened Thu Dec 09 18:15:19 2010
18:15 Dan: yea klingt gut
18:15 Dan: wieviel uhr so?
18:15 Dan: tessi  würd evtl auch mit
18:17 Dan: un falls noch leuts bock un ok is kannse aunoch 2freunde fragen
18:21 Dan: kackviech???
--- Log closed Thu Dec 09 18:27:07 2010
--- Log opened Thu Dec 09 19:20:28 2010
19:20 iaj: llol
19:20 iaj: noch da
19:20 Dan: jo gleich
19:20 Dan: schreib grad dem movie park wixer n brief
19:20 iaj: lol
19:20 iaj: kk
19:20 Dan: da telefonisch eh nie erreichbar
19:21 iaj: ich fress uch ma weiter denn
19:21 iaj: bis glei
19:21 Dan: und bettel um den job
19:21 Dan: lol
--- Log closed Thu Dec 09 19:26:07 2010
--- Log opened Thu Dec 09 19:28:01 2010
19:28 Dan: hm
19:28 Dan: bock den Bettelbrief ma auf Fehler zu lesen?
19:28 Dan: scheißviech
19:31 iaj: looooooooooooool
19:31 iaj: ich esse
19:31 iaj: kleiner kackbratzenman
19:31 Dan: seit 3std
19:31 Dan: ca
19:31 Dan: i guess
19:31 iaj: wenn du um 18:06
19:31 iaj: lieber poppst
19:31 iaj: statt mir zu schreiben
19:31 iaj: yeah
--- Log closed Thu Dec 09 19:37:07 2010
--- Log opened Thu Dec 09 19:44:53 2010
19:44 iaj: I THINK I GONNA BET TONIGHT
19:45 Dan: ROOOOOOOOOOOOOFL???
19:45 iaj: 55 eur müsst ich
19:45 iaj: entbehren können
19:45 iaj: habs grad
19:45 iaj: durchgerechnet
19:45 iaj: lllllloooooooolllll
19:45 Dan: LOOL
19:45 iaj: muss halt nen +2 mehr run her
19:45 Dan: looool yea
19:45 Dan: dafür
19:45 Dan: würd ich auch n fuffi entbehren
19:45 Dan: für das geile allin feeling
19:45 Dan: ma wida
19:46 Dan: btw was hat das SCHEISSHAUS
19:46 Dan: eigentlich zuletzt so gesacht
19:46 Dan: zum thema schulden lol
19:47 Dan: und haste jetzt ma n moment zeit?? musst den shitfuck bettelbrief lesen
19:47 Dan: wo ich auf knien rumrutsch
19:47 Dan: bäh is dsa schäbig
19:50 iaj: schäbig!
19:50 Dan: lol
19:51 iaj: wie sich's
19:51 iaj: für ne Schabe
19:51 iaj: gehört
19:51 Dan: ok pisser
19:51 Dan: ma gucken obs in icq geht
19:51 Dan: Vorstellungsgespräch von Dienstag, dem 09.11. 2010 
19:51 Dan:  
19:51 Dan: Sehr geehrter Herr Möbus,
19:51 Dan:  
19:51 Dan: ich  möchte Ihnen nochmals für das äußerst freundliche Gespräch am Dienstag, den 09.11. um 15:00 danken. Die von Ihnen beschriebenen Aufgaben im Rahmen des Aufbaus der Zweigstelle Frankfurt der Movie Park AG haben mich sehr angesprochen.
19:51 Dan:  
19:51 Dan: Leider habe ich seit unserem Termin keine Nachricht mehr Ihrerseits erhalten und konnte Sie auch telefonisch nicht erreichen. Daher möchte ich bei dieser Gelegenheit nochmals mein großes Interesse an der Mitarbeit in Ihrem Unternehmen betonen.
19:51 Dan:  
19:51 Dan: Wie schon in unserem Gespräch erwähnt, wäre es für mich sehr reizvoll, in Ihrem Unternehmen neben dem Studium betriebswirtschaftlich-relevante Erfahrungen in den Themen Prozessoptimierung und Marketing zu sammeln, und gleichzeitig die für mich ebenso höchst interessanten Bereiche Sport und Medien zu tangieren. 
19:51 Dan:  
19:51 Dan: Da ich bei meinem Vorstellungsgespräch das Gefühl hatte, bei Ihnen in einem sehr sympathischen Arbeitsumfeld arbeiten zu können und berufliche Erfahrungen zu sammeln mit der Chance, möglicherweise irgendwann mit der Sport- oder Film- Branche in Kontakt zu kommen, möchte ich wiederholt betonen, dass ich für diese tolle Chance ein sehr hohes Engagement entgegenbringen würde.
19:51 Dan:  
19:51 Dan:  
19:51 Dan: Über eine positive Antwort oder einen erneuten Gesprächstermin würde ich mich sehr freuen.
19:51 Dan:  
19:51 Dan:  
19:51 Dan: Mit freundlichen Grüßen
19:51 Dan: READ IT
19:51 Dan: und check ob zu gay oder fehler pls
19:54 iaj: Fehler gibt's keine.. ist halt schwul arschkriescherisch
19:54 iaj: aber die Dinger müssen wohl so sein
19:54 iaj: lol
19:54 Dan: lol
19:54 Dan: jo sag ja
19:54 Dan: SCHÄBIG
19:54 Dan: wie ich das hasse
19:54 Dan: aber war auch unsicher
19:55 Dan: obs zu gay is
19:55 Dan: lol
19:55 Dan: und thx
19:55 Dan: beim labern kam der mir eigentlich ober normal vor
19:55 Dan: bestimmt guckters sich an
19:55 Dan: während er SC2 zockt
19:55 Dan: denkt sich
19:55 Dan: hm eigentlich fand ich den ja korrekt wollt morgen callen
19:55 Dan: aber
19:55 Dan: ZU GAY
19:55 iaj: antwort
19:55 iaj: wird jedenfalls
19:56 iaj: erst nach 1330 kommen morgen
19:56 iaj: wenn jinrolled is
19:56 Dan: LOOOOOOOOOOOOOOOOOOOOL
19:57 iaj: loooooooool
19:58 iaj: :-D
19:58 Dan: der coach vom jinro isses
19:58 Dan: oh btw
19:58 Dan: alter kacknoob
19:58 Dan: Jinro
19:58 Dan: hat ne 3,3
19:58 Dan: morgen
19:58 Dan: http://www.xlbet.com/?pg=OddsViewLeague&LeagueId=1000158
19:58 Dan: 1min
19:58 Dan: hats gedauert
19:58 Dan: wie noob biste eigentlich???
19:58 Dan: gibt sogar hc
19:58 Dan: +2,5 @1,6
19:58 Dan: lol
19:58 Dan: NOOBNOOBNOOBNOOBNOOB
19:58 Dan:  sksyen   United States. December 09 2010 16:09. Posts 171Profile #  
19:58 Dan: this is awesome ;x glad i found another avenue to blow money on
19:58 Dan: LOOOOOOOOOOOOOOOOOOOOOOOOOOOOOOOOOOOOOOOOOOOOOOOOOOOOOOL
19:59 iaj: LOOOOOOOOOOOOOOOOOOOL
19:59 iaj: LOOOOOOOOOOOOOOOOOOOOOOOOL
19:59 iaj: LOOOOOOOOOOOOOOOOOOL
19:59 iaj: LOOOOOOOOOOOOOOOOOOOOOOOOOOOOL
19:59 iaj: LOOOOOOOOOOOOOOOOOOOOOOOOOOOOOOOOOOOOOOOOOOOOOL
19:59 iaj: biste bei dem bookie?
20:03 iaj: may I ask - someone here using a custom tab mapping for completition?
20:03 iaj: ops
20:03 iaj: biste bei xlbet?
20:03 iaj: looooool
20:04 iaj: wie krass
20:04 iaj: aber ok der MC is auch schon krass
--- Log closed Thu Dec 09 20:09:07 2010
--- Log opened Thu Dec 09 20:09:42 2010
20:09 iaj: lol
20:09 iaj: noch da?
20:13 Dan: i c ic ic
20:14 iaj: ic ic?
20:14 iaj: Flieg als raus
20:14 iaj: lol
20:14 Dan: jo
20:14 iaj: Bananajuice
20:14 Dan: Proteinreicher Negersaft
20:19 iaj: Noch da?
20:19 Dan: lol
20:19 Dan: pissnase
20:19 iaj: LOL
20:19 Dan: geh negersaft trinken
20:20 iaj: Hab ich hier neben mir
20:20 Dan: samer zählt ned
20:20 iaj: Boston @ Phi
20:21 iaj: lol
20:21 iaj: Nets @ Mavs !
20:21 Dan: loooooooooool
20:21 iaj: ORL @ Blazers
20:21 iaj: lllllllloooooooolllllllllll
20:21 Dan: die scheiß missgeburten dirks
20:21 iaj: loooooooooooooooooooooooooooool
20:21 Dan: EIGENTLICH müsste boston die sixers wegbashen
20:21 Dan: JEDOCH
20:21 Dan: sind sixers scheinba gut drauf atm
20:21 Dan: man waases ned
20:21 Dan: bei den dirk missgeburten auch kp over 188 lol
20:22 Dan: einzige tendenz für mich wär orl die ham zwar 2 lost aber lag halt dran dass ganzer kader krank war
20:22 Dan: wohl bei der letzten orgy
20:22 Dan: alle angesteckt
20:22 Dan: aber glaub jetzt endlich wieder alle fit außer anderson un den brauch eh keiner
20:23 Dan:  Der Tätigkeitsumfang beträgt etwa acht Stunden pro Woche und verteilt sich auf zwei halbe Arbeitstage
20:23 Dan: alter
20:23 Dan: erste ma dass ich bewerbung wohl sein lass weil mir ZUWENIG std pro woche
20:23 Dan: obwohl...egal kann ened wählen
20:23 iaj: loooooooooooool
20:23 iaj: LOL
20:23 Dan: muss nehmen what i get
20:23 Dan: lol
20:23 iaj: LOOOOOOOOOOOOOOOL
20:24 Dan: aber arschlecken man 8std pro woche
20:24 Dan: wasn das 300eur pro monat aber auch nur wennse n 10er latzen
20:25 iaj: Gott is RTL ein CRAP man
20:25 iaj: looooooool
20:25 iaj: Reicht!
20:25 iaj: ne Unit
20:25 iaj: lol
20:25 Dan: loooooooooooooooooooooooooooooooooooooooooooooooooooooooooooooooooooooooooooooooooooooooooool
20:26 Dan: ob die zeiten je wieder anbrechen mögen :-(
20:26 Dan: Die Anforderungen: 
20:26 Dan: Wirtschaftswissenschaftliches Hochschulstudium (bevorzugt BWL, Wirtschaftsingenieurwesen oder Wirtschaftsinformatik) 
20:26 Dan: Reststudiendauer mindestens neun Monate 
20:26 Dan: Hervorragende Studienleistungen 
20:26 Dan: woran mags hängen?
20:27 iaj: LOOOOOOOOOOOOOOOOOOOOOOOOOOOOOOOOOOOOOOOOOOL
20:27 iaj: LOOOOOOOOOOOOOOOOOOOL
20:27 iaj: bepissssssss
20:27 iaj: LOOOOOOOL
20:27 Dan: looooooooooooool
20:27 Dan: immer wieder
20:27 Dan: frustrierend
20:27 Dan: und die die s ned reinschreiben
20:27 Dan: zerfleischen mich dann im gespräch
--- Log closed Thu Dec 09 20:33:07 2010
--- Log opened Thu Dec 09 20:33:45 2010
20:33 iaj: LOL
--- Log closed Thu Dec 09 20:39:07 2010
--- Log opened Thu Dec 09 20:51:57 2010
20:51 iaj: verfickter
20:51 iaj: mist
20:51 iaj: rotz
--- Log closed Thu Dec 09 20:57:07 2010
--- Log opened Thu Dec 09 20:58:22 2010
20:58 iaj: http://www.youtube.com/watch?v=KgsaqgKFEsI
20:59 Dan: wtf
20:59 Dan: is dsa fürn käse
20:59 Dan: verfickter fickfotzengeruch!
21:00 iaj: LoL
21:00 iaj: Grade kamen Zugangsdaten rein
21:00 iaj: für den Server den ich machen soll
21:00 iaj: Ohnozzzzzzz
21:01 Dan:  
21:01 Dan: vor 1 Jahr 21  
21:01 Dan: :-)))) Huiiii da wäre ich jetzt sehr gerne *lol* was nen MANN... und auch wenn ich keine SCHLAGER höre, bei dem kann man net weg﻿ schauen!!!!
21:01 Dan: ICH WILL NICHT MEHR ALLEIN SEIN ;-) .... *gg* DANN KOMM HER"!!!!
21:01 Dan: die sarzi1977
21:01 Dan: is horny
21:04 iaj: loooool
21:06 iaj: Schnapp se dir
21:07 iaj: 4 Stunden bis zur NBA
21:07 iaj: lol
21:07 iaj: ne
21:07 iaj: 5
21:07 iaj: lol
21:07 Dan: echt erst um 2 heut?
21:07 Dan: bähhh
--- Log closed Thu Dec 09 21:13:07 2010
--- Log opened Thu Dec 09 21:15:36 2010
21:15 iaj: Jeah
21:15 iaj: Typo schonma installiert
--- Log closed Thu Dec 09 21:21:07 2010
--- Log opened Thu Dec 09 21:22:35 2010
21:22 Dan: lol
21:22 Dan: haste sys neugemacht
21:22 Dan: oder was
21:22 iaj: nee hab doch son 15/std dings
21:22 iaj: vom schäfer
21:22 iaj: noch übernommen
21:22 Dan: achwas
21:23 Dan: hockste jetzt woanners im büro noch
21:23 Dan: oder homeworkz
21:23 iaj: naja für n anfang
21:23 iaj: sollte ich da hin
21:23 iaj: am we
21:23 iaj: wohl
21:23 Dan: auf jeden fall
21:23 Dan: SAU
21:23 Dan: wie geil das sein muss
21:23 iaj: naja.... könnt ich coden wärs mir lieber
21:23 Dan: jobs kriegen zu könne
21:23 iaj: und ich muss auch sonst - tot loooooooool
21:23 Dan: bei der SCHUFA
21:24 Dan: schreib ich grad eine looooooooooooooooooooool
21:26 Dan: hm ok merk grad
21:27 Dan: der typ hat recht is echt krass
21:27 Dan: dass wir in marketing nix von aida gelernt haben
21:27 Dan: http://www.minimarketing.de/images/webdesign/AIDA.gif
21:27 Dan: also nedma theoretisch halt lol
21:27 iaj: loooooool
21:27 iaj: loooooool
21:28 iaj: die kack schufa
21:28 iaj: schleus dich da ein
21:28 iaj: und lösch meine einträge
21:28 Dan: loooooooooooool
21:28 Dan: da bin ich dann wohl busy
21:28 Dan: bis rente
21:31 iaj: lol
21:31 iaj: krass wie geil die neue Typo3 Version aussieht
21:33 Dan: lol
21:33 Dan: überleg auch ob ich endlich ma wieder mich reinwage in den käse
21:33 Dan: seit alter laptop tot is
21:33 Dan: hatt ich ja kein bock mehr irgendwie
21:33 Dan: erst wohl weil eh genug cash
21:33 Dan: un letzte zeit weil dachte muss job finden in bwl
21:34 Dan: = unmöglich
21:35 iaj: lol
21:35 iaj: krass e
21:35 iaj: hetzner guter webhoster
21:35 iaj: haben n oneclick typo installer
21:36 iaj: kein ssh zugang zwar
21:36 iaj: aber.. bislang echt ok.. vor allem ned so kack lahm
21:36 iaj: wie der oesi wo galal hockt
21:37 Dan: lol
21:37 Dan: naja glaub WENN ich wieder webdesign anfangen sollte
21:37 Dan: wohl 1x projekt zum thema fotoz
21:38 iaj: hrhr jo
21:38 iaj: hab jetzt wieder was neues entdeckt
21:38 iaj: less.js
21:38 iaj: fürs cssn
21:38 iaj: glaub das werd ich ma probieren
21:38 Dan: und 1x endlich das eine gamblingportal was mir seit jahrem im kopp rumschwirrt...wobei das wohl eh sinnlos wär
21:38 Dan: weils schon 1000-fach gibt
21:38 Dan: außer wenn mans geil professionell hinkriegt
21:38 Dan: wasdas
21:38 iaj: mom hab nen guten screencast dazu
21:41 iaj: noch da?
21:41 iaj: Die kack connection alter
21:41 iaj: WIES STINKT
21:41 iaj: is komischerweise immer nur
21:41 iaj: wenn der shepherd da is
21:43 Dan: lol
21:43 Dan: permpornload
21:43 Dan: i guess
21:44 iaj: Loooooooooool
21:44 iaj: www.fettfrauen.de
21:44 iaj: http://net.tutsplus.com/tutorials/html-css-techniques/quick-tip-you-need-to-check-out-less-js/
21:44 iaj: gib dir das...
21:44 iaj: also is halt dann css wie ne programmiersprache
21:44 iaj: kannst zb variablen für farbattribute wählen
21:45 iaj: dass man nicht an zig stellen in der .css ändern muss
21:45 iaj: Grr hoffe mal
21:45 iaj: wir holen heute so 100 raus
21:45 iaj: irgendwie
21:45 iaj: LOL
21:45 iaj: wills auf Jinro bashen
21:46 Dan: aso
21:46 Dan: dass ich variablen machen kann
21:46 Dan: bei farben sizes etc
21:46 Dan: macht des oder?
21:47 Dan: und das rounded war grad
21:47 Dan: das ja auch cool
21:48 Dan: jo hat echt was
21:49 iaj: Jep
21:49 iaj: Man musses nur erstma lernen
21:49 iaj: aber ich glaub es kann vieles erleichtern
21:51 iaj: http://www.youtube.com/watch?v=Z4dHMNSwH3k
21:51 iaj: hab heute 
21:51 iaj: ne neue geile gruppe gefunden
21:51 iaj: werd gleich ma das Album ziehen 
21:51 iaj: lol
21:51 iaj: Über Itunes?
21:51 iaj: Eh nicht !
21:51 iaj: lol
21:52 Dan: da bin ich ja ma gespannt 
21:52 iaj: Kommt geil beim Starcraft zocken
21:52 iaj: Muss schon ma alles prepareen
21:52 Dan: nur 
21:53 Dan: zockstes nie :-D
21:53 iaj: das zählt sogar als alternative
21:53 iaj: http://www.youtube.com/watch?v=4P3SHXQEpRU
21:53 iaj: da noch eins
21:53 iaj: lol
21:55 iaj: So
21:55 iaj: und incoming
21:55 iaj: :)
21:57 Dan: Vielen Dank für Ihre Bewerbung!
21:57 Dan: Wir freuen uns, dass Sie sich für eine Tätigkeit bei der SCHUFA interessieren. Wir werden Ihre Unterlagen prüfen und uns umgehend mit Ihnen in Verbindung setzen.
21:57 Dan:  
21:57 Dan: Ihr SCHUFA-Team Human Resources
21:58 iaj: loooooooooool
21:58 iaj: DU VERRAETER
21:58 Dan: will pünktlich zu xmas
21:58 Dan: noch paar abturns kriegen
21:58 Dan: aber hab schon null motivation mehr
21:58 Dan: weitere zu schreiben lol
21:58 iaj: looooooool
21:59 iaj: joined: djktbauer
21:59 iaj: seh ich nur
21:59 iaj: l
21:59 iaj: l
21:59 iaj: der wohl auch scohn Dr. ist
--- Log closed Thu Dec 09 22:05:07 2010
--- Log opened Thu Dec 09 22:08:25 2010
22:08 iaj: Boa
22:08 iaj: ich hoffe nachher ist das gefixt
22:10 iaj: EKLIG MAN
22:11 Dan: lol
--- Log closed Thu Dec 09 22:16:07 2010
--- Log opened Thu Dec 09 22:25:14 2010
22:25 iaj: EKKKKKELIG
22:28 Dan: Union Investment is raus
22:28 Dan: ma schaunn
22:28 iaj: Ui fleissig
22:28 Dan: wo ich nächste bestlelung aufgeb
22:28 iaj: Gibt gues Feeling oder?
22:28 Dan: 1x abturn deluxe bitte
22:28 Dan: ne
22:28 iaj: gutes*
22:28 iaj: lol
22:28 Dan: weil ich ja eh weiß
22:28 Dan: dass es nix bringt
22:28 Dan: aber so muss ich mir immerhin nemmer anhörn ich hätts ned probiert lol
22:30 iaj: So schaut's, hahahah... naja
22:30 iaj: Im Frühjahr
22:30 iaj: geh ich auch auf die Hunt
22:30 iaj: soviel steht fest
22:30 iaj: diese Kackrotz arbeiten da immer
22:30 iaj: Sachen rumschleppen
22:30 iaj: geht mir auf n Ast
22:31 Dan: lol
22:31 Dan: und wenn abturns schiebst dabei
22:31 Dan: denk immer dran
22:31 Dan: es gibt noch einen
22:31 Dan: der noch weniger chancen hat
22:35 iaj: looooool
--- Log closed Thu Dec 09 22:41:07 2010
--- Log opened Thu Dec 09 23:10:54 2010
23:10 iaj: 3 STD
23:10 iaj: bis TIPOFF
23:11 iaj: BIATTTTSCHHHHHHHHH
23:11 Dan: loooooooooooooooooooooooooooooooooooooooooooooooooooooooooooooooool
23:12 Dan: und was darfs sein
23:12 Dan: C´s?
23:12 Dan: :-D:-D:-D
--- Log closed Thu Dec 09 23:17:08 2010
--- Log opened Thu Dec 09 23:19:50 2010
23:19 iaj: MA SCHAUEN 
23:20 iaj: Aber jo die HUREN
23:20 iaj: könnte man hassen
23:22 Dan: Herzlichen Glückwunsch! Sie haben sich auf folgendes Stellenangebot beworben:
23:22 Dan: Werkstudent (m/w) Produktmanagement Video-Conferencing bei MVC Mobile VideoCommunication GmbH in Frankfurt, Hessen 60489
23:22 Dan: another1 bites the dust
23:22 Dan: lol
23:22 Dan: jo
23:22 Dan: C´s hätt ich jedenfalls auch im blick
23:22 iaj: C's !
23:22 Dan: oder dirkulos over ma wieder hassen lol
23:22 iaj: loooool
23:22 iaj: loooooooool
23:22 iaj: won't change a fact
23:22 iaj: !!!!!!!!
23:22 iaj: HAUPTSACHE
23:22 Dan: stimmt
23:22 iaj: JINROLLED!
23:22 Dan: er würd eh
23:22 Dan: DIRKEN
23:22 Dan: loooooooooooooooooooooooooooool
23:22 Dan: der jinro
23:22 Dan: wie geil das is
23:22 Dan: frag mich
23:22 iaj: hoffe du bist be dem bookie
23:22 Dan: ob man da überhaupt gescheite stakes ballern kann
23:22 Dan: ne noch ned
23:23 Dan: werd aber gleich ma reggen
23:23 iaj: LoLLLL!!!!!!!!!
23:23 Dan: und n hunni einzahlen lol
23:23 iaj: looooooooooooooooooooooooooooooooooooooooooo
23:23 iaj: l
23:23 Dan: gibt 50 bonus dann angeblich
23:23 Dan: bin gespannt
23:24 Dan: du hast zwar keinplan von der guten nfl
23:24 Dan: aber was an der headline ned stimmt
23:25 Dan: dürfte selbst dir auffallen
23:25 Dan: NFL.com Newsletter: Chargers host first-place Chiefs in AFC West showdown
23:25 Dan: http://www.youtube.com/watch?v=eGdOQOY8S0Q
--- Log closed Thu Dec 09 23:31:08 2010
--- Log opened Thu Dec 09 23:37:24 2010
23:37 iaj: hmmmmmmmmmmmmmmm
23:37 iaj: NE
23:37 iaj: mir fällt nix auf
23:37 iaj: SRY
23:37 Dan: FIRST PLACE CHIEFS
23:37 Dan: das is wie wenn twolves oder nets
23:37 iaj: lol
23:37 Dan: auf einma rocken würden
23:37 Dan: lol
23:37 Dan: naja nur
23:37 Dan: rocken die ned
23:37 Dan: sondern lucken immer komisch rum lol
23:39 Dan: egtl wie die bears vor 4jahrn
23:39 Dan: nur durch die D
23:39 iaj: IMMERHIN hab ich's fast konfiguriert das FUCK projekt
23:39 iaj: naja
23:39 iaj: dachte an WEST
23:39 iaj: stimmt irgendwas nicht
23:39 iaj: Wie mich NFL doch bockt
23:39 iaj: hahaha
23:39 iaj: Die Chiefs, irgendwann war ich glaub ma gegen die
23:40 iaj: Das Ungetüm ist da
23:40 Dan: LOL
23:40 iaj: hätt ich ihn mir doch nie hergewünscht
23:40 iaj: DAS HAT MAN DAVON
23:40 iaj: pissen und milchschnitten holen
23:40 iaj: und hoffen
23:40 iaj: dass sie noch nich kacken war
23:40 iaj: brb
23:41 Dan: LOOOOOOOL
23:41 Dan: GL
23:41 Dan:  
23:45 iaj: GMAN
23:47 Dan: http://www.youtube.com/watch?v=7hD3buPfWvo
23:47 Dan: und
23:48 Dan: wegen "hm genial"
23:48 Dan: also hab mich angemeldet bei dem fuckladen
23:48 Dan: JEDOCH
23:48 Dan: aus irgendnem grund
23:48 Dan: ging mein MB pass ned lol
23:48 Dan: un nu is acc locked
23:48 Dan: du musst also die gambleage regeln
23:48 Dan: weil ich könnt nur betfair jezz noch mit sofortüberweisung mache aber da gibts halt kein gSl :-D
23:48 Dan: und gibs dir lol
23:48 Dan: http://www.youtube.com/watch?v=7hD3buPfWvo
23:48 Dan:  
23:50 iaj: loooool naja ich hab eh nur 60 eur die ich einzahlen kann und die werden wohl inner dings schon druff gehen
23:50 iaj: damn
23:50 iaj: was hats betfairs nich
23:50 iaj: sec hab so n Ding hier fast geloest
23:50 Dan: k lopl
--- Log closed Thu Dec 09 23:56:09 2010
--- Log opened Thu Dec 09 23:57:52 2010
23:57 iaj: Oller Kackvogel :D
23:57 iaj: Getting Jinrolled !
23:57 iaj: Right now !
23:58 iaj: Boah diese kackconnection
23:58 iaj: Bei denen hört man nichtmal ob se Sex haben
23:58 iaj: weil sich beide nicht bewegen können
23:58 iaj: schon peinlich, no?
23:58 Dan: loooooooooooooooooooooooooooooooooooooooooooooooool
23:58 Dan: sei lieber froh drüber :-D
23:59 Dan: najaaa hm was machemer nu?
23:59 Dan: die gute mb cc geht ejtzt natürlich auch nemmer lol
--- Log closed Fri Dec 10 00:00:09 2010
