--- Log opened Mon Nov 08 20:35:59 2010
20:35 Dan: gude
20:36 Dan: alter....schnapp dir die sylv
20:36 Dan: und ab nach hamburg
20:36 Dan: könig der löwen gucken
20:36 Dan: hätt net gedacht dass ich musical so ooooooooooooober geil finden würde
20:36 Dan: aber echt hammer!!!
--- Log closed Mon Nov 08 20:41:50 2010
--- Log opened Mon Nov 08 20:42:30 2010
20:42 iaj: echt?
20:42 iaj: hat sich gelohnt oder was?
20:42 Dan: jo aber richtig geil
20:42 iaj: wieviel hats gekostet
20:43 Dan: hmmmm 110 ca  pro nase die tickets
20:43 Dan: beste kategorie
20:43 Dan: ziemlich weit vorn und mitte...so geil gespielt einfach nur
20:43 iaj: echt? loool ok das schon krass... inkl anfahrt?
20:43 iaj: ne oder?
20:43 Dan: ne
20:43 iaj: lol
20:43 Dan: nur tickets lol
20:43 iaj: OUCH
20:43 iaj: und nur ein abend dann ohne übernachtung etc?
20:43 iaj: wo gibt's die tickets?
20:43 Dan: hotel 220 ca zusammen für 3nächte + frühstück
20:43 Dan: bahn 110 
20:43 Dan: tickets 220
20:44 Dan: also
20:44 Dan: alles für uns beide
20:44 Dan: hatte ich ja vorgelegt
20:44 iaj: ohman es wär so geil hätten wir des ma eben gewonnen
20:44 iaj: ahh
20:44 Dan: looooool
20:44 iaj: ihr zahlt 50/50?
20:44 Dan: jo naja mir is egal ob ich noch was krieg
20:44 Dan: tessi hat halt essen gehn souvenirs etc
20:44 Dan: alles gelatzt jetzt
20:44 Dan: und is auch gut cash losgeworden
20:44 Dan: wenn man rumrechnet würd ich vllt noch 100-150 kriegen
20:44 Dan: aber mir schnuppe...net weil ich gewonne hätt...lose ja nur ab :-D
20:45 Dan: aber halt damaliges wettcash als es noch sahnig war
20:45 Dan: davon gings ja ab lol
20:45 iaj: stimmt im endeffekt immer noch dickes plus
20:45 iaj: lol
20:46 Dan: looool jo
20:46 Dan: hab ich letztens ma revue passiern lassne
20:46 Dan: hab ja jetzt 2-3monate am stück immer abgelosde egal ob seppeltaktik oder die golden allin strat
20:46 Dan: un damit an die 2-2,5k abgelosed haben sollt ich...die guten arbing winnings .(
20:47 Dan: aber selbst dennoch...hab ich geilen labbi, autoreparatur, playsi, autoreparatur und immernoch ~2-2,5k cash wenn alle schulden backgaine
20:47 Dan: aber ok das cash rechne ich net das wird über kurz oder lang eh verzockt LOL
20:47 iaj: genau so muss mans sehen
20:47 Dan: achso und geile cam für über 800
20:47 iaj: dann geht's doch sogar
20:47 Dan: hab ich ja auchnoch
20:47 Dan: jo lol dadurch konnt ichs verarbeiten
20:47 Dan: die kacksträhne
20:47 Dan: lol
20:48 iaj: loooooool
20:48 iaj: hatte heut früh 1k
20:48 iaj: auf m konto
20:48 iaj: rechnungen getilgt
20:48 iaj: 180 left
20:48 iaj: das suckt auch derb
20:48 Dan: looooooooooooooooooooooooooooooooooooooooool
20:48 Dan: kack handy
20:48 Dan: war bestimmt n guter batzen
20:49 iaj: ^^ die
20:49 iaj: kam noch garned
20:49 iaj: lol
20:49 iaj: immerhin is paris gebucht
20:50 Dan: looool cool
20:50 Dan: das wird ja bestimmt auch geil
20:51 iaj: mh jo mal sehen.. nu isse ja eh erstmal wieder ne week gone for good.
20:51 iaj: hr
20:51 iaj: aber musical muss ich mir merken
20:52 iaj: ist nur jetzt grade in hamburg wohl oder?
20:53 Dan: jo glaub bis märz april rum noch
20:53 Dan: sinnse da dann keinplan
20:53 Dan: ob woanders in schland oder ins ausland ghen
20:53 iaj: echt? ok... wo habt ihrn die karten her?
20:53 Dan: also wenn könig der löwen
20:54 Dan: http://www.ticketonline.com/de/de/all/
20:54 iaj: wer kam überhaupt auf die glorreiche idee?
20:54 Dan: da bestellt
20:54 Dan: war sogar tessis idee
20:54 Dan: weil könig der löwen für sie geile kindheitserinnerung
20:54 Dan: is ja 87er jahrgang
20:54 Dan: glaub bei uns war das ja schon so frühe teeniezeit als der kam
20:54 Dan: aber fand den ja trotzdem auch ober geil
20:54 iaj: abau
20:54 iaj: des hat ja erst vorgestern angefangen
20:54 iaj: :-)
20:55 Dan: loool
20:55 iaj: ok der läuft ja noch ne while
20:55 Dan: http://www.ticketonline.com/de/de/modul/1030-Suche/?q=k%C3%B6nig+der+l%C3%B6wen&searchcity=
20:55 Dan: auf gehts lol
20:55 Dan: war richtig überwältigt erstma 
20:55 Dan: wobei
20:55 iaj: schon gebookmarkt
20:55 Dan: durchgehend eigentlich lol
20:56 Dan: muss ma irgendwann in andere musicals rein um vergleich zu haben
20:56 Dan: wie geil das überhaupt war
20:56 iaj: phantom der oper
20:56 iaj: ist glaub ich auch
20:56 iaj: richtig geil
20:57 Dan: jo denke auch
20:57 Dan: glaub werd bald wieder ma gucken
20:57 Dan: was halt in ffm so läuft
20:58 iaj: jo
20:58 iaj: nacht der pferde
20:58 iaj: kannste se mitnehmen
20:58 iaj: lol
20:58 Dan: hä lol
20:58 iaj: könig der löwen is sogar auf platz 1 lol
20:58 iaj: http://www.ticketonline.com/de/de/production/240965-Nacht+der+Pferde+2010/
20:58 iaj: da man
20:58 iaj: lol
20:58 Dan: wo s hingehört lllol
20:59 Dan: looooooooooool
20:59 Dan: in hannover aber
20:59 Dan: wärs in ffm
20:59 Dan: würd tessi bestimmt soga hingehn
20:59 Dan: die liebt pferde ja 
20:59 Dan: und reitet etc
20:59 iaj: looooo
20:59 iaj: l
20:59 iaj: jo
20:59 iaj: deswegen
20:59 iaj: meint ich ja... das is das beste
20:59 iaj: :D
20:59 Dan: loooooooooooooooooooooooooooooooool
21:00 Dan: phantom der oper
21:00 Dan: starlight
21:00 Dan: gibt ja soga gute sachen in ffm
21:00 iaj: phantom der oper ist in ffm?
21:00 Dan: glaub jo
21:00 Dan: wiesbaden
21:00 Dan: lol
21:00 Dan: soga in darmstadt
21:01 Dan: bringenses irgendwo
21:01 Dan: http://www.ticketonline.com/de/de/production/15167-Das+Phantom+der+Oper/
21:01 Dan: http://www.ticketonline.com/de/de/eventid/952857-Das+Phantom+der+Oper/?productionid=15167
21:01 Dan: jahrhunderthalle
21:02 Dan: wenn bock könnt man ja irgendwann ma gucken welche von den 3000 crews die das spielen
21:02 Dan: was drauf hat und in nächsten paar monaten zu viert gehn oder so
21:02 Dan: oder wenn noch wer mitwill halt lol
21:03 Dan: aber sonst wie gesagt .... wenns irgendwie möglich machen kannst schnappse dir und hamburg könig der löwen lol
21:04 iaj: krass loooooooool
21:04 iaj: naja
21:04 iaj: problem is 
21:04 iaj: wenn ich cash hätte
21:04 iaj: wär ich schon am buchen
21:04 iaj: aber derzeit
21:04 iaj: isses mau
21:05 Dan: jo :-(
21:06 iaj: das studium muss um
21:06 iaj: dann bin ich jedes we weg
21:06 iaj: lol
21:07 Dan: looooooool
21:07 Dan: jo
21:07 Dan: kack studium man
21:07 Dan: ich muss es verdrängen
21:07 Dan: letzte 3 tage hab ichs :-D
21:08 iaj: gings nur so weiter
21:11 Dan: looool jo
21:11 Dan: das hotel
21:11 Dan: da könnt ichs aushalten zu leben
21:11 Dan: ober geile wohnung
21:11 Dan: und frühstück so 10meter langes buffet
21:12 Dan: elb-residence merks dir lol
21:14 iaj: looooooooooooooool
21:14 iaj: loooooooooooooooooooooooooooooooooool
21:14 iaj: dann will ich nie wieder heim
21:14 iaj: aber so trips sind schon geil oder?
21:14 iaj: verbinden auch derb
21:14 iaj: habters da dann wenigstens überall getrieben bis sich die balken biegen
21:15 Dan: loooooooooooooooooooooooooooooooooooooooooooooooool
21:15 Dan: jo stimmt hab ich noch garnet drüber nachgedacht aber auf jeden fall
21:16 Dan: krass beziehung vertieft dadurch
21:16 iaj: vertieft!
21:16 iaj: jeah
21:16 iaj: :D
21:16 Dan: :-D:-D:-D
21:16 Dan: kleine sacklaus
21:16 Dan: lol,
21:16 Dan: zimmer 474
21:16 iaj: looooooooool
21:16 iaj: loooooooooooooooooooooooooooooool
21:16 Dan: musste verlangen
21:16 iaj: da geh ich lieber nich rein
21:16 Dan: das is prepared
21:16 Dan: loooooooooooooooooooooooooool
21:16 iaj: waende weiss
21:16 Dan: lol
21:16 iaj: wo se vorher schwarz warne
21:16 Dan: LOL
21:16 Dan: das wär ma geil
21:16 Dan: für n dings
21:16 Dan: zimmerservice
21:17 Dan: der ja immer bett machen kommt irgendwann
21:17 Dan: so gegen 10 glaub immer wenn wir frühstücken warn
21:17 Dan: war hinterher alles gemacht
21:17 iaj: loooooooooool
21:17 iaj: loooooooooooooooooooooooooooooooooooooooooool
21:17 iaj: so muss das später sein
21:17 Dan: ca 2-2,5k im monat dann kann man da leben
21:17 iaj: nur in hotels wohnen
21:17 Dan: also zu zweit war ja doppelzimmer lol
21:17 Dan: loooooooooooooooooooooooooooooooool yea
21:17 Dan: oder halt den ganzen geilen service ausm hotel
21:18 Dan: sich extra noch leisten können
21:18 Dan: so n kleinen hofstaat an köchen und putzen
21:18 Dan: lol
21:18 Dan: leute, die lakers haben gestern nacht gewonnen
21:18 Dan: means, ihr kriegt euer gehalt!
21:18 iaj: looooooooooooooooooooooooooooool
21:19 iaj: loooooooooooooooooooool
21:19 iaj: looooooooooooooooooooooooooooooooooooooooool
21:19 iaj: obs so risiko hotels gibt
21:19 iaj: ;D
21:19 Dan: das wär ma geil LOL
21:19 Dan: LOOOOOOOOOOOOOOOL
21:19 Dan: was seh ich da
21:19 Dan: golden state
21:19 Dan: ist 
21:19 Dan: 4-2
21:19 Dan: playoffffffffffffs
21:19 iaj: was ist da passiert
21:19 iaj: gegen die cats
21:19 iaj: wohl
21:19 Dan: und finals gegen die Magic!!!
21:19 iaj: oder so
21:19 iaj: lol
21:19 iaj: loooooooooooooooooooooooooooooool
21:19 Dan: keinplan lol
21:19 iaj: jo wennse
21:19 iaj: 80-40 packen
21:20 iaj: dürften se po sein
21:20 Dan: loooooooooooooooooooooooooooooooooooooooooooooooooooool
21:20 Dan: stimmt
21:20 Dan: die kack rotz missgeburt conference da
21:20 Dan: lol
21:20 Dan: wo se irgendwann ma mit .555er win quote net reinkamen
21:20 Dan: und bei den ander n .400er dafür
21:20 Dan: so gay lol
21:22 iaj: oloooool
21:22 iaj: echt so krass ist es
21:22 iaj: :(
21:23 Dan: jo aber egal des jahr
21:23 Dan: gibts .750
21:23 Dan: lol
21:23 iaj: looool das würde wohl reichen
21:23 iaj: oman
21:23 iaj: noch nicht einmal nba gezockt
21:24 Dan: looooooooool
21:24 Dan: ich hab noch paarma bevor mir tennis so zum 5. mal in a row den knockout gegeben hat
21:24 Dan: mit orl unter anderem
21:24 Dan: dick abgesahnt lol
21:24 Dan: also
21:24 Dan: gewonnen eher
21:24 Dan: bevor halt aktionen kamen wie cilic vs haider-maurer
21:24 Dan: feds vs dolgopolov OH ICH RETIRE MA BEI SERVING FOR MATCH
21:24 Dan:  
21:25 iaj: haider maurer
21:25 iaj: hat gewonnen gegen cilic
21:25 iaj: oder?
21:25 iaj: lol
21:25 Dan: hmmm und den guten davydenko hab ich auch ma losen lassen gegen irgendnen kackboon
21:25 Dan: jo
21:25 Dan: llol
21:25 iaj: loooooooooooool
21:25 iaj: looooooooooool
21:25 iaj: dankydevo
21:25 iaj: heisster ja auch
21:25 Dan: gegen haider-maurer
21:25 Dan: abgelosed
21:25 Dan: hatter
21:25 iaj: looooooooooool der ty den wir alle mal erlebt haben
21:25 Dan: jo LOL
21:25 iaj: hilfe
21:25 Dan: den krüppel
21:25 Dan: ders halt ma garnet drauf hat
21:25 Dan: naja hab halt zielstrebig
21:25 Dan: alle keinbock guys rausgepickt
21:26 Dan: und quoten bis 1,2 (cilic) droppen lassen
21:26 Dan: lol
21:26 Dan: cilic war sogar deciding
21:26 Dan: da war schon wieder gut cash da lol
21:26 Dan: und dachte mir danach noch eine (die natürlich gezogen hat dann)
21:26 iaj: looool
21:26 iaj: laber nur dann
21:26 iaj: hätts cilic gemacht
21:26 iaj: weisste was passiert wäre
21:26 Dan: loooooooooooooooooooooooooool
21:27 Dan: jo
21:27 iaj: sobald man an die auszahlung denkt
21:27 iaj: omaaaaaaan
21:27 iaj: wie kacke
21:27 Dan: gay gay rudy gay 
21:27 Dan: isses
21:27 Dan: .D
21:27 iaj: wir waren schon echt gut hoch damals
21:27 iaj: lol
21:27 Dan: jo
21:27 Dan: wenn ich mit arbing allein bis 1k pro monat machen konnte
21:27 Dan: warn wir wohl echt gut hoch mal
21:27 Dan: lol
21:27 Dan: gute alte 10k 
21:27 Dan: hätt ich se wieder
21:27 Dan: naja
21:27 Dan: würd ich se wieder verzocke n:-D::-D:-D
21:28 iaj: das geile feeling des verzockens
21:28 iaj: immerhin sollteste nun das down überwunden haben
21:28 iaj: lol
21:28 iaj: nach so m geilem trip
21:28 iaj: leider sieht man da auch immer wofür geld genutzt werden
21:28 iaj: KÖNNTE
21:28 Dan: looooooooooooooooooooooooooool
21:28 Dan: jo
21:28 Dan: is überwunden im mom
21:28 Dan: dank des geilen trips und JO
21:28 Dan:  
21:28 Dan: so n trip
21:28 Dan: =
21:28 Dan: 1unit
21:28 Dan: LOOL
21:28 iaj: looooooooooll
21:29 iaj: looooooooooooooooooooooooooooooooooooooool
21:29 iaj: ich traus mich noch garnicht
21:29 iaj: der silvi zu erzählen
21:29 iaj: naja ob ich's ihr überhaupt erzähle
21:29 iaj: die steckt mich in ide klapse lol das ja so voll der sparfuchs
21:30 Dan: loooooooooooooooooooooooooooooooooooooooool
21:30 Dan: erzähls ihr wenn 
21:30 Dan: bzw falls
21:30 Dan: irgendwann ma wieder geiler streak kommt
21:30 Dan: NACH auszahlung :-D
21:30 iaj: loooooooooooooooooooool
21:30 iaj: jo
21:30 iaj: FALLS
21:31 iaj: das wird never ever happenen
21:31 iaj: oman wie schnell ich die Woche hier
21:31 iaj: umkriegen könnte
21:31 iaj: mit Wetten
21:31 iaj: lol
21:32 Dan: looo  oooooooooooooool
21:32 Dan: direkt
21:32 Dan: um
21:32 Dan: wärs
21:32 Dan: :-D4
21:33 Dan: aber ich weiß warum ich nur noch am ablosen war
21:33 Dan: der seppel
21:33 Dan: hat wohl wieder ganz gut abgesahnt die letzten wochen/monate
21:33 Dan: wo s hier halt so mies lief
21:33 Dan: ungerades jahr ist am kommen LOL
21:33 Dan:  
21:37 iaj: loooooooooooool
21:37 iaj: looooooooool
21:37 iaj: stimmt
21:37 iaj: hat er wieder nen lauf ja
21:37 iaj: lol
21:38 Dan: jo lllool
21:38 Dan: bei dem läufts wohl immer
21:38 Dan: wenn einer von uns oder beide am losen sind
21:38 Dan: glaub die zeit wo wie abgeräumt ham war ja für ihn auch relativ gay lol
21:38 iaj: der wichser und dann lachter sich ins faeustchen
21:38 iaj: jo
21:38 iaj: looooooool
21:40 Dan: ach herrlich
21:40 Dan: grad ma geguckt
21:40 Dan: übungsblatt halt
21:40 Dan: für fiwi
21:40 Dan: selbst das für last week
21:40 Dan: hat der dumme hurensohn noch net reingestellt
21:40 Dan: das von dieser ganz zu schweigen
21:40 iaj: ER besorgts dir
21:40 Dan: geile events wie hamburg könntens mich glatt vergessen lassen wie ich die uni hasse...aber ein glück gibts da ja noch windolf und co lol
21:41 iaj: muss bis freitag noch n praktikum fertig machen das fickt mich auch an
21:41 Dan: loool
21:41 Dan: jo omanACHSO
21:41 Dan: hab unglaublicherweise
21:41 Dan: bei diesem movie-park ag fritzen die mich angeschriebenhatten mal
21:41 Dan: n vorstellungsgespräch bekommen für morgen
21:42 Dan: aber glaub nur weil er mir schon termine vorgeschlagen hat bevor er zeugnisse bekam
21:42 Dan: naja bin gespannt....aber wär sogar n dickes plus wenn da was ginge
21:46 Dan: http://www.hamburg.de/musical/523728/koenig-der-loewen-musical.html
21:46 Dan: da is n kleiner trailer
21:46 Dan: direkt wieder ober gänsehaut
21:47 Dan: aber wie geil das is kommt wohl nur rüber wenn mans live gesehn hat:-D
21:48 iaj: das hätt ich jetzt auch gesagt
21:48 iaj: :D
21:48 iaj: naja wenn ich mal zuviel cash über hab
21:48 Dan: wo mir einfällt
21:48 iaj: werd ich's in angriff nehmen
21:49 Dan: als afrika tusse
21:49 Dan: wird se das ja bestimmt eh ober drauf abfahrn
21:49 Dan: http://www.stage-entertainment.de/musicals/koenig-der-loewen/multimedia/multimedia.html
21:49 iaj: muss nun erstmal wieder meinen fucking lappen backgainen
21:49 Dan: der is n zacken länger
21:49 Dan: whut?
21:49 Dan: lappen weg? :S
21:49 iaj: verloren halt iwann mal
21:49 iaj: und noch nicht neu beantragt
21:49 iaj: wozzu auch
21:49 iaj: lol
21:50 iaj: aber wenn ich mit ihr in die eiffel will und dafür das auto vom vadder leiehn
21:50 iaj: weils tausendma billiger is als zug
21:50 iaj: brauch ich ihn wohl
21:50 iaj: leider muss ich dafür nen sehtest machen
21:50 iaj: = brille
21:50 iaj: da habsch eigentlich keinen bock druff
21:50 iaj: aber dann eben kontaktlinsen
21:52 Dan: looooooooooooooooooooooooooooool ohnein
21:52 Dan: lässts bei dir auch langsam nach :-D
21:52 Dan: boah grad den trailer in fullscreen mir gegeben
21:53 Dan: sooo geil
21:53 Dan: wär man nur reich lool
21:53 Dan: dann würd ich in 1-2 weeks grad wieder reingehn
21:53 Dan: cool war auch wenn da die szenen warn mit so ober viele ntieren 
21:53 Dan: zB am anfang wo simba geboren wird
21:53 Dan: weiß man garnimmer wo hingucken lol
--- Log closed Tue Nov 09 00:00:35 2010
