--- Log opened Tue Nov 02 11:54:26 2010
11:54 iaj: wooooooooh
--- Log closed Tue Nov 02 12:00:16 2010
--- Log opened Tue Nov 02 14:49:15 2010
14:49 Dan: woooooooooh
14:53 Dan: geil wie nba 2-0 und nfl 1-0 (nur 1 game;-) ) gewesen wär die night
14:53 Dan: soooooooooooooooooooo geil immer wieder das kackwetten lol
14:53 Dan: ein glück bin ichs gewohnt
14:54 Dan: sonst würd ich jetzt grad aus frust wieder 200 losen
14:58 Dan: du hast doch gestern was von cash palabert
14:58 Dan: wann+wieviel isn geplant?
--- Log closed Tue Nov 02 15:04:16 2010
--- Log opened Tue Nov 02 15:09:56 2010
15:09 iaj: looooooooooooooooooooooooooool du alter geldgeiler sack
15:10 Dan: loool
15:10 iaj: ka schäfer meinte halt auf jeden er will des jahr noch 700 abdrücken
15:10 iaj: hat alle schulden sonst weg, jetzt bist wohl du dran
15:10 Dan: wieso egtl
15:10 Dan: bin ich immer letzter
15:10 Dan: ich sehs wohl zu locker ;-)
15:10 iaj: siehs als sicherung
15:11 iaj: du wirsts eh nur verzocken
15:11 iaj: lo
15:11 iaj: l
15:11 Dan: leider nur zu wahr lol
15:11 Dan: wie gestern angekotzt hat alter
15:11 iaj: ich kanns
15:11 iaj: mir vorstellen
15:11 iaj: lol
15:11 Dan: abgehakt
15:11 Dan: dann breakter
15:11 Dan: ich feier
15:11 Dan: und retire
15:11 iaj: LOL
15:11 Dan: lol
15:12 Dan: 1000000000000000%
15:12 Dan: wenn der typ gehalten hätt
15:12 Dan: wär er net gestolpert
15:12 iaj: lol
15:12 iaj: feds halt
15:12 iaj: der kann nur abfucken
15:13 iaj: er hat den ball bewusst so gespielt
15:13 iaj: dass der andere stolpert
15:13 iaj: denn er wusste
15:13 iaj: in your face bitch
15:13 Dan: loooooooooooooooooooool
15:13 Dan: frag mich auch
15:13 Dan: was der andere überhaupt da hinterherrennt wie n blöder
15:13 Dan: wo er ganzes match
15:13 Dan: 4return points geholt hat
15:13 Dan: nach 30min war schon 2. satz und 3-1 lol
15:14 iaj: looooooooooooooool
15:14 iaj: lol
15:14 iaj: 6-4 hatter immerhin gepackt
15:14 iaj: in set 1
15:14 iaj: oder wie war das
15:14 Dan: jo
15:14 Dan: 64
15:14 Dan: 5*-2
15:14 Dan: und ich hate feds-5,5
15:14 Dan: wegen heimspiel hab ichs ma riskiert
15:14 Dan: und er hat ja sogar entsprechend gespielt
15:15 Dan: in set1 hat der andere bastard halt noch gut serviert
15:15 Dan: aber set2 ging garnix mehr
15:15 Dan: außer
15:15 Dan: knöchel ficken
15:15 Dan: und isner llodra over ofc gezogen
15:15 Dan: frustbet fußi tot
15:15 Dan: nba 2 overs und nfl colts überlegt gehabt
15:15 Dan: alles alrighty
15:15 Dan: gotta be lovin it lol
15:16 Dan: wo die duisburger seltsamerweise
15:16 Dan: nur die latte treffen konnten gestern
15:16 Dan: jinxed!
15:18 iaj: loooooooooool frustbet fussi tot?
15:18 iaj: wtf?
15:18 iaj: haste danach noch eine rausgehauN?
15:18 iaj: looooool
15:18 iaj: du kleiner kranker freak
15:18 iaj: Ich werd dir mal den Mister vorbeischicken
15:18 iaj: der fürs Curen vom Wetten gilt
15:18 iaj: Christian Kühnel
15:18 iaj: ist sein Name
15:21 Dan: loooooooooooooooooooooooooooool
15:21 Dan: jo war doch pluscash von der nfl night davor
15:21 Dan: das musste noch weg
15:21 Dan: nachdem das passiert is
15:21 Dan: erst recht
15:21 Dan: lol
15:21 Dan: wobei plus
15:21 Dan: gibts hier egtl ja nemmer
15:21 Dan: solang ich keinen 20-0 run hab
15:21 Dan: naja muss jahresanfang wohl zum vgl sehn dann is besser :-D
--- Log closed Tue Nov 02 15:27:16 2010
--- Log opened Tue Nov 02 15:39:38 2010
15:39 iaj: looooool
15:39 iaj: loool 
15:39 iaj: der 2k run letztens in 24h
15:39 iaj: war dennoch mal sahne
15:39 iaj: haha
15:39 iaj: nur die auszalhung blieb aus
15:40 iaj: ;OOO
15:40 Dan: loooooooooooooooooooooooooooooooooooooool
15:40 Dan: flavia
15:40 Dan: pennettaaaaaaaaaaaaaaaaaaaaaaaaaa
15:40 Dan: gegen wen istse da nochma abgestunken ll
15:40 Dan: llol
15:40 Dan: gute alte 1,2ers
15:43 Dan: sonst sinds doch die 1,4er
15:43 Dan: die uns pwnzoren
15:48 iaj: kvitova
15:48 iaj: wars glaub ich
15:48 iaj: lol
15:48 Dan: loool
15:48 iaj: die geile czeschin
15:48 iaj: :D
15:48 Dan: #1 to be
15:48 Dan: isses
15:48 Dan: wobei das in der wta ja keine kunst lol
15:49 Dan: safina vs zakopalova(? katze zako!!)
15:49 Dan: war auch n geiler loss lol
15:49 iaj: loooooooooool
15:49 Dan: das miese lustlose stück dreck da 
15:49 iaj: der war vor allem auch teuer
15:49 iaj: der loss
15:49 iaj: soweit ich mich erinner
15:49 iaj: haha
15:50 Dan: lool jo
15:50 iaj: lol hock auf der arbeit und häng am praktikum für die uni
15:50 Dan: oder
15:50 Dan: petkobitch
15:50 Dan: vs
15:50 Dan: egal wen
15:50 iaj: immerhin bereinige ich so das gewissen
15:50 Dan: war auch immer kacke und teuer
15:50 iaj: looooooooool
15:50 iaj: loooooooooooooooooooooooooo
15:50 iaj: EINMA HATSE WON
15:50 iaj: ;p
15:50 Dan: looooooooooooooooooooooooooooooooool
15:50 Dan: die beste!
15:50 Dan: wenn man immer auf werder under gehn würde
15:50 Dan: würds auch irgendwann ma klappen loll
15:51 Dan: das kackwetten wir mans nur hassen kann :-D
15:51 Dan: und dennoch
15:51 Dan: braucht mans
15:52 Dan: die hoffnung aufs schnelle geld lol
15:53 iaj: loooooooooooooooooooooooooool
15:53 iaj: jo
15:53 iaj: wos mit Uni eh nix wird
15:53 iaj: rofl :
15:53 Dan: loool
15:53 Dan: jo überleg schonma
15:53 Dan: wo wir anschaffen könn so in ~2jahren
15:53 Dan: müllabfuhr mit iphone wo dann immer
15:53 Dan: zwischen den straßen
15:53 Dan: wir hinten dranhängen und tickern
15:53 iaj: LOOOOOOOOOOL
15:53 Dan: kanns mir richtig vorstellen looooooooooooooooooooooooooooooooooooooool
15:53 iaj: loooooooooooooooooooooooooooooool
15:54 iaj: LOOOOOOOOOOOOOOOOOOOOOOOOOOOOOOOOOOOOOOOOL
15:54 iaj: wenn da ne wette dann schiefgeht
15:54 iaj: is richtig bitter
15:54 iaj: oder abends edelpuff
15:54 iaj: :D
15:55 Dan: jo monatslohn dann direkt gone
15:55 Dan: LOL
15:55 Dan:  
15:55 Dan: looooooooooooooooool
15:55 Dan: oder gibt doch so welche
15:55 Dan: die so n kleines kastenkackding fahrn
15:55 Dan: was den bürgersteig putzt
15:55 Dan: da könnt ich mich auch drin vorstellen
15:56 Dan: wenn ich jemals u nem bewerbungsgespräch eingeladen werd
15:56 Dan: und die fragen
15:56 Dan: wo sehnse sich in 3 jahren oder 5
15:56 Dan: weiß ich was ich antworten kann .D
15:56 Dan: :-D
15:56 iaj: loooooool
15:56 iaj: LOOOOOOOOOOOOOOL
15:56 iaj: loooooooooooooooooooooooooooooooool
15:56 iaj: sau geil :D
15:56 Dan: und leider 
15:57 Dan: zu whar
15:57 Dan: wahr
15:57 Dan: lol
15:57 iaj: :-DDDDD HALLLLLLLOOOOOOO
15:57 Dan: die frauen werdens geld bringen müssen :-D
15:57 iaj: norbert
15:57 iaj: wirds heissen
15:57 Dan: loooooooooooooooooooooooooooooooooooooooooooooooooool
15:57 Dan: dann sing ich auch für 50cent
15:57 iaj: auf zum koynel vadder
15:57 iaj: antead !
15:57 Dan: irgendwelchen kleinen assibastards was vor
15:57 iaj: anteas!
15:57 iaj: lol
15:57 iaj: 50 cent
15:57 iaj: sind nedma
15:57 iaj: wettbar
15:57 iaj: LOL :D
15:57 Dan: looooooooooooooooooooooooooooooooooooool
15:57 iaj: 3 euro is mindesteinsatz
15:57 iaj: werd ich beim betteln
15:57 Dan: LOL
15:57 iaj: erwähnen
15:58 Dan: looooooooooooooooooooooooooooooooooooooooooooooooooooooooooooool
15:58 Dan: keine sorge
15:58 Dan: ich kauf mir keine kippen
15:58 Dan: und kein alk davon
15:58 Dan: "alles klar hier haste n 5er hab guten tag"
15:58 Dan: OLE und ab ins wettbüro
15:58 Dan: vor dem man hoockt
15:58 Dan: lol
16:02 iaj: looooooooooooooooooooooool
16:02 iaj: LOL
16:02 iaj: looooooooooooool
16:02 iaj: statt vor der Trinkhalle
16:02 iaj: jo
16:03 Dan: looooooooooooooooooooooooool
16:03 Dan: jo in die gehts erst nachm 5-0 run
16:03 iaj: loooooooooooooooooooooooooooooooooooooooooool
16:03 iaj: LOL
16:03 Dan: nur leider gibts ja unter der brücke kein ticker
16:03 Dan: damn
16:05 iaj: loooooooooooooooool geld muss für iphone reichen
16:05 iaj: nur tennis wird ned gehen
16:05 iaj: weil flash animationen
16:06 iaj: damn
16:06 iaj: naja in ~2 jahren
16:06 iaj: oder wanns wohl aus ist
16:07 Dan: lol
16:07 Dan: bei der fick livescores site
16:07 Dan: kann man dann ja noch tickern LOL
16:09 iaj: looooooooooool man kriegts halt nur so 2-3 stunden danach mit
16:09 iaj: alter fürs iphone
16:09 iaj: gibt's pro evo
16:09 iaj: vorhin die ganze zeit im zug gezockt
16:09 iaj: looooooool is garnemma so schlecht
16:09 Dan: loooooooooooooooooooooool
16:09 Dan: wie geil
16:10 iaj: (:
--- Log closed Tue Nov 02 16:15:16 2010
--- Log opened Tue Nov 02 16:15:43 2010
16:15 iaj: Ihgitt man ich hab gaaaaaaaaaaarkeine Lust
16:15 iaj: lol
16:15 iaj: 5 Folgen Two and a half men geguckt
16:15 iaj: ne Aufgabe im Praktikum geloest
16:16 Dan: looooooooooooooooooooooooooooooooooool
16:16 iaj: und HD aufgeräumt
16:16 iaj: erfolgreicher Arbeitstag
16:16 iaj: würd ich meinen
16:16 iaj: lol
--- Log closed Tue Nov 02 16:21:16 2010
--- Log opened Tue Nov 02 16:23:57 2010
16:23 Dan: looooool
16:24 Dan: son job
16:24 Dan: such ich auch 
16:24 Dan: und dazu aunoch gut für lebenslauf
16:24 Dan: weil ja it gerotze
16:24 iaj: lol... besser fürn Lebenslauf wäre wohl
16:24 iaj: IRGENDWANN MAL NEN ABSCHLUSS ZU GAINEN
16:27 Dan: loooooooooooooool
16:28 Dan: :-D
16:28 Dan: stimmt
16:28 Dan: wie geil ich mich gefühlt hab
16:28 Dan: bei börse formular da gestern
16:28 Dan: wos hieß
16:28 Dan: wieviele semester done?
16:28 Dan: 14!
16:28 Dan: für
16:28 Dan: nothing
--- Log closed Tue Nov 02 16:34:16 2010
--- Log opened Tue Nov 02 16:35:49 2010
16:35 iaj: LOOOOOOOOOOL
16:35 iaj: LOL
16:35 iaj: naja
16:35 iaj: wenn abschluss ma im kasten
16:35 iaj: isses sausack wurst egal
16:36 Dan: looooooooooool
16:36 Dan: ich hoff ma
16:36 iaj: MAN die kack praktikumsaufgabe
16:36 Dan: es stimmt
16:36 Dan: wenn ich so
16:36 iaj: nun muss ich am freitag in pool zur betreuung
16:36 iaj: wegen dme wix
16:36 Dan: an den kleinen jens denk
16:36 Dan: der hat bilderbuch studium hinter sich
16:36 iaj: lol?
16:36 iaj: ah
16:36 Dan: noch haufenweise extras
16:36 Dan: auch bwl
16:36 iaj: der kleine scheisser
16:36 Dan: und war erstma 1-2jahre arbeitslos
16:36 iaj: naja
16:36 iaj: hat ja auch kein leben
16:36 iaj: echt?
16:36 iaj: lOOOOL
16:36 Dan: jo
16:36 Dan: bwl halt
16:36 Dan: lol
16:36 Dan: keinplan
16:36 Dan: ob er jetzt was hat
16:37 Dan: aber letztema vorm halben jahr oder jahr mit dem geschwafelt
16:37 Dan: da hat er halt perm irgendwelche zertifikate gemacht
16:37 Dan: damit keine lücken im lebenslauf lol
16:37 iaj: looooooooooool
16:37 Dan: und trotzdem
16:37 iaj: jungfrauen testat
16:37 iaj: naja
16:37 Dan: kein job
16:37 iaj: hat ja nun auch ne freundin
16:37 Dan: looool
16:37 Dan: isnitwah
16:37 iaj: wie ich in facebook erfuhr
16:39 Dan: lol
16:39 iaj: :-)
16:39 iaj: wo du ja immernoch nicht bist
16:39 iaj: alter kackboon
16:39 Dan: stimmt
16:39 Dan: wollt ich soga ma irgendwan machen
16:39 Dan: den craprotz
16:41 Dan: aber dennoch
16:41 Dan: wenn ich an den kleinen scheißer denk
16:41 Dan: machts mut
16:41 Dan: was sagen die dann zu mir erst lol
16:41 iaj: lol
16:41 iaj: ka der hat wohl auch den Fehler gemacht
16:41 iaj: bild mitzuschicken
16:41 Dan: looooooooooooooooooooooooooooooooooooooool
16:42 Dan: oder das prob mit den 90cm größe
16:42 Dan: jo
16:42 iaj: lol
16:42 iaj: unsere schreibtische sind hoeher als ihr hoehenprofil sry
16:42 iaj: war standartphrase
16:45 Dan: loooooooooooool
--- Log closed Tue Nov 02 16:51:16 2010
--- Log opened Tue Nov 02 16:57:04 2010
16:57 iaj: lolz
--- Log closed Tue Nov 02 17:02:16 2010
