--- Log opened Sat Nov 13 00:06:14 2010
00:06 iaj: baaaam
00:06 iaj: da isses passiert
00:06 iaj: die Abgabe is raus
00:06 Dan: GJ
00:06 iaj: mal ne ned so TEURE
00:06 iaj: abgabe
00:06 iaj: lol
00:07 Dan: looooooooooooooooooooooooooooooooooooooooooooooooooooool
00:07 Dan: gayyyyyyyyyyyyyyyyy alles man
00:07 Dan: warum net 2-0 nba 3-0 tennis run
00:07 iaj: loooooooooool
00:07 iaj: GELD ALLEIN
00:07 Dan: 1200*1,9
00:07 iaj: MACHT AU NED GLUECKLICH
00:07 iaj: LOOOOOOOOOL
00:07 iaj: ooooooohje
00:07 Dan: hätt aus +600
00:07 iaj: was rechnet er da wida
00:07 iaj: LoL
00:07 Dan: +1100 gemacht each
00:07 Dan: dann lakers 
00:08 Dan: +2k each
00:08 Dan: und tennis 3x
00:08 Dan: richtig
00:08 Dan: 4,8,16
00:08 Dan: bei
00:08 Dan: allin
00:08 Dan: lol
00:08 iaj: lolooooooooooooooooooooooooooooooooooooooooooooooooool
00:08 iaj: loooooooooooooooooooooooooooooooooooooooooool
00:08 Dan: mehr sogar weil ja
00:08 Dan: feds und monfils
00:08 Dan: 2,4er quoten
00:08 Dan: 20k!
00:08 Dan: lol
00:08 iaj: loooooooooooooooooooooooooooooooooooooooooool
00:08 iaj: dann
00:08 iaj: würden wir
00:08 iaj: schon im flieger hocken
00:08 Dan: loooooooooooooooooooooooooooooooooool
00:08 iaj: nach VEGAS
00:08 Dan: nach vegas
00:08 Dan: :-D
00:08 iaj: loooooooooooooooooooooooooooooooooooooool
00:08 Dan: :-D:-D:-D
00:08 iaj: loooooool
00:08 iaj: looooooooooooooooooool
00:08 Dan: und da alles wieder raushaun LOL
00:08 iaj: looooooooooooooooool
00:08 iaj: wie geils käm :D
00:08 Dan: am pokertisch mit 2k starten
00:09 Dan: direkt allin
00:09 Dan: erste hand
00:09 Dan: und einer hat AA
00:09 Dan: DAMN
00:09 Dan: und dann chased man eh nurnoch
00:09 Dan: und losed alles lol
00:09 iaj: loooooooooooool
00:09 iaj: LOOOOOOOOOOOOOOOOOOOOOOOOOOOOL
00:09 iaj: LOOOOOOOOOOOOOOOOOOOOOOOOOOOOOOOOOLL
00:09 iaj: das A A würd ficken
00:10 iaj: I need you to need me!
00:10 iaj: koennts samstag paeckchen oeffnen
00:10 iaj: aber wer weiss was dadrin wieder für attentate stecken
00:10 iaj: lol
00:10 Dan: looooool
00:10 iaj: kackvieh allllllaaaaaaa
00:11 iaj: ned einma ne message irgendwie...
00:11 iaj: GRML
00:11 Dan: LOL
00:11 Dan: die kacke
00:11 iaj: lernfaehig isse ned
00:11 iaj: ^^
00:11 Dan: dafür
00:11 iaj: haus ihr an kopf
00:11 Dan: wirdse wohl wieder leiden müssen
00:11 iaj: wenn du se ses erste ma siehst
00:11 iaj: lol
00:11 iaj: jo... problem is dann kann ich den tag ned so 100% enjoyn
00:11 iaj: weil ja abgefuckt sein/spieln muss
00:11 iaj: aber was sein muss muss sein
00:11 iaj: loooool
00:12 iaj: i want you to want me
00:12 iaj: i need you to need me
00:12 iaj: i love you to love me
00:12 iaj: im begging you to beg me
00:12 iaj: der
00:12 iaj: kack
00:12 iaj: ohrwurm
00:12 iaj: von der ina
00:13 iaj: zeit fürn lang herbeigesehnten
00:13 iaj: wohl verdienten schlaf
00:13 iaj: bzw film reinhaun
00:13 iaj: loooool
00:13 iaj: heute ma keins tream
00:13 Dan: looooooooooooooooooooooooooooooooooooooooooool
00:13 iaj: zum einschlafen
00:13 Dan: LOL
00:13 iaj: looooooool
00:13 Dan: der crap
00:13 Dan: alla
00:13 Dan: wie s ankotzttttttttttttttttt
00:13 Dan: und 
00:13 iaj: bei mir legt sich's langsam wieda
00:14 iaj: ein glück
00:14 iaj: haste nix mehr
00:14 Dan: ganzen tag nur vergammelt
00:14 iaj: loooooooooooooooooooooool
00:14 Dan: kotzt mich auch an
00:14 Dan: jo LOL
00:14 Dan: naja
00:14 iaj: sonst wärs nächste
00:14 iaj: on the road
00:14 Dan: aber
00:14 Dan: wir hätten mit feds monfils
00:14 iaj: road to perdition!!!!!!!!!!!!!
00:14 Dan: dick abgeräumt
00:14 Dan: DAMN
00:14 Dan: nur würds eh wieder enden
00:14 Dan: wie es immer endet
00:14 Dan: lol
00:14 iaj: looooooooooool
00:14 iaj: jo
00:14 iaj: mit dem MINUS
00:14 iaj: loooooooooooool
00:14 Dan: looooooooooooooooooooool
00:14 Dan: außer
00:14 Dan: EINMAL
00:14 iaj: jo
00:15 iaj: EINMAL
00:15 Dan: werd glaub mir noch als anschaffung
00:15 iaj: IST KEINMAL
00:15 Dan: n cooles objektiv gönnen
00:15 iaj: lol
00:15 iaj: jo
00:15 Dan: für 300-400 rum
00:15 iaj: besser isses
00:15 iaj: loooooool
00:15 Dan: die summe
00:15 iaj: hab ja
00:15 Dan: die man sonst halt burned
00:15 iaj: meine ganze einrichtung
00:15 Dan: lol
00:15 iaj: hier stehen
00:15 iaj: loooooool
00:15 iaj: stimmt
00:15 iaj: LLLLLLLLLLLOOOOOOOOOOOOOOOOOLLLLLLLLLLL
00:15 Dan: und wenn ich was überleg zu kaufen
00:15 Dan: halt
00:15 Dan: HMMM
00:15 Dan: soll ich
00:15 Dan: boah 200eur
00:15 Dan: keinplan
00:15 Dan: is doch teuer
00:15 iaj: loooooooooool
00:15 iaj: falsche einstellung :D
00:16 Dan: ok die richtig geilen objektive ... die bei mir wohl halt auch noch net lohnen :-D
00:16 Dan: 1,3k
00:16 Dan: rum
00:16 Dan: bzw eins 2k
00:16 Dan: lol
00:16 Dan: die sind halt auch oberkrass
00:16 iaj: konnen die einem auch einen blasen?
00:16 Dan: looooooooooooooooooooooool
00:16 Dan: ne aber halt geile lichtempfindlichkeit
00:16 Dan: naja aber bei den preisen
00:16 Dan: reizt es mich netma
00:16 Dan: das für 300eur langt da vollkommen für mich lol
00:17 Dan: bzw 200 soga nur aber muss noch n adapter für 100 holen weil ja E-Mount brauch (was dir wohl nix sagt :-D kleinerer anschluss weil halt kleine kamera geholt hab)
00:18 iaj: looooool
00:18 iaj: bam
00:18 iaj: schon weggepennt
00:18 iaj: ok babe
00:18 Dan: lol
00:18 Dan: k
00:18 iaj: bin tot
00:18 Dan: dann penn ma gut
00:18 iaj: loooooooool
00:18 iaj: danke
00:18 Dan: und träum süß vom denko
00:18 iaj: du auch l8rs
00:18 iaj: lol
00:18 Dan: dem besten!
00:18 Dan: l8rs
00:18 iaj: ich hoff ich träum garned
00:18 Dan: loooooooool
00:18 iaj: resultiert immer in albträumen
00:18 iaj: der wix
00:18 Dan: lol
00:18 iaj: also bis moin
00:18 Dan: pwnz auch
00:18 Dan: bis moin
00:18 iaj: ツツ
00:18 Dan: ciaoooo
00:18 iaj: adieeeeeeu
00:18 Dan: petkobitch!
00:18 iaj: Pektovツc!
--- Log closed Sat Nov 13 00:24:04 2010
--- Log opened Sat Nov 13 12:41:31 2010
12:41 Dan: boah
12:41 Dan: bin auch um 12 ins bet
12:41 Dan: 12std gepennt loooooooooooool
12:41 Dan: da war wohl
12:41 Dan: N KLEINES DEFICIT
12:43 iaj: AHHHHHHH
12:43 iaj: da biste
12:43 iaj: http://www.teamliquid.net/video/streams/Bane1998
12:43 iaj: is grad live
12:43 iaj: geht um 80k
12:43 Dan: LOOOOOOOOL
12:43 iaj: 2-1 für terr grad
12:43 iaj: kot
12:43 Dan: wir müssens
12:43 iaj: z
12:43 Dan: wieder trainiern
12:43 iaj: jo lol aber brauch echt annern rechner für
12:43 iaj: hier bockts NULLLLLLLLL
12:43 iaj: im late
12:44 iaj: k BRB ツD
12:44 Dan: hol halt n desktop für 300-400
12:44 iaj: hab extra fressen geholt
12:45 Dan: loooooooooooooooool
12:45 iaj: HE MISSED IT
12:45 iaj: loooooooooooooooooooooool
12:45 Dan: die kommentatoren
12:45 iaj: so geil
12:45 Dan: gehn ja soga ab
12:45 iaj: LOOOOOOOOOOOOL
12:45 Dan: LOL
12:45 Dan: war das geil
12:45 Dan: this is huge
12:46 Dan: loool
12:46 Dan: he sees whats goin on
12:46 Dan: lol
12:46 Dan: looooooooooooool
12:46 Dan: wie geil
12:46 iaj: DER WICHSER
12:47 iaj: loooooooool
12:47 iaj: terr soll losen
12:47 Dan: alter hilfe
12:47 Dan: 500apm
12:47 Dan: oder was
12:47 iaj: ka looooool 300 glaub
12:47 iaj: looool
12:48 Dan: LOL
12:48 iaj: COMPLETE WASTE
12:48 Dan: surrounded
12:48 iaj: looooooool
12:48 Dan: erstma
12:48 iaj: jo
12:48 Dan: complete waste!
12:48 iaj: awsn diff loooool
12:49 Dan: LOL
12:49 Dan: wie geil
12:49 Dan: die rines laufen
12:49 Dan: LOOOOOOOL
12:49 iaj: loooooooooooooooool
12:49 iaj: der speed
12:49 iaj: kam 
12:49 iaj: lol
12:49 Dan: und wahrscheinlich
12:49 Dan: bauter noch gleichzeitig
12:49 Dan: lol
12:49 Dan: goin into a long game
12:49 Dan: :-D
12:49 iaj: loooooooooooooooooooool
12:50 Dan: wie arschknapp
12:50 Dan: das fürn zerg war lol
12:50 Dan: INCOMING
12:50 Dan: llol
12:50 iaj: looooooooooooooool
12:50 Dan: loooooool
12:50 iaj: da kommense
12:50 iaj: loooooool
12:50 Dan: direkt morgphen
12:50 Dan: für badaboom
12:51 Dan: looooooooooool
12:51 iaj: LOL
12:51 Dan: looooooooooooooooooooooooooooooooool
12:51 Dan: kkrass
12:51 iaj: PURE CARNAAAAAAAAGE
12:51 Dan: sind berstlings übertrieben
12:51 iaj: 2-2!!!!!!!!!!!
12:51 iaj: lol
12:51 iaj: berstlings
12:51 iaj: LOOOOOOOOOOL
12:51 Dan: jo
12:51 Dan: schieß
12:51 Dan: schlandver
12:51 Dan: :-D
12:51 Dan: haste doch auch oda
12:51 Dan: loooool
12:52 iaj: OLE
12:52 iaj: :D
12:52 Dan: looooo
12:52 Dan: l
12:52 Dan: GO TERR
12:52 Dan: :-D
12:52 iaj: jetz dauerts wieder
12:52 iaj: 10 mins
12:52 iaj: nooooooo
12:52 Dan: loooooooool
12:52 iaj: wie die kack halftimes
12:52 iaj: lol
12:53 Dan: un da sinnse
12:53 Dan: die freaks
12:53 iaj: naja ok in nfl
12:53 iaj: awerns 2 h
12:53 iaj: koreans
12:53 iaj: OFC
12:53 Dan: looooooooooool
12:53 Dan: ma nba results checken
12:53 Dan: schade ham alle 4 net gespielt
12:54 iaj: ORLANDO
12:54 iaj: loooooooooool
12:54 Dan: jo LOL
12:54 Dan: krass
12:54 Dan: gegen die craptors
12:54 Dan: PEINLICH
12:54 Dan: aber waren eh -15
12:54 Dan: also zuviel lol
12:54 Dan: haben lang kein einstelliges HC mehr gehabt die magic lool
12:55 iaj: DENVER 118 - 112
12:55 iaj: lacht mich noch an
12:55 iaj: GAME
12:55 iaj: IS
12:55 iaj: STARTTTTTTTEEEEEEEED
12:55 Dan: mjam
12:55 iaj: 2 gibs noch........
12:55 Dan: loooooooooool
12:55 iaj: oder
12:55 iaj: 3 !
12:55 Dan: wer zuerst 5 hat?
12:55 iaj: 4
12:55 Dan: die bilder LOL
12:56 iaj: die kranken freaaaaaks
12:56 Dan: obs möglich is
12:56 Dan: so krank zu zocken?
12:56 Dan: I doubt it
12:56 Dan: sumhow
12:56 iaj: LOL
12:56 Dan: looooool 
12:56 Dan: die ham ne crowd
12:56 Dan: LOOOOOOOOOOOOOOOOL
12:56 iaj: loooooool
12:56 iaj: eh !:D
12:56 Dan: wie geil das war
12:56 Dan: als die rax net spotted war
12:57 Dan: schreinse alle OHHHHHHHHHHHHH
12:57 Dan: da wusst er doch eh bescheid :-D
12:58 Dan: loooooooooool
12:58 Dan: looooooooooooooool
12:58 iaj: DER ARSCH IMMER
12:58 iaj: wie ich das hass
12:58 iaj: loooooooool
12:58 Dan: LOOOOOOL
12:58 Dan: da kann man wohl nix machen
12:58 Dan: als zerg
12:59 Dan: un jetzt wird wohl perm harassed
12:59 iaj: speed is donnnnnnne
12:59 Dan: loool
12:59 Dan: go stim!
12:59 iaj: GENIAAAAL
12:59 Dan: LOOOOOOOOOOOOOOOOOOOL
12:59 Dan: fuxxored
12:59 Dan: lol
12:59 Dan: wie schnell
13:00 Dan: die dinger da kommen
13:00 Dan: lol
13:00 Dan: loooooooooooool
13:00 iaj: looooool
13:00 Dan: OHOH
13:01 iaj: happy nerd
13:01 iaj: loooooooooool
13:01 iaj: die kacker
13:01 Dan: looooooooooooooooooooooooooooooooooooooooooooooool
13:01 Dan: lol
13:01 Dan: die laberhänse sehn garnet so nerdmäßig aus
13:01 Dan: was
13:01 Dan: machter
13:01 Dan: go hatch!
13:02 Dan: die drecks roaches lol
13:02 iaj: sind die fights immer geil lol
13:02 Dan: loooooooooooooool
13:02 Dan: jo
13:02 Dan: wir würden halt einfach hatch gehn
13:02 Dan: und hoffen
13:02 Dan: und krepiern
13:02 Dan: der ling hat wohl jedenfalls
13:02 Dan: die perm aggro taktik adapted
13:03 Dan: TANKS COMIN
13:03 Dan: could be pretty gross in a moment
13:03 Dan: lol
13:03 Dan: diese schwulen banelings
13:03 Dan: so gay LOL
13:04 Dan: barely hold that off :-D
13:04 iaj: nooooooooo ツDDDDD
13:04 Dan: die kack banelings lol
13:04 Dan: und direkt wieder 100 marines loool
13:05 Dan: PUSH
13:05 Dan: SIEG
13:05 iaj: wow wow wowwwwwwww
13:05 Dan: lol
13:06 Dan: wie arschknapp
13:06 Dan: wo der schon fast durch wa
13:06 Dan: r
13:06 iaj: Chicago 120
13:06 iaj: GSW 90
13:06 iaj: !
13:06 Dan: PWNZ
13:06 iaj: seh ich da grad noch
13:06 Dan: 1korb in 80sesc
13:06 Dan: sec
13:06 Dan: FOR
13:06 Dan: THe
13:06 iaj: im nächstliebenem tab
13:06 Dan: FUCKIN
13:06 Dan: PWN
13:06 iaj: loooooool
13:06 iaj: war das n touggggggggggghhhhhhhh
13:06 iaj: ooooooooone
13:06 Dan: wobei lakers im 4th immer ma wieder 3min no bucket phasen
13:06 Dan: im 3r
13:06 Dan: hamse das auch schon gemacht
13:06 Dan: aber dann immer wieder abgezogen
13:07 Dan: diesma stattdessen direkt nochn run eaten lol
13:07 Dan: gegen die NUGGETS defense
13:07 Dan: loooooooooooooooool
13:07 Dan: dumme scheiß fakers
13:07 Dan: dummer scheiß denko
13:07 Dan: MAN
13:07 iaj: loooooooooooooooool :( und dann die nuggz die ALLLLLLLLLLES getroffen ham am ende looooool
13:07 iaj: direkt durch gingen se
13:07 Dan: jo stimmt das auch
13:07 iaj: die kack melo shots
13:07 iaj: loooooooooooooool
13:07 iaj: denko :((((((((((
13:07 iaj: FAKERS:(((((((((
13:07 iaj: GSW :(((((((((((
13:07 Dan: feds monfils :-(((
13:08 Dan: wär wenigstens eins davon nochma falsch gewese llol
13:08 Dan: ich denk mir einfach
13:08 Dan: hätte orl ML
13:08 Dan: @1,05
13:08 Dan: als next taken
13:08 Dan: zum quotenfüllen lol
13:08 iaj: looooooooool!!!!!!! und alles andere wäre durch
13:08 iaj: ofc
13:08 iaj: :D
13:09 Dan: die mucke von denen lol
13:09 Dan: krass
13:09 iaj: jo
13:09 iaj: looooool
13:09 iaj: und des kack hologramm
13:09 iaj: loooool
13:09 Dan: klingt ja sogar wie unser crap
13:09 Dan: LOL
13:09 Dan: das is n hologram? niemals
13:09 iaj: lol ownts dich wohl
13:09 iaj: vom hocker
13:09 iaj: weg
13:09 Dan: looooooooooooooooooooooooooooooooool
13:10 Dan: neeee wie krass
13:10 Dan: wenns stimmen WÜRDE
13:10 iaj: kack ich wollte egtl ins trainingggg FUFUFFUFUUF
13:13 iaj: da müssten wir drauf setzen alter
13:13 iaj: wer da winnt
13:13 iaj: geht sicher auch irgendwo
13:13 Dan: loooool
13:13 iaj: das wär geil lOOOOOlllllllllll
13:13 Dan: bei asian books jo
13:13 Dan: game per game
13:13 Dan: immer terrans! :-D
13:13 Dan: der freakazoid
13:14 Dan: mit den raxx immer
13:14 Dan: lol
13:14 Dan: LOL
13:14 Dan: NesTea
13:14 Dan: vs
13:14 Dan: Boxer!
13:14 Dan: der kleine brillentyp hilfe
13:14 iaj: loooooooooool
13:14 Dan: wie alt mag er sein
13:14 Dan: 15
13:14 Dan: 16?
13:14 iaj: und pwnt uns weg 
13:14 iaj: :D
13:14 Dan: und gained hier 70k lol
13:14 iaj: LOL
13:14 Dan: oder 30k oder was 2nd gainen mag
13:14 Dan: naja beide
13:14 Dan: max 16
13:14 Dan: lol
13:14 iaj: verzockt se hoffentlich
13:14 Dan: lloooooooooooooooooool
13:14 iaj: direkt heut nacht
13:14 iaj: inner nba
13:14 Dan: kann er ja noch net
13:14 Dan: da u18
13:14 Dan: sein glück
13:15 iaj: I WANT GMAE 7
13:15 iaj: der wohl auch
13:15 iaj: lol
13:15 Dan: looooooooooool
13:15 iaj: sein glück
13:15 Dan: die fans
13:15 iaj: LOOOOOOOOOOL
13:15 Dan: LOL
13:15 Dan: LOOOOOOOOOOOOOOOOOOOOOOOOOOOOOL
13:16 Dan: glaub geh danach ma wieder beachen ums knie zu ficken
13:16 Dan: un danach mediamarkt
13:16 Dan: gucken was ich für 400euir
13:16 Dan: hätte haben können
13:16 Dan: lol
13:16 Dan: -475,93 EUR
13:16 Dan: schon abgebucht DAMN
13:16 Dan: damit
13:16 Dan: hat auch einkaufen
13:16 Dan: sich erledigt LOL
13:17 Dan: LOL
13:17 Dan: wie der pullityp
13:17 Dan: grad da gehockt hat
13:17 Dan: und zähne gefletscht
13:17 Dan: los gehts
13:17 Dan: scheißhaufen
13:17 Dan: he could take it home
13:18 iaj: LOL die kack
13:18 iaj: sprueche
13:18 Dan: Boxer!
13:18 Dan: lol
13:18 Dan: down here!
13:18 Dan: NesTea!
13:18 iaj: die scheisse looooooooooool
13:18 iaj: dronen rush!
13:18 Dan: jetzt check ich den nick erst DAMN
13:18 iaj: l=
13:18 Dan: wo die tuss
13:18 Dan: es gesagt hat
13:18 Dan: lol
13:18 Dan: NASTY
13:19 iaj: loooool
13:19 iaj: looooooool
13:19 Dan: loo
13:19 Dan: l
13:19 Dan: wieder wie das game
13:19 Dan: was ich zugestoßen bin
13:19 Dan: ob nasty
13:19 Dan: wieder deffen kann?
13:19 iaj: ohooooooooooooohhhhhhhhhhhhhhhhhhhhhh
13:19 iaj: jo
13:19 iaj: loooooooool
13:19 Dan: LOOOOOOOOOOOOOOOOOOOOOL
13:19 Dan: ROFL
13:20 iaj: lol
13:20 Dan: da berechnen se
13:20 Dan: die kosten
13:20 Dan: LOL
13:20 Dan: die NERDS
13:20 iaj: lol
13:20 Dan: and there it is
13:20 Dan: more barracks
13:20 Dan: OOH
13:20 Dan: soderLINGS
13:20 Dan: incoming
13:21 Dan: will ma eins sehn
13:21 Dan: was ins late kommt
13:21 Dan: aber wird hier wohl nie passiern llol
13:21 iaj: loooooooooooooool
13:21 iaj: loooooooooooooooooooooooooooooooooooool
13:21 iaj: ultras und so
13:21 iaj: jo
13:21 iaj: nie gesehen
13:21 iaj: lol
13:21 iaj: 2 linge rip:(
13:21 Dan: 5910 viewers
13:21 Dan: lol
13:21 Dan: HA
13:21 Dan: GO
13:21 iaj: loooooooooool
13:21 Dan: TERR
13:21 Dan: lool
13:22 Dan: ohoh
13:22 Dan: economy vorteil
13:22 Dan: lol
13:22 Dan: LOOOOOOOOOOOL
13:22 Dan: ciao
13:22 Dan: marines
13:23 Dan: pretty ugly
13:23 iaj: DER SPEED LOOOOOOL
13:23 Dan: loooooooooool
13:23 Dan: der depp man
13:23 Dan: bös
13:23 Dan: ausgekontert
13:23 Dan: loool
13:23 iaj: LOOOOOOOOL
13:23 Dan: its gona b brutal
13:23 Dan: LOL
13:23 Dan:  
13:24 Dan: bös
13:24 iaj: RUN RUN RUN
13:24 iaj: lol
13:24 Dan: da gehn die scv´s lol
13:24 Dan: was probiert ers überhaut noch lol
13:25 iaj: GAME seveeeeeeeeeen
13:25 Dan: looooooooooooooooooooooooooooooooooooool
13:25 iaj: loooooooool
13:25 Dan: war das pwned
13:25 iaj: NO BREAAAAAAAAAAAK
13:25 Dan: ROFL
13:25 Dan: i am back
13:25 iaj: lol
13:25 Dan: I am NASTYYYYYYYYYYYYYY
13:25 iaj: DIE KACK FAAAAAAAAAAAANS
13:25 iaj: looooooooooooo
13:25 iaj: ll
13:25 Dan: looooool
13:25 Dan: so giel
13:26 Dan: that was *BAD*
13:26 Dan: lol
13:26 Dan: looooooooooooooooooooooooool
13:26 Dan: die vögel
13:26 iaj: lol
13:26 Dan: LOOOL
13:26 Dan:  
13:26 iaj: danach sind'se erstmal wieder down
13:26 Dan: not even the overmind knows
13:26 Dan: NERDS
13:26 iaj: loooool
13:26 Dan: könnten egtl
13:26 Dan: auch wir sein
13:26 Dan: sehn normal aus
13:26 Dan: aber egtl
13:26 Dan: auch so nerds
13:26 Dan: lol
13:26 iaj: looooooooooooooooooooooooooooooooooooooooooool
13:26 iaj: lol
13:27 iaj: OOOOOOOOOOOOOOOOOOOOOO
13:27 Dan: NEEEEIN
13:27 iaj: NOOOOOOOOOOOOOOOOOO
13:27 iaj: NOOOOOOOOOOOOOOOOOOO
13:27 Dan: NOOOOOOOOOOOOOOO
13:27 Dan: FUCK
13:27 iaj: nooooooooooooooooooo
13:27 Dan: find  n neues!!!
13:28 iaj: weiss ned wooooooo
13:28 iaj: lol
13:29 iaj: ochnoeeeeeeeee
13:30 Dan: http://starcraft2.ingame.de/kommentare.php?s=82&newsid=106561
13:30 Dan: kann man ergebnis gucken lol
13:30 iaj: was
13:30 iaj: willsch damit
13:30 Dan: http://www.gomtv.net/2010gslopens2/live/
13:31 iaj: KRAAAAAAAASSSSSSSSSSS
13:31 iaj: http://www.teamliquid.net/video/streams/BetaStarcraft
13:31 iaj: guck ich
13:32 Dan: SAUBER
13:32 Dan: grad bei dem andern crap mit ner trashmail addy angemeldet lol
13:32 Dan: looooooooooooool
13:32 Dan: der typ 
13:32 Dan: sieht net gut aus
13:32 Dan: für terr
13:32 Dan: lol
13:32 Dan: HEUL
13:33 iaj: joooooooeeeeeeeeeeeeeeehhhhhhhhhhhhhhhhhh!!!!!!!!!!!
13:34 Dan: LOOOOOOOOOOOOOOOL
13:34 Dan:  
13:34 iaj: für seinens chwulen
13:34 Dan: LOL
13:34 iaj: scv rush
13:34 Dan: wie finished
13:34 Dan: die sind
13:34 Dan: scv rush???
13:34 Dan: ne oder
13:34 iaj: 80k
13:34 iaj: lol
13:34 Dan: SAU
13:34 iaj: das schwein alter
13:34 Dan: und
13:34 iaj: soll mir rechner kaufen
13:34 Dan: nervenzusammenbruch
13:34 Dan: lol
13:34 Dan: bei beiden
13:34 Dan: scheinba
13:34 iaj: und sich neuen rivalen schaffen
13:34 Dan: kannst ja ma win druffmachen lol
13:34 Dan: also
13:34 Dan: als nebensys
13:35 Dan: net main :-D
13:35 iaj: loooooooooooooooooooooooooooooooooooooooooooooooooooooooooooooooollllllllllllllllllllllllllllllllllllllllllllllll
13:35 Dan: evtl liegts ja nur daran
13:35 iaj: PUFFFFFFFFFIIIIIIIIIIIIIIIIII
13:35 iaj: niemals kommt mir windows ins haus :P
13:35 Dan: lol
13:35 Dan: bestimmt
13:35 Dan: entwickelt sich das wie die wsop
13:35 Dan: die ham vor 30-40jahrn
13:35 Dan: ja auch nur 80k won
13:35 Dan: 2030
13:35 Dan: gibts da auch 3mio
13:35 Dan: lol
13:37 Dan: hätt er ma lieber wieder die tanx taktik gemacht lol
13:37 iaj: lol
13:37 iaj: war schon gut o
13:37 iaj: so
13:37 iaj: Zerg 4 the pWWWWWWWWN
13:37 iaj: :D
13:37 Dan: loooooooooooooooooool
13:37 iaj: lern einfach
13:38 iaj: so zu zocken
13:38 iaj: alle 3 monate
13:38 Dan: LOL
13:38 iaj: 80k
13:38 iaj: langt
13:38 Dan: jo
13:38 Dan: geht
13:38 iaj: einma im jahr
13:38 iaj: reicht sogar
13:38 iaj: lol
13:38 Dan: LOL
13:38 iaj: is ja wie 160k brutto
13:38 iaj: brb
--- Log closed Sat Nov 13 13:44:04 2010
--- Log opened Sat Nov 13 13:44:30 2010
13:44 Dan: LOOOOOOOOOOOOOOL
13:44 Dan: scrubs
13:44 Dan: baut doch immer wieder auf
--- Log closed Sat Nov 13 13:50:04 2010
--- Log opened Sat Nov 13 14:04:04 2010
14:04 Dan: KOTZ
14:04 Dan: wollt beachen
14:04 Dan: aber ofc
14:04 Dan: fällts heut aus
14:04 Dan: gayyyyy
--- Log closed Sat Nov 13 14:10:04 2010
--- Log opened Sat Nov 13 14:12:08 2010
14:12 iaj: loooooooooooooooool
14:12 iaj: lirum larum
14:13 iaj: löffelstiel
14:13 iaj: wer viel zockt erlebt nicht viel
--- Log closed Sat Nov 13 14:19:04 2010
--- Log opened Sat Nov 13 14:24:50 2010
14:24 Dan: looooooooooooooooooooooooooool
14:24 Dan: ohdoch
14:24 Dan: 80k
14:24 Dan: erlebter
14:26 Dan: LOOOOOOOOOOOOOOOOOOL'
14:26 Dan:  
14:26 Dan: jd
14:26 Dan: klemmt sich die hand
14:26 Dan: AHR
14:26 Dan: "mein 5-fingriger trostspender!!"
14:26 Dan: looooooooooooool
--- Log closed Sat Nov 13 14:32:04 2010
--- Log opened Sat Nov 13 14:39:30 2010
14:39 iaj: loooool
14:39 iaj: welche folg
14:39 iaj: e
14:39 iaj: isnd as
14:39 iaj: sagggggggggs an
14:39 iaj: alte kackbratze
--- Log closed Sat Nov 13 14:45:04 2010
--- Log opened Sat Nov 13 14:46:03 2010
14:46 Dan: lol
--- Log closed Sat Nov 13 14:51:04 2010
--- Log opened Sat Nov 13 14:54:10 2010
14:54 iaj: kackkarnickel!
14:54 iaj: :D
14:54 Dan: lol
14:55 Dan: folge 13 is auch giel
14:55 Dan: die todd´sche tangafalle!
--- Log closed Sat Nov 13 15:01:04 2010
--- Log opened Sat Nov 13 15:02:06 2010
15:02 Dan: llodra
15:02 Dan: hat satz gegen den LING geholt
15:02 Dan: LOOOL
15:02 Dan:  
--- Log closed Sat Nov 13 15:08:04 2010
--- Log opened Sat Nov 13 15:15:11 2010
15:15 iaj: looooool
15:15 iaj: der assficker llodra
--- Log closed Sat Nov 13 15:21:04 2010
--- Log opened Sat Nov 13 17:05:17 2010
17:05 Dan: lol
17:05 Dan: spielen ja immernoch
17:05 Dan: geiles over wohl da
--- Log closed Sat Nov 13 17:11:04 2010
