--- Log opened Fri Oct 08 13:09:48 2010
13:09 iaj: Miststück
13:10 Dan: lol
13:11 Dan: moin
13:11 Dan: alter krüppel
13:11 iaj: Joho
13:11 iaj: Was geht ab
13:12 Dan: wasserfarb!
13:12 Dan: lol...irgendein dummer  mongo hat den scheiß doch immer gebracht
13:12 Dan: aber weiß nemmer wer
13:12 Dan: und...not much...grad am fressen
13:12 Dan: dann wohl rdy getten
13:12 Dan: und nach höchst
13:13 iaj: Der Hoyer war der Mongo
13:13 iaj: lol
13:13 Dan: looooooooooooooooooooooooooooooool
13:13 iaj: Was geht in Höchst?
13:13 Dan: sag ja
13:14 Dan: irgendein dummer mongo
13:14 iaj: lol
13:14 iaj: der der Silvester in Amsterdam feiern will
13:14 Dan: den man nemmer kennt!
13:14 iaj: jo
13:14 Dan: frag mich echt was passiert
13:14 Dan: wenn seppell endlich ma ne alte findet
13:15 Dan: wird er korrekt sein
13:15 Dan: oder
13:15 Dan: just like em basterds
13:16 iaj: loooooooool
13:16 iaj: ich glaube.. hängt von der Alten ab
13:16 Dan: loooooooooooooooooool
13:16 iaj: aber ziemlich wahrscheinlich
13:16 iaj: Gone for good.
13:16 iaj: Beim BB hats nicht mal ner Alten bedurft
13:16 Dan: jo wird auch unter die fittische gehn
13:16 Dan: LOL
13:17 Dan: jo immerhin
13:17 Dan: is der von selbst abgezicht
13:17 iaj: :-\
13:17 Dan: abgezischt
13:17 Dan: als einziger
13:17 iaj: Andere lassen ihre Kumpels hängen und verbringen jedes WE in Idstein lol
13:17 iaj: jo
13:17 Dan: loooooooooooool
13:17 Dan: warum jetzt wieder @ hängenlassen? :-D
13:18 Dan: biste heut schon beim seppel oder was
13:18 iaj: Jep
13:18 Dan: loool
13:18 iaj: Friend revival
13:18 Dan: am arsch die emma
13:18 Dan: wirste bis sonntag warten
13:18 Dan: mit gamblen
13:18 Dan: hf
13:18 iaj: Nur die Besten der Besten 
13:18 Dan: im house of pech
13:18 iaj: der Freunde
13:18 iaj: heute am Start
13:18 Dan: lool
13:18 iaj: lol
13:18 iaj: Ne bin heute in Aschaffenburg feiern
13:19 iaj: nach dem gestern
13:19 iaj: bis 4
13:19 iaj: gebillarded
13:19 iaj: und gedarted
13:19 iaj: lo
13:19 Dan: sauuuuuu
13:19 Dan: lol
13:19 Dan: da fällt mir
13:19 Dan: noch n triftiger grund ein für ne bude
13:19 Dan: brauch n platz
13:19 Dan: für mein dartboard
13:20 Dan: lool
--- Log closed Fri Oct 08 13:25:27 2010
--- Log opened Fri Oct 08 13:26:58 2010
13:26 Dan: sooo alter sullivan
13:27 Dan: bin dann ma rdy getten und BBL
--- Log closed Fri Oct 08 13:32:27 2010
--- Log opened Fri Oct 08 13:34:03 2010
13:34 iaj: loooooooool
13:34 iaj: hau rein
13:34 iaj: cya
--- Log closed Fri Oct 08 13:39:27 2010
