--- Log opened Mon Oct 18 01:29:47 2010
01:29 --- Query: Starting query with dan on bitlbee
01:29 iaj: ohjeee :-D
01:29 Dan: loool
01:30 iaj: Was für Kleckerbeträge mögens gewesen sein
01:30 iaj: :-D
01:30 iaj: Boa, endlich daheim
01:30 Dan: n hunni
01:30 Dan: lool
01:30 iaj: Die Kackfahrt
01:30 iaj: LOL
01:30 Dan: im vergleich 
01:30 iaj: Freak!
01:30 Dan: isses
01:30 Dan: KLECKER
01:30 iaj: :-D
01:30 Dan: aber jo
01:30 Dan: da ich bald blank bin
01:30 Dan: isses egtl
01:30 Dan: lotsa cash
01:30 iaj: beim aktuellem Kontostand aus gesehen
01:30 iaj: jo :D
01:30 Dan: jo
01:30 Dan: looooooooooooooool
01:30 Dan: apropos hunni
01:30 Dan: ich such ma tanliste lol
01:30 Dan: gotit
01:30 Dan: dann wollemerma
01:31 Dan: das konto weiter reducen lol
01:32 Dan: wieviel solls diesma sein
01:32 Dan: aus der bank de wettmafia
01:32 iaj: looooooooooooooooooooooooooool
01:32 iaj: LOOOOOOOOOOL
01:33 iaj: hm... gehen 150?  Gott ist das immer wieder deprimierend.
01:33 Dan: loooooooooooooooooooooooooooooool
01:33 iaj: Hätt ich nur
01:33 iaj: ne Ausbildung gemacht
01:33 iaj: lol
01:33 Dan: jo man
01:33 Dan: ich mach 176
01:33 Dan: dann sinns genau 1850
01:33 iaj: kkk
01:33 Dan: gute alte vorlage
01:33 Dan: könnte die meistgenutzte sein
01:33 Dan: in meinem konto
01:34 Dan: LOL mir is grad aufgefalle
01:34 Dan: inzwischen hab ich mehr cash bei dir
01:34 Dan: als bei der bank
01:34 Dan: achgott...wo isses nur abgeblieben alles
01:35 Dan: wohl bei so sachen wie giants over => nfl league history record in sacks
01:36 Dan: und seitdem jedes game 2x-2x gespielt die dummen wixer..heut auch ma wieder 48 wärns gewesen wohl
01:36 Dan: Der Auftrag wurde entgegengenommen.
01:36 Dan: 18. Oktober 2010 um 01:34:14 Uhr
01:36 Dan: egünstigter (Name oder Firma):
01:36 Dan: Schmalfuss, Joerg
01:36 Dan: Konto des Begünstigten:
01:36 Dan: 338811583
01:36 Dan: BLZ:
01:36 Dan: 50050201
01:36 Dan: bei (Kreditinstitut):
01:36 Dan: FRANKFURTER SPK FRANKFURT
01:36 Dan: Betrag:
01:36 Dan: 176,00 EUR
01:36 Dan: Verwendungszweck:
01:36 Dan: 1850 now
01:36 Dan: Textschlüssel:
01:36 Dan: Standardüberweisung
01:37 iaj: loooooooooooooooooooool
01:37 iaj: LOL
01:37 iaj: loooooooooooooooooooooooooooooooooooooooooooool
01:37 iaj: tanks!!!
01:37 iaj: die Silvi wirds freuen
01:37 Dan: loooooooooooooool
01:37 Dan: ich hoff
01:37 Dan: die drückt perso anb
01:38 Dan: wo se aus rückzahlplänen further ampumping macht
01:38 Dan: das mistviech lol
01:38 Dan: und...np
01:38 iaj: loooooooooooooooooooooooooooooooool LOOOOOOOL
01:38 iaj: stimmt
01:38 Dan: weiß ja wie verhurt scheiße es ist
01:38 Dan: wenn man kein geld hat
01:38 Dan: dauert ja nimmer lang
01:38 iaj: ohne die.. wär jetz sicher ne rate am start
01:38 Dan: bis ich selbst wieder in der situation bin
01:38 iaj: loooooooooooooooooooooooooooooooooooooooooooooooooooooooool
01:38 iaj: die Situation
01:38 iaj: ist echt geil
01:38 iaj: muss ich sagen
01:38 iaj: GOTT
01:38 Dan: jo :-(
01:38 Dan: kack
01:38 iaj: hätten wir
01:38 Dan: studieren
01:38 iaj: die k
01:39 iaj: 2,2k
01:39 iaj: rausgezogen
01:39 iaj: loooooooool
01:39 iaj: wasn unterschied es wäre
01:39 Dan: LOOOOOOOOOOOOOOOOL
01:39 iaj: FICKFOTZPENETTA
01:39 Dan: pennetta
01:39 Dan: for
01:39 Dan: the
01:39 Dan: pwn
01:39 Dan: stimmt man
01:39 Dan: dann hättste ja noch cash von mir gained sogar
01:39 Dan: LOOOOOOOL
01:39 Dan: mehr als jetzt
01:39 Dan: und schuldenfree
01:39 Dan: gott
01:39 Dan: is das ne dumme fickfotze
01:39 Dan: http://lealidellafarfalla.files.wordpress.com/2008/09/flavia-pennetta2.jpg
01:40 Dan: da applaudiertse uns
01:40 Dan: bzw dem veranstalter fürs antrittsgeld lol
01:40 iaj: loooooooooooooooooooooooooooooool
01:40 iaj: looooooooooooooool
01:40 iaj: Das kackding man
01:40 Dan: loooooooooooool
01:41 Dan: jo zu krass...dieser unterschied LOL
01:41 Dan: wärn auf jeden flal wieder
01:41 iaj: Och
01:41 Dan: in april verhältnissen gewesen
01:41 iaj: seit dem hat se nemmer gegamed
01:41 Dan: hättses net verkackt
01:41 iaj: Die kackhure
01:41 Dan: denk nur an die overs am tag danach
01:41 Dan: 3/3
01:41 Dan: followed by jets
01:41 iaj: loooooooooooooooooooooooooooooooool
01:41 Dan: alles
01:41 Dan: fucking
01:41 Dan: richtig
01:41 Dan: erst nach jets
01:41 iaj: stimmt boa jo bei mir war aucha lles im Tennis richtig
01:41 Dan: kam wieder n falsches..kA mehr was
01:41 Dan: aber es hat aufgeregt
01:41 Dan: weil egtl
01:41 Dan: houston over hatte als pick
01:42 Dan: aber abgabe missed
01:42 Dan: und richtig gewesen wär
01:42 iaj: loooooooooooool
01:42 iaj: loooooooooooooooooooooool
01:42 Dan: ach genua phillies over
01:42 iaj: philiies jo
01:42 Dan: wo der QB plattgemacht wurde
01:42 Dan: lol
01:42 iaj: ich erinner mich
01:42 iaj: und danach kam noch irgendwas
01:42 Dan: das kam auch so geil LOL
01:42 Dan: jo giants over
01:42 iaj: um die miese zu bescheren
01:42 Dan: und
01:42 Dan: da war halt der nfl history rekord
01:42 Dan: in sacks
01:42 Dan: und qb platt
01:42 Dan: again
01:42 Dan: loooooooooool
01:43 Dan: und seitdem giants immer over
01:43 Dan: so elendige huren
01:43 iaj: loooooooool
01:43 iaj: lol
01:43 Dan: heute hat der seppel bei denen mit dem over "abkassiert"...n zwanni oder was es gewesen sein mag
01:43 iaj: LOOOOOOOOOOO
01:43 iaj: hat ers abkassiert genannt?
01:43 Dan: ne
01:43 iaj: dacht schon loooooool
01:43 Dan: als mit ihm gelabert hat er noch 8punkte gebraucht oder 9
01:43 Dan: aber im 4th qtr hats ja nochma gut gehagelt lol
01:43 iaj: irgendwann hatte selsbt der ja ma 4 stelligen bereich
01:43 iaj: meinte er
01:44 iaj: lol
01:44 Dan: jo stimmt glaub habs auch mitgekriegt
01:44 iaj: ohhh, jo
01:44 iaj: krass.
01:44 Dan: 2009 würd ich tippen LOL
01:44 Dan: aber das wettgeschehen pendelt sich ja langsam wieder ein in richtung ungerades jahr
01:44 iaj: ham die 49ers
01:44 iaj: ihr erstes game gewonnen heut
01:44 Dan: jo
01:44 Dan: weil
01:44 Dan: ich erste ma net auf die gesetzt hab heut
01:44 iaj: LOOOOOOOOOOL
01:44 iaj: loooooooooool
01:45 Dan: gotta love it?
01:45 Dan: lol
01:45 iaj: loooooooooooooooooooooooooooooooooooooooooooool
01:45 iaj: aber den SuperBowl haste ihnen jedenfalls vermiest
01:45 iaj: GJ
01:45 Dan: looooooooooooooooooooooooooool OLE
01:45 Dan: elendige flaviafotze lol
01:46 Dan: immer wieder muss ich dran denken
01:46 Dan: wie geil es gewesen wä
01:46 Dan: r
01:46 Dan: youzhny war ja auch noch richtig
01:46 iaj: jo stimmt.... :(
01:46 Dan: hätten am nxt day locker 5k EACH klarmachen können
01:46 iaj: Groth vor allem
01:46 iaj: wär nur die OOP anders gewesen
01:46 iaj: jo
01:46 iaj: LOOOOOOOOL
01:46 Dan: danke
01:46 Dan: itakafotze
01:46 Dan: warum is egtl kanackdiskussion im tv
01:46 Dan: ich will
01:46 iaj: Was es ausmacht... man die scheiss Wixkuh ich wette
01:46 iaj: im nächstem H2H
01:46 Dan: ne italienhasskampagne
01:46 Dan: looool
01:46 iaj: wirdse se bashen
01:46 Dan: jo eh
01:46 iaj: lol
01:47 Dan: hätt man youzhny gehabt
01:47 Dan: =
01:47 Dan: 3k each
01:47 Dan: dann 2 overs taken von den 3
01:47 Dan: netma mit allin
01:47 Dan: towin 1k "NUR"
01:47 Dan: und die 5k wärn durch
01:47 Dan: dann noch die jets
01:47 Dan: und man hätt 6-8k
01:47 Dan: lol
01:47 iaj: looooooooooooooooooooooooooooooooooooooooooool
01:47 iaj: und back to the roots
01:47 Dan: allintaktik...5stellig
01:47 iaj: looooooooooooooooooooooooooooooooooool
01:48 iaj: allintaktik
01:48 iaj: wär cool gekommen
01:48 Dan: aber ok die hätt man spätestens nach dem ersten over net mehr durchgezogen
01:48 iaj: wär n saftiger Urlaub
01:48 Dan: aber selbst dann wärns auch locker 8k geworden lol
01:48 Dan: man
01:48 Dan: wie ich die flavia hasse
01:48 Dan: mit
01:48 Dan: leidenschaft
01:48 Dan: loooooooooool
01:48 iaj: Gulbist mit 7k looooool der hatte auch schon gut adrenalin gebracht
01:48 iaj: lol
01:48 Dan: LOOOOOOOOOOOOOOOOOOOOOOOOOOOOOOOOOOOOOOOOOOOOOOL
01:48 Dan: der war auch zu geil
01:48 iaj: jo die wird definitv
01:48 iaj: nemmer genomme
01:48 iaj: lol
01:48 Dan: jo is in einer liga mit petkobitch
01:48 Dan: von der du mir komische mails schickst
01:49 Dan: wo se wieder ma MPs verchoked um abzulosen
01:49 Dan: LOL
01:49 iaj: loooooooooooooooooooooool
01:49 iaj: loooooooooooooooooooooool
01:49 iaj: ololol
01:49 iaj: jo
01:49 iaj: o
01:49 iaj: ich dachte mir daran lässte dich auch ma teilhaben
01:49 iaj: :-)
01:49 iaj: boa ok
01:49 Dan: looooooooooooool jo weckt immer wieder schöne erinnerungen
01:49 iaj: grad schon weggenickt..wird owhl zeit
01:49 Dan: die mistbitch
01:50 iaj: nach dem crazy WE wo jens immer bis 8 feiern wollt lol
01:50 Dan: LOL
01:50 iaj: looooool :D
01:50 Dan: der scheißer
01:50 iaj: Daher hau ich mal ncoh n Filmsche rein
01:50 Dan: hat der inzw egtl job
01:50 Dan: etc?
01:50 iaj: und sach... Gute N8 Kollesch!
01:50 iaj: Doktor machter doch
01:50 Dan: achso stimmt ja
01:50 iaj: der rotz dauert auch 3 jahre
01:50 iaj: oder so
01:50 Dan: das wars
01:50 Dan: lol
01:50 iaj: aber immerhin
01:50 Dan: boah das könnt ich niemals
01:50 Dan: noch dranhängen
01:50 Dan: außer es gibt dick kohle
01:50 iaj: gainter 1.2k im Monat
01:50 iaj: loooooooool
01:50 Dan: billo
01:50 Dan: mein bruder
01:50 iaj: looooooooooooooooooooooooooooooooooooooool
01:50 Dan: 3k
01:50 Dan: lol
01:50 Dan: die scheiß streberschwänze
01:51 iaj: LL
01:51 iaj: OOOL
01:51 iaj: zieh zu dem
01:51 iaj: :D
01:51 Dan: aber haben wohl beide ausgesorgt
01:51 Dan: und beide
01:51 Dan: n kleinen bruder
01:51 iaj: jo
01:51 Dan: der das schwarze schaf macht
01:51 Dan: lol
01:51 iaj: looooooooooooooooooooooooooooooooooooooooooooooooooooooooooooooooooooooooooooooooool
01:51 iaj: die muss es in jeder Familie geben man
01:51 iaj: hier erfüll ich den Job
01:51 Dan: jo :-D
01:51 Dan: sauber m2
01:51 Dan: wir halten die stellung
01:51 Dan: lol
01:51 iaj: jo looooooooooool
01:51 iaj: ok.. ich zieh mal... ins Bettsche
01:51 Dan: alright
01:52 Dan: dann ma goodnight
01:52 iaj: Bis morschen buddy
01:52 iaj: gn8!
01:52 Dan: und bis mosche
01:52 iaj: und thnks!
01:52 iaj: cyaaaa!
01:52 Dan: np man!
01:52 Dan: ciaoooooooooo
--- Log closed Mon Oct 18 01:57:22 2010
--- Log opened Mon Oct 18 05:36:55 2010
05:36 Dan: jets-4
05:36 Dan: colts-3
05:36 Dan:  
05:36 Dan: alter...das zu haben ist ja fast noch mieser als losen .. MAN EY...und man beachte die turnover stats der beiden teams die NORMALERWEISE blowouts rausgehaun hätten
05:37 Dan: un dafür schlag ich mir die nacht um die ohren lol
--- Log closed Mon Oct 18 05:42:22 2010
--- Log opened Mon Oct 18 20:33:08 2010
20:33 iaj: homepages.tu-darmstadt.de/~ws1004/couchgag.mkv
20:33 iaj: lol
20:35 Dan: LOOOL
20:35 Dan: wie geil
20:35 iaj: So läufts :)
20:36 iaj: Die Mucke rockt lol
20:36 iaj: hörs im loop nur wegen der :D
--- Log closed Mon Oct 18 20:41:59 2010
