--- Log opened Mon Dec 27 00:00:04 2010
00:00 Dan: is das ein käse lol
00:00 Dan: dann gebenmer uns ma
00:00 Dan: im ticker den touchback
00:00 Dan: dieses scheißtier 
00:00 Dan: von janikowski man
00:00 Dan: wie ich n hasse
00:01 iaj: loooooooooooooooool
00:01 iaj: 3 stück
00:01 iaj: hatter schon reingebashed
00:02 iaj: 4 fg schon
00:02 iaj: lol
00:02 iaj: das gute Over damals
00:02 iaj: raus aus m CASH
00:02 Dan: looooooooooooooooool
00:02 iaj:  loooooooool
00:02 iaj: ob ich noch minne fiebern kann
00:03 iaj: immerhin um 3 im bett spätestens
00:03 iaj: lol
00:03 iaj: die guten earlies
00:05 Dan: btw
00:05 Dan: 1-31
00:05 Dan: jetzt
00:05 Dan: llol
00:05 Dan: und 3rd down ma wieder
00:05 iaj: Wichser Manning alter
00:05 Dan: die KCAKE
00:05 Dan: jo
00:05 Dan: wie der rumstinkt seit ht
00:05 Dan: erste half war noch geil
00:05 Dan: aber jetzt...OMAN
00:06 Dan: und ciaooo
00:06 iaj: Gott
00:06 iaj: geh sterben
00:06 iaj: bastard
00:06 Dan: lol
00:07 Dan: 1stern
00:07 Dan: ole
00:09 Dan: 1,32
00:09 Dan: suckt
00:09 Dan: lol
00:09 Dan: oh
00:09 Dan: geht ja weiter
00:09 Dan: at last
00:09 Dan: heut pissen die ewigen breaks mich auch an
00:10 Dan: jetzt ne int wär sahne
00:10 iaj: 2nd n 23
00:10 iaj: und
00:10 iaj: sie werdens machen
00:10 Dan: jo
00:10 Dan: lol
00:10 Dan: loool
00:11 iaj: 3rd 19
00:11 iaj: lol
00:11 iaj: Dann tipp ich ma
00:11 iaj: auf TD
00:11 Dan: looooooool
00:11 Dan: naja auf jeden fall scoring drive
00:11 Dan: damit colts mit genau 1 gewinne
00:11 Dan: oder passiert ganzes gayme nix mehr
00:11 Dan: inc
00:11 Dan: obs jetzt gute field position gibt?
00:12 Dan: immerhin is der janikowski wixer net auch fürs punten zuständig
00:12 iaj: looooool
00:12 Dan: sonst wärs eh wieder touchback lol
00:12 iaj: loooooooool
00:12 Dan: geht soga
00:12 iaj: IND 44
00:12 Dan: also
00:12 Dan: fg range
00:12 Dan: wenn man den jani häte
00:12 Dan: lol
00:12 iaj: loooooooooooooooooooooooooool
00:12 Dan: aber adam
00:12 Dan: kann max 50
00:12 Dan: glaub ich
00:12 iaj: 2 1st downs
00:12 Dan: naja ok
00:12 Dan: is ja auch normal bei dne meisten lol
00:12 Dan: ob wir se gainen werden?
00:13 Dan: noch denkt man
00:13 Dan: das muss ja wohl 1st geben
00:13 iaj: 6-0 CLEVE
00:13 iaj: 72er kurs
00:13 iaj: lol
00:13 Dan: ach gehts scho los da
00:13 Dan: LOOOL
00:13 iaj: jetz
00:13 iaj: nemmer
00:13 iaj: lol
00:13 Dan: puh dachte schon
00:13 Dan: 72er game wise
00:13 iaj: 3 3er schon
00:14 iaj: loooooooooool
00:14 Dan: aber
00:14 Dan: det 2-0
00:14 Dan: :-(
00:14 Dan: colts 2nd 10
00:14 iaj: 4-0
00:14 iaj: meinste
00:14 Dan: lol
00:14 iaj: baaaaaaam
00:14 Dan: naja erstma colts fertig zittern
00:14 Dan: GJ
00:14 iaj: der war gut
00:14 Dan: dann kann die int ja jetzt kommen peyton
00:14 iaj: achso
00:14 iaj: war nichma n pass
00:14 Dan: doch lol
00:14 Dan: aber def pass intereference
00:14 Dan: also den wr festgehalten halt
00:14 Dan: bevor ball da war
00:14 iaj: detroit
00:14 Dan: dass er keine chance hatte zu fangen
00:14 iaj: hat 100%
00:15 iaj: lo
00:15 iaj: l
00:15 iaj: boozer is ja bei CHI
00:15 Dan: yea
00:15 Dan: eigentlich müsst da auch einiges gen
00:15 Dan: lol
00:15 iaj: looooool
00:15 iaj: die 3er da
00:15 Dan: 3er party cle
00:15 Dan: also wohl
00:15 Dan: colts oder bulls
00:15 Dan: wer mags sein
00:15 Dan: 2nd n 2
00:15 Dan: an der oak4
00:15 iaj: wieviel 
00:15 iaj: haben die denn
00:15 Dan: SOLLTE egtl
00:16 Dan: n td geben
00:16 iaj: wieviel penaltys
00:16 Dan: lol
00:16 Dan: bis eben keine
00:16 Dan: daaaaaa
00:16 iaj: TD
00:16 Dan: issa
00:16 Dan: MANNING
00:16 Dan: GJ
00:16 Dan: jetzt hatter wieder n boost
00:16 Dan: hoff ich
00:16 iaj: und CHI
00:16 iaj: ball
00:16 Dan: die kleine kackwurst
00:16 Dan: is auch so mental widget so to say lol
00:16 Dan: wenn int
00:16 iaj: ROSE
00:16 Dan: läufts erstma ober mies
00:16 iaj: leaaaaaaad
00:16 Dan: und ball
00:16 Dan: obse 1x ins money gehn?
00:17 Dan: un wenn minne mitscoren würd
00:17 Dan: boah wie geils da wär
00:17 Dan: lol
00:17 Dan: im CASH
00:17 Dan: 60er kurs
00:17 Dan: immerhin
00:17 Dan: immerhin für 2sec
00:17 Dan: warn ma alle 3 games im cash
00:17 Dan: wenn man beim over nach kurs geht
00:17 Dan: lol
00:18 Dan: 1min pro korb
00:18 Dan: suckt wiederum
00:20 Dan: THREEEEEEEE N OUT
00:21 Dan: lol die cavs
00:21 Dan: back n forth da
00:22 iaj: wies sein muss
00:22 Dan: looooooool
00:22 iaj: lol
00:22 Dan: bin gespannt
00:22 iaj: immerhin
00:22 iaj: siehts noch gut aus
00:22 Dan: worans hängen wird
00:22 Dan: jo
00:22 Dan: NOCH
00:22 Dan: du sagstes
00:22 iaj: 3rd/3
00:22 Dan: lol
00:22 iaj: maaaaaaaaaaaaaaaaan
00:22 Dan: immerhin brauchen raiders jetzt n td
00:22 Dan: ums uns zu besorgen
00:22 Dan: bzw
00:22 Dan: td +2 hoffentlich wenn
00:22 Dan: wie kacke es wär
00:22 Dan: wennse +1 nehmen
00:22 Dan: dann entweder tie oder $$
00:23 iaj: die penaltys
00:23 iaj: looooooool
00:23 Dan: lol
00:23 Dan: erinnert an start von jax/niners
00:23 Dan: nur war das da
00:23 Dan: whole game
00:24 Dan: naja kombi +3-0 run
00:24 Dan: un s is egal
00:24 Dan: wobei wie ich dich kenn
00:24 Dan: wirste 4-0 run wollen falls echt 3-0 gäb
00:24 Dan: :-D
00:24 Dan: un wie ich mich kenn
00:24 Dan: will ichs auch
00:24 Dan: wenn ich so überleg
00:24 iaj: looooool
00:24 iaj: auf jeden fall
00:24 Dan: looool
00:24 iaj: steht die -50
00:24 Dan: weil bei kombi +3-0
00:24 Dan: könnteste schulden tilgen
00:24 Dan: und würdest dir denken
00:24 Dan: wasn bullshit
00:25 iaj: looooooooooooooooooooooooooooooooooooooooooooooooooooooooooooooooooooooool
00:25 iaj: kombi +3-0
00:25 iaj: is klar
00:25 Dan: GEHT
00:25 Dan: lol
00:25 Dan: denke ma eh
00:25 Dan: entweder krepiern wir wieder direkt
00:25 iaj: nichtmal die nacht
00:25 Dan: oder s gibt n run und die deciding stinkt
00:25 iaj: werden wir überleben
00:25 Dan: looooool
00:25 Dan: obs noch n 4h game gibt?
00:25 Dan: :-D
00:25 iaj: schon deffen die rebounds
00:25 Dan: looooooooooool
00:26 Dan: dabei will ich doch garned auszalen man
00:26 iaj: lol
00:26 iaj: überall
00:26 iaj: LOL die minne wixer
00:26 Dan: loooool
00:26 Dan: diese scoreless mins immer
00:26 Dan: oder
00:26 Dan: qtrs
00:26 Dan: 41er qtr
00:26 Dan: immerhin
00:26 Dan: könnt auch 30er sein
00:27 Dan: gogo bulls
00:27 Dan: scheiß cavs/wolves ma wieder hassen
00:27 Dan: eigentlich
00:27 Dan: sind beide listed
00:27 Dan: auf der dirklist
00:27 Dan: was seh ich da.................
00:27 Dan: Last Play: 2-10-IND 25(14:54) P.Manning pass short right intended for P.Garcon INTERCEPTED by C.Johnson (C.Johnson) at IND 30. C.Johnson to IND 37 for -7 yards. Pass deflected by R. McClain
00:27 Dan: die freude
00:27 Dan: hat lange gewährt
00:28 Dan: un direkt 17er hinterher für redzone channel
00:28 Dan: da geht echt alles bergab lol
00:28 iaj: lol
00:28 Dan: 2nd 9
00:28 Dan: DDDDDDDDD
00:28 Dan: lol
00:29 Dan: 3rd 9
00:29 Dan: crucial down
00:29 Dan: uuund
00:29 Dan: es dauert
00:29 Dan: lol
00:29 Dan: die kacke
00:29 Dan: SACKEWDDDDDDDDDDDDDDD
00:30 Dan: aber cavs
00:30 Dan: 2min no score
00:30 Dan: lol
00:30 Dan: gleich wohl 3
00:30 Dan: jetzt
00:30 Dan: ca
00:30 Dan: alter................................
00:30 Dan: SCHMECKTS?
00:30 Dan: EIN WUNDER
00:30 Dan:  
00:31 iaj: looooooool
00:31 iaj: jo
00:31 Dan: 4:0917-24MINMichael Beasley made Layup, Assist Luke Ridnour
00:31 Dan: da war der letzte korb davor
00:31 Dan: 3 scoreless minz also lol
00:31 iaj: geht
00:31 iaj: mit luck >45
00:32 iaj: wos 60 hätte sein müsse
00:32 Dan: lol
00:32 iaj: 45!
00:32 Dan: ole
00:32 Dan: boah wie hart
00:32 Dan: 4 punkte in 4min
00:32 Dan: warn das
00:32 Dan: 4:0917-24MINMichael Beasley made Layup, Assist Luke Ridnour
00:32 iaj: kack minne
00:32 Dan: beides kack spastenteams alter
00:32 Dan: wie hart das ma wieder war ey
00:33 Dan: gametracker sieht cool aus lol
00:33 Dan: cavs under wirds also wie angekündigt
00:34 Dan: möglichst latestes
00:34 Dan: und in genialer fashion
00:36 iaj: lol
00:36 iaj: jo
00:36 Dan: colts fg range
00:36 Dan: absprache stimmt
00:36 Dan: lol
00:37 iaj: wix cleve alter
00:37 Dan: jo
00:37 Dan: alter
00:37 iaj: und minne
00:37 Dan: BOAH
00:37 Dan: regen die auf
00:37 iaj: diese abfuckteams
00:37 Dan: blacklist muss wieder eingeführt werden jedenfalls
00:37 Dan: A WONDER
00:37 Dan: den 24er kurs
00:37 Dan: upkeepen
00:37 Dan: huh
00:37 Dan: die colts loool...
00:38 Dan: wieder an der 9
00:38 iaj: so schlecht
00:38 iaj: die kackteams
00:38 iaj: 205
00:38 iaj: looooooooool
00:38 Dan: this is dead
00:38 Dan: lol
00:38 iaj: ahetts auch bei 190 erwartet
00:38 iaj: dreckwixer
00:38 Dan: loool
00:38 iaj: die ersten 6 mins
00:38 iaj: warn noch sahne
00:38 Dan: jo
00:38 Dan: bei 4min
00:38 Dan: war auch ok
00:38 Dan: war locker ü55 kurs
00:38 Dan: aber dann LOOOOL
00:39 Dan: hab irgendwann ma reingecheckt
00:39 Dan: da wurd nedma D gespielt
00:39 Dan: einfach nur zu kackschlecht
00:39 Dan: zum treffen
00:39 iaj: td lol
00:39 Dan: jo...
00:39 Dan: wen
00:39 Dan: überraschts
00:39 Dan: lll
00:39 iaj: Last Play: 9:47 Def. Rebound by Jonny Flynn (MIN)
00:39 iaj: LOOOOOOOOOOOL
00:39 Dan: loooooooooooooooooooooooooooooooooooooooooooooooool
00:39 Dan: das erklärt
00:39 Dan: so einiges
00:39 Dan: kam bestimmt bei 4min mark rein
00:39 Dan: der kackwixer missgeburt
00:40 Dan: immer ball zu beasley / mo
00:40 Dan: oder halt.........
00:40 Dan: und immer schön 20sec nehmen
00:40 Dan: gjgj
00:40 iaj: traveling
00:40 iaj: das schlimmste
00:40 Dan: lol
00:40 iaj: loooooooool
00:40 iaj: der flynn
00:40 Dan: FLYNNNNNNNNNNNNN
00:40 Dan: lol
00:40 Dan: lol
00:40 Dan: das kackvieh
00:40 Dan: ob slamdunk is?
00:40 iaj: parker is auf jeden fall
00:40 iaj: redhot
00:41 iaj: am ball
00:41 Dan: wo se sagen SLAAAAAAAAAAAAAAMDUNK
00:41 iaj: immerhin looool
00:41 Dan: ach gotttttt
00:41 Dan: die colts lol...wie klar  s war
00:42 Dan: naja immerhin koy und seppel reichgemacht
00:42 Dan: die dürfens wohl den cavs danken
00:42 iaj: taj gibson looooool
00:42 Dan: sonst wärn jetzt 2 oak td´s gefallen
00:42 iaj: den kennen wiri doch noch
00:42 Dan: looooooooool
00:42 iaj: lol
00:42 iaj: jo
00:42 Dan: wenn er 1 ft macht
00:42 Dan: 36er kurs 
00:42 Dan: geh davon aus
00:42 Dan: dass wieder scoreless
00:42 Dan: bis 8min mark
00:43 Dan: die kacke man
00:43 Dan: fürn moment dacht ich echt
00:43 Dan: nba zieht und an den colts hängts
00:43 iaj: tada
00:43 iaj: loooooool
00:43 iaj: loooooooooooo
00:43 iaj: l
00:43 Dan: naja WENN er einen macht
00:43 iaj: wayne ellington alteeeeeer
00:43 Dan: da isser
00:43 iaj: wo hab ich da aufs
00:43 Dan: 36r
00:43 iaj: over gehaun
00:43 Dan: course
00:43 Dan: loooooooooooooooooooooooooooool
00:44 Dan: n red hot pick wars :S
00:44 iaj: nur besley und mo
00:44 iaj: und
00:44 iaj: der parker
00:44 iaj: loooooooooool
00:44 Dan: PARKER
00:44 Dan: LOOOOOOOOOL
00:44 iaj: SIND
00:44 iaj: DIE SCHEISSE
00:44 Dan: uuuuuuuuund
00:44 Dan: 36er kurs
00:44 Dan: TADA
00:45 iaj: wttttttttf
00:45 iaj: aber
00:45 iaj: 30 sec
00:45 iaj: weniger
00:45 iaj: lol
00:45 iaj: boa is das kacke
00:45 iaj: da bockts kein meter zuzugucken
00:45 Dan: turnover party lol
00:45 Dan: jo
00:45 Dan: naja da kann man wohl ht abschalten schon
00:45 iaj: MAN WIEEEEESOOOOOOOOOOOOOOOOOOOOOOOO  naja wieder mal blacklist teams fürs over gesammelt
00:46 Dan: loooooool
00:46 iaj: und wie immer
00:46 iaj: die last 1 bet
00:46 iaj: looooooool
00:46 Dan: naja minne is EGTL gut fürs over
00:46 Dan: die KACK CAVS
00:46 Dan: sinds
00:46 Dan: 30er kurs immerhin saved
00:46 Dan: yea
00:46 iaj: lol
00:46 iaj: stimmt
00:47 Dan: 16 looooooooooooooool
00:47 iaj: aber von 4 -1  min
00:47 Dan: und missmissmsisssssssss
00:47 iaj: scoren se ja eh ned
00:47 Dan: selbst der
00:47 Dan: bockt einen nemmer
00:47 iaj: bringt nix
00:47 iaj: jo
00:47 iaj: oooooooooooooool
00:47 Dan: noch 6davon
00:47 Dan: bis 6min mark
00:47 Dan: und es bockt
00:47 Dan: lol
00:47 iaj: looooooooooooooooooooooooooooooool
00:47 Dan: timeout
00:47 Dan: nxt runde
00:48 Dan: doodle jump
00:48 Dan: also
00:50 Dan: FUCK
00:50 Dan: kurz ned auf die dinger geguckt
00:50 Dan: un auf ner verschwindibus plattform gelandet
00:50 Dan: aber immerhin genau überbrückt
00:50 Dan: das kack to lol
00:50 iaj: looooooooooool
00:50 iaj: und
00:50 iaj: 50er kurs
00:50 Dan: und colts wieder an der oak 35 LOOOOL
00:50 iaj: lol
00:50 Dan: wenn er trifft jo
00:51 Dan: aber
00:51 Dan: in 2min
00:51 Dan: gehts eh aus
00:51 Dan: wie du weißt
00:51 Dan: also wärs nur 50er kurs
00:51 iaj: leider
00:51 Dan: wenn schon 46 scored
00:51 iaj: loooooooooooooooooooooooooooooooooool
00:51 iaj: OT muss her
00:51 Dan: also
00:51 iaj: lol
00:51 Dan: noch
00:51 Dan: 21
00:51 Dan: in 2min
00:51 Dan: GO
00:51 Dan: 1st qtr over
00:51 iaj: 7 3er
00:51 Dan: gab jedenfalls wieder badbeats vom feinsten wohl
00:51 Dan: lol
00:51 iaj: looooooooooooooooooooool
00:51 iaj: boa jo
00:51 iaj: da würd man kotzen
00:51 Dan: jo tut man zwar auch so
00:51 Dan: aber da so richtig lol
00:52 Dan: das war ja egtl schon durhc lol
00:52 Dan: miss
00:52 Dan: und
00:52 Dan: under 40 damit
00:52 Dan: werd rot
00:52 Dan: kleines kackding
00:52 Dan: danke
00:52 Dan: parker
00:52 Dan: LOL
00:52 iaj: loooooooooool
00:52 Dan: parker der minne back ins game brachte
00:52 Dan: naja ok
00:52 Dan: am ende vom 4.
00:52 iaj: de flynn
00:52 iaj: looooool
00:52 Dan: wärs gut so
00:52 Dan: die kleine mistratte
00:52 iaj: ob er heute ma für uns spielt
00:52 Dan: 40sec
00:52 Dan: bis ht
00:52 iaj: loooooooooooooooooooooooooooool
00:53 iaj: ein korb noch
00:53 iaj: für 2 60er
00:53 iaj: die reichen würden
00:53 Dan: loooooooooooooooooooooooooooooool
00:53 iaj: ne
00:53 iaj: fuck
00:53 iaj: 205
00:53 iaj: loooooooooool
00:53 Dan: lol
00:53 iaj: lol is das sinnlos
00:53 Dan: geil
00:53 Dan: buccs 30-15
00:53 iaj: noch 15 IWIE
00:54 iaj: 33sec noch
00:54 iaj: looooooooooooo
00:54 iaj: lk
00:54 iaj: das wars
00:54 iaj: die KACK CAAAAAAAVS
00:54 Dan: €l Fenømînø Ða Playa26.12.2010 19:55 
00:54 Dan: gibts heute was gutes in der nfl?
00:54 Dan:  
00:54 iaj: ....
00:54 Dan: Dan26.12.2010 19:55 
00:54 Dan: kommt drauf an ob ich geld druffpack ll
00:54 iaj: loooooooooooooool
00:54 Dan: Dan26.12.2010 19:55 
00:54 Dan: colts nachher -1,5 gegen oak fand ich gut
00:54 Dan: Dan26.12.2010 19:58 
00:54 Dan: evtl noch buccs-6
00:54 Dan: siehe
00:54 Dan: scoreboard
00:54 Dan: oh
00:55 Dan: 4min mark
00:55 Dan: demnach
00:55 Dan: 37er qtr
00:55 Dan: ne
00:55 Dan: 39er soga
00:55 Dan: geht
00:55 Dan: 1 korb done
00:55 Dan: 1 to go
00:55 iaj: loooooooool
00:55 Dan: 37-15
00:55 Dan: die buccs
00:55 iaj: BOUS
00:55 Dan: alter....................
00:55 iaj: BONUS
00:55 Dan: lol
00:55 Dan: warum war der hunni ned
00:55 Dan: auf colts buccs kombi
00:55 Dan: SCHEISS UHRZEITEN MAN
00:55 iaj: 39!
00:56 iaj: 11 nocohhhhhhhhhhhh
00:56 Dan: gehttt
00:56 Dan: un damit
00:56 Dan: ht
00:56 Dan: lol
00:56 iaj: loooooooooooooooooool
00:56 iaj: erstma
00:56 Dan: 84er
00:56 iaj: dauerts
00:56 Dan: hm
00:56 iaj: lol
00:56 Dan: 121
00:56 Dan: brauchenmer
00:56 Dan: gibt also genau 120
00:56 iaj: ui fastbreak
00:56 Dan: ridnour!
00:56 Dan: war der ned ma bucks?
00:56 iaj: kp kann sein... für so teams
00:56 iaj: interessier ich mich nich
00:56 Dan: looooooooooooooooool 
00:56 iaj: maaaaaaaan
00:56 Dan: die kacke
00:56 Dan: gAYLORDS
00:57 Dan: würds nur enden
00:57 iaj: ooooooooooooohhhhhhman
00:57 Dan: wie s 1st gestartet hat
00:57 Dan: auch bonus?
00:57 iaj: 3.
00:57 iaj: lol
00:57 Dan: kacke man
00:57 iaj: FÜRN ARSCH
00:57 Dan: also gleich
00:57 Dan: 20sec gone
00:57 Dan: achgott
00:57 Dan: doodle jump
00:57 iaj: loooooooooooooooooooooooool
00:57 Dan: ich komme
00:59 iaj: 150 sec
00:59 iaj: sind's noch
00:59 iaj: lol
00:59 iaj: sinnloser fuckshit
01:00 iaj: 4. foul wars
01:00 iaj: made
01:00 iaj: lol
01:00 iaj: noch 7
01:00 iaj: 5
01:00 iaj: GEH DOCH REIN
01:00 iaj: phew
01:00 iaj: 2 !
01:01 iaj: 50!!!!!!!
01:01 iaj: krass
01:01 iaj: und jetzt
01:01 iaj: noch 5
01:01 iaj: lol
01:01 Dan: endlich
01:01 Dan: krepiert
01:01 Dan: lol
01:01 Dan: 32k bäh
01:01 Dan: und 
01:01 Dan: pünktlich zum lostball turnover
01:01 Dan: foul einer man!
01:01 Dan: oder
01:01 Dan: halt ned
01:01 iaj: loooooooool
01:01 iaj: 20 sec
01:01 iaj: immerhin
01:01 iaj: nach lostball
01:01 Dan: looooooooooooooooooool
01:01 iaj: phew
01:02 iaj: noch 2 angriffe
01:02 Dan: looooooool
01:02 Dan: 1qtr
01:02 Dan: ging immerhin over
01:02 Dan: LUKE
01:02 Dan:  
01:02 Dan: der beasley fuck
01:02 Dan: der macht owhl kobe game
01:02 Dan: lol
01:02 iaj: luke???
01:02 Dan: ridnour
01:02 Dan: 3er
01:02 Dan: halt
01:02 iaj: echt?
01:02 iaj: bei mir
01:02 iaj: hängts wohl
01:02 Dan: bitteeeeeeeee treffftttttttttttt
01:02 Dan: 10sec
01:02 Dan: love am ball
01:02 Dan: 34 21
01:02 Dan: qtr
01:02 Dan: miss
01:02 iaj: :(((((((((
01:02 Dan: OFCCCCCCCCCCCCCCCCCCCCCOURSE
01:02 iaj: 55 aber
01:02 iaj: immerhin
01:03 Dan: drecks cavs
01:03 Dan: jo
01:03 Dan: genau 100
01:03 Dan: aber
01:03 Dan: drecks cavs
01:03 Dan: lol
01:03 Dan: naja noch 2 so qtr
01:03 Dan: würden ja langen
01:03 Dan: arschficker cavs 21er qtr alter
01:03 Dan: gegen die
01:03 iaj: looooooooooooooooooooooooooooooooool
01:03 Dan: 110 ppg allowed
01:03 iaj: loooooooooooooooooooooooooooool
01:03 Dan: minne D
01:03 iaj: jo
01:03 Dan: das meinte ich
01:03 Dan: mit cavs hab ich angst
01:03 Dan: und se bestätigen
01:03 Dan: es
01:03 Dan: DUMME SCHEISS SPASTEN
01:03 Dan: könnte so n geiles 60-70er qtr sein
01:03 Dan: bei der nichvorhandenen minne D
01:03 Dan: is wie wenn gegen gsw 21 scorest lol
01:04 Dan: ui krass
01:04 Dan: colts
01:04 Dan: haben gefressen
01:04 Dan: 31-26 nurnoch
01:04 Dan: obs da nochma knapp wird?
01:04 Dan: 1:51 to go
01:04 Dan: onside kick upcoming wohl
01:04 Dan: wette der janikowski wixer recovert den selbst lol
01:04 iaj: loooooooooooooooooooooool
01:05 iaj: kack detroit
01:05 iaj: kommt wieder ran
01:05 iaj: loooooool
01:05 Dan: looool
01:05 iaj: immerhin
01:05 iaj: fg
01:05 iaj: bringt nix
01:05 Dan: da is wohl auch dickes over
01:05 Dan: am start
01:05 Dan: oak noch 2 to
01:06 Dan: aber glaub müssen trotzdem onsiden hm
01:06 Dan: 4x 40sec
01:06 Dan: 240...-80
01:06 Dan: 160 -80
01:06 Dan: ach ich depp
01:06 Dan: 80sec halt
01:06 Dan: lol
01:06 Dan: also können auch normal machen un 3 n out hoffen
01:07 Dan: Last Play: S.Janikowski kicks onside 9 yards from OAK 30 to OAK 39. J.Tamme (didn´t try to advance) to OAK 39 for no gain (Team).
01:07 Dan: thats it
01:07 Dan: grats koy
01:07 Dan: grats seppel
01:07 Dan: TJA KLEINER JÖRG
01:07 iaj: loooooooooooool
01:07 iaj: loooooooooooooooooooooooooooooooooooooooooooooooooooooool
01:07 Dan: immerhin noch +6
01:07 Dan: die bulls
01:07 Dan: is NOCH ok
01:07 Dan: lol
01:08 iaj: jo
01:08 iaj: looooooooooooooool
01:08 iaj: aber scheint
01:08 iaj: als letztes zu enden
01:08 Dan: also wirds am ende doch daran hängen
01:08 Dan: hätt aber auch am ehesten cavs gedacht
01:08 Dan: 3rd n 2 colts
01:08 Dan: 2yards für gsm
01:08 Dan: sonst darf oak nochma n 1min drive fahrn
01:08 Dan: oder eher 40sec
01:09 Dan: und müsste fg range sein dann kommense auf +8
01:09 iaj: looooooooooooooooooooooooooooooooool
01:09 iaj: TD folgt
01:09 Dan: oder
01:09 iaj: für +1
01:09 iaj: loooooooooooooool
01:09 Dan: payton läuft selbst
01:09 Dan: f+r 27yards
01:09 Dan: LOL
01:09 Dan:  
01:09 Dan: das gabs ja noch nie
01:09 iaj: loooooooool
01:09 Dan: schnell stream suchen
01:10 Dan: http://www.atdhe.net/31447/watch-indianapolis-colts-vs-oakland-raiders
01:10 Dan: schade
01:10 Dan: auch da schon vorbei
01:10 Dan: lol
01:10 Dan: da kneelen se
01:10 Dan: on 1st n goal
01:10 Dan: wie geil  s wär
01:10 Dan: wenn +1
01:10 Dan: oder over ned schon durch wär
01:11 Dan: LOOOOOL im ticker
01:11 Dan: schreiben se manning hätt auch für td laufen können
01:11 Dan: aber is slided
01:12 Dan: naja immerhin nochma xmas presents verteilt an diejenigen die so schlau warn ned mit mir zu losen lol
01:12 iaj: jo
01:12 iaj: habs geshen
01:12 iaj: is gerannt
01:12 iaj: und 
01:12 iaj: davor
01:12 iaj: hatter sich hingeworen
01:12 iaj: boa
01:12 iaj: wie cih n hassen weurd
01:12 iaj: würd
01:13 Dan: loooooooooooooool
01:13 iaj: 2nd h
01:13 iaj: bet365
01:13 iaj: over is 102
01:13 iaj: loooooool
01:13 iaj: die wissen wohl
01:13 Dan: ich werf ma einfach stream an games eh vorbei
01:13 iaj: warum
01:14 Dan: muss das mir geben
01:14 Dan: wie payton 20+ läuft
01:14 Dan: die alte tucke
01:14 iaj: looooooooooooooooooooooooool
01:15 Dan: ROFL
01:15 Dan: ROOOOOOOOOOOOOOOOOOOOOOOOOOOOOOOOOOOOOOOOOOOOOOOOOOOOOOOOOOOOFL
01:15 Dan: BOAH IS DER GAY
01:15 Dan: LOOOOOOOOOOOOOOOOOOOOOOOOOOOOOOOOOOOOOOOOOOOOOOOOOOOOOOOOL
01:15 Dan: naja ok war spielerisch
01:15 Dan: das beste was er machen konnte
01:15 Dan: weil sonst theoretisch oak noch 2td´s scoren konnte in 40sec lol
01:15 Dan: aber wie gay LOOOOL
01:15 iaj: looooooool
01:16 iaj: ohnein
01:17 iaj: gliehc is ht schon wieder over
01:17 iaj: ich zock auch noch ne runde
01:17 iaj: doodlejump
01:17 iaj: lol
01:17 Dan: Free Throws21-34, 61%
01:17 Dan: das hat wohl
01:17 Dan: ass saved
01:17 iaj: wo in CLEVELAND?
01:17 Dan: clipz
01:17 Dan: lol
01:17 Dan: Field Goals16-42, 38%Free Throws13-14, 92%3-Pointers6-11, 54%
01:17 Dan: minne
01:17 Dan: sollte nur 3er werfne
01:17 iaj: jo
01:17 iaj: hab ich mir auch gedacht
01:17 iaj: und zwar
01:18 iaj: immer nach 2 sek
01:18 Dan: loooooooool
01:18 iaj: und alle vorn bleiben
01:18 iaj: direkt
01:18 iaj: wenn miss
01:18 iaj: und
01:18 iaj: auch so
01:18 iaj: lol
01:18 iaj: das dritte wird schon entscheiden.. lol
01:18 iaj: < 45 is wohl GSM
01:18 Dan: looll
01:18 Dan: aber nur über
01:18 Dan: loss im 4th
01:18 Dan: oder vorher
01:18 Dan: die kacke
01:18 Dan: doodle ne runde!
01:19 iaj: SSTART
01:19 iaj: OF
01:19 iaj: 3RD
01:19 iaj: lol
01:19 iaj: verpasst den loss
01:19 iaj: wenne nu doodlest
01:19 iaj: MISS
01:19 iaj: sagt schonma
01:19 iaj: alles aus
01:19 iaj: übers Q
01:19 iaj: OFF REB, OFF FOUL
01:20 Dan: looooooooooooooooooooooooooooooooooooooooooooooooooooooooool
01:20 Dan: bin schon wida da
01:20 Dan: für #1
01:20 iaj: 1 scoreless min
01:20 Dan: der scoreless minz
01:20 Dan: ridnourrrrrrr
01:20 Dan: und
01:20 Dan: 26k 
01:20 Dan: alter war das gay eben
01:20 Dan: aber wusste wohl
01:20 Dan: dass 3rd läuft
01:21 Dan: 3 monster da
01:21 Dan: ich baller mich durch
01:21 Dan: und dann noch eins genau da wo ich hinflüchjte
01:21 Dan: lol
01:21 iaj: auf die cavs O / minn d
01:21 iaj: is verlass
01:21 iaj: lol
01:21 Dan: die scheiß cavs spasten
01:21 Dan: lol
01:21 Dan: cavs O
01:21 Dan: eher
01:21 iaj: a wonder
01:21 Dan: minne D
01:21 Dan: ganz sicher ned lol
01:21 Dan: cavs sind wohl die neuen sixers
01:21 Dan: das lern ich jedenfalls grad
01:22 iaj: lol
01:22 iaj: hab die seit lebron weg is nedma mehr beachtet
01:22 iaj: nun weiss ich warum
01:22 Dan: looooooooooool
01:22 Dan: ich auch kaum
01:22 Dan: hab mich auf die minne D verlassen
01:22 Dan: aber wusste ned
01:22 Dan: dass cavs auch im training alles missen
01:22 iaj: wieder 20sec
01:22 iaj: IHR FICKER
01:23 Dan: und WARUM
01:23 Dan: immer so
01:23 Dan: dass man max time losed
01:23 Dan: als ob das finanzielle ned schon mies genug wär
01:23 Dan: überall blinkts rot lol
01:23 Dan: un hier
01:23 Dan: DAUERTS
01:23 Dan: ma wida
01:23 Dan: 3er dunk
01:23 Dan: foul
01:23 Dan: def rebound
01:24 Dan: wo war der rebound?
01:24 iaj: loooooooooooooooooool
01:24 iaj: loooooool
01:24 Dan: MAAAAAAAAN
01:24 Dan: 8:11
01:24 Dan: =>
01:24 Dan: 7:47
01:24 iaj: lol
01:24 Dan: i guess
01:24 iaj: drin
01:24 Dan: ALTER
01:24 iaj: +foul
01:24 iaj: aber
01:24 iaj: wielang die den ball halten
01:24 Dan: achso
01:25 Dan: guckstes
01:25 iaj: is schon tot alles
01:25 Dan: dann
01:25 Dan: mach ichs auch
01:25 Dan: lol
01:25 iaj: jep.. den loss
01:25 Dan: aber glaub ned
01:25 Dan: dass ichs lang aushalte
01:25 Dan: spielt minne D
01:25 Dan: oder sind die cavs einfach nur dumme spasten?
01:25 Dan: ich mein
01:25 Dan: minne D
01:25 Dan: GIBTS EIGENTLICH NED
01:25 Dan:  
01:25 iaj: TECHNICALS FT her
01:25 Dan: kk
01:25 Dan: nu auch drin
01:25 Dan: da hamse n ball
01:25 Dan: die negers
01:25 iaj: LOOOOOOL wir brauchen noch
01:25 iaj: 95
01:25 iaj: LOOOOOOOOL
01:26 iaj: 93
01:26 iaj: alter
01:26 Dan: 13 done
01:26 Dan: llol
01:26 iaj: NO
01:26 iaj: WAY
01:26 Dan: wo streamste?
01:26 Dan: bist wohl gut voran
01:26 iaj: atdhe
01:26 iaj: rotz
01:26 Dan: kk
01:26 Dan: ich auch
01:26 iaj: ALTER
01:26 Dan: airball
01:26 iaj: was wuerfe
01:26 Dan: lol
01:26 iaj: die nehmen
01:26 Dan: loooooooooooool
01:26 Dan: und vorher schön die uhr ewig gespielt
01:26 Dan: die miesen bastarde
01:26 Dan: boah is das einfach nur
01:26 Dan: ned zu ertragen
01:27 iaj: 20 bis 6 min mark
01:27 iaj: müssen
01:27 iaj: irgendwie
01:27 iaj: alter
01:27 iaj: nichmtmal ft
01:27 iaj: Wie frei
01:27 Dan: der parker
01:27 iaj: die verfehlen
01:27 Dan: und jo
01:27 Dan: wie konnt das kein sf sein davor
01:27 Dan: siet ich guck
01:27 Dan: erster korb
01:27 Dan: lol
01:27 iaj: und
01:27 iaj: wie se
01:27 iaj: trotten
01:27 iaj: lOOOOOOOL
01:27 Dan: lloooooooooooooooooooooooooool
01:27 iaj: spasten
01:27 Dan: ICH HASSE DIE
01:27 Dan: die palme
01:27 Dan: lol
01:28 Dan: bonus cavs
01:28 Dan: immerhin
01:28 Dan: wennse nur immer zum korb ziehn würden jetzt
01:28 Dan: naja ok........
01:28 iaj: palme halt
01:28 Dan: und wida
01:28 Dan: 24s gone
01:28 iaj: looooooool
01:28 Dan: spasten boah
01:28 Dan: 15 done
01:28 Dan: für 30er kurs
01:29 Dan: das is wohl
01:29 Dan: soeben
01:29 Dan: gestorben
01:29 iaj: OOOOOOOL
01:29 Dan: alter
01:29 Dan: BBL ODER WAS
01:29 Dan:  
01:29 iaj: loooooool
01:29 iaj: das is bbl
01:29 Dan: warum ned immer zum beasley ey
01:29 Dan: ne so schlecht
01:29 Dan: kann die bbl ned sein
01:29 Dan: lol
01:29 Dan: weiß jedenfalls warum ich den stream vorhin keine 2min ausgehalten hab
01:30 Dan: un man merkt
01:30 Dan: seit bonus
01:30 iaj: LOOOOOOOOOOOOL
01:30 Dan: ziehnse nemmer korb
01:30 Dan: lol
01:30 Dan: LOOOOL
01:30 iaj: looooooooool
01:30 Dan: der
01:30 Dan: GEHT
01:30 Dan:  
01:30 Dan: loooooooooooooooooooooooool
01:30 iaj: boa die cavs
01:30 iaj: alter
01:30 iaj: wichser endlcich ma
01:30 Dan: naja das is wohl tot....
01:31 iaj: wie tot
01:31 iaj: es ist jo
01:31 iaj: immerhin
01:31 iaj: bulls
01:31 iaj: stinken auch ab
01:31 iaj: damit wirds nich ganz so fucking
01:31 Dan: wär immerhin etwas lol
01:31 Dan: geil lol
01:32 Dan: nfl nur diejenigen falsch die halt cash gebracht hätten
01:32 iaj: hm
01:32 iaj: selbst n 70er
01:32 Dan: alles andere faded oder in kombi die abstinkt
01:32 iaj: langt ned
01:32 iaj: loooooooooooooooooooooooooooool
01:32 Dan: is das wiede
01:32 Dan: rGEIL
01:32 iaj: orooooooofl
01:32 iaj: ich wusst doch die cavs sind kein run n gun team lol
01:33 Dan: lol
01:33 iaj: aber twolves ja genauso ROTZIG
01:33 iaj: 37% FG
01:33 iaj: lol
01:33 Dan: jo LOOOL
01:34 iaj: kack cavs
01:34 iaj: KACK CCAAVVVVVVVSSSSSSSS
01:34 Dan: jo wie ich die hasse
01:34 Dan: un auch wenn er nemmer dort is
01:34 Dan: lebron am meisten
01:34 Dan: 22 done looool
01:34 Dan: 23!
01:34 iaj: looooooooooooooooooooooooooool
01:34 Dan: 3x ot
01:34 iaj: offensiv feuerwerk
01:34 Dan: geht evtl
01:34 Dan: könne
01:34 Dan: lol
01:34 iaj: ALTER
01:34 Dan: LOOOOOOOOOOL
01:35 iaj: treffen nedma FTs
01:35 iaj: was hab ich hier
01:35 iaj: als over loooooooool
01:35 iaj: oooooohhhhhhhh
01:35 iaj: mal unter 15sec
01:35 Dan: lol
01:35 Dan: lol
01:35 Dan: daran
01:35 Dan: musste aber lange feeden
01:35 iaj: aber
01:35 iaj: ..........
01:35 iaj: WAS MACHEN SE
01:35 iaj: warum
01:35 iaj: brauchen se 
01:35 iaj: so lang
01:35 iaj: für so wuerfe
01:35 iaj: loooooooool
01:35 iaj: so tot
01:36 Dan: scheiß missgeburtenteams
01:36 Dan: wie hat ma einer gesagt
01:36 Dan: wo is al kaida wenn man se brauch
01:36 iaj: lder geile pfiff
01:36 Dan: loooool
01:36 Dan: wo se endlich ma made hätten
01:36 Dan: und cavs immernoch
01:36 Dan: ned 1x zum korb gezogen
01:36 Dan: seit bonus
01:37 iaj: looooooooooooooooool
01:37 iaj: WAS
01:37 Dan: www.wie-knuepf-ich-einen-strick.de
01:37 iaj: machen se da
01:37 iaj: loooooooooooooooooooooooooooool
01:37 iaj: lol
01:37 iaj: Ich kann das
01:37 iaj: nemmer mitansehen
01:37 iaj: lol
01:37 Dan: looooooooool
01:37 Dan: sag ja
01:37 Dan: is kaum zu ertragen
01:37 Dan: die wixer
01:38 iaj: der cbs guy
01:38 iaj: DEREKD87 over is dead
01:38 iaj: DEREKD87 209
01:38 iaj: DEREKD87 almost when min 2 instead and i didnt
01:38 iaj: DEREKD87 **** me
01:38 iaj: DEREKD87 love 2 points lol
01:38 iaj: DEREKD87 only when i bet an over
01:38 iaj: DEREKD87 everyone MISSSS
01:38 iaj: DEREKD87 lol
01:38 iaj: freut sich auch
01:38 Dan: looooooooooooooooooooooooooooooooooooooooooooooooooooooooooool
01:38 Dan: wie geil lol
01:38 Dan: aber is auch
01:38 Dan: absolut grottig das ding
01:39 iaj: loooooool
01:39 iaj: der bobblehead
01:39 iaj: abreissen
01:39 Dan: lol
01:39 iaj: würd ich in
01:39 Dan: LOOOOOOOOOOL
01:39 Dan: war jedenfalls wieder
01:39 Dan: n schicker ausflug
01:39 Dan: für 150eur hier
01:39 iaj: Auf OT hoffen
01:39 iaj: kann ma noch
01:39 Dan: looooooooool
01:39 iaj: looooooooooooooooooooooooooooooooooooooool
01:39 iaj: schicker ausflug
01:40 iaj: loooooooooool
01:40 Dan: schnäppchen!
01:40 Dan: ohhh parker triffft ma
01:40 iaj: der einzige der grad trifft
01:40 Dan: von der kack schwulettenecke da
01:40 iaj: lol
01:40 iaj: jetzt
01:40 iaj: wichser
01:40 Dan: nur noch sowas
01:40 Dan: lol
01:40 Dan: jo
01:40 iaj: jeder 70
01:40 Dan: nur noch sowas dann könnts n 40er geben LOL
01:40 iaj: is meine hope
01:40 iaj: looool
01:40 Dan: aber cavs
01:40 Dan: war das zuviel gefahr für highscoring
01:41 Dan: wida schön
01:41 Dan: uhr weg
01:41 iaj: immerhin
01:41 Dan: immerhin das
01:41 iaj: lol
01:41 Dan: aber schön 24s taken
01:41 Dan: die missgeburten
01:41 Dan: 10
01:41 Dan: 14
01:41 Dan: taken
01:41 iaj: phewwwwwwww
01:41 Dan: phew
01:41 Dan: lol
01:41 iaj: 7 noch
01:41 iaj: looooooool
01:41 Dan: loool
01:41 Dan: für 60er?
01:41 iaj: ooooooooman
01:41 Dan: DEPP
01:41 iaj: so knapp
01:41 iaj: jo
01:41 Dan: LOOOOOOOOOOOOOOOOOOOOOOOOL
01:41 Dan: is das tot einfach nur
01:41 iaj: flynn
01:41 iaj: is der einzige da
01:41 iaj: looooool
01:42 Dan: jo der un beasley wohl
01:42 iaj: wannse im scoren
01:42 Dan: lol 
01:42 iaj: loooooooooool
01:42 Dan: hätten se nur so angefangne
01:42 Dan: mit der 3er party
01:42 Dan: nu istse halt.........sinnlos
01:42 iaj: Teamfoul
01:42 iaj: NUMMER
01:42 iaj: 2
01:42 iaj: loooooooooool
01:42 Dan: looooooooooooooooooooool
01:42 Dan: wie geil das is
01:42 Dan: da sind grad
01:42 Dan: 5 3er gefallen oder so
01:42 Dan: in 90sec
01:42 Dan: und dennoch...........43 gesamt
01:43 Dan: DEPP
01:43 iaj: zieht
01:43 iaj: zum
01:43 iaj: kooooooooorb
01:43 iaj: ALLLLLLLLLTTTTTTTTTTTTTTTTE
01:43 iaj: R
01:43 iaj: wichser
01:43 Dan: lol der koy feiert die 3er noch
01:43 iaj: 62 oooooool
01:43 Dan: LOOOOOOOOOOOOOOOOOL
01:43 iaj: LOOOOOOOOOOOOOOOOOOOOOOOOOOL
01:43 Dan: alter der hickson
01:43 iaj: spasten
01:43 Dan: LOOOOOOOOOOOOOOOOOOOOOOOOOOOOOOOOOOOOOOOOOOL
01:43 Dan: WIE DUMM KANN MAN SEIN
01:43 Dan: 3er her
01:43 Dan: MAN
01:43 iaj: alles nur
01:44 iaj: weil se beide warten wollen
01:44 iaj: WIE ICHS HASSE
01:44 Dan: lol
01:44 iaj: mit ot isses noch drin
01:44 iaj: immerhin
01:44 iaj: looooool
01:44 Dan: O205,0 oder?
01:44 Dan: bulls +10
01:44 Dan: achgott
01:44 iaj: jo
01:44 iaj: 205
01:44 iaj: ,0
01:44 Dan: naja würden se nur noch so spielen wie eben am ende...außer der last min lol
01:45 Dan: könnts klappen
01:45 iaj: olol
01:45 iaj: dann wärs locker
01:45 iaj: auf was hofft man wohl
01:45 iaj: fouls am ende
01:45 Dan: hättense davor
01:45 iaj: laufend
01:45 Dan: halbwegs normal gespielt
01:45 Dan: wärs so n geiles 60er hier jetzt
01:45 Dan: so hat die phase gradma über 40 gelifted LOL
01:45 Dan: achso kack qtr break
01:45 Dan: doodle!
01:45 iaj: looooooooool
01:45 iaj: jetzt kommt n 60iger
01:45 iaj: koynel
01:45 iaj: wirds freuen
01:45 iaj: 202.5
01:45 iaj: hatter glaub
01:45 iaj: lol
01:47 Dan: kk
01:47 Dan: man kann ja pause machen lol
01:47 iaj: weiter so
01:47 iaj: loooooool
01:47 iaj: aber
01:47 Dan: 15sec pro 3er
01:47 iaj: 20 sec
01:47 iaj: loooooooool
01:47 Dan: wär gut
01:47 Dan: lol
01:47 Dan: die kack wolves alter
01:47 iaj: looooooooooooooooooooooooooooool
01:47 Dan: LOL
01:47 Dan: LOOOOOOOOOOOOOOOOOOL
01:47 iaj: blocked by the ned
01:47 Dan: loooooooooool
01:48 Dan: diese dummen scheiß spasten einfachnur
01:48 Dan: minne wohl wieder genau 5 fouls
01:48 Dan: un dann nix mehr gleich
01:48 Dan: so
01:48 Dan: is doch eher wie erwartet
01:48 iaj: looooooooooooool
01:48 Dan: wieviele 3s die cavs schon gefressen ham lol
01:48 iaj: alllllllllllttttttttttteeeeeeeeer
01:48 Dan: da gehnse wieder
01:48 Dan: LLOOOOOOOOOOOOOOOOOOOOOOOOOOOOOOL
01:49 Dan: 10sec
01:49 Dan: bis scoreless min
01:49 Dan: 5
01:49 Dan: 4
01:49 Dan: 3
01:49 Dan: 2
01:49 Dan: 1
01:49 Dan: !!!
01:49 Dan: ä1
01:49 Dan: #1
01:49 iaj: looooooooool
01:49 Dan: warummmmmmmmmmmm ned mehr davon
01:49 Dan: und cavs
01:49 Dan: wieder
01:49 Dan: HURRY
01:49 Dan: lol
01:49 iaj: lol
01:49 iaj: die palme
01:49 iaj: ich hasse ihn
01:49 iaj: ALTER
01:49 Dan: looooooooooooool
01:49 iaj: der war ma
01:49 iaj: gut
01:49 iaj: loooooool
01:49 Dan: loooooooooool
01:49 Dan: jo
01:49 iaj: wieso ned mehr davon
01:49 Dan: weilse 
01:49 Dan: SUCKEN
01:50 Dan: MAN
01:50 iaj: MAAAAAAAAAAAAN
01:50 iaj: aber pace stimmt
01:50 iaj: phew
01:50 Dan: is soga fast 60er kurs
01:50 iaj: looooooooooool
01:50 Dan: aber kack cavs ziehn halt davon
01:50 iaj: brauchen
01:50 iaj: 62er
01:50 iaj: looooooool
01:50 iaj: jo
01:50 Dan: looooooooooooooooool
01:50 Dan: dann
01:50 Dan: werdens also genau 60
01:50 Dan: gayyyyyy
01:51 iaj: chicago wird auch stimmmen
01:51 iaj: ACHGOOOTTTTTTTTTTT
01:51 iaj: wixkrueppel minne
01:51 iaj: 81-81
01:51 iaj: wär sogar
01:51 iaj: machbar
01:51 iaj: lol
01:52 iaj: jeder noch 20
01:52 iaj: wärs
01:52 iaj: naja auch utopisch
01:52 iaj: loooooooool
01:52 Dan: looooooooooooooooooool
01:53 Dan: flynn trifft auch nemmer
01:53 iaj: First Team Foul
01:53 Dan: der bastard
01:53 iaj: loooooooool
01:53 Dan: lol
01:53 Dan: looooooooool
01:53 Dan: 24s again
01:53 Dan: für minne zum runterspielen
01:53 iaj: 2. Team Foul
01:53 Dan: DIE KACK PALME
01:53 Dan: lass n halt dunken
01:53 Dan: das kost nur zeit lol
01:53 Dan: +11 bulls
01:53 Dan: das wohl auch safe
01:53 Dan: dank cavs
01:54 Dan: KACK FLYNN TRIFF HALT
01:54 Dan: fast 1min ball gehabt
01:54 Dan: die akck wolves
01:54 iaj: und
01:54 iaj: cavs
01:54 Dan: alle 2 min hasst man ein team even more
01:54 iaj: in alter manier
01:54 iaj: loooooooool
01:54 Dan: als das andere
01:54 Dan: jetzt wohl wieder die cavs
01:54 Dan: ROFL
01:54 Dan: LOOOOOOOOOOOOOOOOOOOOOOOOOOOOOOOOL
01:54 iaj: gut gedacht
01:54 iaj: looooooooool
01:54 Dan: LOOOOOOOOOOOOOOOOOL
01:54 iaj: und
01:54 iaj: die cavs
01:54 iaj: boaaaaaaaaaa
01:54 Dan: LOOOOOOOOOOOOOOOOOOOOOOOOOOOOOL
01:55 Dan: wieder 
01:55 Dan: 20s gone
01:55 Dan: wie die kack kommentatoren
01:55 iaj: trottttttteeeeellssssssss
01:55 Dan: mich abfucken
01:55 Dan: wo gibts da was zu feiern
01:55 Dan: bei dem under
01:55 iaj: looooooooooooooool
01:55 Dan: würdense ned immer 20sec nehmen
01:55 Dan: die missgeburten
01:55 iaj: hmmm
01:55 iaj: noch n 3er wenner trifft
01:55 iaj: und 60er kurs
01:55 iaj: lol
01:55 Dan: aber
01:56 iaj: k
01:56 Dan: wer soll da treffen
01:56 iaj: die sind schon deadly
01:56 Dan: minne is wohl
01:56 Dan: ICE COLD
01:56 Dan: ot kannste jedenfalls knicken
01:56 Dan: A WONDER
01:56 iaj: looooooool
01:56 iaj: lol
01:56 Dan: unter 10s
01:56 Dan: bis wurf
01:56 Dan: wtf
01:56 iaj: WARUM
01:56 iaj: spielen se jetz
01:56 iaj: WICHSER ey
01:57 Dan: looool
01:57 iaj: palme ball
01:57 Dan: die cavs
01:57 Dan: looooooooooooooooll
01:57 Dan: palme in zone
01:57 Dan: für ewig
01:57 iaj: SCHNELLER MAN
01:57 iaj: lol
01:57 Dan: und spielt erstma 2min volleyball
01:57 iaj: lol
01:57 iaj: 26 sogar
01:57 iaj: des Q schon
01:57 Dan: jo
01:57 Dan: könnt soga echt ü50 geben
01:58 Dan: aber 1st und 3rd
01:58 Dan: die geilen phasen
01:58 Dan: ham halt gefickt
01:58 iaj: jo loooooool
01:58 Dan: eigentlich hamse jeweils nur halbes qtr gespielt
01:58 Dan: also gleich 2,5 qtr done
01:58 Dan: bei 6min mark
01:58 iaj: looooooooooooooooooool
01:58 iaj: looooooooooooooooooooooool
01:59 iaj: h8 h8 h8 h8 h8 h8
01:59 Dan: wie ich se hasse
01:59 iaj: MMMMMMM
01:59 Dan: jo
01:59 iaj: zum nächsten timeout
01:59 iaj: isses to schätz ich lol
02:00 Dan: lol
02:00 iaj: foult
02:00 Dan: die wixer alter
02:00 Dan: wie ich se hasse
02:00 Dan: tot
02:00 Dan: now
02:00 Dan: timeout
02:00 Dan: wohl abgeklärt
02:01 Dan: dass zuviel gescored wurd
02:01 iaj: loooooooool
02:01 Dan: loool wie se immer
02:01 Dan: vom korb wegziehn
02:01 Dan: statt reinzugehn
02:01 iaj: scoreless min
02:01 Dan: boah ich ertrag das ned lol
02:01 Dan: cavs in the bonus
02:01 Dan: wieder bei 5min
02:02 iaj: lol
02:02 Dan: looooooooooool is das geil
02:02 Dan: diese SINNLOS 3er
02:02 iaj: 30 to go
02:02 iaj: loooooooooooooooool
02:02 Dan: H8h8h8h8h8h8
02:02 Dan: du sagstes man
02:02 iaj: alter
02:02 Dan: LOOOOOOOL
02:02 Dan: HATE
02:02 iaj: parker again no
02:02 iaj: jetzt muss man wohl
02:02 iaj: für minne
02:02 iaj: sein
02:02 Dan: jo
02:02 Dan: lol
02:02 iaj: Aber
02:02 iaj: WICHSER
02:02 iaj: loooooooool
02:02 Dan: LOOOOOOOOOL
02:02 Dan: immerhin
02:02 Dan: das
02:02 Dan: der luke
02:03 Dan: minne soll wenigstens gewinnen
02:03 Dan: für dieses hurensohn 24s spielerei
02:03 iaj: loooooooooooooooooooooooool
02:03 Dan: ROFL
02:03 Dan: wie geil s wär
02:03 Dan: wärs ned schon tot
02:03 iaj: jo
02:03 Dan: obse auch bei -5
02:03 Dan: noch so uhr spielen?
02:03 Dan: dumme missgeburten
02:03 iaj: loooooooool
02:04 iaj: loooooooooooooooool
02:04 iaj: NOOOOO
02:04 Dan: maaaaaaan warum zum webster
02:04 Dan: du spast
02:04 Dan: WIXER ELENDE
02:04 Dan: ALLESAMT
02:04 iaj: looooooooooooooool
02:04 iaj: 25
02:04 Dan: ridnour
02:04 iaj: noch
02:04 Dan: wer sonst
02:04 Dan: lol
02:04 iaj: loooooooooool
02:04 iaj: 22
02:04 iaj: lol
02:04 iaj: naja
02:04 iaj: auch mit OT
02:04 Dan: loooooooooooooooooooool
02:04 iaj: loss
02:04 iaj: looooooooooooooooooooooooooool
02:04 Dan: jo
02:05 Dan: geht nix mehr
02:05 Dan: kack uhr spielerei
02:05 Dan: naja wenn wer auch immer hinten liegt
02:05 Dan: jeden 3er trifft
02:05 Dan: und alle ft immer reingehn
02:05 Dan: könnts noch ziehn LOL
02:05 Dan: mit suns
02:05 Dan: hätt ich hopes
02:05 iaj: looooooooo
02:06 iaj: die scheiss OT
02:06 iaj: kommt eh NIEEEEEEEEE
02:06 iaj: wenn man sie brauch
02:06 iaj: is so 2% chance oder so
02:06 iaj: ne
02:06 iaj: nichma
02:06 iaj: looool
02:06 Dan: loooooooooooooool
02:07 Dan: darfst ned vergessen
02:07 Dan: zu gucken
02:07 Dan: a) sind wir drauf
02:07 Dan: b) isses faded pick
02:07 Dan: c) reguläres spiel
02:07 iaj: looooooooool
02:07 iaj: MAFIA SEI AUF OT
02:07 Dan: a) 1promille
02:07 Dan: b) 75%
02:07 Dan: c) 1,5%
02:07 Dan: oder so
02:07 Dan: lol
02:07 Dan: un dann verchokens noch die bulls LOL
02:07 iaj: loooooooooooooooooooooooooooooooooooooool
02:08 iaj: looooooooooooooooooooooooooooooooooooooooooooooooooooooooooooool
02:08 iaj: geil wärs
02:08 Dan: jo LOL
02:08 iaj: 5/5 3ern
02:08 iaj: looooool
02:08 Dan: jo daher ja so abgefuckt
02:08 Dan: dass er abgespielt hat zum webster davor
02:08 Dan: der eh nix drauf hat
02:08 Dan: KACK CAVS
02:08 Dan:  
02:08 Dan: airball ROOOOOOOOOOOOOOOOOOOOOOOOOOOOOFL
02:08 Dan: go luke
02:08 Dan: GO LUKE GO
02:09 iaj: loooooooooooooooool
02:09 Dan: beasley totgetreten wohl
02:09 Dan: wie konnt da keiner drin sein ey
02:09 iaj: loooooooooool
02:09 Dan: ridnour?
02:09 Dan: lol
02:09 iaj: love
02:09 iaj: lol
02:09 Dan: aso
02:09 Dan: kk
02:09 Dan: da isser
02:09 iaj: <3
02:09 Dan: 11 points this qtr LOL
02:09 iaj: loooooooooooool
02:09 Dan: minne lead
02:09 Dan: yea
02:09 Dan: immerhin das
02:09 Dan: GEHT UNTER
02:09 Dan: SCHEISS CAVS BASTERDS
02:10 Dan: alter
02:10 Dan: die spielen echt die  uhr
02:10 Dan: ciao
02:10 Dan: another 24s
02:10 Dan: phew
02:10 Dan: geluckt
02:10 iaj: looooooool
02:10 iaj: loooooooooooooool
02:10 Dan: dummes scheiß bastard spasten team
02:10 iaj: loooooooooooooooooooooooool
02:10 Dan: ICH HASSSE DIE CAVS SO MAN
02:10 Dan: wie klar s war
02:10 iaj: hmmmmmmmmmmmm
02:10 iaj: is der eine diff
02:10 Dan: wärn die letzten 4 angriffe
02:10 iaj: ders doch kack oder
02:10 iaj: loooool
02:10 Dan: net so gaylorded
02:11 Dan: wärs sogar over gegangen
02:11 Dan: aber so is wohl
02:11 Dan: +1 für eins der teams
02:11 Dan: boah wie gay
02:11 Dan: und
02:11 Dan: WIE ICH DIE CAVS HASSE
02:11 Dan:  
02:11 Dan: grad wieder dran gedacht
02:11 Dan: wie se sogar bei rückstand die uhr gespielt ham
02:11 Dan: dumme scheiß wixspasten
02:12 iaj: 16 fehlen looool
02:12 Dan: looooooooooooooooooooooool
02:12 iaj: 3er oder nen verfehlten ft
02:12 iaj: brauchen wir
02:12 Dan: 15 gibts noch dank fouls
02:12 iaj: lol
02:12 iaj: lol
02:12 iaj: des könnt sogar gehen
02:12 Dan: jo
02:12 Dan: lol
02:12 iaj: lol
02:13 iaj: aber 
02:13 iaj: not here
02:13 iaj: no fouls to give
02:13 Dan: daher doch 15
02:13 Dan: lol
02:13 Dan: KACK WEBSTER
02:13 Dan: MAN
02:13 iaj: loooooool
02:13 Dan: ciao
02:13 Dan: 25s
02:13 Dan: 24
02:13 iaj: loooooooool
02:13 Dan: die palme
02:13 iaj: wiese
02:13 iaj: die uhr spielen
02:13 Dan: weg war frei
02:13 Dan: und zieht ned loooooooooooooooool
02:13 Dan: lieber
02:13 Dan: so n wurf nehmen
02:13 Dan: würd ich auch
02:13 Dan: BOAH
02:13 iaj: sind das spasten
02:13 iaj: lol
02:13 Dan: ok abgehakt
02:13 Dan: fieber nur noch minne jetzt
02:14 Dan: unglaublich einfach nur
02:14 Dan: die hurensohn cavs
02:14 iaj: am besten wär
02:14 iaj: hmmmmmmm
02:14 iaj: to minne
02:14 iaj: to cavs
02:14 iaj: to minne
02:14 iaj: cavs machen 2er
02:14 iaj: und minne zum abschluss buzzer 3er
02:14 iaj: lol
02:14 Dan: loooooooooooooooooooooooooooooooooooooooool
02:14 Dan: bestimmt eh dann webster
02:14 Dan: wie dumm die sind
02:15 Dan: ridnour on fire
02:15 Dan: un lassen den typ werfen
02:15 Dan: der nur verfehlt
02:15 iaj: 3-12
02:15 iaj: loooooooooooooooool
02:15 iaj: wennse heut losen
02:15 iaj: dann wegen dem
02:15 Dan: 3 von 12 isser
02:15 Dan: looooooooooooool
02:15 Dan: und wir
02:15 Dan: losen halt auch
02:15 Dan: wegen dem
02:15 Dan: und cavs missgeburtengen
02:15 iaj: loooooooooooooooool
02:15 iaj: and off it goes
02:16 iaj: treffen
02:16 Dan: loooooooooooooooooooooooooooooooooooooooooooooooooooooooooooooooool
02:16 Dan: da hoffter nochma
02:16 Dan: ROFL
02:16 Dan: ROOOOOOOOOOOOOOOOOOOOOOOOOOOOOOOOOOFL
02:16 Dan: LOOOOOOOOOOOOOOOOOOOOOL
02:16 iaj: k
02:16 Dan: sind die matt einfach nur alle
02:16 iaj: das wars
02:16 Dan: un damit
02:16 Dan: isses wohl tot
02:16 Dan: lol
02:16 Dan: wär der ma rein lo
02:16 Dan: l
02:17 Dan: miss einen
02:17 Dan: du kackspast
02:17 Dan: aber nu
02:17 Dan: eh beide in
02:17 Dan: @1,01
02:17 iaj: loooooooooooooooooooooooooooooool
02:17 iaj: wärs nur
02:17 Dan: to break the tie
02:17 Dan: and the kombi
02:17 iaj: mein plan 
02:17 iaj: war perfekt
02:17 iaj: KACK CAVS
02:17 Dan: loooooooooooooooooooooooooooooooooooooooool
02:17 iaj: nur ft
02:17 iaj: hätten se 
02:17 Dan: dummes scheiß spasten team
02:17 iaj: kriegen müssen
02:18 Dan: sag ich doch
02:18 iaj: dann entweder 1einen oder beide
02:18 iaj: foulen se jetzt?
02:18 Dan: wohl kaum lol
02:18 Dan: mit lead
02:18 iaj: lol
02:18 iaj: ofc 
02:18 iaj: 24s
02:18 Dan: cavs turnover foul und 3er cavs zur ot
02:18 iaj: now
02:18 Dan: geht?
02:18 Dan: jo
02:18 Dan: LOL
02:18 iaj: looooool
02:18 iaj: statt
02:18 iaj: 26
02:18 iaj: boa
02:18 iaj: wasn diff
02:18 iaj: WIXER
02:18 Dan: 24.3
02:18 Dan: LOL
02:18 Dan: die dummen spastencavs
02:18 Dan: wie geil das eben immer war
02:19 Dan: seit 90sec ca
02:19 iaj: schnell
02:19 Dan: immer wenn ma ball
02:19 iaj: dann missen
02:19 iaj: foulen
02:19 Dan: einfach ablaufen lassen
02:19 iaj: und dann 
02:19 Dan: loooooooooooooooooooooooooooooool
02:19 iaj: kann man immerhin hoffen
02:19 iaj: sie müssen missen
02:19 Dan: ft her
02:19 iaj: auf jeden fall
02:19 Dan: foul einer
02:19 Dan: die wixer
02:19 Dan: wollen buzzern
02:19 Dan: damit wir krepiern
02:19 Dan: pfiff her
02:19 Dan: da isses tot
02:19 Dan: ICH HASSE DIE CAVS SO MAN
02:20 Dan: 50er wieder btw
02:20 iaj: zum korb ziehen
02:20 iaj: foul
02:20 iaj: und nur einen machen
02:20 Dan: hätten se 1st un 3rd halt gescheit gespielt
02:20 Dan: wär das soooo locker over gegangen
02:20 Dan: SPASTEN ELENDE
02:21 Dan: schneller 3er
02:21 Dan: schneller 2er
02:21 Dan: ginge auch
02:21 Dan: LOL
02:21 iaj: loooooooooool
02:21 Dan: oder turnover foul
02:21 iaj: hmmmmmmmmm stimmt
02:21 Dan: scheiß cavs boah
02:21 Dan: HATE
02:21 iaj: aber die kack 10 s
02:21 Dan: WIRF
02:21 Dan: alter.........
02:21 iaj: looooooooooooooooooooooooooooooooooooooooooooooooooool
02:21 iaj: keine
02:21 iaj: pfiffe
02:21 Dan: ham die grad gesagt sein 1st field goal die half?
02:21 iaj: wieso
02:21 iaj: NICHT
02:21 Dan: lol
02:21 Dan: looooooooooooooooooooooooooooooool
02:22 iaj: JETZT natürlich ned
02:22 Dan: die wissen warum...
02:22 iaj: gibt's nich ey
02:22 Dan: foul her lol
02:22 iaj: lol
02:22 iaj: foul jo
02:22 Dan: alter dieser EINE SCHEISS PUNKT MAN
02:22 iaj: einzige chance
02:22 iaj: jo
02:22 iaj: loooooooooooool
02:22 iaj: ich sags seit 2:00 min mark
02:22 Dan: loooooooooooooool
02:22 iaj: der stinkkkkkkkkkkkt
02:22 Dan: jo
02:22 Dan: foul her
02:22 Dan: FOUL HER
02:22 Dan: PFEIF
02:23 Dan: PFEIF
02:23 Dan: PFEIF
02:23 Dan:  
02:23 Dan: MAN
02:23 iaj: was wars?
02:23 Dan: kA
02:23 Dan: stream hängt jetzt auch
02:23 iaj: lol
02:23 iaj: mafia involved
02:23 Dan: lol
02:23 Dan: final wohl
02:23 iaj: end
02:23 iaj: of game
02:23 Dan: das geliebte
02:24 iaj: loooooooooooooool
02:24 Dan: wenigstens haben die dummen hurensöhne verlorn
02:24 Dan: wie ich die hasse boah
02:24 iaj: jo
02:24 iaj: kack
02:24 iaj: hurensohn
02:24 iaj: cavs
02:24 iaj: lol
02:24 iaj: nie wieder
02:24 Dan: loooooool
02:24 Dan: jo
02:24 Dan: blacklisted
02:24 Dan: for good
02:24 iaj: wett ich irgenwwann mit denen
02:24 Dan: looooooooooooool
02:25 Dan: immernoch
02:25 Dan: unfassbar lol
02:25 iaj: loooooooooool
02:25 Dan: wenn ich dran denk
02:25 iaj: det -2 grad
02:25 iaj: ich fieber grad
02:25 iaj: dafür
02:25 Dan: wie se bei 2min rum
02:25 Dan: die lead hatten
02:25 Dan: und immer bis 24s freien weg zum korb ignored
02:25 iaj: ommmmmmmmmmmg
02:25 iaj: detroit ball
02:25 Dan: un dann komische krüppelwürfe beim buzzer taken
02:25 iaj: 18sec left
02:25 iaj: -2
02:25 iaj: jo
02:25 iaj:  
02:25 Dan: loooooooooooooooooooooooooooooooooooooooool
02:25 iaj: loooooooooooooool
02:25 Dan: und 
02:25 Dan: dann wo bei 1min äppes
02:25 Dan: minne +1 war
02:26 Dan: hamse trotzdem
02:26 Dan: uhr gespielt
02:26 Dan: so krasse hurensöhne einfach nur
02:26 Dan: das qtr hätt locker über 60 gehn können
02:26 Dan: ohne den hurensohnfaktor
02:26 Dan: lol
02:26 iaj: treffen detroit looooool
02:26 Dan: ne missen ham doch -3
02:26 Dan: oder
02:26 Dan: lol
02:27 Dan: buzzer miss gsm 
02:27 Dan: wär top
02:27 iaj: jo
02:27 iaj: aber wennse vorher missen
02:27 iaj: is oful
02:27 iaj: foul
02:27 iaj: und -4
02:27 Dan: loooool jo
02:27 Dan: stream is on
02:27 Dan: zocken die uhr wohl
02:27 iaj: laaaaaaauf uhr
02:27 Dan: ned
02:27 Dan: off reb
02:27 Dan: LOOOOOOOOOOOOOOOOOOOOOOOOOOOOOOOOOOOL
02:27 iaj: LOOOOOOOOOOOL
02:27 Dan: da
02:27 iaj: LOOOOOOOOOOOOOOOOOOOOOL
02:27 Dan: gibts die ot
02:27 Dan: OFC
02:27 iaj: LOOOOOOOOOOOOOOOOOOOOOOOOOOOOOOOOOOOOOOOOOOOOOOOOOOOOOOOOOOOOOOOOL
02:27 Dan: LOOOOOOOOOOOOOOOOOOOOOOOOOOOOOOOOOOOOOOOOOOOOOOOOOOOOOOOOOOOOOOOOOOOOOOOOOOOOOOOOOOOOOOOOOOOOOOOOOOOOOOOOOOOOOOOOOOOOOOOL
02:27 iaj: looooooooooooooooooooooooooooooooooooooooooooooooooooooooooooool
02:27 Dan: LOOOOOOOOOOOOOOOOOOOOOOOOOOOOOOOOOOOOOOOOOOOOOOOOOOOOOOOL
02:28 Dan: ich packs ned
02:28 Dan: boah
02:28 Dan: bring mir nen atheisten
02:28 iaj: wär nur der 3er rein
02:28 Dan: wer hier ned an höhere mächte glaubt
02:28 Dan: weiß ich auchned
02:28 Dan: so n krasses IN YOUR FACE lol
02:28 iaj: wärs nur
02:28 Dan: IN YOUR FACEEEEEEEEEEEEEEEEEEEEEEEEEEEEEEEEEEEEEEEEEEEE
02:28 iaj: früher
02:28 iaj: und chi
02:28 iaj: würd mit 2 winnen
02:28 iaj: lol
02:29 Dan: IIIIIIIIIIIINYOUUUUUUUUUUUUURFACEEEEEEEEEEEEEEEE
02:29 Dan: IIIIIIIIIIN
02:29 Dan: YOUR
02:29 Dan: FACE
02:29 iaj: We are going to Overtime
02:29 Dan: WE WILL GO TO *OVERTIME*
02:29 iaj: loooooooooooooooooooooooooooooooooooooooooooooooooool
02:29 iaj: Das ist doch
02:29 iaj: alles einfach nicht wahr
02:29 Dan: in your face deluxe
02:29 Dan: is das
02:29 Dan: boah
02:30 iaj: looooooooooool
02:30 iaj: bepiss
02:30 iaj: mal wieder
02:31 Dan: naja oder ohne hurensohnfaktor im 4th lol
02:31 Dan: naja oder ohne hurensohnfaktor im 4th lol
02:31 iaj: Zackkkkkkkkkkkkkkkk
02:31 iaj: Immerhin is Polen ungewiss
02:31 iaj: weil Silvi krank
02:31 iaj: lo
02:31 iaj: l
02:31 Dan: looooooooooooooooooooooooooool
02:31 iaj: Geldtechnisch
02:31 Dan: lol
02:31 iaj: wärs wohl vorteilhaft
02:31 Dan: hatse auch grippe
02:31 iaj: jep vom feinsten wohl
02:31 Dan: bei mir gehts seit heut abend leider wieder bergauf
02:32 Dan: krepiern
02:32 Dan: wär besser
02:32 Dan: 5:00 left in 1OT
02:32 Dan: <3
02:32 Dan: sc2´n???
02:35 iaj: looooooooooooool
02:35 iaj: looooooooooooooooooooooooooooooooooooooooooooooooooooooooooooooooool
02:35 iaj: Geht bei mir nicht
02:36 iaj: chicago hat sogar
02:36 iaj: gute defense
02:37 Dan: lol
02:37 iaj: muss ich sagne
02:37 Dan: liegts da ned an unvermögen wie bei cavs
02:37 Dan: PUSH
02:37 Dan: lol
02:37 iaj: +3 
02:37 iaj: looooool
02:37 iaj: jo
02:38 iaj: dieses kack wetten
02:38 iaj: loooooool
02:38 Dan: looooooooooooooooool
02:38 Dan: boah ich bin so bankrott alter
02:38 Dan: tu was dass die scheiß schäfersau latzt lol
02:39 Dan: wie ich mich auf die eplus rechnung freu loooooooooool
02:39 iaj: vom koy gainste auch noch 100
02:39 iaj: looooooool
02:39 Dan: LOL
02:39 Dan: die kann ich wohl abschreiebn
02:40 Dan: evtl kann ich s handy ja verchecken
02:40 Dan: für hälfte von eplus rechnung
02:40 iaj: JAAAAAAAAAA
02:40 Dan: loooooooooool
02:40 iaj: looooooooooooooool
02:40 iaj: es soll auf jeden fall
02:40 iaj: falsch sein
02:40 iaj: chicago
02:40 Dan: loooooooooooooool
02:40 Dan: wär immerhin etwas
02:40 iaj: denn dann kann ich wenigstens
02:40 Dan: geil verchoked wärs
02:41 Dan: boozer rose lol
02:41 Dan: krasse sache
02:41 Dan: und brewer hamse ja noch
02:41 Dan: und den geilen taj lol
02:41 iaj: loooooool
02:41 Dan: yesssssss
02:42 Dan: abpfeifffen lol
02:42 iaj: pheeeeeeeeew
02:42 iaj: aber
02:42 Dan: mitm over
02:42 iaj: < 24 bringen
02:42 Dan: würd man nu wohl geil abkotzen lol
02:42 Dan: weil max push gainen
02:42 Dan: phew
02:42 Dan: rose wollts uns versaun
02:42 Dan: sie foulen
02:42 Dan: die schweine lol
02:42 iaj: nooooooooooo
02:42 iaj: loooooooooooooooooooooooooooooooooooool
02:42 iaj: werft doch später
02:42 Dan: looooooooooooooool
02:42 Dan: hät rose den 3er getroffen
02:42 Dan: wär kacke jetzt lol
02:43 iaj: boa jo
02:43 Dan: der verfehlt jetzt einen wetten
02:43 iaj: wie kacke das wär
02:43 Dan: lol
02:43 iaj: looooooooooooooooooooooooooooooooooooooooooooooooooooool
02:43 iaj: jo
02:43 Dan: einfach nur halt nochma
02:43 iaj: da wo wir immer drauf hoffen
02:43 Dan: so
02:43 Dan: inyourface mäßig
02:43 Dan: LLOL
02:43 iaj: hätten die rotz pistons
02:43 iaj: nur gescored
02:43 iaj: lol
02:43 Dan: looooooooooooooooooooool
02:44 iaj: wärs schon through
02:44 Dan: jo so gibts noch n push
02:44 Dan: der einem nach dem choke 4th ja genügt hätte
02:44 iaj: push wird kommen jo
02:44 Dan: die kacke alter
02:44 iaj: wie man jetzt
02:44 iaj: entgegen fiebert
02:44 iaj: lol
02:44 Dan: was hat schäfer nochma gesagt wann er jetzt latzen will?
02:44 Dan: november
02:44 Dan: äh
02:44 Dan: ende nov
02:44 Dan: äh
02:45 Dan: anfang dez
02:45 Dan: äh 
02:45 Dan: mitte dez
02:45 Dan: äh
02:45 Dan: ende dez
02:45 Dan: äh OH muss ja geschenke kaufen
02:45 Dan: anfang jan?
02:45 iaj: anfang jan currenlty lol
02:45 iaj: korver !
02:45 Dan: der dumme wixer
02:45 Dan: lol
02:45 iaj: over chiacgo
02:45 iaj: wär besser gewesen
02:45 iaj: loooooooooool
02:45 iaj: da wär die OT geil
02:45 Dan: MADE
02:45 Dan: uuuuuuuuuuuuund..................
02:45 iaj: was wohl lol
02:45 Dan: MADE
02:45 Dan: OFC
02:45 iaj: push sichern
02:46 Dan: loooooooooool
02:46 iaj: solche
02:46 iaj: wichhhhhsssssssseeeeeeeer
02:46 Dan: loooooooooool
02:46 iaj: und n 2er
02:46 iaj: machn se eh ned
02:46 iaj: loooooooool
02:46 Dan: scheiß cavs alter
02:46 Dan: jo
02:46 Dan: ot2 hoffen also
02:46 Dan: lol
02:46 Dan: damits hier sicher over geht
02:46 iaj: loooooooooooooooooooooooooooooooooooooooooooooooooooooooooooooooooooooooooooool
02:46 Dan: LOL
02:46 Dan:  
02:46 Dan: also
02:46 Dan: over 205
02:46 Dan: halt
02:46 iaj: 185 warns glaub
02:46 Dan: via
02:46 iaj: loooooooooooooooooooooooool
02:46 Dan: 2x ot
02:46 Dan: looooooooooooooool
02:46 iaj: loooooooooooooooooooooooooooooool
02:46 Dan: auf jeden fall isses over gegangen
02:46 Dan: dank der ot
02:46 Dan: lol
02:46 Dan: so geil lol
02:47 iaj: tmac bei stons?
02:47 iaj: loooooool
02:47 iaj: ich bin nich auf m laufenden
02:47 Dan: Last Play: 8:15 Lost ball turnover on Andre Iguodala (PHI)
02:47 iaj: looooooooooooooooooooooooooooooooooooooo;l
02:47 Dan: hab ich auned mitbekommen
02:47 iaj: da isser wieder
02:47 Dan: aber im ticker
02:47 iaj: in actoin
02:47 Dan: war er perm am start
02:47 Dan: im 4.
02:47 Dan: lol
02:47 Dan: MÖÖÖP
02:47 Dan: PUSH
02:47 iaj: MAAAAAAAAAAAAAAAAAAAAAAAAAAAANNNNNNNNNNNNNNNNNNNNNNNNNNNN
02:47 iaj: MAAAAAAAAAAAAAAN
02:47 Dan: loooooool
02:47 iaj: MAAAAAAAAAAAAAAAAAAAAAAAAAAANNNNNNNNNNNNNNNNNNNNNNNNNNNNNNNN
02:47 iaj: MAAAAAAAAAAAAAAAAAAAAAAAAAAAAANNNNNNNNNNNNNNNNNNNNNNNNNNNNNNNNNNNNNNNNNNNNNNNNNNNNNNNNNNNNNNNNN
02:47 iaj: nu liegts doch
02:47 iaj: am arschfick
02:48 Dan: can you say
02:48 iaj: HURENSOHN
02:48 Dan: SCHEISS CAVS
02:48 iaj: CAVTEAM
02:48 iaj: :((((((((((
02:48 Dan: aber
02:48 Dan: minne
02:48 Dan: 110ppg allowed
02:48 Dan: is ja auch schon n tough D
02:48 Dan: muss man schonma festhalten
02:48 iaj: 17 warns hier
02:48 iaj: in OT
02:48 Dan: loooooooooooool
02:48 iaj: die hätten
02:48 iaj: wohl gereicht
02:48 Dan: hätten locker gelangt lol
02:48 iaj: SPAST
02:48 Dan: KOTZZZZZZZZZZZEN
02:48 iaj: was trifft der eine auch
02:48 iaj: die fts
02:48 Dan: ZUM KOTZZZZZZZZZEN
02:49 Dan: was lassen se auch 
02:49 Dan: webster die 3er werfen
02:49 Dan: wo ridnour alle trifft
02:49 Dan: sowas werd ich auch NIE kapiern
02:49 iaj: 10
02:49 iaj: hätten gefehlt
02:49 iaj: looooooooooooooooooooojl
02:49 Dan: lol
02:49 iaj: achmaaaaaan
02:49 Dan: und 
02:49 Dan: NORMALERWEISE
02:49 Dan: wenns eng ist
02:49 Dan: fallen die halt auch in den last 90sec
02:49 Dan: aber hier ofc
02:49 Dan: ohne fouls
02:49 Dan: lieber 24s violations
02:50 iaj: :(:(:(:(:(:(:(:(:((:(:(::((:
02:50 iaj: der koy
02:50 iaj: is schon
02:50 iaj: in HOn verschwunden wohl
02:50 iaj: lol
02:50 Dan: jo
02:50 iaj: auch 202.5
02:50 Dan: lol
02:50 iaj: warns wohl nich
02:50 Dan: loooooooooooool
02:50 iaj: 8 hatter
02:50 iaj: gemissed
02:50 Dan: looooooool
02:50 Dan: das kack 3rd
02:50 Dan: und
02:50 Dan: even more
02:50 Dan: die kack 4min im 1st
02:50 Dan: eigentlich
02:50 Dan: warns die lol
02:50 Dan: 4min = 4pte
02:51 Dan: 14 wärn schon weniger als durchschnitt gewesen
02:51 Dan: aber............
02:51 iaj: stimmt
02:51 iaj: :D
02:51 iaj: ich glaub ich steig wieder auf Unders um
02:51 iaj: wie in dem einen MLB game
02:51 iaj: looooooooool
02:52 iaj: wos nach 2 innings 8 runs hatte
02:52 iaj: und wir under 8.5
02:52 iaj: :D
02:52 Dan: loooooooooooooooooooooooooooooooooooooooooooooooooool
02:52 Dan: die kacke :-D
02:52 Dan: naja immerhin
02:52 Dan: hab ich die scheiß kack niners
02:52 Dan: heut aus m playoff race gebashed
02:52 Dan: für n hunni
02:52 Dan: 6 oder 7
02:52 iaj: loooooooooooooool
02:52 Dan: ihrer 10 losses
02:52 Dan: hab ich verschachert
02:52 Dan: ha
02:52 Dan: und 5x durften se halt winnen
02:53 iaj: loooooooooooooooooooooooooooooooool
02:53 iaj: wo du se nich hattest
02:53 iaj: ;D
02:53 Dan: jo loooooooooool
02:53 Dan: ich könnt eigentlich zu den covers team xperts gehören
02:53 Dan: bei den niners ll
02:54 iaj: looooooooooooooooooolll
02:54 iaj: yeahhhh
02:56 Dan: "hasts ja voll drauf in nfl" 
02:56 Dan: kam noch vom koy 
02:56 Dan: nachm colts pick lol
02:56 Dan: dann hat er das minne over genommen....ein glück ned von mir lol
02:56 Dan: und direkt wieder alles weg
02:56 Dan: naja bald is ja wieder lottoziehung
02:57 Dan: the one n only hope 
02:57 Dan: dass dieses kack leben net mehr suckt lol
02:57 iaj: loooooooooooooooooool
02:57 iaj: würd man cash verdienen wärs einfach nur so
02:57 iaj: fürn fun
02:57 iaj: SO N FUCK
02:57 iaj: aber uni
02:57 iaj: wird nie enden
02:57 iaj: NIE NIE NIE
02:57 iaj: lol
02:58 Dan: LOOOOOOOL
02:58 Dan: jo
02:58 Dan: naja ma schaun
02:58 Dan: ich flieg ja vllt bald
02:58 Dan: dnan kann ich endlich eberhardten
02:58 iaj: looooooooooooooooooooooooooooooooool
02:58 Dan: wie ichs mir vorgenommen hab vor 7jahrn
02:58 iaj: Eberhardten
02:58 iaj: looooooooool
02:59 iaj: obs schon im Lexikon steht
02:59 iaj: achgottttttttttttt
02:59 iaj: ich werd fett, komm ned vorran in der uni, geh immer bankrotter
02:59 iaj: hmmmmmmmmmmm
02:59 iaj: 2011 muss ich was ändern
02:59 iaj: lol
02:59 Dan: sensational
02:59 Dan: is ja
02:59 Dan: wie bei mir
02:59 Dan: lol
02:59 iaj: glaub ich sollte so ne goal liste amchen
02:59 Dan: looooooooooool
02:59 Dan: diplom 2011 is mein goal...wird aber failen wohl
02:59 Dan: wie geil s wär...endlich hartz zu kriegen
02:59 Dan: achne
03:00 Dan: dafür hätt ich ja vorher job finden müssen
03:00 Dan: also
03:00 Dan: sozialhilfe 
03:00 Dan: und nur 10jahre sparn müsst ich oder so
03:00 Dan: um mein konto auszugleichen
03:00 Dan: dann nochma 20jahre
03:00 iaj: loooooooooooooooooooooooooooooooooooooooooooooooooooooooooooooool]
03:00 iaj: looooooooooooooooooooool
03:00 Dan: und ich hab kapital zum arben
03:00 iaj: LOOOOOOOOOOOOOOOOOOOOOOOOOOOOOOOOOOOOOOOOOOOOOOOOOOOOOOOOL
03:00 iaj: alles scheisssssssssseeeeeeeeeeeee
03:00 Dan: jo
03:00 Dan: vorhin schon überlegt
03:01 Dan: jetzt webdesign stuff druffzuhaun hier
03:01 Dan: weiß ned
03:01 Dan: wie ich anders je zu geld kommen soll
03:01 Dan: bin absolut ratlos....
03:01 Dan: werd zwar WOHL wiederma paar bewerbungen raushaun nächste woche
03:01 Dan: aber ich weiß ja jetzt schon
03:01 iaj: ich würd mir irgendnen knecht job suchen und parallel was richtiges
03:01 Dan: dass es einfach nur scheiß fucking CAVS (= hurensohn) sinnlos ist
03:01 iaj: loooooooooooool
03:02 Dan: jo ma schaun...glaub aber promotion hab ich kein bock wieder einzusteigen
03:02 Dan: dafür is meine allgemeine mood inzwischen zu mies
03:02 Dan: und mit den kaputten drecks knien eh scheiße den ganzen tag rumzustehn lol
03:02 Dan: achgott
03:02 Dan: IMMERHIN GESUND
03:02 Dan: wär ja was
03:02 Dan: lol
03:03 Dan: da fällt mir ein muss der reha noch aufs band sprechen un termin morgen absagen...scheiß kranksein da
03:03 Dan: hoffe die uhrzeit wird da ned angegeben lol
03:04 iaj: loooooooooooooooool
03:04 iaj: lol
03:04 iaj: die scheisse
03:04 iaj: maaaaaaaaaaaan
03:04 iaj: im januar
03:04 iaj:  muss ich direkt gehaltserhoehnung anfordern
03:05 iaj: um von dem schuldenberg
03:05 iaj: runterzukommen
03:05 iaj: übers gamblen
03:05 iaj: geht's wohl nemmer
03:05 iaj: llol
03:05 Dan: looooooooooooooooooooool
03:05 Dan: hoffe
03:05 Dan: bei mir 
03:06 iaj: die cavs waren wohl meine vorerst letzte gamblewette
03:06 iaj: lol
03:06 Dan: so
03:06 Dan: band gesprochen
03:06 iaj: jo
03:06 iaj: lol
03:06 Dan: jo lol
03:06 Dan: mit
03:06 Dan: schulden @ me tilgen???
03:06 Dan: sag blos
03:06 Dan: hast rest der welt gepackt
03:06 Dan: lol
03:07 Dan: unglaublich ... dann kann ich ja hoffen dass doch noch ausm bankrott rauskomm
03:07 Dan: lol
03:07 iaj: du und marci fehlen jo... naja
03:07 iaj: is ja auch genug holz
03:07 iaj: lol
03:07 Dan: lol...marci hat ja eh mehr als genug
03:07 Dan: also wär ich KIND OF dankbar
03:07 iaj: darf ich nie der silvi erzählen.. naja wenn ich vom berg unten bin
03:07 Dan: wenn der hinten ansteht lol
03:07 iaj: werd ich's machen
03:07 Dan: so
03:07 Dan: ausnahmsweise ma
03:07 Dan: lol
03:08 Dan: wie gesagt
03:08 iaj: jo ich bin froh wenn ich halt überhaupt was abdrücken kann.. die letzten 2 monate ging ja 
03:08 iaj: nuuuuullllllllllllllll
03:08 Dan: normal wärs mir so egal.......
03:08 Dan: und hasse es auch wenn ich deswegen ankommen muss grad weil ja weiß dass bei dir auned besser aussieht als hier lol
03:08 iaj: überleg schon als wie man noch zu geld kommen
03:08 iaj: kann
03:08 Dan: aber jetzt grad..........besonders wenn eplus mich echt abziehn sollte
03:08 Dan: bin ich echt am ass lol
03:09 Dan: weiß jedenfalls wenn eplus das echt bringt
03:09 iaj: lol da bin ich ma gespannt was die abrechnung da sagt...
03:09 iaj: naja den cash den ich bei schäfers stelle verdien
03:09 Dan: wird direkt vertrag gekündigt sobald möglich
03:09 Dan: un die könn mich ma am arsch lecken
03:09 iaj: will ich wohl direkt an dich haun... sollten ja 500+ sein
03:09 iaj: schonma
03:09 Dan: yea...wär schonma was lol
03:09 iaj: man alter hätt ich nur n normalen job
03:09 iaj: wies
03:09 iaj: wieder
03:09 Dan: jo...same
03:09 iaj: anpisssst
03:09 iaj: loooooooool
03:09 Dan: dann wär mir selbst die eplus abzocke
03:09 Dan: egal
03:10 Dan: hab ganze zeit überlegt
03:10 Dan: eigentlich kanns nur sein
03:10 Dan: wenn die mir die inet flat ned direkt freigeschaltet haben
03:10 Dan: und dann irgendwelche hardcore preise pro kb genommen
03:10 iaj: hm looooooooool
03:10 iaj: 500 eu
03:10 iaj: was haste gemacht
03:10 iaj: looooooool
03:10 Dan: nur apps geladen halt
03:10 iaj: photoshop?
03:10 Dan: loooooooooooooooooooool
03:10 iaj: =D
03:10 Dan: vllt 20-30mb
03:11 Dan: max 50
03:11 iaj: lol des kann dohc in keinem vertrag so teuer sein
03:11 Dan: jo
03:11 Dan: das is halt die frage lol
03:11 Dan: naja keinplan was die einem abzocken lol
03:11 Dan: wobei eplus bisher egtl immer geil günstig war
03:11 Dan: wär s erste ma dass die mich abrippen
03:11 Dan: aber dafür gleich genau in nem mmoment wo ich eh bankrot bin
03:11 Dan: un so richtig
03:11 Dan: lol
03:12 iaj: loooooooooooooooooooooooooooooooooooooooooooooool
03:12 iaj: die habens gerochen
03:12 Dan: loooooool
03:12 iaj: kack finanzen
03:12 iaj: wies immer sorgen caused
03:12 Dan: kann nur sein wenn die hardcore gebührn pro kilobyte schon berechnen
03:12 iaj: lol
03:12 iaj: naja
03:12 iaj: und 95% 
03:12 Dan: von wegen 5c pro kb oder so
03:12 iaj: durchs wetten
03:12 iaj: bestimmt looooooooool
03:12 Dan: dann kosten 10mb
03:12 Dan: schon 500eur
03:12 iaj: lol
03:12 iaj: das wär mies
03:13 Dan: anders kann ichs mir ned erklärn jedenfalls lol
03:13 iaj: ok
03:13 iaj: grad
03:13 iaj: uhr gecheckt
03:13 iaj: muss ja um 6 ieder raus
03:13 Dan: lol
03:13 iaj: allllltttttta
03:13 iaj: lol
03:13 Dan: loooooooooooooooooooooooooooooooooooooooooooooooooooooooooooool
03:13 iaj: sinnlos ma wida
03:13 iaj: kack wetten
03:13 Dan: sc2´n
03:13 Dan: bis 6
03:13 Dan: !!!
03:13 iaj: hoffentlich
03:13 iaj: zum letzten ma
03:13 Dan: schön wärs
03:13 iaj: lol hab nedma ne maus
03:13 Dan: naja ich hoffe
03:13 Dan: letztes ma
03:13 iaj: die hat shepherd
03:13 Dan: bis wieder alle cash haben halbwegs
03:13 Dan: der wixer
03:13 Dan: hau den bitte ma wieder an morgen 
03:13 iaj: jo loooooool
03:13 Dan: oder wann ihn siehst
03:13 iaj: definitv 
03:13 Dan: thx .(
03:13 Dan: bäh wie ichs hasse wie gesagt lol...
03:14 Dan: überleg auch schon ganze zeit ob ich mir bei irgendwem dick was leihen kann
03:14 Dan: aber tessi will ich ned anhaun
03:14 Dan: und sonst gibts wohl niemanden der cash ham könnte
03:14 iaj: ich weusst auch keinen lo... seppel vermutlich auch nid
03:14 Dan: ne
03:14 iaj: sas
03:14 iaj: LLLLLLLLLOOOOOOOOOLLLLLLLLLL
03:15 Dan: der is auch ziemlich blank meist
03:15 iaj: loooooooooooooooooooooooooooooooooooooooooool
03:15 Dan: LOOOOOOOOOOOOOOOOOOOOOOOOOOOOOOOOOOOOOOOOOOOL
03:15 Dan: da würd ich vorher insolvenz anmelden
03:15 iaj: das käm geil
03:15 iaj: lol
03:15 Dan: bevor ich mir von dem was leih
03:15 Dan: lol
03:15 Dan: selbst ohne die kacke die da jetzt ist
03:15 Dan: überleg ma
03:15 Dan: du würdest die 2,2k (nemmer 2250, gratz!)
03:15 Dan: dem sas schulden
03:15 Dan: lol
03:15 iaj: loooooooooooooooooooooooooooooooooooooool
03:15 Dan: der würd doch jeden tag 10x anrufen oder auf der matte stehn
03:15 iaj: looooooooooooooooooool
03:15 Dan: oder direkt
03:15 Dan: inkasso unternehmen engagiern
03:16 iaj: jo
03:16 iaj: loooooooooooooooool
03:16 iaj: stimmt
03:16 iaj: wichser de
03:16 iaj: roman
03:16 iaj: schon wieder TIMEOUT
03:16 iaj: kack hawks
03:16 iaj: nagut
03:16 Dan: loooooooool
03:16 iaj: danng eh ich ma pennen
03:16 Dan: kk
03:16 iaj: also dann penn ma gut
03:16 iaj: after another
03:16 Dan: ich schieb noch bissi depris
03:16 iaj: fricken night
03:16 Dan: aber geh wohl auch soon.......hoff ich
03:16 Dan: im mom
03:16 Dan: leider selbst dazu kein bock lol
03:16 iaj: loooooooool.... jo... irgendne serie reinziehen
03:16 iaj: kann ich empfehlen
03:16 iaj: also
03:17 iaj: dann
03:17 Dan: loooooooool stimmt
03:17 iaj: gn8
03:17 Dan: das könnt ablenken
03:17 Dan: kk
03:17 iaj: bis moien
03:17 Dan: goodnight
03:17 iaj: cyaaaaaaaa
--- Log closed Mon Dec 27 03:17:11 2010
--- Log opened Mon Dec 27 03:17:13 2010
03:17 --- Query: Starting query with Dan on bitlbee
03:17 Dan: ciaoooooooooooo
--- Log closed Mon Dec 27 03:17:15 2010
