--- Log opened Thu Jan 20 11:02:18 2011
11:02 --- Query: Starting query with Dan on bitlbee
11:02 iaj: lol
11:02 iaj: moin
11:02 Dan: moin
11:02 Dan: lol
11:02 iaj: Alles fitschen im Schrittschen?
11:02 Dan: inverse!
11:02 Dan: jo
11:02 Dan: warte grad aufn anruf
11:02 iaj: Inverse?
11:02 Dan: von dem silvester typ
11:02 iaj: Achso
11:02 Dan: lol
11:02 iaj: :-D
11:02 Dan: da raffters :-D
11:02 Dan: wollt schon nvm´en weil unmöglich gewesn wär zu erklärn
11:03 Dan: grats for brains!
11:03 Dan: eigentlich sollt ich um 11 bei dem sein
11:03 Dan: aber
11:03 Dan: verpennt
11:03 Dan: ne spaß lol
11:03 Dan: hat um halb 10 sms geschickt dass wahrscheinlich eh in kriftel vorbeikommt
11:03 Dan: und anrufen will dann
11:03 Dan: maaaa schaun ob ich da irgendwas knechten darf
11:04 Dan: was mir halt null bringt aber wenigstens die rechnungen zahlt
11:04 iaj: loooooool
11:04 iaj: lOOOOOOOOOL
11:04 iaj: hm
11:04 iaj: jo
11:04 iaj: so denk ich auch
11:04 iaj: lol
11:04 Dan: verzweiflung
11:04 Dan: winz wohl
11:04 Dan: lol
11:04 iaj: Naja mein ganzes Geld
11:04 Dan: scheiß auf lebenslauf
11:04 iaj: geht fürn Zahnarzt drauf
11:04 iaj: Was n das fürn Fick
11:04 iaj: pro Zahn zahlt man ~ 50 EUr
11:04 iaj: heut warns 80 lol
11:05 Dan: loool
11:05 iaj: Bezahlen für Schmerzen - genial
11:05 Dan: für untersuchung oder was
11:05 Dan: ok schmerzen
11:05 Dan: wohl schon mehr dann :-D
11:05 Dan: ich darf auch im april ca wieder
11:05 Dan: die scheiß füllung hab bestimmt schon erzählt
11:05 Dan: wo er meinte is schon bös tief aber müsst noch gehn
11:05 iaj: lol... irgendwas daemmert mir
11:05 Dan: also bohren zukleistern
11:05 iaj: lol
11:05 iaj: jo
11:05 iaj: ne
11:05 Dan: vor 3monaten wieder aufgemacht
11:05 iaj: weiss ncich mehr
11:05 Dan: geguckt
11:05 Dan: jo is besser
11:05 Dan: aber egal
11:06 iaj: ????????
11:06 Dan: nochmal den spaß
11:06 Dan: weils so schön war
11:06 iaj: LOOOOOOOOL
11:06 iaj: wieso hamse wieder aufgeamcht?
11:06 Dan: gucken obs geheilt is
11:06 Dan: hab nur so provisorische füllung
11:06 Dan: die halt paar monate hält
11:06 Dan: und wenns wieder fit is
11:06 Dan: machters richtig zu
11:06 iaj: Achso, sowas gibt's auch?
11:06 Dan: ich wette
11:06 iaj: lol
11:06 Dan: das machter noch 2jahre oder so lol
11:06 iaj: loooooooooooooooooooooooooooool
11:06 iaj: LOL
11:06 Dan: gibt ja immer gut cash
11:06 Dan: das auf zu spiel
11:06 iaj: geil wärs
11:06 Dan: und jo wusst ich auch nochned
11:06 iaj: Was haste gelatzt?
11:06 Dan: boah wie ich das immer hasse
11:07 iaj: Bei mir sagtse jedes ma, ok das wars.. AHhhh ne Moment
11:07 iaj: da is noch einer
11:07 iaj: der is nächstes ma fällig
11:07 iaj: JEDES
11:07 iaj: FUCKING
11:07 iaj: ma
11:07 Dan: kA auf jeden fall 3stellig jeds ma
11:07 Dan: LOOOOOOOOOL
11:07 Dan: is ja auch geil
11:07 iaj: ich hab schon gefragt
11:07 iaj: obs nich günstiger wär
11:07 iaj: direkt gebiss zu nehmen
11:07 iaj: lol
11:07 iaj: da gucktse blöd
11:07 Dan: oooooooooman KACK HANDY
11:07 Dan: geil
11:07 Dan: ich wart auf anruf
11:07 Dan: un grad kommt sms
11:07 Dan: sie haben 1 neuen anruf
11:07 Dan: lol
11:08 Dan: mailbox halt
11:08 Dan: pissding lol
11:08 Dan: glaub da hab ich grad was nachgeschaut
11:09 Dan: und handy hing fest dachte abgestürzt
11:09 Dan: kann wohl doch ned 100% mit iphone mithalten :-D
11:09 iaj: looooooooool
11:09 iaj: loooooooooooooooooooooooooooool
11:09 iaj: es lebt :D
11:09 Dan: ROFL
11:09 Dan: grad erst gelesn
11:09 Dan: mit gebiss
11:09 Dan: LOOOOOOOOOOOOOL
11:09 Dan:  
11:09 iaj: looooool
11:09 iaj: :D
11:09 Dan: wie geil
11:10 iaj: also ich glaub ich werd heut den schäfer chef mal fragen
11:10 iaj: ob ich rechnung schreiben kann
11:10 Dan: lol
11:10 Dan: zahnarzt
11:11 Dan: reibt sich schon die finger
11:11 Dan: halb / viertel vor 12 will er sich nochma melden
11:11 Dan: lol
11:11 Dan: der scheißer
11:11 Dan: is wohl busy
11:12 iaj: loooooooool
11:12 iaj: loooooooooooooooool
11:12 iaj: in der zeit kannste tennis gucken
11:12 iaj: wie kacke es ist
11:12 iaj: ohne was zu setze
11:12 Dan: loooooooooooool
11:12 Dan: jo
11:12 Dan: daher geb ichs mir garned erst
11:12 iaj: bockt sooooooooo null
11:12 iaj: LOL
11:12 Dan: guck am ende
11:12 Dan: wer gewonn hat
11:12 Dan: un gut is
11:13 iaj: gestern war federer gegen simon
11:13 Dan: is petkobitch schon raus?
11:13 iaj: das war sogar gut
11:13 iaj: ne spielt morgen früh
11:13 iaj: ggegen
11:13 Dan: loooooooool
11:13 iaj: venus williams
11:13 Dan: wievielte runde denn
11:13 iaj: so schnell werd ich leider kein cash auftreiben können
11:13 iaj: 3.. glaub
11:13 Dan: und wen hatse besiegt außer craybas
11:13 iaj: so ne Chinesin
11:13 Dan: wo selbst craybas schon unbelievable war
11:13 iaj: unbekannt
11:13 Dan: da die immerhin
11:13 Dan: top200 war
11:13 Dan: die chinesin bestimmt auch top200
11:13 Dan: also again
11:13 Dan: unbelievable!!!!
11:13 Dan: petkobitch macht sih
11:13 Dan: erreicht challenger niveau
11:14 Dan: wie geils immer war
11:14 Dan: der alle 7tage 2k in arsch zu blasen
11:14 Dan: lol
11:14 iaj: looooool
11:14 iaj: LOL
11:14 iaj: hat aber mal wieder
11:14 iaj: den ersten satz geloosed
11:14 iaj: und 3. mit 6-0
11:14 Dan: loool
11:14 iaj: das typische pattern
11:14 Dan: hab mich schon gewundert
11:14 Dan: weil craybas so smooth ging
11:14 iaj: wenn se den ersten winnt loosed se ja eh immer
11:14 Dan: bei der chinesin  hätt mein hc also gezogen
11:14 Dan: biatch
11:14 Dan: elendige
11:15 iaj: looooooool
11:15 Dan: werd sowas
11:15 Dan: von
11:15 Dan: für die negerin fiebern
11:15 Dan: falls ichs überhaupt mitkrieg
11:15 Dan: ich zieh mich ma um und kontaktlinsen etc
11:15 Dan: damit losspringen kann wenn der anruft in 15-30min
11:15 Dan: brb
11:16 iaj: lol
11:16 iaj: kk
--- Log closed Thu Jan 20 11:22:15 2011
--- Log opened Thu Jan 20 11:28:19 2011
11:28 Dan: die kack haare lol
11:28 Dan: wie ewig das immer dauert
11:28 Dan: bis die halbwegs gescheit liegen
11:28 iaj: looool
11:28 iaj: kenn ich
11:28 iaj: jeden morgen 1 sek
11:28 Dan: im moment hab ich se ja wieder bissi länger
11:28 Dan: jo
11:28 iaj: aetzend 
11:28 Dan: :-D
11:28 Dan: looooooooool
11:28 Dan: baldy man!
11:28 Dan: gabs ma ne serie in england
11:28 iaj: :-DDDDDDDD
11:28 Dan: der hieß so
11:28 iaj: Keine Haare keine Zähne
11:29 iaj: mein Kopf wird täglich leichter
11:29 Dan: looooooooooooooooooooooooooooooooooooooooooool
11:29 Dan: also ernährung ab jetzt
11:29 Dan: eiweis shakes only
11:29 Dan: ok hm da der vogel jeden moment anruft
11:29 Dan: stiefel ich schonma los
11:29 Dan: bock auf bissi frischluft
11:30 Dan: un die 800meter zum rathaus
11:30 Dan: muss ich ja ned unbedingt fahrn lol
11:30 Dan: brb 1-2hrs!
11:30 Dan: hoffentlich dann mit irgendwas handfesterem als den bisherigen palaber
11:31 Dan: aber da ich ja selbst nach zusage keinen job bekam bereits (bei den moviepark hurensöhnen...den einen brief übrigens doch ned abgeschickt damals, stolz hat gesiegt)
11:31 Dan: mach ich mir eh null hoffnungen .D
11:31 Dan: bis später biatch!
11:31 iaj: kkk
--- Log closed Thu Jan 20 11:37:15 2011
--- Log opened Thu Jan 20 11:47:31 2011
11:47 Dan: Looool
11:48 Dan: Jetzt kann ss handy icq skills zeigen wo ich noch 10 min warten darf
11:49 Dan: Pisser
--- Log closed Thu Jan 20 11:55:15 2011
--- Log opened Thu Jan 20 15:02:15 2011
15:02 --- Query: Starting query with Dan on bitlbee
15:02 Dan: scheißhaufen
15:02 Dan: elendiger
--- Log closed Thu Jan 20 15:08:11 2011
--- Log opened Thu Jan 20 15:08:18 2011
15:08 iaj: JO MEIN
15:08 iaj: JO MEI
15:08 iaj: DAS GELD IS FORT
15:11 iaj: Was geht ab
--- Log closed Thu Jan 20 15:17:11 2011
--- Log opened Thu Jan 20 16:45:26 2011
16:45 Dan: die scheiß telekom lol
16:45 Dan: grad da probiert was rauszufinden
16:45 Dan: die 3. Nr die mir gegeben wurd war dann auch SCHON der richtige ansprechpartner
16:45 Dan: und jedes ma stundenlange warteschleife lol
16:46 Dan: najo....aber wie´s ausschaut krieg ich ne chance bei dem angehenden mcmillionaire
16:47 Dan: plan ist wohl ich schnupper rein, erstmal als praktikant nur und wenn ich die chance nutz gibter mir richtigen job mit standard cash um sagenhafte 10eur std in dem dreh wohl
16:47 Dan: plan is also unersetzbar machen und später 15fordern
16:47 Dan: lol
16:48 Dan: aber gut dass überhaupt die chance ma krieg...kann ich den möllers ja eigentlich dankbar sein dasses so missgeburten sind weil ja dadurch silvester dort war un den typ kenngelernt lol
16:48 Dan: naja erstma hoffen dass ich n nutzen hab fürn immobilienfritze ... bin erstma mtz
16:49 Dan: laters biatch!
--- Log opened Thu Jan 20 17:37:47 2011
17:37 --- Query: Starting query with Dan on bitlbee
17:37 iaj: kleiner Kackhaufen
17:37 iaj: Du elender
17:37 iaj: Werd nachher fragen und hoffentlich sagter ja
17:38 iaj: Auch du kannst beten dasser ja sagt
--- Log closed Thu Jan 20 17:43:11 2011
--- Log opened Thu Jan 20 17:47:08 2011
17:47 Dan: Wegen gehalt?
--- Log closed Thu Jan 20 17:52:11 2011
--- Log opened Thu Jan 20 18:00:06 2011
18:00 iaj: LoL JepP
18:05 iaj: HeHe
18:05 iaj: Gehste morgen schön mit den anderen ins Halli?
18:05 iaj: Ne übermorgen
18:05 iaj: :D
--- Log closed Thu Jan 20 18:10:11 2011
--- Log opened Thu Jan 20 19:57:54 2011
19:57 --- Query: Starting query with Dan on bitlbee
19:57 iaj: Altes Kackding
19:57 iaj: :-)
19:58 iaj: Das Schwein will mir nur n kleinen Part geben dasses grad so zum überleben reicht - ich wette ich kriegs nie
19:58 Dan: looooool
19:58 Dan: wie nur n kleinen part
19:58 Dan: der marcanal
19:58 Dan: oder schäferboss?
--- Log opened Thu Jan 20 20:01:06 2011
20:01 --- Query: Starting query with Dan on bitlbee
20:01 iaj: MAN
20:01 iaj: Und mein Mac
20:01 iaj: freezed... alter
20:01 Dan: looooool
20:01 iaj: Dachte das Ding kann garnicht abstürzen
20:01 iaj: lol
20:01 Dan: ohno
20:01 Dan: kann man da auch
20:01 Dan: formatiern ;-)
20:01 iaj: Alles geht n Bach runter
20:01 iaj: lol
20:01 iaj: Hab solang an den Configs getweakt...
20:01 Dan: looooooooooooool
20:01 iaj: Bevor nicht alles sicher auf ner zweiten HD ist
20:01 Dan: pwnzored
20:02 iaj: :(
20:02 iaj: Nichma genug damit wir beide ordentlich wetten können
20:02 iaj: willer rausrücken
20:03 iaj: Der Wichser bezahlt am Ende bestimmt nix ol
20:03 Dan: loooooooooooooooooool
20:03 Dan: das wär natürlich
20:03 Dan: geil gewesen
20:03 Dan: wenn aussie open nochma hätten mitnehmen könne
20:03 Dan: :-(
20:03 Dan: naja wenn eplus echt die 500 ned will
20:03 Dan: ma sehn
20:03 iaj: jo daher wollt ich ja
20:03 Dan: geht evtl 100pro nase nochma LOL
20:03 Dan: also
20:03 Dan: wenn du nächsten monat die 400 machen würdest 100%ig
20:03 iaj: LLLLLLLLLLLLOOOOOOOOOOOOOOOOLLLLLLLLLLLLLLLLLLLLLLLLLLLLLLL ohnooooooooooeee andersrum wärs mir lieber
20:03 Dan: könnt ichs wagen lol
20:03 Dan: jo
20:03 Dan: mir auch :-D
20:03 iaj: Also 
20:03 Dan: bei weitem lol
20:04 iaj: Wenn der Typ latzt
20:04 iaj: sind se kein Problem
20:04 Dan: aber er is n schäferguy
20:04 Dan: also risk :-D
20:04 Dan: ich check nochma eplus kto
20:04 Dan: um sicherzugehn
20:04 iaj: hab einen Tag 17hs geschafft von 8 - 1
20:04 Dan: aber letztema stand da 30eur
20:04 iaj: und einen von 8 - 11 = 15 stunden
20:04 Dan: was n unterschied
20:04 Dan: zu
20:04 Dan: 530
20:04 iaj: des allein sind schon 500 Eier...
20:04 iaj: loooooooool
20:04 Dan: und da ich mich schon mit -500 abgefunden hab lol
20:04 Dan: könnt man ja n hunni verbashen
20:04 Dan: :-D
20:04 Dan: wenns das konto hergibt
20:04 iaj: looooooooooooooooooooooooooooooooooooooooooooooooooooooooooooooool
20:04 Dan: is halt die frage lol
20:04 iaj: OHNEIN
20:04 iaj: lol
20:04 Dan: aber wenn du s hast
20:04 Dan: wär mir lieber auch loooooooool
20:05 iaj: krieg halt nur 200 eur für die Zahnarztgebuehren
20:05 iaj: hätt ich ma mehr gesagt
20:05 Dan: LOL
20:05 Dan: boah überleg ma bei eplus würden die dreckswixer von der uni hocken
20:05 Dan: dann hätten die ma schön gesagt
20:05 Dan: tja
20:05 Dan: 530eur trotz inet flat
20:05 Dan: in arsch geblasen
20:05 iaj: Loooooooool
20:05 Dan: pwned boon!
20:05 iaj: Rockt!
20:06 iaj: :-
20:06 iaj: (
20:06 iaj: Nalbandian klasse match
20:06 iaj: gestern
20:06 iaj: gegen den unglaublichen Berankis
20:06 iaj: glaub Nalle hat 2 Games geholt oder so
20:06 iaj: lol
20:06 Dan: looooooooooooooooooooooooooooooooooooooooooooooooooooooooooooooool
20:06 iaj: Und hätt eh bei Betfair gezockt, und dann --- retired er
20:06 iaj: im 3.
20:06 iaj: Dieser Schwanz
20:06 iaj: Wie gesagt morgen früh um 10 in Pektovツc
20:06 iaj: loooooooooooooooooooooool
20:08 iaj: Ihre Domain thisfooljay.de wurde soeben erfolgreich bei der zuständigen Registry registriert.
20:08 iaj: loooooooooooooooooooooooool
20:10 iaj: Jinro is noch drin
20:10 iaj: bei der aktuellen GSL
20:10 iaj: lol
20:10 iaj: aber leider...kostet der fuck nu geld zu gucken
20:12 Dan: looooooooooool
20:15 iaj: LOL
20:15 iaj: Da isser off
20:15 iaj: Pissbruder
--- Log closed Thu Jan 20 20:20:59 2011
--- Log opened Thu Jan 20 20:40:21 2011
20:40 Dan: lol
20:40 Dan: un wieder on
20:40 Dan: gsl
20:40 Dan: kostet geld wtf???
20:41 iaj: jo kp die dummen saecke man
20:42 Dan: eplus login geht wieder
20:42 Dan: 31,29
20:42 Dan: für dez
20:42 Dan: yea
20:42 Dan: +500!
20:42 Dan: direkt ma allin auf williams-11,5
20:43 Dan: so ma schaun
20:43 Dan: wie tief das kto im minus is
20:43 Dan: das wird direkt wieder curen
20:43 Dan: von solchen thoughts
20:44 Dan: +123
20:44 Dan: lol
20:44 Dan: die schäfersau hat gelatzt
20:44 Dan: ganze 400
20:44 Dan: dann aktualisier ich ma s schuldensheet
20:44 iaj: 1800 !!! Ich got
20:44 iaj: t
20:45 Dan: 1800 now
20:45 Dan: jo
20:45 Dan: looooool
20:45 Dan: gott
20:45 Dan: und dennoch nur +123
20:45 Dan: bzw
20:45 Dan: 123-500
20:45 Dan: eigentlich brauch ichs den eltern garned backzahlen lol
20:45 Dan: wär ja eh direkt wieder am limit in 3weeks
--- Log closed Thu Jan 20 20:50:59 2011
--- Log opened Thu Jan 20 20:51:18 2011
20:51 iaj: LOL
20:51 iaj: looooooooooool
20:53 iaj: then lets rumble the nba
20:55 Dan: lol
20:57 Dan: phi@cha
20:57 Dan: is ja n top game um 1
20:59 iaj: LOL
21:02 Dan: aber aussie open erste games doch auch um 1 oder
21:02 Dan: brb heimfahrn gammel noch bei tessi rum grad
21:02 iaj: Jep
21:02 iaj: k
21:02 iaj: dann wird ne combi gebastelt
21:03 Dan: jo is ja noch bissi time wenn um 1 erst startet
21:03 Dan: oder is früher?
21:05 iaj: ne um 1
21:05 iaj: kommense
21:06 Dan: kk
--- Log closed Thu Jan 20 21:11:59 2011
--- Log opened Thu Jan 20 21:56:30 2011
21:56 iaj: immernoch bei tessaholic
--- Log closed Thu Jan 20 22:01:59 2011
--- Log opened Thu Jan 20 22:10:10 2011
22:10 Dan: und  
22:10 Dan: schon losers rausgesucht
22:10 Dan: oder eines besseren besonnen?
22:10 iaj: waer cool wenn wir nen Game nehmen
22:10 iaj: was im tv is
22:10 Dan: lol
22:11 iaj: was eh
22:11 iaj: wozniaki is
22:11 iaj: gegen gimli
22:11 Dan: solangs gewinnt kanns von mir aus even ohne ticker sein ;-)
22:11 iaj: looooooooool
22:11 Dan: looooooooooooooooooooooooooooooooooool
22:11 Dan: das gimli :-D
22:11 iaj: looooooooooooooooooooool
22:11 iaj: 1.1
22:11 iaj: schätz ich ma
22:11 Dan: geht!
22:11 Dan: hab gra
22:11 Dan: d
22:11 Dan: 50k gefunden
22:11 iaj: LOL
22:11 iaj: 1.16 !
22:11 iaj: Na LI
22:11 iaj: LOOOOOOOOOOOL
22:12 Dan: looooooooool
22:12 Dan: die geile sau
22:12 iaj: Penetta
22:12 iaj: lol
22:12 Dan: die das losing eingeläutet hat
22:12 iaj: wen man da alles liest
22:12 Dan: BÄHHHHHHHHHHH
22:12 Dan: HURE
22:12 Dan: die hasst man wohl so richtig
22:12 Dan: war schon komplett verdrängt
22:12 iaj: schade
22:12 iaj: überleben wir nicht so lange
22:12 iaj: Venus Williams   v   Andrea Petkovic
22:12 Dan: aber hatten ja ma +2k regained
22:12 Dan: bis die kam
22:12 Dan: lol
22:12 Dan: daher is mir egal wenns erste direkt scheppgeht
22:12 Dan: spätestens da
22:12 Dan: krepiernmer eh
22:12 iaj: AAAAAAAAH STAN
22:12 iaj: over monfils
22:13 Dan: almugro vs lubo
22:13 iaj: Aber wann des erst is
22:13 iaj: loooooooooooool
22:13 iaj: Krass
22:13 Dan: würd ich ja fast den fuckface überlegen
22:13 Dan: lol
22:13 iaj: jo
22:13 Dan: soga ausgeglichene odds
22:13 iaj: auf jeden fall
22:13 iaj: nicht den ljubo
22:13 iaj: looooooooool
22:13 iaj: dieses unmotivierte stück
22:13 Dan: naja h2h 3:1 lubo zuletzt in rom
22:13 Dan: lol
22:13 Dan: jo
22:13 Dan: is die frage
22:13 Dan: ob er bock hat
22:13 Dan: nich dasser denkt
22:13 Dan: ok n GD
22:13 Dan: GS
22:13 Dan: fehlt mir aunoch
22:13 Dan: wo ich lastyear das 1000er geholt hab
22:13 Dan: was bestimmt einziges war wo er bock hatte seit 6jahren
22:14 Dan: lol
22:14 Dan: aber krsas is immer noch ganz ordentlich dabei
22:14 Dan: der alte kroate
22:14 iaj: loooooooooooool
22:14 Dan: findn eigentlich sympathischer als den fuckspanier lol....aber tendenz so 51% vs 49% zum fuckface
22:14 iaj: lol jo die quoten
22:14 iaj: stinken so
22:15 Dan: hätter nur ne 3
22:15 iaj: wär wawa nur früher
22:15 Dan: bird 1,38 vs gasgay
22:15 Dan: lol
22:15 Dan: feds 1,015 gegen malisse wtf
22:15 Dan: wie kann das keine 1,005 sein
22:15 Dan: und wie kann der malisse fat albert
22:15 Dan: 64 60 62
22:15 Dan: 61
22:15 Dan: weggeballert ham
22:16 iaj: loooooooooooooooooooooooooooooooool
22:16 iaj: looooooooooool
22:16 iaj: der hässliche vogel man
22:16 Dan: hat auf jeden fall
22:16 iaj: bird is auch gut
22:16 Dan: so einige gebusted
22:16 Dan: i guess
22:16 iaj: der fuck hurensohn
22:16 Dan: loooooooooool
22:16 iaj: gasgay
22:16 iaj: alter
22:16 Dan: beim gs
22:16 Dan: müsster ja ma bock ham
22:16 Dan: jo
22:16 Dan: gasga
22:16 Dan: y
22:16 Dan: wars
22:16 iaj: der hat
22:16 iaj: den fuck
22:16 Dan: ders eingeläutet hat
22:17 Dan: ned nali
22:17 iaj: eingelaeutet
22:17 iaj: lOOOOOL
22:17 iaj: lo
22:17 iaj: jo
22:17 Dan: mit nem geilen
22:17 Dan: 76 76
22:17 Dan: wo man erst noch dachte
22:17 Dan: ok
22:17 Dan: 2:0
22:17 Dan: wär fuckd
22:17 Dan: ein glück is der cointoss zum -2,5 gewandert
22:17 Dan: doch DANN
22:17 Dan: JA DANN
22:17 Dan: die dumme scheiß sau lol
22:17 iaj: gimli hc vllt? lol... ich weiss wie die caroline sucken kann
22:17 iaj: looooooooooool
22:17 Dan: 15k oder so hätt man bestimmt gehabt
22:17 iaj: lol
22:17 iaj: loooooooooooool
22:17 iaj: jo
22:17 Dan: ich check noch grad schnell nba earlies ab
22:18 Dan: falls nix finden
22:18 Dan: bzw
22:18 Dan: early
22:18 Dan: mavs @ bulls-3,5
22:18 Dan: auf jeden bulls aber bis dahin
22:18 Dan: is ja eh was anneres gepickt lol
22:18 iaj: loooooooooooool
22:18 iaj: wird ned eh
22:18 iaj: ne kombi
22:18 iaj: gebastelt?
22:18 iaj: lol
22:18 Dan: loooool
22:18 Dan: oder des :-D
22:18 iaj: Gimli +5.5 @ 1.7
22:18 Dan: krass
22:18 Dan: geht ja sogar
22:18 iaj: 6-3 6-3
22:18 iaj: wirds
22:18 iaj: lol
22:18 Dan: loooool
22:18 Dan: jo bei weibern
22:18 iaj: oder n 7-6
22:18 iaj: und
22:18 iaj: bagel
22:18 Dan: leider zu realistisch
22:18 iaj: loooooo
22:19 iaj: waer das geil :D
22:19 Dan: da geht das schnell :-(
22:19 iaj: naja ich wär glaub fürs hc bei der.. die wozniaki... so gut find ich se ned..
22:19 iaj: naja.. immer als ich drauf war
22:19 iaj: hatse abgestunken
22:19 Dan: lol
22:19 Dan: ich findse top egtl
22:19 iaj: und is eh im tv
22:19 Dan: aber 5,5 auch viel holz
22:19 Dan: außerdem wirds eh gelosed
22:19 iaj: da ja maenner nie gezeigt werden
22:19 Dan: also mir schon fast egal womit
22:19 Dan: lol
22:19 iaj: loooooooooooooooool
22:19 Dan: die schwänze
22:19 iaj: LOL
22:20 Dan: bei nba würd ich fast cats tendiern
22:20 Dan: falls mans nehmen wollte
22:20 Dan: scheiß sixers
22:20 Dan: find ich eh gay
22:20 Dan: aber wenn igo oder der annere gute glaub speighs
22:20 Dan: krassen tag hat
22:20 Dan: is halt fuckd
22:21 Dan: aber wenn normal zocken wie immer also 35% team fg quote lol
22:21 iaj: looooooooool da spielt not gegen elend
22:21 Dan: müssten cats die wegputzen
22:21 Dan: naja
22:21 Dan: "putzen"
22:21 Dan: jo
22:21 iaj: 1.8 jetz
22:21 iaj: looooooooool
22:21 Dan: sind das weniger miese team lol
22:21 Dan: das hc?
22:21 iaj: das gimli
22:21 Dan: korrekt
22:21 Dan: naja auf jedne fall
22:21 Dan: musst du abgeben
22:21 Dan: falls b365
22:21 Dan: ich darf da ja nimmer :-D
22:21 iaj: BIRD STAN GIMLI +5.5
22:22 iaj: gaeb sagenhafte 4.00
22:22 iaj: kotz
22:22 iaj: lol
22:22 Dan: looooooooool
22:22 Dan: das gimli
22:22 Dan: pumpt wohl die odds
22:22 iaj: loooooooooooooool
22:22 iaj: naja können eh eins nach m andern machen
22:22 iaj: die geile >3 hrs
22:22 Dan: nando nishikori
22:22 iaj: zwischen gameage
22:22 Dan: ok 1,38 halt nando
22:22 Dan: und um 9 lol
22:22 iaj: LOL
22:22 iaj: looooooool
22:22 iaj: what time is it?
22:22 iaj: bankrupt time!
22:24 Dan: LOOOOOOOOOOOL
22:25 Dan: war das noch schön
22:25 Dan: als ich mich immer druff gefreut hab
22:25 Dan: wennses gesacht ham
22:25 Dan: ITS GAAAAAAAAAAAME TIME
22:25 Dan: alterd HARDCORE
22:25 Dan: der dolgopolov
22:25 Dan: hat sich wohl echt etabliert 
22:26 Dan: tsonga ne 1,4 gegen den 
22:26 Dan: wohl weil fast gegen petschespast gelosed :-D
22:26 iaj: LOOOOOOOOOOOOOOOOL
22:26 iaj: jo
22:26 iaj: tsonga steht auch auf der Dropdown liste
22:26 iaj: lol
22:26 Dan: jo denke auch
22:26 Dan: aber find den dolgo soga gut
22:26 Dan: schon immer lol
22:27 Dan: hatten ja ma gasgay gegen den da hat er zwar ober gesuckt kein ball getroffe
22:27 Dan: aber inzwische soga top50
22:27 Dan: und dass wir ihn in R4 bringen
22:27 Dan: dürft auch gut boosten
22:28 Dan: und LOL
22:28 Dan: 24/06/2010 Wimbledon, London Runde letzte 64 Europa Gras Tsonga, Jo-Wilfried 2:3 4:6 4:6 7:6 7:5 8:10
22:28 Dan: war ja auch
22:28 Dan: ne GLASKLARE KISTE
22:29 Dan: 21 Jan 11:00Venus Williams   v   Andrea Petkovic1.831.83
22:29 Dan: WHUT THE FUCK??????????
22:29 iaj: looooooool
22:29 iaj: loooooooooool
22:29 Dan: alter
22:29 iaj: Pektovツc
22:29 iaj: war erst Favorit
22:29 Dan: ich setz haus meiner eltern
22:29 Dan: auf venus
22:29 iaj: looooooooooooool
22:30 Dan: wie konnt die petkobitch da favo sein lol
22:30 Dan: weil die krasse top 100 craybas pwned?
22:30 Dan: oder monster des ostens keothavong?
--- Log closed Thu Jan 20 22:35:59 2011
--- Log opened Thu Jan 20 22:37:02 2011
22:37 iaj: Zu was tendierste?
22:37 iaj: Gimli im Euro zuschauen?
22:37 iaj: und früh pennen
22:37 iaj: lol
22:37 Dan: looooool
22:37 Dan: http://www.youtube.com/watch?v=ThetVjQNZ7s
22:37 Dan: geb ich mir erstma grad
22:38 Dan: is das n crap lol
22:41 Dan: http://www.youtube.com/watch?v=xtLc528KK-E&feature=related
22:41 Dan: man beachte
22:41 Dan: die mucke
22:41 Dan: die se einspieeln
22:41 Dan: LOOOL
22:41 Dan:  
22:42 iaj: LOOOOOOOOOOOOOO
22:42 iaj: L
22:42 iaj: so siehste se auch heut aebnd
22:42 iaj: zeigt dir ihren nackten arsch
22:42 Dan: loooooooool
22:42 iaj: die huette
22:42 Dan: HEUTE ABEND
22:42 Dan: besonders
22:43 Dan: alter immernoch ned zu fassen
22:43 Dan: dass odds ausgeglichen
22:43 iaj: wie se tanzt
22:43 iaj: loooooooooool
22:43 Dan: looooooooooooooooooooooool
22:43 Dan: obse in der disse auch so danced
22:43 Dan: und ob man se antanzen würde 
22:43 Dan: allein ums ihr in den arsch zu schieben
22:43 Dan: was se einen gekostet hat
22:43 Dan: wärs ne 5er quote und +5,5 oder so wie s gimli wär ja ok
22:44 Dan: aber des lol
22:45 iaj: loooooooooooooooooooooooooooooooooooooooooooooooooool
22:46 Dan: sevastova gegen who the fuck manasieva
22:46 Dan: is mir noch grad ins auge gefallen
22:50 iaj: lol
22:50 iaj: davon kenn ich garkeine
22:50 iaj: :D
22:51 iaj: thisfooljay nimmt form an 
22:51 Dan: sevastova waaaar mal ned übel
22:51 Dan: aber aktuelle form lässt auch dran zweifeln :-D
22:51 iaj: jo sevastova kenn ich sogar vom namen
22:51 iaj: das is immer schon ma gut
22:51 iaj: lol
22:52 iaj: nurnoch 2 Wochne
22:52 iaj: dann endlich wieder Zahnarzt
22:52 iaj: Naja marc is morgen ned da
22:52 Dan: looooooooooooooooooooooooooooooooooooooooool
22:52 iaj: aebnds seh ich silvi ned
22:52 iaj: also ... lets durchmach und sterb
22:52 Dan: lol
22:52 Dan: wie ich krepiern werd
22:52 Dan: aber jo wenn die erste zieht
22:52 Dan: läufts wohl darauf hinaus
22:52 Dan: nachdem ganze woche immer ~6std sleep bäh
22:53 iaj: http://thisfooljay.de/
22:53 Dan: dann kann ich immerhin durchpenne bis samstag lol
22:53 Dan: It works!
22:53 iaj: !
22:53 Dan: lol
22:53 iaj: sie haben se verlinkt
22:53 iaj: gibt 6 monate for free
22:53 iaj: danach 8 eur monat oder so
22:53 Dan: 8 pro monat?
22:53 iaj: und will endlich irc perm laufen ham
22:53 iaj: jo
22:53 Dan: ned bissi viel für privat?
22:53 iaj: eigener root server isses
22:53 iaj: lol
22:53 iaj: will nich so n 0-8 15 shit ham
22:53 Dan: aso
22:53 Dan: neue warez site
22:53 iaj: wo man totla eingeschraenkt is
22:53 Dan: also
22:53 Dan: und knast
22:53 iaj: lol
22:53 Dan: at last
22:54 Dan: fuckface oder gimli
22:54 Dan: ?
22:54 iaj: loooooooool
22:54 Dan: oder sevastova
22:54 iaj: wär eher für GIMLI
22:54 iaj: oder
22:54 iaj: Kombi
22:54 iaj: lol
22:54 Dan: würd ich ma noch in die auswahl nehmen aber die lowest odd losed immer
22:54 Dan: loooooooool
22:54 Dan: gegen rank#1
22:54 iaj: Aber lieber nich
22:54 Dan: setz ich immer gern
22:54 Dan: naja last time
22:54 iaj: LOOOOOOOOOOOOOOL
22:54 Dan: hatse ja sogar won straight
22:54 Dan: bei dem wichtigen 250er turnier
22:54 Dan: lol
22:54 iaj: muss nur im ersten satz
22:54 iaj: mithalten
22:54 iaj: lol
22:54 iaj: naja
22:54 iaj: und im 2.
22:54 iaj: loooooooooooool
22:54 Dan: loooooooooooool
22:55 iaj: +10.5
22:55 iaj: wär besser
22:55 Dan: lol
22:55 Dan: youzhny gegen irgendnen noname auch 1,3
22:55 Dan: krass
22:55 Dan: "muss man eigentlich auch mitnehmen"
22:55 Dan: lol
22:55 Dan: youzhny tsonga
22:55 Dan: 1,81
22:55 Dan: scheint mir s sicherste lol
22:55 Dan: aber achhhhhh fuck
22:56 Dan: is ja erst morgen nite
22:56 Dan: ok bis dahin eh schnurz
22:56 Dan: können se ja beide beruhigt triple bageln 
22:57 iaj: loooooooooooooooooooooooooooooool
22:57 iaj: loooooooool
22:58 Dan: alles kacke alles mist
22:58 Dan: pennen sollt man
22:58 Dan: lol
22:59 iaj: Zu spät 
22:59 iaj: Will mal wieder
22:59 iaj: Adrenalin
22:59 iaj: spüren
22:59 Dan: lool
23:00 Dan: wenn ich dran denk wie geil se immer spielen
23:00 Dan: wenn man selbst so n monster hc taked von -5,5
23:00 Dan: meist is ja direkt 1. satz gelosed erstma
23:00 Dan: wär gimli ja schon gut
23:00 Dan: wenigstens ned so unsympathisch wie der spanien fucklord
23:01 iaj: jo
23:01 iaj: so is auch meine devise
23:01 iaj: da könne mer dann
23:01 Dan: looooool
23:01 iaj: bei 2-0 satzführung ljuno
23:01 Dan: aber leider weiß ich auch genau
23:01 iaj: fetter einsteigen
23:01 Dan: wie s laufen wird 
23:01 Dan: da es eh immer gege einen geht
23:01 Dan: diese scheiß wix kack drecks wetten
23:02 Dan: daher wär ich ja soga petkohure am stizz wennse um 1 spielen tät
23:02 Dan: aber wenn man bis um 9 überlebt hätt man ja schon 400-600 each...dann wirdse wieder hurten
23:02 Dan: lol
--- Log closed Thu Jan 20 23:08:00 2011
--- Log opened Thu Jan 20 23:10:02 2011
23:10 Dan: ich brings ma hinner mich
23:10 Dan: wieviel so losen?
23:10 iaj: 100 jeder reicht voellig oder?
23:10 iaj: oder
23:10 iaj: lol
23:10 iaj: bin hier noch am configgen
23:10 Dan: denke auch 100 werden gut abfucken beim aktuellen state
23:10 Dan: un das geile is
23:10 Dan: unter 2k freut man sich ehned
23:10 Dan: im plus
23:10 iaj: loooooool
23:10 iaj: jo
23:11 iaj: 10-0 run
23:11 iaj: oder so
23:14 iaj: BRB
--- Log closed Thu Jan 20 23:14:17 2011
