--- Log opened Mon Jan 17 01:05:18 2011
01:05 iaj: :(
01:05 iaj: Und wie ist NFL gelaufen?
01:05 iaj: Schätze mal da noch 10 sec waren
01:05 iaj: dürfts ja jetzt so langsam fertig gehen
01:05 Dan: loooooooooooooooooool
01:05 Dan: is fürn arsch
01:06 Dan: bears abgabe verpasst = klatsche
01:06 Dan: und pats losen ab
01:06 Dan: gegen die drecks jets
01:06 iaj: Doug wirds freuen
01:06 iaj: lol
01:07 Dan: loooooooooooool
01:07 Dan: wegen dem mag der seppel die wixer ja
01:07 Dan: aber abgesehn von lt
01:07 Dan: sinds penner
01:07 Dan: nur wegen dem find ichse grad noch ok lol
--- Log opened Mon Jan 17 01:37:42 2011
01:37 --- Query: Starting query with Dan on bitlbee
01:37 Dan: da isses durch
01:37 Dan: jets win loool
--- Log closed Mon Jan 17 01:42:53 2011
--- Log opened Mon Jan 17 13:33:13 2011
13:33 --- Query: Starting query with Dan on bitlbee
13:33 Dan: Dezember31,29 €
13:33 Dan: IMMERHIN
13:33 Dan: das
13:33 Dan: phew lol...hätt ned gewusst how to pay
13:33 Dan: das war wohl der verpasste anruf letzte woche von denen ... müsst ich ja fast backcallen und bedanken dass dochned assi lol
--- Log closed Mon Jan 17 13:39:00 2011
--- Log opened Mon Jan 17 16:40:47 2011
16:40 iaj: good news
16:41 Dan: jo..unbelievable
16:41 Dan: fehlt jezt nur noch der 6er im lotto
16:41 Dan: 2 weeks to go
16:41 Dan: lol
16:41 iaj: loooooooooooool
16:41 iaj: =DDDDDD
16:42 iaj: Schäfer
16:42 iaj: hat grad das Cash überwiesen
16:42 iaj: meinter
16:42 iaj: 400 oecken
16:43 Dan: wollt er ned 750?
16:44 iaj: lol ne naja... der Pisser hat mir immer wieder Geld abgezogen wegen fuck den er kauft... Und Versicherungen die er abschliesst.. Wie gesagt rede grade ned so wäklisch mitm
16:45 Dan: achgott wasn pisser
16:45 Dan: thx aber dennoch...so kann ich evtl grad so die 500 back geben am ende des monats
16:45 Dan: mit -300 oder so dann aufm konto
16:45 Dan: lol
16:45 iaj: looooool naja... irgendwann wirste von mir wohl n batzen gainen hoff ich
16:46 iaj: grad bin ich ja wieder da.. pissschuppe
16:46 Dan: loool
16:47 Dan: was für versicherungen schliesster eigentlich ab
16:47 Dan: für die du latzen sollst
16:47 Dan: lol
16:47 iaj: weiss selber ned Hausrat und so n fuck, weil er meint meine Freunde könnten was zerstoeren auf Parties
16:48 Dan: loooooooooooooooooooooooooooooooool
16:48 Dan: omg
16:49 iaj: Pwnz?
16:49 Dan: pwnz!
16:49 Dan: lol
16:49 Dan: einziger sinn den ich seh is
16:49 Dan: wenn sas zu besuch is
16:49 Dan: falls des auch abhandengekommene sachen deckt
16:50 iaj: loooooooooooooooooooooooooooooool
16:50 iaj: LLOL
16:52 Dan: btw
16:52 Dan: http://www.australianopen.com/en_AU/news/match_reports/2011-01-17/201101171295244923614.html
16:52 Dan: das könnt dich aufmuntern looooooooooooooooool
16:53 iaj: loooooool jo hab ich mitbkeommen
16:53 iaj: und der Kater ist mit 49 assen
16:53 iaj: nach hause gegangen
16:53 iaj: lol
16:55 Dan: jo looooooooool
16:55 Dan: der gute dodig
16:55 Dan: hat ja glaub challenger letztes jahr gut abgeräumt
16:55 Dan: un nu kommt aussie open tilte
16:55 iaj: loooooool
--- Log closed Mon Jan 17 17:01:00 2011
--- Log opened Mon Jan 17 21:34:50 2011
21:34 iaj: Heh
21:34 iaj: FOIAABEND
--- Log closed Mon Jan 17 21:40:37 2011
