--- Log opened Mon Oct 18 10:32:29 2010
10:32 --- Query: Starting query with metbo on bitlbee
10:32 metbo: hm?
--- Log closed Mon Oct 18 10:38:22 2010
--- Log opened Mon Oct 18 11:11:03 2010
11:11 iaj: hmmm?
11:11 iaj: gestern wohl meine Nachrichten nicht bekommen
11:11 iaj: vershizzeltes ICQ
11:11 iaj: Bis auf die letzte :P
--- Log closed Mon Oct 18 11:16:22 2010
--- Log opened Mon Oct 18 11:27:44 2010
11:27 metbo: moin
11:29 metbo: hab gestern abend nochmal ne liste genmacht der seminare
11:29 metbo: paar sind scheinbar net wirklich im angebot
11:29 metbo: eins war schon voll
11:29 metbo: hab nur 3 termine
11:29 metbo: alle mi+do
--- Log closed Mon Oct 18 11:35:22 2010
--- Log opened Mon Oct 18 12:01:55 2010
12:01 iaj: Oehh, okay , damn, was ist alles Donnerstags, Mittwochs kann ich wohl nich... scheiss Arbeiten
12:01 iaj: Moin
12:03 metbo: öhm mom
12:03 metbo: habs notiert
12:03 metbo: seminar schine: mi 18-20
12:03 metbo: seminar 3d: do 11:00-12:30
12:03 metbo: sem Computet vision: mi 9:50-11:20
12:03 metbo: da gabs noch das seminar eisenbahn - hat sogar nen modell-praktischen teil
12:03 metbo: aber is leider voll
12:04 metbo: hab den prof da mal angeschrieben obs doch noch freie plätze gibt
12:04 metbo: mal schauen ob was kommt
12:04 metbo: die anderen seminare haben mir vom modus her garnet gefallen oder es gab in den fachbereichen keine seiten, oder keine termine im VV
12:04 metbo: ärger mich grad das ichs wohl net zu CE schaffe
12:04 metbo: muss 14 uhr das auto abholen
12:05 metbo: wird vorraussichtlich 800€ kosten -.-
12:05 metbo: am freitag durch den tüv gefallen
12:10 iaj: 800 EUR? Abaoaaaaaaaa
12:10 iaj: wasn da kaputt?
12:10 metbo: bremsscheiben + backen vorne
12:10 metbo: reifen
12:10 metbo: paar kleine sachen
12:10 iaj: Und.. hmm.shit.. damn nur ein Seminar am Donnestag?
12:10 metbo: alleine die neuen allwetterreifen kosten um die 250
12:10 metbo: dasselbe nochmal die bremssscheiben
12:10 iaj: aber fuck ich hab eh das Treffen da um 11 mim Roessling
12:11 metbo: dann dadrauf nochmal der rest
12:11 iaj: Hmm ist heute CE? nicht FOC?
12:11 metbo: beides
12:11 iaj: lol
12:11 iaj: ekelhaft :\
12:11 metbo: foc war 9:55
12:11 iaj: Ok, ich dachte schon
12:11 metbo: 8:55
12:11 metbo: wollte erst hin
12:11 metbo: aber mein kaffee hat mich hier gehalten
12:11 iaj: ^^
12:12 iaj: Passwort wird ja nicht so schwer zu knacken sein
12:12 metbo: ansonsten forum
12:12 iaj: Musste mal pennen war mitm Bruder immer bis 7 Uhr morgens on tour
12:12 iaj: jo
12:12 metbo: wie wars letztes jahr?
12:12 metbo: FoCKanonik09! ?
12:12 iaj: Jetzt heute erstmal Wäsche waschen und so kacke
12:12 iaj: hmmm irgendwie so...
12:12 iaj: müsst ich suchen
12:12 metbo: habs gespeichert aber nirgends in plain glaube
12:13 metbo: immerhin hab ich nu tucan
12:14 metbo: für welche fgi3-gruppe haste dich angemeldet?
12:14 iaj: Hmm noch garneine
12:14 iaj: garkine
12:14 iaj: hab auf dich gewartet
12:14 metbo: vorschlag?
12:14 iaj: Do die spätestete
12:14 iaj: oder?
12:14 iaj: wie musste schaffen?
12:14 metbo: hab keine festen termine
12:15 metbo: kanns mir legen wie ich will
12:15 metbo: kann auch mal nurn halben tag schaffen
12:15 iaj: ahso hm mom ich guck nomma rinn
12:15 metbo: do 14:25
12:15 metbo: do 11:40
12:16 metbo: die gibts
12:16 metbo: mi 11:40, 9:50
12:16 metbo: fr 13:30
12:16 iaj: Do 14;25 find ich ganz gut oder? 
12:16 metbo: k
12:16 metbo: dann lass mal anmelden
12:16 metbo: https://www.tucan.tu-darmstadt.de/scripts/mgrqcgi?APPNAME=CampusNet&PRGNAME=COURSEDETAILS&ARGUMENTS=-N974617261776792,-N000311,-N338686880419641,-N339964441754290,-N339964474797869,-N0,-N000000000000000,-N3
12:16 iaj: kkk
12:16 iaj: gogogo
12:16 iaj: Reg teilnehmer
12:16 iaj: 2
12:16 iaj: LOOOOOOOOOOOL
12:17 metbo: tucan isn mist
12:17 metbo: hab mit dem typ freitag beim hrz drüber gelabert
12:17 metbo: eingekauftes system aus hambur
12:17 metbo: g
12:17 metbo: gibt wohl 3 dinger derzeit
12:17 metbo: alle mist
12:17 iaj: ahso
12:17 iaj: Damn
12:17 iaj: und jo es ist mist
12:17 iaj: also nehmen wir die donnerstags übung k?
12:17 metbo: jo
12:17 metbo: find nur grad die anmeldung net
12:17 iaj: Anmeldung war erfolgreich
12:17 iaj: :D
12:18 iaj: lol den radiobutton
12:18 iaj: und dann oben auf weiter
12:18 metbo: ne war woanders angemeldet
12:18 metbo: musste das erst killen
12:18 metbo: gestern alles mögliche dadrin versucht
12:19 iaj: looooooool
12:19 iaj: ok
12:19 iaj: hm
12:19 iaj: aber VL kann ich nicht anmelden
12:19 metbo: der meckert was von wegen vorraussetzungen bei mir bei der VL
12:20 iaj: jo
12:20 iaj: hier 2
12:20 iaj: lol
12:20 iaj: was das fürn shi
12:20 iaj: t
12:20 metbo: ich find keinen radiobutton für ne anmeldung Oo
12:20 metbo: vllt mal neu einloggen
12:21 metbo: netmal alle noten haben die eingetragen
12:22 metbo: so nu gings
12:22 iaj: wie?
12:22 iaj: lol
12:23 metbo: anmeldung übung
12:23 metbo: bin nu in der späten donnerstags
12:23 metbo: vorhin noch 22 alte mails in meinem xxx@stud.tu... mailaccount gefunden
12:23 metbo: mal in gmail eingebettet
12:24 iaj: ind er übungsgruppe bin ich auch
12:24 iaj: aber... 
12:24 iaj: die vorlesung kaknnste die mal
12:24 iaj: kannste*
12:24 iaj: anmelden?
12:24 metbo: ne - wie gesagt er meckert das was fehlt
12:24 metbo: habs grad shcon wieder versucht
12:24 metbo: auf der webseite sind noch andere links
12:24 metbo: morgen is die erste VL
12:24 metbo: brauchen noch min eine person
12:24 metbo: übungen + HÜ + prak
12:24 metbo: irgendwie separate anmeldungen
12:25 metbo: und habs noch net geschafft verilog wieder zum laufen zu bekommen
12:25 metbo: kack java 1.5!
12:25 metbo: http://www.inferenzsysteme.informatik.tu-darmstadt.de/fgdi3/
12:25 metbo: Zu den Übungen ist eine Anmeldung im Webreg erforderlich. Die Anmeldphase beginnt am Dienstag, den 19.10.2010, um 18 Uhr und endet am Freitag, den 29.10.2010, um 18 Uhr.
12:25 metbo: ab morgen
12:26 metbo: gehören zusammen mit den HÜ
12:26 metbo: Zur Teilnahme an den praktischen Übungen ist eine Anmeldung im  Webreg  erforderlich. Die Anmeldphase beginnt am Dienstag, den 19.10.2010, um 18 Uhr und endet am Freitag, den 29.10.2010, um 18 Uhr Sie können sich nur als komplette Dreier- oder Vierergruppe anmelden.
12:26 metbo: HÜ + Ü können wir zu 2. machen
12:26 metbo: fürs praktikum noch nen nerd
12:27 iaj: lol
12:27 iaj: nerd 
12:27 iaj: :D
12:28 iaj: das triffts wohl
12:29 metbo: du bist morgen arbeiten?
12:29 metbo: VL fgi3 is 16:16-17:55
12:34 iaj: hmmmmmm ich werd mal sehen evtl
12:34 iaj: zieh ich früher ab
12:34 iaj: aber muss arbeiten jo
12:34 iaj: KOTZE
12:34 metbo: bin auch arbeiten
12:34 metbo: werd halt zeitlich abhauen
12:34 iaj: Ahwww. ok.... 
12:34 metbo: wenns net regnet bruahc ich 5 min mitm rad
12:34 iaj: Alter
12:35 iaj: Ich dachte in München wärs kalt
12:35 iaj: aber hier... isses ja nochma n Tick kaelter
12:35 metbo: 0..2 grad die letzten tage
12:35 iaj: Hamemrhart.. lol
12:39 metbo: falls du interesse hast:
12:39 metbo: Hallo Daniel,     Wir suchen für unseren Auftraggeber     TYPO3-Programmierer     mit MAGENTO-Erfahrung     Stellenbeschreibung:     Es fallen täglich ca. 3 Std. Arbeit an.     Was wir erwarten:
12:39 metbo: - Gute Kenntnisse in HTML, JavaScript     und CSS
12:39 metbo: - Grundkenntnisse in MAGENTO
12:39 metbo: - Grundkenntnisse     von SQL und PHP
12:39 metbo: - Von Vorteil: Erfahrung mit TYPO3 und     MySQL
12:39 metbo: - Fähigkeit, mit fremdem Code zu arbeiten     Was Sie auszeichnet:
12:39 metbo: - Verantwortungsbewusste,     selbständige Arbeitsweise
12:39 metbo: - Belastbarkeit und     Kommunikationsfähigkeit
12:39 metbo: - Freude an Kundenkontakt     Es wird geboten:     - Flache Hierarchien mit kurzen     Entscheidungswegen.
12:39 metbo: -Leistungsgerechtes Gehalt mit     Umsatzbeteiligung.
12:39 metbo: - Eine spannende, selbständige und     abwechslungsreiche Tätigkeit     Du fühlst Dich angesprochen und bist bereit in einem jungen     kreativen Team
12:39 metbo: eine neue Herausforderung anzutreten? Dann     freuen wir uns auf deine Bewerbung über die Jobmensa.      Gehalt:     Honorar: 2000 €     Projektiert auf 1 Monat. Es wird zudem eine     Gewinnbeteiligung am Projekt gezahlt 
12:39 metbo: kam grad an mich als angebot rein
12:39 iaj: taeglich 3 std.. lol das schonmal der pure crap sowas :D
12:39 iaj: aber thnks
--- Log closed Mon Oct 18 12:45:22 2010
--- Log opened Mon Oct 18 13:06:40 2010
13:06 iaj: Musste es Auto nach Friedberg bringen?
13:07 metbo: wenn dann vilbel, aber ne
13:07 metbo: warum?
13:07 metbo: behalt es wohl erstmal hier
13:07 metbo: is oben in der nähe beim finanzamt inner freien werkstatt
13:08 iaj: Ach Vilbel wars, stimmt lol, nur so.. dh die ham nu noch garnix gemacht oder?
13:09 metbo: doch
13:09 metbo: es sollte komplett fertig sein
13:09 metbo: wills ja abholen
13:09 metbo: bin gespannt wieviel es am ende nu kostet
13:09 metbo: schon 90€ fürn tüv gezahlt
13:09 metbo: 800€ war der kostenvoranschlag
13:10 metbo: mein komplettes gehalt is dafür draufgegangen
13:10 metbo: weiss noch netmal wovon ich meine rechnungen noch zahlen soll
13:10 iaj: Boah sauscheisse:( Die dreckischen Autos...
13:10 iaj: hamse des hinten aber gefixt??
13:10 metbo: laut absprache sollten die das
13:11 metbo: halt net die komplette stossstange
13:11 metbo: aber zumindest den nebelscheinwerfer
13:11 metbo: und die blinker vorne - also den wackelkontakt
13:14 metbo: bin gespannt wasse alles gemacht haben
13:14 metbo: und wieviel es nu wirklich kostet
--- Log closed Mon Oct 18 13:19:22 2010
--- Log opened Mon Oct 18 13:23:24 2010
13:23 iaj: hmmm jo... wäh ich geh jetzt erstmal ins Training, muss aus m Arsch kommen :\
--- Log closed Mon Oct 18 13:29:22 2010
--- Log opened Mon Oct 18 13:29:58 2010
13:29 metbo: ich denke ich werde heute irgendwann noch die küche wischen, schränke ausräumen und putzen, sowie den kühlschrank säubern
13:30 metbo: is mal dringend nötig
13:30 metbo: hab heute früh auch neue scheuermilch gekauft
13:30 iaj: jo werd mir später auch's Bad vornehmen
13:31 metbo: in 30 min mach ich mich erstmal los das auto holen und dann noch meine BA ausdrucken
13:31 metbo: grad dabei den englischen abstract noch reinzuhauen -.-
13:32 iaj: ihmmm.... :-D wattn stress deswegen immernoch?
13:33 metbo: leider ja
13:33 metbo: muss 4 versionen abgeben
13:33 metbo: und darf nachher noch die anmeldung beim jochen abholen und selber abgeben -.-
13:33 metbo: hm, wann warn die haschka erreichbar - auch nur 9-12?
13:34 iaj: lol 4 Versionen krass... :\ loool der Jochen
13:34 iaj: naaj immerhin hastes dann hinter dir
13:34 iaj: so wies aussieht
13:34 iaj: kein plan mehr
13:34 metbo: 2 wohl im fachbereich
13:34 metbo: 2 fürs prüfsek
13:34 metbo: und eine mach ich wohl für mich
13:34 metbo: mal schauen was der spass kosten wird
13:34 metbo: muss es heiss leimen
13:35 iaj: oO krass... naja ich darf mich ja auch bald damit auseinadnersetzen KOTZ
13:37 metbo: http://www.studiendekanat.informatik.tu-darmstadt.de/studiendekanat/oeffungszeiten/index.de.jsp
13:37 metbo: habs gefunden
13:37 iaj: naja erstma ins training, kfc :p, wäsche waschen, zimmer machen, bad machen, einkaufen -_-  so sieht wohl erstma mein Plan aus
13:37 metbo: najo, wie gesagt - kann dir meine ganzen latex-sources geben
13:37 metbo: da is alles dirn was du brauchst
13:37 metbo: *drin
13:37 metbo: brauchst ansich nur noch deine inhalte einzupflegen
13:37 iaj: haste die inhalte nich auch rigendwo
13:37 iaj: lol
13:38 metbo: für 20€ die stunde finde ich die sicher
13:38 iaj: lol
13:38 iaj: llloooooooooooolllllllllllll
13:38 iaj: soviel hab ich leider nimmer :D
13:38 iaj: achso hast du noch n USB stick???
13:38 iaj: und wo gabs nochmal den Automaten zum Bilder ausdrucken?
13:39 metbo: ne hab grad keinen
13:39 metbo: muss mit selber mal wieder einen besorgen
13:39 iaj: k irgendwo muss mein Starcaft Stick noch sein
13:39 metbo: schlepp nachher selber die externe mit fürs drucken
13:39 iaj: hahaha lol ツD
13:39 metbo: die automaten findeste unten im luisencenter
13:39 metbo: oder du gehst hier vorn einfach zum DM
13:39 metbo: der hat auch welche
13:39 metbo: direkt im laden
13:39 metbo: hab die aber noch nie ausprobiert
13:40 iaj: luisencenter unteN?
13:40 iaj: wo der rewe is?
13:40 metbo: jo
13:41 metbo: wenn du gegenüber dem rewe in den gang gehst, direkt links
13:41 metbo: nebem bormuth
13:41 metbo: warst da schon mit mir
13:41 metbo: aber ich würd an deiner stelle eher zum DM gehen
13:41 metbo: die haben da so touchscreen teile
13:41 iaj: ahh ok.. jo mal schauuen dann geh  cih wohl dm
13:41 iaj: brauch eh noch was
--- Log closed Mon Oct 18 13:47:22 2010
--- Log opened Mon Oct 18 19:13:48 2010
19:13 metbo: https://www.dekanat.informatik.tu-darmstadt.de/
19:13 metbo: webreg/index.php.
--- Log closed Mon Oct 18 19:18:59 2010
--- Log opened Mon Oct 18 19:59:58 2010
19:59 metbo: http://www.amazon.de/LEGO-Technic-8043-Motorisierter-Raupenbagger/dp/B003A2JBW8/ref=sr_1_1?ie=UTF8&qid=1287424735&sr=8-1
20:00 metbo: das teil is mal cool °-°
20:00 metbo: leider so verdammt teuer -.-
--- Log closed Mon Oct 18 20:05:59 2010
--- Log opened Mon Oct 18 20:29:20 2010
20:29 metbo: homepages.tu-darmstadt.de/~ws1004/couchgag.mkv
--- Log closed Mon Oct 18 20:34:59 2010
--- Log opened Mon Oct 18 20:50:23 2010
20:50 metbo: http://www.rbg.informatik.tu-darmstadt.de/onlinehilfe/homepage/
20:50 metbo: http://www.student.informatik.tu-darmstadt.de/~schaefer/
--- Log closed Mon Oct 18 20:55:59 2010
--- Log opened Mon Oct 18 21:40:25 2010
21:40 iaj: hmmmm würd fast sagen lass uns das billarden auf morgen vertagen oder geht's da bei dir  schlecht?
--- Log closed Mon Oct 18 21:45:59 2010
