--- Log opened Sun Dec 12 14:21:14 2010
14:21 --- Query: Starting query with metbo on bitlbee
14:21 metbo: wach?
--- Log closed Sun Dec 12 14:26:40 2010
--- Log opened Sun Dec 12 14:34:49 2010
14:34 iaj: hola ^_^
14:34 iaj: jo wach
14:35 metbo: ich will heut noch mien zimmer umräumen
14:35 metbo: würde da aber deine hilfe bruachen
14:35 metbo: irgendwann später
14:37 iaj: jo sach einfach bescheid.. geh wenn erst iwann abends
14:37 metbo: wohin machste dich?
14:38 iaj: ajo, wenn dann nach maenz woh
14:38 iaj: l
14:39 metbo: also biste moin net mit inner uni?
14:41 iaj: da wär ich gern...aber wir ziehen doch um auf der arbeit und ist noch so scheiss viel zu tun
14:42 metbo: muss morgen wohl noch meine kartons zusammensuchen für die arbeit
14:43 iaj: :\
14:43 iaj: die scheisse.....der ganze stress der jetzt kommt
14:43 iaj: so keen bock
--- Log closed Sun Dec 12 14:49:40 2010
--- Log opened Sun Dec 12 14:57:36 2010
14:57 metbo: ja das wird alles nen spass
14:57 metbo: bin froh das ich kaum weg bin
14:58 iaj: :\
--- Log closed Sun Dec 12 15:03:40 2010
--- Log opened Sun Dec 12 16:33:46 2010
16:33 iaj: thanks for tha mail
--- Log closed Sun Dec 12 16:39:40 2010
--- Log opened Sun Dec 12 21:58:51 2010
21:58 iaj: HOUSTON, ich fürchte.... ich muss zwar nemmer weg aber es besteht die möglichkeit dass silvi hier heut noch einrollt, ka! 
21:59 iaj: ihr sms verhalten ist merkwürdig o_O
21:59 metbo: k
22:04 metbo: von mir aus kein ding
22:04 metbo: werd um 8 ausm bett fallen und mich in die uni machen
22:04 metbo: und quäl mich immer noch mit de rhausübung rum
--- Log closed Sun Dec 12 22:09:32 2010
