--- Log opened Sun Dec 19 20:40:54 2010
20:40 --- Query: Starting query with metbo on bitlbee
20:41 iaj: cooles App dingnes das Panorama teil
20:41 iaj: kann man geil Sachenfesthalten
20:41 iaj: werd's mal im Buero testen morgen
20:41 metbo: jap
20:41 metbo: steht da welche app?
20:41 iaj: jo
20:41 iaj: AutoStitch
20:41 iaj: iM Sub bereits
--- Log closed Sun Dec 19 20:46:59 2010
--- Log opened Sun Dec 19 20:51:26 2010
20:51 iaj: hmmm.. Hassu neue Filme
20:51 iaj: im TV is nur käse
20:51 metbo: einige
20:52 metbo: /home/met/torrent ready/Cats.and.Dogs.2.Die.Rache.der.Kitty.Kahlohr.German.2010.AC3.DVDRip.XviD-RETiRED
20:52 metbo: /home/met/torrent ready/Dinner.fuer.Spinner.BDRiP.LD.German.iNTERNAL.XViD-Pleaders
20:52 metbo: /home/met/torrent ready/Dr.House.S06.Complete.German.Dubbed.HDTVRip-DVDRiP.XviD-iNSPiRED-SOF
20:52 metbo: /home/met/torrent ready/Dr.House.S06E19.Offene.Ehe.GERMAN.DUBBED.WS.DVDRiP.XviD-SOF
20:52 metbo: /home/met/torrent ready/Dr.House.S06E20.Im.Nein.liegt.die.Wahrheit.GERMAN.DUBBED.WS.DVDRiP.XviD-SOF
20:52 metbo: /home/met/torrent ready/Dr.House.S06E21.Identitaeten.GERMAN.DUBBED.WS.DVDRiP.XviD-SOF
20:52 metbo: /home/met/torrent ready/Duell.der.Magier.German.HDRip.AC3D.XviD-Dev7
20:52 metbo: /home/met/torrent ready/Einfach.zu.haben.BDRip.Line.Dubbed.German.XviD-VCF
20:52 metbo: /home/met/torrent ready/Fuer.immer.Shrek.German.2010.DVDRip.XviD-KiNOWELT
20:52 metbo: /home/met/torrent ready/Helden.von.Hill.60.German.2010.AC3.DVDRip.XviD-QoM
20:52 metbo: /home/met/torrent ready/Ich.Einfach.Unverbesserlich.DVDRip.LD.German.XviD-CIS
20:52 metbo: /home/met/torrent ready/Im.tiefen.Tal.der.Superbabes.2009.GERMAN.DL.HDRiP.XViD-CAOS
20:52 metbo: /home/met/torrent ready/Inception.DVDRiP.LD.German.iNTERNAL.XViD-Pleaders
20:52 metbo: /home/met/torrent ready/Jonah.Hex.2010.German.HDRip.AC3D.DivX-hqc
20:52 metbo: /home/met/torrent ready/Kiss.and.Kill.2010.German.AC3.HDRip.XviD-SG
20:52 metbo: /home/met/torrent ready/Konferenz.der.Tiere.R5.LD.German.XViD-AOE
20:52 metbo: /home/met/torrent ready/Machete.BDRiP.LD.German.XviD-CinePlexx
20:52 metbo: /home/met/torrent ready/Marmaduke.German.AC3.BDRip.XviD-EXQUiSiTE
20:52 metbo: /home/met/torrent ready/Mirrors.2.German.2010.AC3.DVDRip.XviD-ViDEOWELT
20:52 metbo: /home/met/torrent ready/Monsters.R5.Line.Dubbed.German.XviD-VCF
20:52 metbo: /home/met/torrent ready/Nie.Wieder.Sex.Mit.Der.Ex.UNRATED.2008.German.AC3.HDRip.XviD-SG
20:52 metbo: /home/met/torrent ready/No.Reason.2010.German.AC3.HDRiP.XviD-UF
20:52 metbo: /home/met/torrent ready/Ong.Bak.3.German.2010.AC3.BDRiP.XviD-XF
20:52 metbo: /home/met/torrent ready/Quantum.Apocalypse.German.2010.DVDRiP.XviD-XF
20:52 metbo: /home/met/torrent ready/R.E.D.2010.German.AC3.5.1.Dubbed.DVDSCR.XViD-ExPERT
20:52 metbo: /home/met/torrent ready/Rene.Marik.-.Kasperpop.German.DVDRip.Xvid-PaScho
20:52 metbo: /home/met/torrent ready/Saw.3D.Vollendung.R5.LD.German.XViD-AOE
20:52 metbo: /home/met/torrent ready/Shelter.2010.German.AC3.BDRip.Xvid-23thStreet
20:52 metbo: /home/met/torrent ready/Stargate.Universe.S02E08.Malice.HDTV.XviD-FQM
20:52 metbo: /home/met/torrent ready/Stargate.Universe.S02E09.HDTV.XviD-P0W4
20:52 metbo: /home/met/torrent ready/Stargate.Universe.S02E10.Resurgence.HDTV.XviD-FQM
20:52 metbo: /home/met/torrent ready/Take.Down.Niemand.kann.Ihn.stoppen.German.2010.AC3.DVDRip.XviD-QoM
20:52 metbo: /home/met/torrent ready/The.American.R5.LD.German.XViD-AOE
20:52 metbo: /home/met/torrent ready/The.Losers.2010.German.AC3.BDRip.XviD-SG
20:52 metbo: /home/met/torrent ready/The.Social.Network.German.2010.LD.German.BDRip.XviD.iNTERNAL-SG
20:52 metbo: /home/met/torrent ready/The.Social.Network.R5.LD.German.XviD-CinePlexx
20:52 metbo: /home/met/torrent ready/The.Town.DVDRiP.LD.German.iNTERNAL.XViD-Pleaders
20:52 metbo: /home/met/torrent ready/This.Is.England.2006.German.AC3.BDRip.XviD-SG
20:52 metbo: /home/met/torrent ready/Triage.2009.German.AC3.HDRiP.XviD-UMC
20:52 metbo: /home/met/torrent ready/Two.and.a.half.Men.S07E14.Der.Familien.Rottweiler.GERMAN.DUBBED.WS.HDTVRiP.XviD-SOF
20:52 metbo: /home/met/torrent ready/Unstoppable.Ausser.Kontrolle.2010.German.AC3D.R5.XviD-UMC
20:52 metbo: /home/met/torrent ready/Unstoppable.Ausser.Kontrolle.R5.LD.German.XViD-AOE
20:52 metbo: /home/met/torrent ready/Verrueckt.nach.Dir.DVDRiP.LD.German.XviD-CinePlexx
20:52 metbo: /home/met/torrent ready/Volker.Pispers.Bis.neulich.2010.GERMAN.DVDRip.XviD-TVP
20:52 metbo: /home/met/torrent ready/Wall.Street.Geld.schlaeft.nicht.R5.MD.German.XviD-CinePlexx
20:52 metbo: /home/met/torrent ready/Wrong.Side.of.Town.German.2010.AC3.BDRip.XviD-ViDEOWELT
20:52 metbo: /home/met/torrent ready/Zu.scharf.um.wahr.zu.sein.2010.German.AC3.HDRip.XviD-SG
20:52 iaj: haste irgendwaas geguckt
20:52 iaj: davon?
20:52 iaj: ui inception... yeah :)
20:53 metbo: inception hab ich gestern wieder gesehen
20:53 metbo: machete soll noch gut sein
20:53 iaj: jo  saw3d naja ;) da war ich ja im kino
20:53 iaj: haste duell der magier gesehen?
20:54 iaj: ahso das tele hau ich gleich wieder back
20:54 metbo: bisher net
20:54 metbo: kaum zeit gehabt in den letzten wochen
--- Log closed Sun Dec 19 20:59:59 2010
--- Log opened Sun Dec 19 22:00:58 2010
22:00 iaj: julia zurückrufen
--- Log closed Sun Dec 19 22:05:59 2010
