--- Log opened Fri Dec 24 00:00:55 2010
--- Log closed Fri Dec 24 00:05:55 2010
--- Log opened Fri Dec 24 00:09:07 2010
00:09 ElFenominoDaPlaya: jetzt erst?
00:09 ElFenominoDaPlaya: 1:30 std unterwegs?
00:09 ElFenominoDaPlaya: in der bahn?
--- Log closed Fri Dec 24 00:14:55 2010
--- Log opened Fri Dec 24 00:16:23 2010
00:16 iaj: lol
00:16 iaj: fast wohl
--- Log closed Fri Dec 24 00:21:55 2010
--- Log opened Fri Dec 24 10:32:17 2010
10:32 --- Query: Starting query with ElFenominoDaPlaya on bitlbee
10:32 ElFenominoDaPlaya: lol
--- Log closed Fri Dec 24 10:38:12 2010
--- Log opened Fri Dec 24 11:11:03 2010
11:11 iaj: :D
11:11 iaj: So früh wach?
11:11 iaj: Alter heute nacht wars wieder hart
11:11 iaj: lo
--- Log closed Fri Dec 24 11:16:12 2010
--- Log opened Fri Dec 24 11:45:07 2010
11:45 ElFenominoDaPlaya: was war hart?
--- Log closed Fri Dec 24 11:50:12 2010
--- Log opened Fri Dec 24 12:01:56 2010
12:01 iaj: dreeeecks suns
12:01 iaj: naja
12:01 iaj: erzähls dir morgen
--- Log closed Fri Dec 24 12:07:12 2010
--- Log opened Fri Dec 24 12:27:40 2010
12:27 ElFenominoDaPlaya: wohl wieder nen under
12:27 ElFenominoDaPlaya: lol
12:27 ElFenominoDaPlaya: 178 punkte
12:27 ElFenominoDaPlaya: lol
12:28 ElFenominoDaPlaya: nash nur 4 punkte
12:28 ElFenominoDaPlaya: das sagt alles
12:28 ElFenominoDaPlaya: lol
12:30 ElFenominoDaPlaya: kann man eig irgendwo konsolen leihen
12:30 ElFenominoDaPlaya: z.b. die kinect?
12:30 ElFenominoDaPlaya: wüsst jetzt keinen bei uns der sowas leiht
12:33 iaj: lol
12:33 iaj: videobuster bestimmt
12:33 iaj: aber hab gestern kinect gezockt
12:33 iaj: finds schrottig ^^
--- Log closed Fri Dec 24 12:39:12 2010
--- Log opened Fri Dec 24 13:14:13 2010
13:14 ElFenominoDaPlaya: echt?
13:14 ElFenominoDaPlaya: wo haste des gezockt?
13:14 iaj: wo springste wieder rum
13:14 iaj: llol
13:14 iaj: gestern
13:14 iaj: im mtz
13:14 iaj: son  box game
13:15 iaj: BOX
13:15 iaj: Game
13:15 iaj: :-D
13:15 iaj: KOy?
13:19 ElFenominoDaPlaya: yo?
13:19 ElFenominoDaPlaya: warste noch im mtz oder was
13:19 ElFenominoDaPlaya: dachte ihr geht stadt
13:19 ElFenominoDaPlaya: ^^
13:22 iaj: DANIEL
13:22 iaj: IST WEG
13:22 iaj: NUN
13:22 iaj: hab schon 4 biere intus
13:22 iaj: robb ich die Mucke hoch
13:22 iaj: Und weisste auch was
13:22 iaj: biste ready?????
13:23 iaj: Ich wollt fragen
13:23 iaj: kannste morgen für uns beide je 100 opfern?????
13:23 iaj: Dann machen wir ne schicke weihnachts kombi :D
13:23 ElFenominoDaPlaya: lool
13:23 ElFenominoDaPlaya: hab kein geld
13:23 iaj: DAMN
13:23 iaj: :D
13:23 iaj: http://www.youtuberepeat.com/watch/?v=D8Ts4ChyzUo&feature=related
13:23 iaj: Gibs dir
13:23 iaj: Tochter Zion!!!!!!!!!
13:23 ElFenominoDaPlaya: ich zeig dir mal
13:23 ElFenominoDaPlaya: bankauszug
13:23 iaj: lol
13:23 iaj: lieber nicht
13:23 iaj: das scheiss wetten
13:23 iaj: ist sicher dran schuld
13:23 ElFenominoDaPlaya: -1.271,67
13:23 ElFenominoDaPlaya: lol
13:23 iaj: hab den monat
13:23 iaj: 500
13:23 iaj: verzockt
13:23 ElFenominoDaPlaya: und kann bis -1500
13:23 iaj: alter
13:23 ElFenominoDaPlaya: lol
13:23 ElFenominoDaPlaya: alter
13:23 ElFenominoDaPlaya: jo
13:24 iaj: Das so heav
13:24 ElFenominoDaPlaya:  
13:24 ElFenominoDaPlaya: das wetten
13:24 ElFenominoDaPlaya: :-D
13:24 iaj: y
13:24 iaj: aber pssssssst
13:24 ElFenominoDaPlaya: yo
13:24 iaj: naja hab nen Vorsatz
13:24 iaj: für 2011
13:24 iaj: Keine Wetten mehr
13:24 iaj: lol
13:24 ElFenominoDaPlaya: lol
13:24 ElFenominoDaPlaya: will aiuch nemmer
13:24 iaj: Hoffentlich klappts :(
13:24 ElFenominoDaPlaya: sparen jetzt
13:24 iaj: Endet immer gleich
13:24 iaj: auch wenn man gewinnt
13:24 iaj: man will immer mehr
13:24 iaj: und am Ende
13:24 iaj: steht man mit nix mehr da
13:24 ElFenominoDaPlaya: haha
13:24 iaj: Immer so
13:24 ElFenominoDaPlaya: yo
13:24 ElFenominoDaPlaya: so wars letzte woche
13:24 ElFenominoDaPlaya: lol
13:24 iaj: Jeder Weter kennts
13:24 iaj: lol
13:24 ElFenominoDaPlaya: da hatt ich 3800
13:24 iaj: :(
13:24 ElFenominoDaPlaya: aufm wettkonto
13:24 ElFenominoDaPlaya: rodfl
13:24 iaj: Oceans 13
13:24 iaj: da wirds beschrieben
13:24 iaj: krass
13:25 iaj: :(
13:25 iaj: Und ich verlier gestern ne Kombi
13:25 iaj: WEGEN FUCKING einem Korb der SINNLOS war
13:25 iaj: und der normal nie ausgespielt wird
13:25 ElFenominoDaPlaya: lol
13:25 ElFenominoDaPlaya: kenn ich
13:25 iaj: um 7:11 uhr ortszeit
13:25 iaj: wars
13:25 iaj: geschehen
13:25 ElFenominoDaPlaya: letztens hat ich auch 500 auf suns
13:25 iaj: looooooool
13:25 ElFenominoDaPlaya: over
13:25 ElFenominoDaPlaya: war schon abgecshireben
13:25 iaj: suns +10.5 alter... das gibt's nich
13:25 ElFenominoDaPlaya: dann machen se in 1 min 20 punkte
13:25 ElFenominoDaPlaya: in der letzten
13:25 iaj: looooooooooooooooooooooooooooooool
13:25 iaj: Echt?
13:25 iaj: Krass
13:25 ElFenominoDaPlaya: dann konnten se nochmal scoren
13:25 ElFenominoDaPlaya: 1 punkt fehlt
13:25 ElFenominoDaPlaya: dann werfen se danaeben
13:25 iaj: wie unsere Wette damals
13:25 ElFenominoDaPlaya: und foulen nemmer
13:25 iaj: loooooooooooooooooooooooooooooooooooooooooooooooooooooooooool
13:25 ElFenominoDaPlaya: lol
13:25 iaj: looooooooooooooooooooooooooo
13:25 iaj: l
13:26 iaj: loooooooool
13:26 ElFenominoDaPlaya: haha
13:29 ElFenominoDaPlaya: naja
13:29 ElFenominoDaPlaya: :-P
13:29 ElFenominoDaPlaya: Berlocq hätts gewusst
13:30 ElFenominoDaPlaya: Sevilla v Borussia Dortmund
13:30 ElFenominoDaPlaya: (Ergebnis)Borussia Dortmund2.60KeineVerloren
13:30 ElFenominoDaPlaya: diw war auch heavy
13:30 ElFenominoDaPlaya: lool
13:30 ElFenominoDaPlaya: dortmunder spassten
13:30 ElFenominoDaPlaya: 2 spieltage
13:31 ElFenominoDaPlaya: STEVE NASH
13:31 ElFenominoDaPlaya:  
13:31 iaj: loooooooooooooool
13:31 iaj: loooooooooooooooooooooooooooooooooool
13:31 iaj: Der wix
13:31 ElFenominoDaPlaya: Die alte pfaume der versucht nur 3er
13:31 iaj: Lebron james
13:31 ElFenominoDaPlaya: :-D
13:31 iaj: gestern hab ich ihn wieder
13:31 iaj: GEHASST
13:31 ElFenominoDaPlaya: lol
13:31 iaj: wenn der on court war
13:31 ElFenominoDaPlaya: haha
13:31 iaj: hamse
13:31 iaj: 100%
13:31 iaj: getroffen
13:31 iaj: alter
13:32 iaj: das war so unreal
13:32 ElFenominoDaPlaya: ich liebe ihn aber wenn man auf ihm is kackt er immer rum
13:32 iaj: jo
13:32 iaj: GENAU
13:32 iaj: SO SISES
13:32 iaj: ER FUCKT RUM
13:32 ElFenominoDaPlaya: und wade net dabei
13:32 iaj: wenn man druff is
13:32 ElFenominoDaPlaya: lol
13:32 ElFenominoDaPlaya: Dallas bekpommt neuen spieler
13:32 ElFenominoDaPlaya: Carmelo Anthony
13:32 ElFenominoDaPlaya: ;-)
13:32 iaj: lol
13:32 ElFenominoDaPlaya: Miami Twice" lassen Suns keine Chance
13:32 iaj: echt?
13:32 iaj: wegen todesfall?
13:32 ElFenominoDaPlaya: Die Heat siegen dank James und Bosh in Phoenix und sind bereit für das Duell mit dem Titelverteidiger. Eine Box-Legende beflügelt den zweimaligen MVP. Nash bleibt optimistisch.
13:33 ElFenominoDaPlaya: 17:4-Lauf für Miami
13:33 ElFenominoDaPlaya: Noch ohne Gortat und Pietrus startete Phoenix allerdings stark in die Partie und ging im ersten Viertel sogar mit 21:10 in Führung.
13:33 iaj: jep
13:33 iaj: das hab ich noch gesehen
13:33 iaj: looooooooool
13:33 iaj: dan
13:33 ElFenominoDaPlaya: Doch James brachte die Heat - über die komplette Partie von den Suns-Fans mit Pfiffen begleitet - mit elf seiner insgesamt 36 Punkte auf 19:22 heran.
13:33 ElFenominoDaPlaya: Im zweiten Viertel übernahm Bosh das Kommando. 
13:33 ElFenominoDaPlaya: Durch sieben schnelle Punkte des Texaners glich Miami aus und startete einen 17:4-Lauf, der die Heat mit 45:39 in die Halbzeit gehen ließ.
13:33 iaj: stands 21-27
13:33 iaj: oder so
13:34 iaj: hatten noch
13:34 iaj: Bucks
13:34 ElFenominoDaPlaya: Wow
13:34 ElFenominoDaPlaya: Langsam kommt LBJ richtig in Fahrt...wenn er so weiter macht, kann er sich Hoffnung auf den MVP Titel machen, wobei KD35 es auch verdient hätte
13:34 iaj: und orlando over
13:34 ElFenominoDaPlaya: orlando war wohl sichere kiste
13:34 iaj: jo
13:34 ElFenominoDaPlaya: was hatteste denn druff?
13:34 ElFenominoDaPlaya: das se mal over spielen
13:34 iaj: war nach 3 vierteln durch
13:34 iaj: 100 nur
13:34 iaj: lol
13:34 ElFenominoDaPlaya: wundert mich acuh
13:34 ElFenominoDaPlaya: lol
13:34 iaj: aber wärn +300 gewesen
13:34 iaj: hätt ich brauchen können
13:34 iaj: für polen
13:34 iaj: und paris
13:34 iaj: so halt
13:34 iaj: -100
13:34 iaj: lol
13:34 iaj: was
13:34 iaj: nich ganz so gut is
13:35 ElFenominoDaPlaya: Die unendliche Trade-Geschichte geht weiter: Die Mavericks denken angeblich an einen Leih-Deal. Cuban reagiert gereizt. 
13:35 ElFenominoDaPlaya: München - Die Personalie Carmelo Anthony ist derzeit wohl das heißeste Wechsel-Thema der NBA.
13:35 ElFenominoDaPlaya: Dallas Mavericks spielen wieder so stark
13:35 ElFenominoDaPlaya: und wenns in die play offs geht kacken se sicher wiederab
13:35 ElFenominoDaPlaya: mal sehen was durant noch so treiben wird 
13:35 iaj: lol
13:35 iaj: jo
13:35 iaj: in POs
13:35 iaj: kannste die Mavs so knicken
13:35 ElFenominoDaPlaya: mit seinem kumpel westbrook
13:35 iaj: jo
13:35 iaj: wollt grad sagen
13:35 iaj: die OKCS
13:35 iaj: naja
13:35 iaj: die ham mich
13:36 iaj: am DO naht
13:36 iaj: gekostet
13:36 iaj: gegen die fuck knicks
13:36 iaj: lol
13:36 iaj: SCHEISS WETTEN MAN
13:36 ElFenominoDaPlaya: morgen um 23 uhr
13:36 iaj: wie ich's hasse manchmal
13:36 ElFenominoDaPlaya: lakers - miami
13:36 ElFenominoDaPlaya: lol
13:36 iaj: lol
13:36 iaj: geil wärs
13:36 iaj: kobe vs lebron
13:36 iaj: krass
13:37 iaj: hau stream an da :D
13:37 iaj: LEIDER
13:37 iaj: hab ich kein Geld mehr
13:37 iaj: looooooooooooool
13:37 iaj: bis
13:37 iaj: april
13:37 ElFenominoDaPlaya: war letztens auf lakers
13:37 ElFenominoDaPlaya: da hamse sich so schwer getan
13:37 ElFenominoDaPlaya: gegen kack clippers
13:37 ElFenominoDaPlaya: fast verloren
13:37 ElFenominoDaPlaya: doch dann kam der buzzer beater
13:37 ElFenominoDaPlaya: vom fisher
13:37 ElFenominoDaPlaya: lol
13:37 ElFenominoDaPlaya: Die letzte Sekunde ist vorbei, der Ball aus der Hand und später im Korb. Derek Fisher sorgte im Stadtduell für den Unterschied.
13:37 iaj: looooooooooooooooooooooooool
13:37 iaj: ich weiss sogar
13:37 iaj: noch
13:38 ElFenominoDaPlaya: da kam ich heim von nachtschicht
13:38 ElFenominoDaPlaya: da war noch alles im grünen bereich
13:38 ElFenominoDaPlaya: lol
13:38 ElFenominoDaPlaya: aber die woche war scheisse
13:38 ElFenominoDaPlaya:  
13:38 ElFenominoDaPlaya: 2x 1 game
13:38 ElFenominoDaPlaya: an 5 k vorbei
13:38 ElFenominoDaPlaya: lol
13:38 ElFenominoDaPlaya: dann hätt ich woh lausgezahlt
13:38 ElFenominoDaPlaya: wollte nur die 5
13:38 ElFenominoDaPlaya: lol
13:38 iaj: loooooooooooooooooooool
13:39 iaj: Wie John Anthony schon sagte
13:39 iaj: :-)
13:39 ElFenominoDaPlaya: 05/12/2010 20:47:39Sporting  @ 1.50
13:39 ElFenominoDaPlaya: Mehr als0.5  @ 1.53
13:39 ElFenominoDaPlaya: ATL Falcons-2.5  @ 1.80
13:39 ElFenominoDaPlaya: Mehr als0.5  @ 1.36
13:39 ElFenominoDaPlaya: Genk  @ 1.95
13:39 ElFenominoDaPlaya: Juventus  @ 2.30
13:39 ElFenominoDaPlaya: 6er-Kombis, 1 Wette * €100,00100,002.535,08
13:39 ElFenominoDaPlaya: da sahs noch gut aus
13:39 ElFenominoDaPlaya: lol
13:39 iaj: http://paste.pocoo.org/show/309288
13:39 iaj: Gibs dir
13:39 iaj: looooooooooooooooooool
13:39 iaj: habs immer parat
13:39 ElFenominoDaPlaya: 06/12/2010 01:56:31Boca Juniors  @ 1.80,  €535,00 Einzelwette535,00963,00
13:39 ElFenominoDaPlaya: da auch
13:39 ElFenominoDaPlaya: lol
13:40 ElFenominoDaPlaya: 06/12/2010 17:36:04VfL Bochum  @ 3.10,  €400,00 Einzelwette400,001.240,00
13:40 ElFenominoDaPlaya: da auch
13:40 ElFenominoDaPlaya: lol
13:40 ElFenominoDaPlaya: dann kam orlando
13:40 ElFenominoDaPlaya: 3x in folge
13:40 ElFenominoDaPlaya: 3 losts
13:40 ElFenominoDaPlaya: lol
13:40 ElFenominoDaPlaya: die wixer
13:40 ElFenominoDaPlaya: seit dem spiel ich die nemmer an
13:40 ElFenominoDaPlaya: lol
13:40 ElFenominoDaPlaya: 07/12/2010 20:01:28Schalke  @ 4.50
13:40 ElFenominoDaPlaya: Mehr als0.5  @ 1.36
13:40 ElFenominoDaPlaya: Doppelwetten, 1 Wette * €100,00100,00613,64
13:40 ElFenominoDaPlaya: die war auch gut
13:40 iaj: loooooooooooooooool
13:40 ElFenominoDaPlaya: :-D
13:40 iaj: lol
13:40 iaj: naja
13:40 iaj: ich sehs ja morgen eh
13:40 ElFenominoDaPlaya: 07/12/2010 19:54:56Mehr als0.5  @ 1.50
13:40 ElFenominoDaPlaya: Tottenham  @ 2.50
13:40 ElFenominoDaPlaya: Mehr als0.5  @ 1.33
13:40 ElFenominoDaPlaya: mehr als50.5  @ 1.85
13:40 ElFenominoDaPlaya: 4er-Kombis, 1 Wette * €170,00170,000,00
13:40 ElFenominoDaPlaya: die war am derbsten
13:40 ElFenominoDaPlaya: :-D
13:40 ElFenominoDaPlaya: tottenham
13:40 ElFenominoDaPlaya: 3-3
13:41 ElFenominoDaPlaya: und 3x geführt
13:41 ElFenominoDaPlaya: 1 game falsch
13:41 iaj: 3x in folge lost Orlando?
13:41 iaj: lol
13:41 ElFenominoDaPlaya: und dadnch noch eins
13:41 ElFenominoDaPlaya: you
13:41 ElFenominoDaPlaya: hamse wohl
13:41 ElFenominoDaPlaya: 3 losts
13:41 ElFenominoDaPlaya: in a row
13:41 ElFenominoDaPlaya: Atlanta (14-8) «1917182680Orlando (15-6)1915192174
13:42 ElFenominoDaPlaya: Final1234TOrlando (15-7)2224162183Portland (11-11) «1431223097
13:42 ElFenominoDaPlaya: Orlando (15-8)31261533105Utah (17-7) «30282435117
13:42 ElFenominoDaPlaya: lol
13:42 ElFenominoDaPlaya: man man man
13:43 ElFenominoDaPlaya: glaub da hat ich jedesmal zwischen 200-300 druff
13:43 ElFenominoDaPlaya: auf denen
13:43 ElFenominoDaPlaya: lol
13:43 iaj: loooooooooooooooooooooooooooool
13:43 iaj: looooooooooooool
13:43 iaj: loooooooooooooooooooooooooooooooooooooooooooool
13:43 ElFenominoDaPlaya: danach hab ich se nemmer gewonne
13:43 iaj: gestern warn se wieder bombe
13:43 iaj: naja
13:43 ElFenominoDaPlaya: dann kamen clippers die haun se mit 12 weg
13:43 ElFenominoDaPlaya: lol
13:43 iaj: ich mag se auch nemmer
13:44 iaj: Pissen
13:44 iaj: das Bier
13:44 iaj: drückt
13:44 iaj: lol
13:44 ElFenominoDaPlaya: lool
13:44 ElFenominoDaPlaya: bier trinkter
13:44 ElFenominoDaPlaya: brauchen keine xbox spiele oder
13:44 ElFenominoDaPlaya: naja hab ja singen und was ich sonst so da hab
13:44 ElFenominoDaPlaya: sollte reichen
13:44 ElFenominoDaPlaya: :-D
13:44 ElFenominoDaPlaya: und spiele
13:44 ElFenominoDaPlaya: morgen
13:45 ElFenominoDaPlaya: sas will unbedingt pokern lol mal sehen
13:45 ElFenominoDaPlaya: hab schon versucht dasser die knadder net mitbringt wenner kommt...aber denk wenner kommt dann allein
13:46 ElFenominoDaPlaya: sascha23.12.2010 19:55 
13:46 ElFenominoDaPlaya: hätt ja mal bock auf pockern
13:46 iaj: sieh dein glück - ich koooo-hoo-hoomm zu dir
13:46 ElFenominoDaPlaya: pockern vor allem
13:46 iaj: also cih hab so frei
13:46 ElFenominoDaPlaya: sascha23.12.2010 19:55 
13:46 ElFenominoDaPlaya: hätt ja mal bock auf pockern
13:46 ElFenominoDaPlaya: sascha23.12.2010 19:55 
13:46 ElFenominoDaPlaya: hätt ja mal bock auf pockern
13:46 ElFenominoDaPlaya: sascha23.12.2010 19:55 
13:46 ElFenominoDaPlaya: hätt ja mal bock auf pockern
13:46 ElFenominoDaPlaya: haha
13:46 ElFenominoDaPlaya: POCKERNNNNN
13:46 iaj: loooooooooooooooooooooooooooooooooooooooooooooooooooooooool
13:46 iaj: pockern
13:46 iaj: looooooooooooooooo
13:47 iaj: WIr können ihm ja
13:47 iaj: die Windpocken verpassen
13:47 iaj: vllt meinter das
13:47 iaj: alter
13:47 ElFenominoDaPlaya: haha
13:47 iaj: weisste was geil war
13:47 iaj: die silvi direkt, ist der eine da irgendwie geldgeil?????
13:47 iaj: LOOOOOOOOOOOOOOOOOOOOOOOOOOOOOOOOOL
13:47 iaj: wie ich mich
13:47 iaj: bepisst hab
13:47 iaj: der erste eindruck von ihm
13:47 iaj: und direkt ins schwarz
13:47 iaj: e
13:47 ElFenominoDaPlaya: loooool
13:47 ElFenominoDaPlaya: wie kam se darauf
13:47 ElFenominoDaPlaya: :-D
13:47 iaj: weil er dirket ankam
13:47 iaj: und wollte geld
13:47 iaj: für badesalz karte
13:47 iaj: ohne
13:47 iaj: hallo zu sagen
13:47 iaj: hab ihr dann die 200 mark geschichte etc erzeaehlt
13:47 ElFenominoDaPlaya: hahahaah
13:48 iaj: dann fragt se
13:48 ElFenominoDaPlaya: hahaha
13:48 iaj: warum haste so einen noch als freund
13:48 iaj: lol
13:48 ElFenominoDaPlaya: hahah
13:48 iaj: dann meint ich wir haben ihnd amals gebraucht
13:48 ElFenominoDaPlaya: der sas
13:48 iaj: weil er auto fahren konnt
13:48 iaj: lol
13:48 ElFenominoDaPlaya: loooool
13:48 iaj: Dieser dumme Schwan
13:48 iaj: z
13:48 ElFenominoDaPlaya: hahah
13:48 iaj: dem wünsch ich keine Frohe Weihnacht
13:48 iaj: Mir hat die Weihnachten
13:48 iaj: Lebron
13:48 iaj: Versaut
13:48 iaj: lol
13:48 ElFenominoDaPlaya: badesalz
13:48 ElFenominoDaPlaya: lol
13:48 ElFenominoDaPlaya: war doch klar wenner die dinger kauft
13:48 ElFenominoDaPlaya: haha
13:48 ElFenominoDaPlaya: und keiner geht
13:49 ElFenominoDaPlaya: naja hätte das eh net so gemacht
13:49 iaj: warn ja dennoch 10
13:49 ElFenominoDaPlaya: erst geld dann karten
13:49 iaj: meinte er
13:49 ElFenominoDaPlaya: wer mit kommen will
13:49 iaj: dann fragte ich wer alles mit war
13:49 ElFenominoDaPlaya: so selbnst schuld
13:49 ElFenominoDaPlaya: eig
13:49 iaj: und er wusste nur 4 Namen
13:49 iaj: ;p
13:49 ElFenominoDaPlaya: waren glaub viele net
13:49 ElFenominoDaPlaya: bb auch net
13:49 iaj: bb seppel ich
13:49 iaj: jo
13:49 ElFenominoDaPlaya: der hatte weihnachtsfeier
13:49 iaj: schäfer
13:49 iaj: lo
13:49 iaj: l
13:49 ElFenominoDaPlaya: naja ein glück hab ich da nie zugesagt
13:49 ElFenominoDaPlaya: :-D
13:49 ElFenominoDaPlaya: hatte auch selbst weihnachtsfeier
13:50 iaj: lol
13:50 iaj: naja
13:50 iaj: wennd u da gewesen wärst
13:50 iaj: wär ich vllt sogar hin
13:50 iaj: aber kein bb seppel
13:50 iaj: alter
13:50 iaj: da dacht ich mir, schaff ich lieber
13:50 ElFenominoDaPlaya: yop
13:50 ElFenominoDaPlaya: ;-)
13:50 iaj: jetzt allerdings
13:50 iaj: hab ich 100 verblasen
13:50 iaj: im nullkommanix
13:50 iaj: lol
13:50 ElFenominoDaPlaya: das geht schnell
13:51 ElFenominoDaPlaya: ehe man sich versieht
13:51 ElFenominoDaPlaya: puff
13:51 ElFenominoDaPlaya: und heute geht ihr in den city club?
13:51 iaj: jop
13:51 iaj: hab grad
13:52 iaj: Ben Facebook
13:52 iaj: gefragt
13:52 iaj: den Freund von Toni
13:52 iaj: ^^
13:52 iaj: halt mal Augen offen
13:52 ElFenominoDaPlaya: augen?
13:52 iaj: nach so Public Poker turnier
13:52 iaj: mit 20 eur buyins oder so
13:52 iaj: hier in umgebung
13:52 ElFenominoDaPlaya: ;-)
13:52 iaj: und lass da krachen
13:52 ElFenominoDaPlaya: bei miener weihnachtsfeier
13:52 ElFenominoDaPlaya: sind manche danach nach wiesbaden
13:52 ElFenominoDaPlaya: casino
13:52 ElFenominoDaPlaya: jeder so 150-300 dabei
13:52 ElFenominoDaPlaya: der eine woll bandit spielen
13:53 ElFenominoDaPlaya: der andere bissl pokern dund blackajck
13:53 ElFenominoDaPlaya: haha
13:53 ElFenominoDaPlaya: und der andere roulette
13:53 iaj: looooooooooooooooooooooooooooooooooooooooooooooooooooooooooooooooooooooooooool
13:53 ElFenominoDaPlaya: :-D
13:53 iaj: das auch geil
13:53 iaj: wieso biste nich mit
13:53 ElFenominoDaPlaya: warn glaub 5 leute
13:53 ElFenominoDaPlaya: oder so
13:53 iaj: casino is ischer geil
13:53 iaj: schick anziehen
13:53 iaj: und ab
13:53 ElFenominoDaPlaya: hatte keine kohle
13:53 iaj: wie bei 21
13:53 ElFenominoDaPlaya: zum verblasen
13:53 ElFenominoDaPlaya: haha
13:53 iaj: ahso :(
13:53 ElFenominoDaPlaya: sonst wär ich bestimmt mit
13:53 iaj: okd as is crap
13:53 iaj: ich weiss nur
13:53 ElFenominoDaPlaya: wenn ich ausgezahlt hätt
13:53 iaj: WETTEN auf kurz oder lang
13:53 ElFenominoDaPlaya: naja hab noch 2 lotto scheine
13:53 iaj: kkostet nur
13:53 ElFenominoDaPlaya: die am 25. gezogen werden
13:53 ElFenominoDaPlaya: vllt bringts was
13:53 iaj: weiss nich ob ich's der silvi erzählen soll
13:53 ElFenominoDaPlaya: naja 50 euro hanb ich da sicher
13:53 ElFenominoDaPlaya: schon
13:53 ElFenominoDaPlaya: :-D
13:53 iaj: loooooooool
13:53 iaj: voelz hat gestern
13:53 ElFenominoDaPlaya: 1000000000%
13:53 iaj: 100
13:53 iaj: im spanischen lotto
13:54 iaj: gewioonne
13:54 iaj: oder so
13:54 ElFenominoDaPlaya: lol
13:54 iaj: looooooool
13:54 ElFenominoDaPlaya: echt?
13:54 ElFenominoDaPlaya:  
13:54 iaj: jo
13:54 ElFenominoDaPlaya: hab superding
13:54 iaj: irgendson crap
13:54 iaj: kp was genau
13:54 ElFenominoDaPlaya: 100 euro kostet der schien
13:54 ElFenominoDaPlaya: aber 50 sind sicher win
13:54 ElFenominoDaPlaya: schon
13:54 iaj: er spricht in raetseln
13:54 ElFenominoDaPlaya: ;-)
13:54 iaj: der junge slumdog
13:54 iaj: lol
13:54 iaj: warum lassen ses
13:54 ElFenominoDaPlaya: und noch nen schein mit kollegne
13:54 iaj: ned gleich 50 kosten
13:54 ElFenominoDaPlaya: morgen abend is ziehung
13:54 ElFenominoDaPlaya: ;-)
13:54 ElFenominoDaPlaya: mal sehn vllt werd ich ja dort millionaro
13:54 ElFenominoDaPlaya: :-D
13:54 iaj: HAHAHAHAAAAAAAAAAAAAAAAAAA
13:54 ElFenominoDaPlaya: 6er würd mir reichen
13:55 iaj: Lebron sollen se den Vibrator aus m Arsch ziehen
13:55 ElFenominoDaPlaya: so 500.000 - 1.000.000
13:55 iaj: wie der abgeht
13:55 iaj: übertrieben
13:55 iaj: musste gestern Stream ausmachen
13:55 iaj: der is von freiwurflinie
13:55 ElFenominoDaPlaya: was hatter gemacht
13:55 iaj: zum korb gejumpt
13:55 ElFenominoDaPlaya: rooofl
13:55 iaj: und basht n rein dass die halle bebt
13:55 iaj: + foul
13:55 iaj: natürlich
13:55 iaj: loooooooooooooooooooool
13:55 ElFenominoDaPlaya: haha
13:55 ElFenominoDaPlaya: wie gsatg
13:55 ElFenominoDaPlaya: muhamed ali
13:55 ElFenominoDaPlaya: war dortt
13:55 ElFenominoDaPlaya: und hat ihn angespornt
13:55 iaj: Alter
13:55 ElFenominoDaPlaya: hamse geschrieben
13:55 iaj: Deswegen :(
13:55 ElFenominoDaPlaya: :-D
13:55 iaj: ich hab ne frage
13:55 iaj: hast du dein iPhone
13:56 iaj: schonmal für Lieder benutzt?
13:56 iaj: ich hab da jetzt welche über iTunes mit drag n drop
13:56 ElFenominoDaPlaya: James' Begegnung mit Ali
13:56 ElFenominoDaPlaya: Für Miami gilt es dagegen den Schwung in die Partie mit dem Titelverteidiger mitzunehmen.
13:56 ElFenominoDaPlaya: Helfen wird James dabei sicher auch die beflügelnde Begegnung mit Box-Legende Muhammad Ali nach der Partie.
13:56 iaj: rüber gezogen
13:56 iaj: aber wo sind die auf dem iPhone?
13:56 ElFenominoDaPlaya: ka
13:56 iaj: Alter
13:56 iaj: Wie kannste das ned wissen
13:56 ElFenominoDaPlaya: muss noch meine hörkapsel reparieren lassen
13:56 iaj: loooooooooooooool
13:56 iaj: Du dummer schwanz
13:56 ElFenominoDaPlaya: wollts mal jailbreaken
13:56 ElFenominoDaPlaya: :-D
13:56 iaj: was mach ich nun :D
13:56 iaj: LOOOOOOOOL
13:57 iaj: will weihnachtslieder
13:57 iaj: draufhauen
13:57 iaj: :(
13:57 ElFenominoDaPlaya: ahso
13:57 ElFenominoDaPlaya: hab net geanz gelsen
13:57 iaj: und mit riesen kopfhören
13:57 ElFenominoDaPlaya: you habs benutzt
13:57 ElFenominoDaPlaya: für mucke
13:57 iaj: rumrennen
13:57 ElFenominoDaPlaya: klar
13:57 iaj: hab die lieder rübergezogen
13:57 iaj: aber wenn ich iPhone
13:57 iaj: unter iTunes geh
13:57 iaj: is nix da
13:57 ElFenominoDaPlaya: hmm
13:57 ElFenominoDaPlaya: das is natürlich komisch
13:58 iaj: wohin muss ich da?
13:58 ElFenominoDaPlaya: schliess es mal an nem anderen rechner an
13:58 iaj: unter iTunes?
13:58 ElFenominoDaPlaya: bei schäfer oder so
13:58 iaj: oder ipod?
13:58 ElFenominoDaPlaya: und versuchs da
13:58 iaj: bei Itunes kann ich nur laden
13:58 ElFenominoDaPlaya: ach itunes
13:58 ElFenominoDaPlaya: gekaufte
13:58 ElFenominoDaPlaya: oder was
13:58 ElFenominoDaPlaya: hab mir da mal ne folge 24 geladen
13:58 iaj: ne
13:58 iaj: nur rübergeschöbne
13:58 ElFenominoDaPlaya: aufs iphone
13:58 ElFenominoDaPlaya: lol
13:58 ElFenominoDaPlaya: hmm
13:58 iaj: wo muss ich hin wenn ich mp3s dragn droppppe
13:58 iaj: aufs iphone
13:58 iaj: ÜBER itunes
13:59 iaj: OMGGGGGGG
13:59 ElFenominoDaPlaya: naja gute frage
13:59 iaj: bei ipod
13:59 iaj: sind'se
13:59 iaj: LOOOOOOOOOOOOOOOL
13:59 ElFenominoDaPlaya: hab itunes sonst nie genutzt
13:59 ElFenominoDaPlaya: mom
13:59 iaj: itunes lieder rüberziehen
13:59 iaj: dann auf iPhone
13:59 iaj: im ipod tab
13:59 iaj: sind'se
13:59 ElFenominoDaPlaya: iphone - lieder
13:59 ElFenominoDaPlaya: da rein ziehen
13:59 iaj: jo
13:59 iaj: aber auf iPhone
14:00 iaj: muss ich dann
14:00 iaj: bei iPod gehen
14:00 iaj: oman
14:00 iaj: was n stinkiger mist
14:00 ElFenominoDaPlaya: mom schließ mal an
14:00 iaj: nun renn ich mit mega kopfhörern rum
14:00 iaj: wie peinlich
14:00 iaj: naja
14:00 iaj: trink noch n Bier
14:00 iaj: dann is egal
14:00 ElFenominoDaPlaya: muss doch automatisch kommen
14:00 ElFenominoDaPlaya: geräte
14:00 ElFenominoDaPlaya: musik
14:00 ElFenominoDaPlaya: dann dort rein ziehen
14:00 iaj: jo
14:01 iaj: jo
14:01 iaj: das zum iPhone
14:01 iaj: ziehen
14:01 iaj: geht ja auch
14:01 iaj: habs nur auf dem iPhone
14:01 iaj: nie gefunden
14:01 iaj: wiel ich unter iTunes
14:01 iaj: gesucht hab
14:01 ElFenominoDaPlaya: hmm
14:01 iaj: aber ist auch unter iPhod
14:01 iaj: iPod
14:01 iaj: man ist das n wix
14:01 iaj: aber geht ;)
14:01 ElFenominoDaPlaya: also ich kann beides anschließen
14:01 ElFenominoDaPlaya: bei mir
14:01 ElFenominoDaPlaya: bei mir klappt das komischerweise
14:01 ElFenominoDaPlaya: lol
14:01 ElFenominoDaPlaya: haste denn schon mucke druff?
14:02 ElFenominoDaPlaya: aufm iphone?
14:02 ElFenominoDaPlaya: bisher
14:02 ElFenominoDaPlaya: irgendwas
14:02 ElFenominoDaPlaya: vllt musste es mal neu synchronisieren
14:02 ElFenominoDaPlaya: dann machter aber alles runter
14:02 ElFenominoDaPlaya: der scheisse
14:02 ElFenominoDaPlaya: scheiss
14:02 iaj: rkass
14:02 iaj: wasne geile quali
14:02 iaj: das hat
14:02 iaj: hammer
14:03 iaj: loooooooooooooooooooooooooooooooooool
14:03 iaj: so werd ich morgen pokern
14:03 iaj: soviel steht fest
14:03 ElFenominoDaPlaya: was?
14:03 iaj: dann kann ich mich konezntirern
14:03 ElFenominoDaPlaya: ??
14:03 ElFenominoDaPlaya:  
14:03 iaj: also es geht
14:03 iaj: ich muss nur auf iPhone unter ipod gehen
14:03 iaj: da sind alle lieder
14:03 iaj: die ich rübergezogen hab
14:03 ElFenominoDaPlaya: kalr
14:03 iaj: dachte immer unter itunes
14:03 ElFenominoDaPlaya: lol
14:03 iaj: lo
14:03 iaj: l
14:03 ElFenominoDaPlaya: lol
14:03 iaj: loooooooooooooooooooool
14:03 iaj: :D
14:03 ElFenominoDaPlaya: unten in der leiste
14:03 iaj: Jetzt weisste auch
14:03 ElFenominoDaPlaya: ipod
14:03 ElFenominoDaPlaya: ;-)
14:03 iaj: waurm ich auch noch studiere
14:03 iaj: ;-D
14:04 ElFenominoDaPlaya: hab dort auch lieder druff
14:04 ElFenominoDaPlaya: in der leiste aufm iphone gibts ipod
14:04 ElFenominoDaPlaya: :-D
14:04 iaj: jo
14:04 iaj: das hab ich gekickt
14:04 iaj: lol
14:04 ElFenominoDaPlaya: lol dachte du wusstest des
14:04 ElFenominoDaPlaya: ;-)
14:04 iaj: safari messages
14:04 iaj: contacts
14:04 iaj: und noch iwas
14:04 iaj: is da
14:04 iaj: lol
14:04 iaj: mail
14:04 iaj: wohl
14:04 iaj: :P
14:04 iaj: schon geil
14:04 iaj: das iPhone
14:04 iaj: echt.
14:04 iaj: dafür hab ich gern
14:04 iaj: 2k schulden
14:05 ElFenominoDaPlaya: loool
14:05 ElFenominoDaPlaya: 2k?
14:05 iaj: jop
14:05 iaj: rockt?
14:05 ElFenominoDaPlaya: wieso 2?
14:05 iaj: insgesamt 2
14:05 iaj: ka
14:05 iaj: 1k wegen iPhone
14:05 ElFenominoDaPlaya: loool
14:05 iaj: rest is
14:05 iaj: übers wetten
14:05 iaj: entstanden
14:05 iaj: lol
14:05 ElFenominoDaPlaya: naja ich hab acuh 1,6 bank
14:05 ElFenominoDaPlaya: lol
14:05 ElFenominoDaPlaya: dasser völz noch so viel patte hat
14:05 ElFenominoDaPlaya: immer
14:05 ElFenominoDaPlaya: :-D
14:05 iaj: lol
14:05 iaj: jetzt nemmer
14:05 iaj: -400
14:05 iaj: bei -500 dispo
14:05 iaj: hatter grad
14:06 ElFenominoDaPlaya: lol
14:06 ElFenominoDaPlaya: haha
14:06 ElFenominoDaPlaya: mein dispo auch gut
14:06 ElFenominoDaPlaya: -1500
14:06 ElFenominoDaPlaya: haha
14:06 ElFenominoDaPlaya: überzogen
14:06 ElFenominoDaPlaya: mammamia
14:06 ElFenominoDaPlaya: das wetten
14:06 ElFenominoDaPlaya: reisst löcher
14:06 iaj: loooooooooooool
14:06 iaj: jo
14:06 iaj: überleg mal
14:06 iaj: wieviel geld
14:06 iaj: du sonst hättest
14:06 ElFenominoDaPlaya: dann hat ich noch
14:06 ElFenominoDaPlaya: 500 euro
14:06 iaj: gespart
14:06 iaj: dieses jahr
14:06 ElFenominoDaPlaya: an anwalt bezahlt
14:06 iaj: lol
14:06 iaj: stimmt
14:06 iaj: da war ja was
14:06 ElFenominoDaPlaya: wegen urheberrechtsverletzunhg
14:06 ElFenominoDaPlaya: und da kommt noch was
14:06 ElFenominoDaPlaya: besitmmt
14:06 ElFenominoDaPlaya: lol
14:07 ElFenominoDaPlaya: gar kein geld mehr
14:07 ElFenominoDaPlaya: lol
14:07 iaj: looooooooooooool
14:07 iaj: lol
14:07 iaj: :(
14:07 iaj: :(((((((((((
14:07 iaj: Kack geld
14:07 ElFenominoDaPlaya: yy
14:07 iaj: regiert die WElt
14:07 iaj: meine 2k schulden
14:07 ElFenominoDaPlaya: yo
14:07 iaj: kotzen mich auch tierisch an
14:07 iaj: loooooooooooool
14:07 iaj: vor allem
14:07 ElFenominoDaPlaya: aber morgen wertd ich milionaro sein
14:07 ElFenominoDaPlaya: lol
14:07 iaj: brauch ich 6 monate oder so
14:07 iaj: lol
14:07 ElFenominoDaPlaya: naja mir reichen 5 richtige
14:07 ElFenominoDaPlaya: das sind immerhin 5k
14:07 iaj: setzte alles auf lebron unter 10 punkte?
14:07 ElFenominoDaPlaya: lol
14:08 iaj: lol
14:08 iaj: jo
14:08 iaj: 5k
14:08 iaj: würden mir auch gut tun
14:08 ElFenominoDaPlaya: ne auf bayern - stuttgart over 8.5 inner kombi mit real madrid over 7.5
14:08 iaj: loooooooooooooooooooooooooooooooooooooooooooooooool
14:08 iaj: wart ab morgen abend
14:08 iaj: s wird ziehen:D
14:08 ElFenominoDaPlaya: an dem tag bayern 3-6 und real 8-0
14:08 ElFenominoDaPlaya: lol
14:08 ElFenominoDaPlaya: vorgestern
14:08 ElFenominoDaPlaya: man man man
14:08 ElFenominoDaPlaya: und am sonntag stuttgart bayern 3-5
14:08 ElFenominoDaPlaya: roooofl
14:08 ElFenominoDaPlaya: und almeria - barca 0-8
14:08 ElFenominoDaPlaya: man man man
14:09 iaj: loooooooooooooooooooooooooool
14:09 iaj: lol
14:09 ElFenominoDaPlaya: das wären qouten gwesen
14:09 ElFenominoDaPlaya: lol
14:09 iaj: hatte letztens
14:09 iaj: alllin
14:09 iaj: auf alex meier über die latte
14:09 iaj: das war gut
14:09 iaj: aber dann kam oKC
14:09 ElFenominoDaPlaya: haha
14:09 ElFenominoDaPlaya: alex meier fussballgott
14:09 ElFenominoDaPlaya: der spasst
14:09 iaj: lol
14:09 iaj: Dummer Spast
14:09 iaj: lieste egtl
14:09 ElFenominoDaPlaya: naja wären se weiter wären se gege bayern nu
14:09 iaj: im bwin chat mit
14:10 ElFenominoDaPlaya: y
14:10 ElFenominoDaPlaya: lol
14:10 iaj: da wurdeste sogar deine IP analysiert
14:10 ElFenominoDaPlaya: schreib auch ab und zhu
14:10 ElFenominoDaPlaya: :-D
14:10 iaj: und gesagt
14:10 iaj: dass du aus Kelkheim kommst
14:10 iaj: und nicht aus FF
14:10 iaj: M
14:10 ElFenominoDaPlaya: echt?
14:10 ElFenominoDaPlaya: wann?
14:10 ElFenominoDaPlaya: wie?
14:10 iaj: vogel
14:10 ElFenominoDaPlaya: wo?
14:10 ElFenominoDaPlaya:  
14:10 iaj: lol
14:10 iaj: beim eintracht game
14:10 iaj: kurz vorm elfern
14:10 ElFenominoDaPlaya: haha
14:10 ElFenominoDaPlaya: hab da mit einem aus hanau geschreieben
14:10 ElFenominoDaPlaya: :-D
14:10 ElFenominoDaPlaya: haha
14:10 ElFenominoDaPlaya: beim elfer hab ich nemmer so ganz gelesen
14:10 ElFenominoDaPlaya: bin dann raus
14:10 ElFenominoDaPlaya: wollte das eintracht winnt
14:11 ElFenominoDaPlaya: da schreiben se immer wenn nen ding fällt
14:11 ElFenominoDaPlaya: 1000 leute
14:11 ElFenominoDaPlaya: lol
14:11 ElFenominoDaPlaya: jaaa
14:11 ElFenominoDaPlaya: jaaa
14:11 ElFenominoDaPlaya: toor
14:11 ElFenominoDaPlaya: toor
14:11 ElFenominoDaPlaya: lol
14:11 ElFenominoDaPlaya: 1000x
14:11 iaj: loooooooooooooooooooooooooooooooooool
14:11 ElFenominoDaPlaya: lol
14:11 iaj: looooooooooooool
14:11 iaj: loooooooooooooooooooooooooooool
14:11 iaj: jo
14:11 iaj: die geilen bwin spacken
14:11 ElFenominoDaPlaya: meist is einer der live sieht
14:11 iaj: hassse es immer
14:11 ElFenominoDaPlaya: und der tickers
14:11 iaj: wenn ich tennis tippe
14:11 ElFenominoDaPlaya: tickert
14:11 ElFenominoDaPlaya: für alle
14:11 iaj: und die falsch tickern
14:11 ElFenominoDaPlaya: 1-2 leute
14:11 iaj: lol
14:11 iaj: jo
14:11 ElFenominoDaPlaya: das mach ich oft
14:11 ElFenominoDaPlaya: und der rest sind alles faker
14:11 ElFenominoDaPlaya: aber die kann man igno
14:11 ElFenominoDaPlaya: setzen
14:11 ElFenominoDaPlaya: :-D
14:11 ElFenominoDaPlaya: ein glück
14:12 iaj: loooooooool echt/
14:12 ElFenominoDaPlaya: wenn du da sogar welche in der list hast
14:12 iaj: da gibt's ignore
14:12 iaj: krass
14:12 ElFenominoDaPlaya: kannst esehen was se tippen
14:12 ElFenominoDaPlaya: lol
14:12 ElFenominoDaPlaya: da kommt so ne meldung
14:12 ElFenominoDaPlaya: ham gerad nen wettschein raus
14:12 ElFenominoDaPlaya: gehaun
14:12 ElFenominoDaPlaya: ob man ihn auch spielen will
14:12 ElFenominoDaPlaya: lol
14:12 ElFenominoDaPlaya: sowas müsste es bei bet365 geben
14:12 ElFenominoDaPlaya: ^^
14:12 iaj: loooooooooooool
14:12 iaj: jo
14:12 iaj: :-)
14:13 iaj: Tocher zion
14:13 iaj: gleich hab ich's
14:13 iaj: lol
14:13 iaj: und dann
14:13 iaj: wirds draufgepackt
14:13 ElFenominoDaPlaya: was?
14:13 ElFenominoDaPlaya: was das
14:14 iaj: eija
14:14 iaj: http://www.youtube.com/watch?v=D8Ts4ChyzUo&feature=related
14:14 iaj: natOERLISH
14:14 iaj: das xmas lied
14:14 iaj: lol
14:16 iaj: http://www.youtube.com/watch?v=nMBDF46oB98
14:16 iaj: das auch geil
14:17 ElFenominoDaPlaya: woher du die wieder hast
14:17 ElFenominoDaPlaya: :-D
14:18 ElFenominoDaPlaya: wo lädst du eigentlioch deine mucke nun?
14:18 ElFenominoDaPlaya: yeah hab noch 0.50 cent auf bet365
14:18 ElFenominoDaPlaya: lol
14:18 ElFenominoDaPlaya: und 2 euro auf moneybookers
14:18 ElFenominoDaPlaya: hahah
14:19 iaj: loooooooooool
14:19 iaj: loooooooool
14:19 iaj: ich konvertier immer
14:19 iaj: über youtube
14:20 iaj: lol
14:20 ElFenominoDaPlaya: achsooo
14:20 ElFenominoDaPlaya: :-D
14:20 iaj: cousin auch grad
14:20 iaj: gott wo hast du nur die ganzen lieder her
14:20 iaj: loooooooooooool
14:20 iaj: ihr kleinen schweine
14:20 iaj: tickt gleich
14:20 ElFenominoDaPlaya: haha
14:20 ElFenominoDaPlaya: naja ich lad mir imemr was aber nemmer üver share progs
14:20 ElFenominoDaPlaya: lol
14:20 ElFenominoDaPlaya: da sind se wohl hinterher
14:20 ElFenominoDaPlaya: nun
14:20 ElFenominoDaPlaya: bb hamse vor 6 monaten auch gecashed
14:20 ElFenominoDaPlaya: hatter mir erzählt
14:20 ElFenominoDaPlaya: lol
14:20 iaj: musst dir
14:20 ElFenominoDaPlaya: 700 euro strafe
14:20 iaj: rapidshare machen
14:20 ElFenominoDaPlaya: lol
14:20 iaj: da kannste auch alles laden
14:20 ElFenominoDaPlaya: yo ich wseiss
14:20 iaj: und das problem bei torrents is
14:20 ElFenominoDaPlaya: hat ich mal
14:20 iaj: dass du ja direkt
14:21 ElFenominoDaPlaya: 2 monate
14:21 iaj: freigeben musst
14:21 iaj: dass leechen is ja nich das prob
14:21 iaj: aber das mans dann weiter verbreitet
14:21 iaj: dadruch
14:21 ElFenominoDaPlaya: aber das die anderen was ziehen
14:21 ElFenominoDaPlaya: von mir
14:21 ElFenominoDaPlaya: verbreitung halt
14:21 ElFenominoDaPlaya: gestern was geiles gesehen bei real
14:21 ElFenominoDaPlaya:  
14:21 ElFenominoDaPlaya: iwann hol ich mir eine davon
14:21 ElFenominoDaPlaya: jacky flasche glaub 5 liter
14:21 ElFenominoDaPlaya: oder so
14:22 ElFenominoDaPlaya: 80 euro
14:22 ElFenominoDaPlaya: absolut die riesenflasche da
14:22 ElFenominoDaPlaya: 100 euro
14:22 ElFenominoDaPlaya: jim beam hamse auch
14:22 ElFenominoDaPlaya: asbach
14:22 ElFenominoDaPlaya: lol
14:22 ElFenominoDaPlaya: undn och 2-3
14:22 ElFenominoDaPlaya: haha
14:22 ElFenominoDaPlaya: was für klopper
14:22 iaj: llooooooooool
14:22 iaj: loooooooooooool
14:22 iaj: jo
14:22 iaj: das wär ma geil
14:22 iaj: fürn poker abend
14:22 ElFenominoDaPlaya: melissa hat se fotografiert
14:22 ElFenominoDaPlaya: lol
14:22 ElFenominoDaPlaya: schickt se mir dann
14:22 ElFenominoDaPlaya: haha
14:22 ElFenominoDaPlaya: hab schon ewig nemmer gepokert
14:22 ElFenominoDaPlaya: das letzte mal mit willi srecko boxer und marijan
14:23 ElFenominoDaPlaya: danach warn mer noch in so ner spielothek
14:23 ElFenominoDaPlaya: :-D
14:23 ElFenominoDaPlaya: im sommer irgendwann
14:23 ElFenominoDaPlaya: lol
14:23 ElFenominoDaPlaya: bis morgens mal wieder
14:23 ElFenominoDaPlaya: haha
14:23 ElFenominoDaPlaya: war geil
14:23 ElFenominoDaPlaya: benni babic is ja jetzt schon arzt
14:23 ElFenominoDaPlaya: der arbeitet iwo im krankenhaus
14:23 ElFenominoDaPlaya: als arzt
14:23 ElFenominoDaPlaya: lol
14:24 ElFenominoDaPlaya: krass ey
14:24 iaj: lol
14:24 iaj: loooooooool
14:24 iaj: jo
14:24 iaj: bei dem wars klar
14:24 iaj: hab in Physik
14:24 iaj: neben dem gehockt
14:24 iaj: was fürn Freak loooooooool
14:25 iaj: krass egtl...sportlich, weiberanziehend und dennoch
14:25 iaj: den ganzen tach am lernen
14:25 ElFenominoDaPlaya: Benjamin Babic UND vor der Visite, danach waren's 14 h Arbeit und trotzdem ist nie einer von uns krank
14:25 ElFenominoDaPlaya: lool
14:25 iaj: erstaunlich
14:25 iaj: aber ne riesennase hatter
14:25 ElFenominoDaPlaya: http://www.facebook.com/#!/photo.php?fbid=1712752416165&set=a.1627909775152.2091445.1158782494
14:25 ElFenominoDaPlaya: trainieren wohl acuh
14:25 iaj: is mir immer wieder aufgefallen
14:25 ElFenominoDaPlaya: :-D
14:25 ElFenominoDaPlaya: haha
14:25 iaj: ah des Bild kennsch sogar noch
14:25 iaj: lol
14:26 iaj: [You]
14:26 iaj: 2:23pm
14:26 iaj: lol
14:26 iaj: würd gern singen da
14:26 iaj: aber Betrunkene kein Einlass
14:26 iaj: schätz ich
14:26 iaj: haha
14:26 iaj: bin auch erst um 16:5
14:26 iaj: 16:15 in hoechst
14:26 iaj: um die Predigt
14:26 iaj: von Oma und Opa
14:26 iaj: wegen der letzetn 3 Wochen
14:26 iaj: zu empfangen
14:26 iaj: [Florian Dürl]
14:26 iaj: hahaha
14:26 iaj: geil man
14:26 iaj: darauf kannste dich aufjeden freuen
14:26 iaj: [You]
14:26 iaj: HEUT IS WEIHANCHTEN
14:26 iaj: vergeben und vergessen
14:26 iaj: ich hab heut nacht auch
14:26 iaj: lebron james vergeben
14:26 iaj: der wichser der jeden Korb macht
14:26 iaj: lol
14:27 ElFenominoDaPlaya: lol
14:27 ElFenominoDaPlaya: was geht bei euch
14:27 ElFenominoDaPlaya: wieso predigt ??!?
14:27 ElFenominoDaPlaya: lol
14:27 iaj: aja
14:27 iaj: war 3 wochen nid da
14:27 ElFenominoDaPlaya: weil du se net besucht hast oder was
14:28 iaj: ijo
14:28 iaj: is pflicht
14:28 iaj: sonst wird man aus der familie
14:28 iaj: verstossen
14:28 iaj: lol
14:28 iaj: aber haben gute geschenke
14:29 iaj: das wirds rausreisssen
14:29 iaj: 14:27:28  iaj: happy xmas StRISCHA
14:29 iaj: 14:27:30  iaj: kommste moin?
14:29 iaj: -------------------------------------------------------------------------------------------------------------------------------------------------------------------------------------
14:29 iaj: 14:27:40  sas: evtl.
14:29 iaj: 14:28:27  iaj: wie evtl?
14:29 iaj: 14:28:34  iaj: Freundlich wie eh und je!
14:29 ElFenominoDaPlaya: hahah
14:29 ElFenominoDaPlaya: ohjee
14:29 ElFenominoDaPlaya: i hope der bringt echt net seine olle mit
14:29 ElFenominoDaPlaya: wenner kommt
14:29 ElFenominoDaPlaya: ;-)
14:29 ElFenominoDaPlaya:  
14:29 iaj: der kommt wohl garned
14:29 iaj: naja
14:29 iaj: besser isses
14:29 iaj: ich hass ihn eh
14:29 iaj: seit dem czech
14:29 ElFenominoDaPlaya: haha
14:29 ElFenominoDaPlaya: naja
14:29 iaj: und knadder
14:30 iaj: euch ahb ich vergeben innerlich
14:30 iaj: aber denen
14:30 iaj: boaaaaaaaaaaaaaaaa
14:30 ElFenominoDaPlaya: der meinte eh nur vllt
14:30 iaj: da brodelts noch immer
14:30 ElFenominoDaPlaya: haha
14:30 ElFenominoDaPlaya: also geht ihr eig heute in den club
14:30 ElFenominoDaPlaya: kelkheim
14:30 ElFenominoDaPlaya: :-D
14:30 iaj: jop denk schon mom
--- Log closed Fri Dec 24 14:36:12 2010
--- Log opened Fri Dec 24 14:40:00 2010
14:40 iaj: jo
14:40 iaj: steht
14:40 iaj: lol
14:40 iaj: nur wann
14:40 iaj: is fraglich
14:40 iaj: stimmt deine handy nr noch?
14:40 ElFenominoDaPlaya: wer geht denn überhaupt alles von euch jetz?!?
14:40 ElFenominoDaPlaya: also die 0160 stimmt wohl
14:40 iaj: VOGEL
14:40 iaj: geh doch ned ran
14:40 iaj: lol
14:40 ElFenominoDaPlaya: hör doch
14:40 ElFenominoDaPlaya: was ich zu sagen hab
14:40 ElFenominoDaPlaya: du kleine kackhaufen
14:40 iaj: loooooooooooooooooooooooooooooooool
14:40 ElFenominoDaPlaya: HDHD
14:40 ElFenominoDaPlaya: HAHA
14:40 ElFenominoDaPlaya:  
14:40 iaj: zu späeeeeeeeet
14:41 ElFenominoDaPlaya: yo die stimmt wohl
14:41 ElFenominoDaPlaya: :-D
14:41 iaj: :-DDDDDDDDDD
14:41 iaj: ok
14:41 iaj: jo
14:41 iaj: also
14:41 iaj: ka flo jens ich
14:41 iaj: toni franzi
14:41 iaj: ben
14:41 iaj: matze kp
14:41 iaj: laura
14:41 iaj: hmmmmmmmmm
14:42 ElFenominoDaPlaya: haha
14:42 ElFenominoDaPlaya: mal sehen war dort noch nie
14:42 ElFenominoDaPlaya: haha
14:42 ElFenominoDaPlaya: kann ich ja heim hüpfen
14:42 ElFenominoDaPlaya: haha
14:42 iaj: ^ ^ 
14:42 iaj: und ich bei dir pennen
14:42 iaj: aaaaaaaaaaaaach fuck
14:42 iaj: morgen muss ich ja zum vadder
14:42 iaj: lol
14:42 iaj: NOOOOOOO
14:44 ElFenominoDaPlaya: gaga
14:44 ElFenominoDaPlaya: jaaja
14:44 ElFenominoDaPlaya: haha
14:48 ElFenominoDaPlaya: i bin bäs mim kutscha der mir de castelen vor de nos wegschnappt ...sabbalott 
14:48 iaj: lol
14:48 iaj: wtf
14:48 iaj: sabbalott
14:48 iaj: looooooool
14:48 iaj: des kack hessisch
14:48 iaj: shit
14:49 iaj: muss glei dusche
14:49 iaj: n
14:49 iaj: aber wills bier ned allein lasse
14:49 ElFenominoDaPlaya: loool
14:49 iaj: franzi toni du jens ich laura paar kollegen vn mir denke und nico timo marco und so sind auch da 
14:49 iaj: und paar freundinen von laura
14:49 iaj: kommen
14:49 iaj: lol
14:49 iaj: wird sicher spassig
14:49 iaj: trink was vorher
14:49 iaj: und lass ma wida abfeieren da
14:50 ElFenominoDaPlaya: wers das alles
14:50 ElFenominoDaPlaya: lol
14:50 iaj: die ersten 4
14:50 iaj: kennste
14:50 ElFenominoDaPlaya: war is timo marco 
14:50 iaj: lolllllllllllllll
14:50 iaj: cousins
14:50 iaj: vom cousin
14:50 iaj: lol
14:50 ElFenominoDaPlaya: ahsooo
14:51 iaj: ok
14:51 iaj: brb
14:51 iaj: ma duschen
14:51 iaj: mim bier
14:51 iaj: ma sehen wie sgeht
14:51 ElFenominoDaPlaya: löl
--- Log closed Fri Dec 24 14:57:12 2010
--- Log opened Fri Dec 24 15:08:48 2010
15:08 ElFenominoDaPlaya: geklappt?
15:08 ElFenominoDaPlaya:  
15:13 iaj: fuck
15:13 iaj: fuck
15:13 iaj: bahn verpasst
15:13 iaj: lol
15:13 iaj: 1600
15:13 iaj: also
15:13 iaj: oooooooooooomannnnnnnnn
15:13 iaj: kack puder
15:13 iaj: wollte nich hlatne
15:13 iaj: lol
15:17 iaj: lol
15:17 iaj: noch da?
15:21 iaj: Leon, dein Problem ist nicht das Glücksspiel - es ist das verfluchte Bedürfnis... etwas zu spüren - dich selbst davon zu überzeugen,
15:21 iaj: lol
--- Log closed Fri Dec 24 15:27:12 2010
