--- Log opened Fri Nov 26 09:41:18 2010
09:41 iaj: so früh schon on
09:41 iaj: das kann ja wohl garnicht angehen
--- Log closed Fri Nov 26 09:46:32 2010
--- Log opened Fri Nov 26 09:55:03 2010
09:55 ElFenominoDaPlaya: na klar
09:55 ElFenominoDaPlaya: ;-)
09:55 ElFenominoDaPlaya: kannst mal sehen duuu
09:55 ElFenominoDaPlaya: hab doch frei genommen 
--- Log closed Fri Nov 26 10:01:32 2010
--- Log opened Fri Nov 26 10:27:19 2010
10:27 iaj: aber warum stehste so früh auf :D
10:27 iaj: da ist was nicht normal
10:27 iaj: ah da isser wieder ins bett
10:27 iaj: so kenne mern schon eher
10:27 iaj: den huehnerschrecker
--- Log closed Fri Nov 26 10:32:32 2010
--- Log opened Fri Nov 26 16:13:59 2010
16:13 ElFenominoDaPlaya: Nadal sauer
16:15 iaj: Auf dich ?
16:15 iaj: oh zoggt gegen Birdman
16:15 iaj: haha
16:15 ElFenominoDaPlaya: auf schiri
16:15 iaj: bin garnemmer drin
16:16 iaj: weil kein Geld mehr zum Verzogge wohl
16:16 iaj: läufts im TV oder watt?
16:16 ElFenominoDaPlaya: ne im bet365
16:16 ElFenominoDaPlaya: kann sein dasses auch im tv is
16:16 iaj: Ah.. also haste was gesetzt
16:16 iaj: kleines Swine
16:16 iaj: naja
16:16 iaj: die 100 gehen eh direkt an Voelz wohl
16:16 iaj: nu sind'se mir Woscht
16:16 iaj: ^^
16:16 ElFenominoDaPlaya: ^^
16:16 ElFenominoDaPlaya: wo treibste dich wieder urm
16:16 ElFenominoDaPlaya: dacht wollten bissl zoggn ^^
16:16 iaj: @ Work natürlich
16:16 iaj: und bewunder den Schnee
16:17 ElFenominoDaPlaya: ^^
16:17 iaj: Singen hier den ganzen Tag leise rieselt der Schne
16:17 iaj: e
16:17 iaj: :d
16:17 ElFenominoDaPlaya: löl naja bleibt eh net liegen
16:17 ElFenominoDaPlaya: nur noch 13-14 tage arbeiten dieses jahr
16:17 ElFenominoDaPlaya: yes
16:17 ElFenominoDaPlaya: ;-)
16:18 ElFenominoDaPlaya: dann Urlaub
16:18 iaj: hehe.... stimmt leider tut ers nicht.
16:18 ElFenominoDaPlaya: yop
16:18 ElFenominoDaPlaya: was machste am weekend so?
16:20 ElFenominoDaPlaya: hab gesehen gibt jetzt für die xbox auch sowas wie die wii nur bessa
16:20 ElFenominoDaPlaya: xbox kinect ^^
--- Log closed Fri Nov 26 16:25:32 2010
