--- Log opened Tue Dec 28 00:00:04 2010
00:02 iaj:  looooooooool
00:02 iaj: loooooool
00:02 iaj: 18h oder sowas schon
00:02 iaj: voll assssssssig
00:03 iaj: dachte um 22h und wollte nochma wiederkommen und den stuff holen
00:03 iaj: gibt das wieder nen stress
00:03 iaj: alter
00:03 iaj: 10 minuten der wichs
00:03 iaj: lol
--- Log closed Tue Dec 28 00:09:04 2010
--- Log opened Tue Dec 28 00:46:22 2010
00:46 ElFenominoDaPlaya: :-D
00:46 ElFenominoDaPlaya: Polka polka polkaaaaa
00:46 ElFenominoDaPlaya: da isser morgen
00:46 ElFenominoDaPlaya: bei den polkas
00:49 ElFenominoDaPlaya: polka polka polkaaaaa
00:49 ElFenominoDaPlaya: http://www.youtube.com/watch?v=RhlCtuh5Hbw
00:49 ElFenominoDaPlaya: hab gerad nen tipp bekommen
00:49 ElFenominoDaPlaya: ;-)
00:50 ElFenominoDaPlaya: http://www.youtube.com/watch?v=qP-JYGVEYVo&feature=related
00:50 ElFenominoDaPlaya: rofl
00:52 ElFenominoDaPlaya: http://www.youtube.com/watch?v=vQFWukZeQLk
00:52 ElFenominoDaPlaya: roooofl
00:53 ElFenominoDaPlaya: http://www.youtube.com/watch?v=WH5IYwcZx1E
00:53 ElFenominoDaPlaya: hahah
--- Log closed Tue Dec 28 00:59:04 2010
--- Log opened Tue Dec 28 02:47:46 2010
02:47 ElFenominoDaPlaya: alan harper
02:47 iaj: ll
02:48 ElFenominoDaPlaya: was treibste
02:48 ElFenominoDaPlaya: sag net hast wieder wetten im rennen
02:48 ElFenominoDaPlaya: ;-)
02:49 ElFenominoDaPlaya: was treibste
02:49 ElFenominoDaPlaya: heute gehts bei minne mit nen 62 er viertel los
02:49 ElFenominoDaPlaya: lol
02:49 ElFenominoDaPlaya: dallas over auch sure
02:49 ElFenominoDaPlaya: lol
02:49 ElFenominoDaPlaya: heute wären natürlich alles richtig
02:49 ElFenominoDaPlaya: was angeboten wurd
--- Log closed Tue Dec 28 02:55:04 2010
--- Log opened Tue Dec 28 03:10:51 2010
03:10 ElFenominoDaPlaya: loooooooooooooooooooooooooooooooooooooooool
--- Log closed Tue Dec 28 03:16:04 2010
--- Log opened Tue Dec 28 09:04:23 2010
09:04 iaj: lol
--- Log closed Tue Dec 28 09:09:51 2010
--- Log opened Tue Dec 28 14:12:10 2010
14:12 iaj: Chris
14:12 iaj: alter kuhfladen
14:12 iaj: Gut geschnubbelt oder was?
14:12 ElFenominoDaPlaya: klar
14:12 ElFenominoDaPlaya: war auch lang genuch wach
14:12 iaj: Siehst sicher grad wieder aus wie bei Hempels
14:12 iaj: :-)
14:12 iaj: (:
14:12 ElFenominoDaPlaya: nie
14:12 ElFenominoDaPlaya: wo treibste dich rum
14:13 iaj: Hehe
14:13 iaj: Auf der Arbeit
14:13 iaj: Hab alles in meinen Rucksack bekommen
14:13 ElFenominoDaPlaya: und in 4 stunden biste bei den polkas :-D
14:13 ElFenominoDaPlaya: unter ihnen
14:14 iaj: hahaha
14:14 iaj: jo
14:14 iaj: Fahren wohl
14:14 iaj: 18:30 is abfahrt
14:14 iaj: 4:30 ankunft
14:14 iaj: schon kacka dass dieses Jahr ned mit den Homies feiern kann
14:14 ElFenominoDaPlaya: yo
14:15 iaj: guck ma
14:15 iaj: alta
14:15 iaj: http://www.facebook.com/profile.php?id=100000416763761
14:15 iaj: bei der pennen wir O_O
14:15 ElFenominoDaPlaya: hehe
14:15 iaj: geile Huette wohl
14:15 ElFenominoDaPlaya: kann se deutsdch?
14:15 ElFenominoDaPlaya:  
14:15 ElFenominoDaPlaya: lol
14:15 iaj: jo
14:16 ElFenominoDaPlaya: warum wohnt se dann in polen ^^
14:16 iaj: Keine Ahnung, ich werd's rausfinden
14:16 iaj: ^_^
14:16 ElFenominoDaPlaya: wohl
14:16 ElFenominoDaPlaya:  
14:16 ElFenominoDaPlaya: :-D
14:17 ElFenominoDaPlaya: wie lange biste da?
14:17 ElFenominoDaPlaya: 1 wocheß
14:17 iaj: nächsten Mo
14:17 iaj: geht's wieder heimwaerts
14:17 iaj: abends
14:18 ElFenominoDaPlaya: immerhin kannste dort keine paysafekarten kaufen
14:20 ElFenominoDaPlaya: lol in england gehts auch rund gestern arsenal - chelsea 3-1 morgen spielen se schon wieder
14:20 ElFenominoDaPlaya: und am samstag wieder
14:20 ElFenominoDaPlaya: lol
14:20 ElFenominoDaPlaya: im dallas game 
14:20 ElFenominoDaPlaya: gestenr
14:21 ElFenominoDaPlaya: erstes viertel 62 punkte
14:21 ElFenominoDaPlaya: vorher war over 201
14:21 ElFenominoDaPlaya: oder so
14:21 ElFenominoDaPlaya: während game war 217 dann hab ich geguckt
14:21 ElFenominoDaPlaya: dann im 2. verletzt sich dirk am anfang
14:21 ElFenominoDaPlaya: hatte schon 15 punkte
14:21 ElFenominoDaPlaya: oder so
14:21 ElFenominoDaPlaya: im ersten
14:21 ElFenominoDaPlaya: dann wurdne nur 195 gescored
14:21 ElFenominoDaPlaya: oder so
14:21 ElFenominoDaPlaya: das is bitter
14:22 ElFenominoDaPlaya: bei minne gestern 211 punkte
14:22 ElFenominoDaPlaya: lol
--- Log closed Tue Dec 28 14:27:51 2010
--- Log opened Tue Dec 28 15:14:21 2010
15:14 iaj: heh
15:14 iaj: jo
15:14 iaj: habs gesehen
15:14 iaj: looooooooooool
15:14 iaj: minne regt mich schon gut auf
15:14 iaj: diese kleinen drecksaecke
15:14 iaj: lol
15:14 iaj: aber haben gegen nawlings geownnen
15:15 iaj: die warn sicher auch aussenseiter die minnes
15:15 ElFenominoDaPlaya: jo
15:15 ElFenominoDaPlaya: hatten +4
15:15 ElFenominoDaPlaya: glaub
15:15 ElFenominoDaPlaya: minne
15:15 ElFenominoDaPlaya: lol
15:15 ElFenominoDaPlaya: hab getern mal geguckt
15:18 iaj: looooooool
15:18 iaj: ;-D
15:18 iaj: muss dringend finanzplan machen
15:18 iaj: 2012
15:18 iaj: 2011
15:18 iaj: will bis april runter sein von den schulden
15:19 iaj: der mist immer
15:19 iaj: lol
--- Log closed Tue Dec 28 15:24:51 2010
--- Log opened Tue Dec 28 15:30:52 2010
15:30 ElFenominoDaPlaya: da haste wohl recht
--- Log closed Tue Dec 28 15:36:51 2010
--- Log opened Tue Dec 28 15:37:31 2010
15:37 iaj: :-)
15:37 iaj: Du wohl auch
15:37 iaj: du Kredithai
15:40 ElFenominoDaPlaya: ich bin ein eintreiber
15:40 ElFenominoDaPlaya: völz hat mcih beauftragt
15:40 ElFenominoDaPlaya: dich aufzuspüren
15:41 ElFenominoDaPlaya: und kalt zu machen wenner seine kohle net bald hat
15:41 ElFenominoDaPlaya: :-D
15:41 ElFenominoDaPlaya: hab auch schon 2 partner an der hand
15:41 ElFenominoDaPlaya: die mir helfen
15:41 ElFenominoDaPlaya: ninja assassin is einer davon
15:42 ElFenominoDaPlaya: der andere is frank castello
15:46 iaj: loooooooooooooool
15:46 iaj: LOOOOOOOOOOOOOL
15:46 iaj: looooooooooooooooooooooooool
15:46 iaj: ninja assassin
15:46 iaj: is wohl n bissl krasser
15:46 iaj: würd ich sagen
15:46 iaj: :D
15:47 iaj: frank castello krepiert in der badewanne
15:47 iaj: oder wos is
15:47 ElFenominoDaPlaya: aufm schrottplatz
--- Log closed Tue Dec 28 15:52:51 2010
--- Log opened Tue Dec 28 16:02:21 2010
16:02 ElFenominoDaPlaya: So schauts wohl
16:02 ElFenominoDaPlaya: noch 2 1/2 dann isser unter den Raks
16:02 ElFenominoDaPlaya: Polaggebabba
--- Log closed Tue Dec 28 16:08:51 2010
--- Log opened Tue Dec 28 16:11:58 2010
16:11 iaj: lol
16:12 iaj: wird zeit
16:12 iaj: kack arbeiten
--- Log closed Tue Dec 28 16:17:51 2010
--- Log opened Tue Dec 28 16:23:38 2010
16:23 iaj: Christian
16:23 iaj: Altes Scheisshaus
16:23 iaj: hab heute noch ne 500 EUR Kombi
16:23 iaj: ins Rennen geschickt
16:23 iaj: wenn die zieht
16:23 iaj: hab ich 5k
16:23 iaj: :-)
16:23 ElFenominoDaPlaya: echt?
16:24 ElFenominoDaPlaya: woher hast die kohle lol
16:24 iaj: Kredit
16:24 iaj: Targa
16:24 ElFenominoDaPlaya: lol
16:24 ElFenominoDaPlaya: targa?
16:24 ElFenominoDaPlaya: haha
16:25 ElFenominoDaPlaya: spinner
16:26 ElFenominoDaPlaya: ich wills hören
16:26 ElFenominoDaPlaya: tooooor in hull
16:26 ElFenominoDaPlaya: ich hab noch ne 1k wette
16:26 ElFenominoDaPlaya: für 10 euro
16:26 ElFenominoDaPlaya: gerad 16 uhr 
16:26 ElFenominoDaPlaya: alle spiele angefangen
16:26 ElFenominoDaPlaya: ausser man utd
16:26 ElFenominoDaPlaya: und schon 10 von 14 richtig
16:27 ElFenominoDaPlaya: lol
16:28 iaj: loooooooooooool
16:28 iaj: loooooooooooooooool
16:28 iaj: lol
16:29 ElFenominoDaPlaya: 128/12/2010Bristol City v Crystal Palace
16:29 ElFenominoDaPlaya: (Tore in 1. Halbzeit)Mehr als 0.51.40KeineAusstehend228/12/2010Leeds v Portsmouth
16:29 ElFenominoDaPlaya: (Tore in 1. Halbzeit)Mehr als 0.51.33KeineAusstehend328/12/2010Birmingham v Manchester Utd
16:29 ElFenominoDaPlaya: (Tore in 1. Halbzeit)Mehr als 0.51.40KeineAusstehend428/12/2010Milton Keynes Dons v Bournemouth
16:29 ElFenominoDaPlaya: (Tore in 1. Halbzeit)Mehr als 0.51.40KeineAusstehend528/12/2010Preston v Middlesbrough
16:29 ElFenominoDaPlaya: (Tore in 1. Halbzeit)Mehr als 0.51.44KeineAusstehend628/12/2010Swansea v Barnsley
16:29 ElFenominoDaPlaya: (Tore in 1. Halbzeit)Mehr als 0.51.44KeineAusstehend728/12/2010Watford v Cardiff
16:29 ElFenominoDaPlaya: (Tore in 1. Halbzeit)Mehr als 0.51.36KeineAusstehend828/12/2010Plymouth v Notts County
16:29 ElFenominoDaPlaya: (Tore in 1. Halbzeit)Mehr als 0.51.40KeineAusstehend
16:29 ElFenominoDaPlaya: 928/12/2010Gillingham v Port Vale
16:29 ElFenominoDaPlaya: (Tore in 1. Halbzeit)Mehr als 0.51.44KeineAusstehend1028/12/2010Barnet v Stockport
16:29 ElFenominoDaPlaya: (Tore in 1. Halbzeit)Mehr als 0.51.40KeineAusstehend1128/12/2010Oxford Utd v Macclesfield
16:29 ElFenominoDaPlaya: (Tore in 1. Halbzeit)Mehr als 0.51.40KeineAusstehend1228/12/2010Manchester City v Aston Villa
16:29 ElFenominoDaPlaya: (Tore in 1. Halbzeit)Mehr als 0.51.36KeineAusstehend1328/12/2010Southampton v Huddersfield
16:29 ElFenominoDaPlaya: (Tore in 1. Halbzeit)Mehr als 0.51.36KeineAusstehend1428/12/2010Hull v Reading
16:29 ElFenominoDaPlaya: (Tore in 1. Halbzeit)Mehr als 0.51.50KeineAusstehend
16:32 iaj: Not bad
16:32 iaj: Biatch
16:32 iaj: Die guten >0.5 1sties.
16:32 iaj: :-)
16:32 ElFenominoDaPlaya: yo
16:32 iaj: Aber dann is ja gleich schon entschieden
16:32 ElFenominoDaPlaya: mal sehn
16:32 iaj: ob Loss oder Winn
16:32 ElFenominoDaPlaya: 2 fehlen nur noch
16:32 ElFenominoDaPlaya: lol
16:32 ElFenominoDaPlaya: jo
16:32 ElFenominoDaPlaya: will schnelle entscheidung
16:33 ElFenominoDaPlaya: und sind noch 15 min
16:33 ElFenominoDaPlaya: geht
16:33 ElFenominoDaPlaya: naja insgesamt noch 3
16:33 ElFenominoDaPlaya: aber 1 is heut abend
16:33 ElFenominoDaPlaya: man utf
16:33 ElFenominoDaPlaya: d
16:33 ElFenominoDaPlaya: rest ich gerad noch
16:36 iaj: loooooooooooool
16:36 iaj: lol
16:37 iaj: naja dann halt ich ma den daumen:)
16:37 ElFenominoDaPlaya: wird denk aber nix
16:38 ElFenominoDaPlaya: weil ind barnet und hull nix passiert
16:39 iaj: Goal Reading
16:39 iaj: muss her
16:39 ElFenominoDaPlaya: reading=
16:39 ElFenominoDaPlaya: ?
16:40 ElFenominoDaPlaya: o
16:40 ElFenominoDaPlaya: yo
16:40 ElFenominoDaPlaya: und barnet wohl
16:40 ElFenominoDaPlaya: oder stockport
16:40 iaj: Einer der drei Engelschen
16:42 ElFenominoDaPlaya: toor in hull lol
16:42 ElFenominoDaPlaya: nur noch barnet
16:42 ElFenominoDaPlaya: lol
16:43 iaj: wieviel mins noch?
16:43 ElFenominoDaPlaya: 3
16:43 ElFenominoDaPlaya: lo
16:43 ElFenominoDaPlaya: l
16:43 ElFenominoDaPlaya: wird nix
16:43 ElFenominoDaPlaya: :-D
16:43 ElFenominoDaPlaya: ausser 45. min tor kommt
16:44 iaj: lol krass
16:44 iaj: in jedem Game
16:44 iaj: sind Tore gefallen
16:44 iaj: ausser Barnet
16:44 ElFenominoDaPlaya: wie immer
16:44 iaj: Tottenham
16:44 ElFenominoDaPlaya: lol
16:44 iaj: LOOOOOOL
16:44 iaj: wie geil
16:44 ElFenominoDaPlaya: eng fallen immer tore
16:44 iaj: echt ÜBRAALLLLLLLL
16:44 ElFenominoDaPlaya: naa
16:44 ElFenominoDaPlaya: nja
16:45 ElFenominoDaPlaya: gibts net
16:45 ElFenominoDaPlaya: :-D
16:45 ElFenominoDaPlaya: naja dann wird dort wohl auch noch eins kommen
16:45 ElFenominoDaPlaya: naja gleich is ht
16:45 ElFenominoDaPlaya: leida
16:45 ElFenominoDaPlaya: ecke nochmal
16:45 ElFenominoDaPlaya: stockport
16:45 ElFenominoDaPlaya: 45. min
16:46 ElFenominoDaPlaya: das wars wohl
16:46 ElFenominoDaPlaya: ht
16:46 ElFenominoDaPlaya: schade
16:47 ElFenominoDaPlaya: toooooooooor in stockport
16:47 ElFenominoDaPlaya: eh net
16:47 iaj: Der schöne Doenerteller
16:47 ElFenominoDaPlaya: iy ht
16:48 ElFenominoDaPlaya: mist da+#
16:48 ElFenominoDaPlaya: 1 tor hat gefehlt
16:48 iaj: Wie sowas immer suckt
16:49 ElFenominoDaPlaya: jo jetzt schon
16:50 iaj: :\
16:51 ElFenominoDaPlaya: man man man
16:51 ElFenominoDaPlaya: überall tore
16:51 iaj: Peterborough U.
16:51 iaj: hätteste lieber die gehabt
16:51 iaj: die ham gescored
16:52 iaj: Bath City1 - 3Forest Green
16:52 iaj: oder da over
16:52 iaj: lol
16:52 ElFenominoDaPlaya: eins von allen da
16:52 ElFenominoDaPlaya: hätt gereicht
16:52 ElFenominoDaPlaya: lol
16:52 iaj: lol
16:53 iaj: Hau am 1.1.2010
16:53 iaj: alles auf Tennessee
16:53 iaj: die machens immer
16:53 ElFenominoDaPlaya: maaaaaaaaaaaaaam
16:53 ElFenominoDaPlaya: 1tor
16:53 ElFenominoDaPlaya: was solls
16:53 iaj: 10 EUr
16:53 iaj: schmerzen ned so
16:53 iaj: Tausender
16:53 iaj: Schon eher
16:53 ElFenominoDaPlaya: hmm
16:54 ElFenominoDaPlaya: jo
16:54 iaj: Charlie Sheen
16:54 iaj: sportwettet auch
16:54 iaj: ;-)
16:54 ElFenominoDaPlaya: löl
16:55 iaj: ok dicka
16:55 iaj: wenn wir uns nemmer hören sollten
16:55 iaj: dann sag ich schonma
16:55 iaj: RUTSCH FEUCHT FROEHLISCHHHHHHH
16:55 ElFenominoDaPlaya: löl
16:56 iaj: ins neue rotzjahr ツ
16:56 ElFenominoDaPlaya: hat se da kein inet?
16:56 iaj: AUF EIN NEUES!
16:56 iaj: glaub ned lol
16:56 iaj: weiss ned
16:56 ElFenominoDaPlaya: wenn se schon in facebook is
16:56 iaj: jo
16:56 iaj: hmm kP
16:57 iaj: geh mal eher von nem Dorfziegenfestchen aus
16:57 iaj: ;-)
16:59 ElFenominoDaPlaya: dann wünsch ich dir auch schon mal nen feuchten und rutsch net zu tief
16:59 ElFenominoDaPlaya: in die böller
16:59 iaj: SCHAUMERMA WEILS IM WALD GESCHA
17:00 ElFenominoDaPlaya: löl
--- Log closed Tue Jan 04 09:45:52 2011
