--- Log opened Sun Jan 16 14:41:24 2011
14:41 iaj: Rlol
--- Log closed Sun Jan 16 14:46:47 2011
--- Log opened Sun Jan 16 19:35:09 2011
19:35 ElFenominoDaPlaya: http://mediadb.kicker.de/news/1000/1020/1100/3000/artikel/740952/ya-1281451255_zoom47_crop_800x600_800x600+28+63.jpg
19:35 iaj: lol
19:35 iaj: moin
19:35 iaj: die gute Eintracht
19:35 iaj: mal wieder
19:35 iaj: warste da?
19:36 ElFenominoDaPlaya: jo
19:36 ElFenominoDaPlaya: lol
19:36 ElFenominoDaPlaya: die nieten
19:36 iaj: ^ ^ 
19:36 iaj: scheafer war auch
19:36 iaj: hasten gesehen
19:36 ElFenominoDaPlaya: ne
19:39 ElFenominoDaPlaya: war mit dem koloten (Olli) sebbl samer Tolgay Matthias & noch einer
19:39 ElFenominoDaPlaya: den kennste auch aber fällt name nert ein
19:39 ElFenominoDaPlaya: aus zeilsheim
19:40 iaj: lol
19:40 iaj: der kolote :D
19:40 iaj: hhahaa:=)
19:40 ElFenominoDaPlaya: der erb
19:40 ElFenominoDaPlaya: wohl
19:40 iaj: nee wenn's nur tennis gaebe
19:40 ElFenominoDaPlaya: war dser andere
19:41 iaj: da würd ich jede woche hingehen
19:41 ElFenominoDaPlaya: die ham sich nur gästekarten gehotl
19:41 ElFenominoDaPlaya: für 10
19:41 ElFenominoDaPlaya: dann kamsen se mit uns
19:41 iaj: aber eintracht ned :D
19:41 ElFenominoDaPlaya: jo
19:41 iaj: heut nacht beginnen die aussie open
19:41 ElFenominoDaPlaya: tennis is ab morgen
19:41 ElFenominoDaPlaya: lol
19:41 ElFenominoDaPlaya: hab gestern nfl
19:41 ElFenominoDaPlaya: lol
19:41 ElFenominoDaPlaya: sebbl kennt sich da ganz gut aus
19:41 ElFenominoDaPlaya: is meistens richtig
19:41 ElFenominoDaPlaya: geht nur zu langi mmer
19:41 ElFenominoDaPlaya: immer
19:41 ElFenominoDaPlaya: und völz kennt isch auc hdort aus
19:41 ElFenominoDaPlaya: yo aussie open
19:41 ElFenominoDaPlaya: lol
19:42 iaj: hehe naja.. nfl dauert echt zulang
19:42 iaj: find nba cooler
19:42 iaj: guck grad
19:42 iaj: Clyde Shelton
19:43 ElFenominoDaPlaya: was das
19:43 ElFenominoDaPlaya: lol
19:44 ElFenominoDaPlaya: gesetz der rache
19:44 ElFenominoDaPlaya: lol
19:44 ElFenominoDaPlaya: t-bone steal
19:44 ElFenominoDaPlaya: k
19:44 ElFenominoDaPlaya: scharf angebraten
19:44 ElFenominoDaPlaya: dazu gemüse
19:44 ElFenominoDaPlaya: blanchiert
19:44 iaj: jo
19:44 iaj: lo
19:44 iaj: l
19:44 ElFenominoDaPlaya: lol
19:44 iaj: sie springen darauf an
19:44 iaj: wie eine laufige Huendin
19:44 iaj: is gerade
19:44 iaj: ;-)
19:44 ElFenominoDaPlaya: haha
19:44 ElFenominoDaPlaya: was wolltest du letzhtens erzählen
19:44 ElFenominoDaPlaya: iwas war passiert
19:44 ElFenominoDaPlaya: bevor du in paris warst
19:44 ElFenominoDaPlaya: wie wars denn eigentlich?
19:47 iaj: MEDIUM RARE
19:47 iaj: scharf angebrate
19:47 iaj: LO
19:47 iaj: l
19:47 iaj: da wars
19:47 iaj: hmmmmmmm... ich weiss nemmer was ich erzählen wollt lol...
19:47 iaj: aber paris war sahnig...
19:47 iaj: nun leider wieder alltag
19:47 iaj: :(:(
19:48 iaj: Bringen Sie mir einfach um 1 Uhr mein iPod und mein Essen
19:49 ElFenominoDaPlaya: lol
19:49 ElFenominoDaPlaya: sie halten ihren deal net ein
19:49 ElFenominoDaPlaya: und ich auch net
19:49 ElFenominoDaPlaya: termin
19:49 ElFenominoDaPlaya: lol
19:49 ElFenominoDaPlaya: iwas war passiert oder so
19:49 ElFenominoDaPlaya: da sagteste
19:49 ElFenominoDaPlaya: weisst du doch eh schon
19:49 ElFenominoDaPlaya: dann meinte ich damals ich hoffe nix wegen deiner freundin
19:49 ElFenominoDaPlaya: lol
19:50 ElFenominoDaPlaya: dann binsch eingepennt
19:50 iaj: looooooooooool
19:50 iaj: lol
19:50 iaj: hmmmmmmmm war das abends
19:50 iaj: dann war ich ja bestimmt eh besoffen :D
19:50 ElFenominoDaPlaya: ne mittags
19:50 ElFenominoDaPlaya: da hat ich früh
19:50 ElFenominoDaPlaya: ;-)
19:50 ElFenominoDaPlaya: nächstes jahr eh wieder silvester zusammen :-)
19:50 ElFenominoDaPlaya: muss sein
19:50 ElFenominoDaPlaya: ;-)
19:50 ElFenominoDaPlaya: hast gefehlt
19:50 ElFenominoDaPlaya: hab noch fotos
19:50 ElFenominoDaPlaya: ich weiss eh nemmer viel
19:50 ElFenominoDaPlaya: war derb knülle
19:52 iaj: loooooooooooooooooooooool LOL jo nächstes wieder zusammen
19:52 iaj: hahah
19:52 iaj: was haste alles gebechert
19:52 ElFenominoDaPlaya: mom
19:52 ElFenominoDaPlaya: brb
19:52 ElFenominoDaPlaya: sofort
19:53 ElFenominoDaPlaya: schlecht wurds mir nur von dem drekc
19:53 ElFenominoDaPlaya: götterspeiße mit wodka
19:53 ElFenominoDaPlaya: des is zu derb
19:53 ElFenominoDaPlaya: lol
19:53 ElFenominoDaPlaya: aber jägermeister
19:53 ElFenominoDaPlaya: und so war gut
19:53 ElFenominoDaPlaya: teueren rum
19:53 ElFenominoDaPlaya: aus kuba
19:53 ElFenominoDaPlaya: und cuba libres
19:53 ElFenominoDaPlaya: perm
19:55 iaj: looooooooooooooooooooooooool :D wie lang wart ihr da.. ihr 2 bb seppel oder?
19:55 iaj: voelsk war ja dann ein wenig zu spät
--- Log closed Sun Jan 16 20:00:47 2011
--- Log opened Sun Jan 16 20:03:03 2011
20:03 ElFenominoDaPlaya: yo der hatte ja schon zugesagt beim hess
20:03 ElFenominoDaPlaya: und wollte nemmer absagen
20:03 ElFenominoDaPlaya: yo war mit denen
20:03 ElFenominoDaPlaya: kathas bruder mit freundin war noch da
20:03 ElFenominoDaPlaya: aber der is ganz in ordnung 
20:03 ElFenominoDaPlaya: ganz gegensatz zu katha
20:03 ElFenominoDaPlaya: lol
20:03 ElFenominoDaPlaya: knadder
20:03 ElFenominoDaPlaya: lol
20:03 ElFenominoDaPlaya: yo warn so bis 2-3
20:03 ElFenominoDaPlaya: uhr
20:03 ElFenominoDaPlaya: dort
20:03 ElFenominoDaPlaya: dann simmer gefahren
20:03 ElFenominoDaPlaya: also bb is ja geefahren
20:04 ElFenominoDaPlaya: hoya hats wohl in amsterdam auch gefalle
20:04 ElFenominoDaPlaya: lol
20:04 ElFenominoDaPlaya: da hamse wohl auch krasse böller gehabt
20:07 iaj: looool stimmt der war ja in Amsterdam der Sack :-))   Hmmm, ich war auch so um 3 platt... Bei uns gabs guten Johnny
--- Log closed Sun Jan 16 20:12:47 2011
--- Log opened Sun Jan 16 20:16:49 2011
20:16 ElFenominoDaPlaya: hehe
20:16 ElFenominoDaPlaya: der rum war schon gut
20:16 ElFenominoDaPlaya: geile cubra libres
20:17 ElFenominoDaPlaya: aber der hatte ncoh son anderen rum
20:17 ElFenominoDaPlaya: dort
20:17 ElFenominoDaPlaya: verschiedene
20:17 ElFenominoDaPlaya: 2 flaschen jäger
20:17 ElFenominoDaPlaya: hab sogar noch  einer daheim
20:17 ElFenominoDaPlaya: is schon giel jäger
20:17 ElFenominoDaPlaya: :-D
--- Log closed Sun Jan 16 20:22:47 2011
--- Log opened Sun Jan 16 22:42:24 2011
22:42 iaj: Der Shaker spielt bald :D
22:42 iaj: um 8
22:42 iaj: haha
22:42 iaj: hehe
22:42 iaj: jo jaeger is cool
22:42 iaj: was hat Sas so gemacht
22:42 iaj: und Knadder
22:42 iaj: hat se geknaddert?
--- Log closed Sun Jan 16 22:47:47 2011
--- Log opened Sun Jan 16 22:49:25 2011
22:49 ElFenominoDaPlaya: lol
22:49 ElFenominoDaPlaya: tippste denn was
22:49 ElFenominoDaPlaya: bei den aussies?
22:49 iaj: grad die Games reingezogen
22:49 iaj: hab leider kein Cash
22:49 iaj: oder kannste nun 100 entbehren :D
22:50 ElFenominoDaPlaya: hab ja selbst nix
22:50 iaj: dann schon.. aber gibt eh nur Kaes'
22:50 iaj: ahso.. immernoch ned ^^
22:50 ElFenominoDaPlaya: deshalb frag ich ja ob du was nimmst
22:50 ElFenominoDaPlaya: lol
22:50 ElFenominoDaPlaya: eh net
22:50 ElFenominoDaPlaya: haha
22:50 ElFenominoDaPlaya: hatte vorhin mal was
22:50 ElFenominoDaPlaya: aber real madrid
22:50 ElFenominoDaPlaya: 1-1
22:50 ElFenominoDaPlaya: lol
22:50 iaj: Ne glaub nehm nix... 200 noch auf Konto das brauch ich wohl
22:51 iaj: :-)
22:51 iaj: Müssen wir also davon ausgehen, dass an der Maschine manipuliert wurde?
22:51 ElFenominoDaPlaya: hehe
22:52 ElFenominoDaPlaya: next week wohl halli oder so
22:52 ElFenominoDaPlaya: wie mir scheint
22:52 ElFenominoDaPlaya: lol
22:52 ElFenominoDaPlaya: haha
22:52 ElFenominoDaPlaya: jamie foxx
22:52 ElFenominoDaPlaya: willy beaman
22:52 ElFenominoDaPlaya: macht ihn kalt
22:52 ElFenominoDaPlaya: :-D
22:52 ElFenominoDaPlaya: er is schlauer
22:52 ElFenominoDaPlaya: napalm
22:54 iaj: looooool
22:54 iaj: lider
22:54 iaj: leider
22:54 iaj: hätts dem 300 Typ gegoennt
22:54 iaj: :)
--- Log closed Sun Jan 16 22:59:47 2011
--- Log opened Sun Jan 16 23:03:54 2011
23:03 ElFenominoDaPlaya: yo
23:03 ElFenominoDaPlaya: me too
23:03 ElFenominoDaPlaya: ;-)
23:04 ElFenominoDaPlaya: dachte willy beaman
23:04 ElFenominoDaPlaya: und er 
23:04 ElFenominoDaPlaya: machen nen deal
23:04 ElFenominoDaPlaya: oder so
23:04 ElFenominoDaPlaya: am ende
23:04 ElFenominoDaPlaya: :-P
23:04 ElFenominoDaPlaya:  
23:04 ElFenominoDaPlaya: wäre top gewesen
23:04 ElFenominoDaPlaya: aber der scheiss bulle aus con air
23:04 ElFenominoDaPlaya: war ja mit ihm unterwegs
23:05 iaj: loooooooooooooool
23:05 iaj: LOL
23:05 iaj: der bulle aus con air
23:05 iaj: lol
23:05 iaj: jo hier mag ich jamie fox nich
23:05 iaj: kennste Felon den Film?
23:05 iaj: wenn nicht geb ihn dir ma ders auch cool
23:05 iaj: 1 Stunde bis zu den Aussie open :D
23:05 iaj: ein spiel werd ich mir wohl geben
23:06 ElFenominoDaPlaya: hab den
23:06 ElFenominoDaPlaya: ;-)
23:06 ElFenominoDaPlaya: Felon
23:06 ElFenominoDaPlaya: Val Kilmer sieht dort ganz anders aus
23:07 ElFenominoDaPlaya: richtig fett
23:07 ElFenominoDaPlaya: :-D
23:10 iaj: jo.. haha... sau cool der Film
23:10 iaj: schon geguckt
23:10 iaj: SIE ARMLEUCHTER!!
23:10 ElFenominoDaPlaya: löl
--- Log closed Sun Jan 16 23:16:47 2011
--- Log opened Sun Jan 16 23:20:41 2011
23:20 ElFenominoDaPlaya: "STILL RUHT DER SEE"
--- Log closed Sun Jan 16 23:25:47 2011
--- Log opened Sun Jan 16 23:32:39 2011
23:32 iaj: :-)
23:32 ElFenominoDaPlaya: game devvarman
23:33 ElFenominoDaPlaya: lol letzte woche hat kohli gegen berlocq gespielt
23:33 ElFenominoDaPlaya: heute nacht spielter
23:33 ElFenominoDaPlaya: der berlocq
23:33 ElFenominoDaPlaya: :-P
23:33 ElFenominoDaPlaya: um 01:00
23:33 iaj: kohli spielt gegen kamke
23:33 iaj: lol
23:33 ElFenominoDaPlaya: yo
23:33 ElFenominoDaPlaya: deutsch deutsches duell
23:34 iaj: Wie sagten sie: Immerhin ein deutscher wird also die nächste Runde erreichen
23:39 ElFenominoDaPlaya: lol
23:39 ElFenominoDaPlaya: yo
23:39 ElFenominoDaPlaya: yhaha
--- Log closed Sun Jan 16 23:44:47 2011
