--- Log opened Tue Dec 14 21:46:03 2010
21:46 --- Query: Starting query with eSRoe17 on bitlbee
21:46 iaj: lo
21:46 iaj: biste da??
21:46 eSRoe17: jjo
21:47 iaj: morgen kann ich wohl erst arg spät da ich die ganze technik kmorgen schon einrichten muss und wir erst so 18h nach niederrad fahrehn
21:47 iaj: also schätzungsweise pack ich's morgen noch nid :\/
21:48 eSRoe17: arbeit oder was`is technik einrichten
21:48 eSRoe17: also besser mal ned mit rechnen meinste?
21:52 iaj: oh
21:52 iaj: jo
21:52 iaj: von der arbeit
21:52 iaj: wir ziehen doch grad e um
21:52 iaj: eglt am do
21:52 iaj: aber da krieg ich waisheitszahn ja raus
21:52 iaj: daher darf"""" ich morgen schon ran
21:53 eSRoe17: k + lol
21:53 iaj: und geht bestimmt bis 9 oder 10 dre fuck daher lieber erst ne week latre
21:53 eSRoe17: zähne ziehn
21:53 iaj: upttuuuuuuur
21:53 iaj: n
21:53 eSRoe17: meinste da geht alles gut oder biste dann direkt m krankgeschriebn für püaar wochen
21:53 iaj: lol.. ka hatte noch nie was an den zähenn
21:53 iaj: erste ma
21:53 iaj: garkein bockkkkkkkkkkkkk
21:53 iaj: aber is ja nur ein zahn
21:53 iaj: ziehen
21:53 eSRoe17: dann ma viel glück dafür
21:54 iaj: und einer wird geo;periert
21:54 iaj: thnx :(
21:54 iaj: :-/
21:54 eSRoe17: jo bei manchen die können am nächsten tag wieder normal rumrennen aber kenn auch welche da hats 4 wochen gedauert bis schwellung weg war
21:54 iaj: glück wie ich hab geh ich ma von 4 wochen raus
21:54 iaj: was kacke wär
21:54 iaj: weil 8 tage später die gans
21:54 iaj: und 9 tage später mein triumphzug erfolgt
21:55 eSRoe17: denkste
--- Log closed Tue Dec 14 22:01:31 2010
