--- Log opened Thu Dec 09 21:17:29 2010
21:17 --- Query: Starting query with eSRoe17 on bitlbee
21:17 iaj: kleiner
21:17 iaj: Penis
--- Log closed Thu Dec 09 21:23:07 2010
--- Log opened Thu Dec 09 22:17:39 2010
22:17 eSRoe17: du?
22:18 iaj: Responding like a fricken whore!
22:18 eSRoe17: responding like you
22:18 iaj: die SMS gebuehren spar ich mir wohl lieeber
22:18 eSRoe17: was gibtsn
22:19 iaj: Kannst morgen erst um 23h rm hab ich gehört
22:19 eSRoe17: ca jo
22:19 eSRoe17: was issn wie ganu angedacht
22:19 iaj: fuu dann hurry
22:19 iaj: hab für 21 h die Bahn
22:19 iaj: und ka wie lang die offen ham
22:20 iaj: Rebstock
22:20 eSRoe17: k wer issn alles am start
22:20 eSRoe17: werd dann wohl nachkommen wenns ned shcon zu maxcht
22:20 eSRoe17: jemand der ans handy geht wäre top
22:21 iaj: ^ _ ^ 
22:21 iaj: voelz tessi schäfer ich sind relativ sicher
22:22 iaj: evtl noch jasmin, weiss aber nid
22:22 iaj: also sind sicher :D
22:22 eSRoe17: k
22:23 eSRoe17: koys sind ned so gern gesehn wenn der schäfer dabei is schätz ich
22:23 eSRoe17: und jasmin is diene neue freundin oder wer?
22:24 iaj: Nee die heisst Silvi
22:24 iaj: Die blonde
22:24 iaj: Die war auch hier ma
22:24 iaj: Wo du auch hier warst
22:24 iaj: soweit ich weiss
22:24 iaj: von der Work
22:24 iaj: Koys, naja... lol jo der Schäfer zickt rum
22:25 iaj: 1. XMAS Tag beim Koy abends?
22:25 eSRoe17: jo 
22:25 eSRoe17: habs eingeplant 
22:25 eSRoe17: denk ma so ab 19/20h rum
22:25 iaj: Ok, jedes Jahr wieder :-)
22:26 eSRoe17: kk werd ma sehn evtl wirds acuh schon 22h
22:26 eSRoe17: aber denk wird arg knapp
22:27 iaj: Also bis 24h hamse sicher auf
22:27 iaj: aber weiss ned wieviel länger
22:28 eSRoe17: kommt da glaub immer drauf an wie volls is
22:29 iaj: Wir werden die show schon rocken
22:29 iaj: naj
22:29 iaj: a
22:29 iaj: konnte wenig leute fragen
22:29 iaj: koys und moellers ja direkt ma rausgefallen
22:29 iaj: :D
22:32 eSRoe17: lol
22:33 eSRoe17: bb is eh am wow zocken
22:35 iaj: LOL
22:35 iaj: dasser das immernoch zockt
22:35 iaj: krasse sache
22:35 iaj: der könnte mich toppen
22:36 eSRoe17: die woche kam doch irgenden update raus dehslab spielt doch die ganz welt wieder oder so
22:37 iaj: Ahso.. oman die sind so schlau
22:37 iaj: mit diesen Updates :(
22:37 iaj: Respekt
22:37 iaj: Ein Glück hab ich damit nie angefangen
22:37 iaj: Doch Diablo3 wird kommen
22:37 iaj: lol
22:37 iaj: Diablo2 hattest selbst du mal KURZ gezockt
22:37 iaj: My God is das lang her
22:40 eSRoe17: loooooool
22:40 eSRoe17: jo wenn man das so nennen kann
22:41 iaj: :-DDDDDD   Heute nacht werd ich auch mal wieder ins Gamble-Geschehen eingreifen
22:41 iaj: hab noch 
22:41 iaj: Kein einziges X-Mas Present
22:41 iaj: YesYoah.
22:41 eSRoe17: krasse sache 
22:41 eSRoe17: bin dieses jahr früh dran
22:41 eSRoe17: nur 1 noch
22:44 iaj: Ohnein
22:44 iaj: Ist das mies!
--- Log closed Thu Dec 09 22:50:08 2010
