--- Log opened Wed Nov 03 11:04:04 2010
11:04 --- Query: Starting query with eSRoe17 on bitlbee
11:04 eSRoe17: samstag hochheier markt?
11:04 eSRoe17: samstag hochheier markt?
--- Log closed Wed Nov 03 11:10:02 2010
--- Log opened Wed Nov 03 11:22:23 2010
11:22 iaj: huhu
11:23 iaj: weiss noch nicht wegen Samstag, komm da wohl erst abends wieder.. aber ich geb dir nochmal Bescheid per Handy
11:23 iaj: wie siehts heute mit schwimmen aus?
--- Log closed Wed Nov 03 11:29:02 2010
--- Log opened Wed Nov 03 11:48:45 2010
11:48 eSRoe17: gude
11:48 eSRoe17: gerade arbeiten?
11:52 iaj: jo
11:52 iaj: zum k*****
--- Log closed Wed Nov 03 11:58:02 2010
--- Log opened Wed Nov 03 12:17:52 2010
12:17 eSRoe17: wie lange musste denn noch
12:18 eSRoe17: wenn schwimmen kann ich heute nur viel früher wie sonst
12:19 iaj: hmm ok
12:19 iaj: das blöd ich kann erst so halb 9 :(
12:19 iaj: Wohl noch was spannendes vor :D
12:19 iaj: ich bin erst um 11 hier eingetroffen
12:19 iaj: sau fürn arsch
--- Log closed Wed Nov 03 12:25:02 2010
--- Log opened Wed Nov 03 12:32:04 2010
12:32 eSRoe17: miese sache was ham die auch nur mittwoch so lange uff
12:32 eSRoe17: was gehts sonst so
--- Log closed Wed Nov 03 12:38:02 2010
--- Log opened Wed Nov 03 12:43:59 2010
12:43 iaj: hm jo am weekend
12:44 iaj: hättense glaub ich auch länger uff
12:44 iaj: spielt die eintracht heut ?
12:44 iaj: ach ned viel.. seit ner week is die "freundin!?" wieder da
12:44 iaj: und in 5 tagen faehrtse schon wida ^^
12:45 eSRoe17: nene
12:45 eSRoe17: wieder nach afrika
12:46 iaj: israel
12:46 iaj: this time
12:46 iaj: und bei dir?
12:47 eSRoe17: nix neues
12:47 eSRoe17: wirds auch nie was geben glöaub ich lol
12:47 iaj: still the same ol g
12:47 iaj: lol
12:47 iaj: auf was bezogen
12:47 eSRoe17: auf alles
12:47 iaj: eine sache schon
12:47 iaj: lass ma nächstes we also das 12/13 nov
12:47 iaj: feiern gehen
12:48 iaj: wieder mal die leute zusammetrommeln
12:48 eSRoe17: wo so?
--- Log closed Wed Nov 03 12:54:02 2010
--- Log opened Wed Nov 03 12:56:56 2010
12:56 iaj: wees ned
12:57 iaj: frankfurt - dieses yours?
13:00 eSRoe17: kann man machen
13:01 iaj: klingt begeistert
13:01 iaj: ^^
13:01 iaj: wa ja nur n vorschlach
13:02 eSRoe17: ach im grunde genommen is alles ok wenns ned grad 50 eur eintritt kostet oder oberbayern heisst
--- Log closed Wed Nov 03 13:08:02 2010
--- Log opened Wed Nov 03 13:22:07 2010
13:22 iaj: hmm k... aber lieber freitag dann oder?
13:23 eSRoe17: jo 
13:23 eSRoe17: ma sehn wer wann noch so kann
--- Log closed Wed Nov 03 13:29:02 2010
--- Log opened Wed Nov 03 13:31:50 2010
13:31 iaj: jo
--- Log closed Wed Nov 03 13:37:02 2010
--- Log opened Wed Nov 03 14:19:03 2010
14:19 iaj: sag bloss du hast schon wieder mal frei
14:19 eSRoe17: jo die woche
14:19 iaj: schweeeenereeeeeeeeee
--- Log closed Wed Nov 03 14:25:02 2010
