--- Log opened Wed Oct 27 20:24:29 2010
20:24 --- Query: Starting query with Marcel on bitlbee
20:24 Marcel: hure
--- Log closed Wed Oct 27 20:29:55 2010
--- Log opened Wed Oct 27 21:32:51 2010
21:32 iaj: huuuuuure
21:33 Marcel:   na was geht bitch
21:34 Marcel: dauert mir zu lang, ich muss pennen^^
21:34 Marcel: freitag feiermeier im velvet?!!!
21:34 Marcel:  
21:36 Marcel: du elende hure, schreib^^
21:37 Marcel: ist heute nicht nosexendingday
21:37 iaj: lol
21:37 iaj: no sex ending day?
21:37 iaj: der ist freitag
21:37 iaj: ;-)
21:37 iaj: passenderweise
21:37 Marcel: machst du was am freitag mit der?
21:39 Marcel: fick dich doch du scheiß kanacke
21:40 iaj: lol
21:40 iaj: war ja wohl klar
21:40 iaj: dass ich jetzt erstmal was mit der mache
21:40 iaj: aber velvet
21:40 iaj: stinkt sowieso
21:40 Marcel: dann sags doch gleich und antworte net 1o tausend stunden später btich
21:41 Marcel: du stinktst
21:41 iaj: lol wo hab ich 10000s tunden spaeter gewantwortet
21:41 Marcel: stinkst
21:41 Marcel: freitag ist gutes programm
21:42 iaj: im velvet gibt's kein gutes Programm
21:42 iaj: Es ist das Velvet :)
21:42 iaj: Da wo leute abgestochen werden
21:42 iaj: und wo die Tanzflaeche durch nen Spiegltrick vergroessert werden mus
21:43 Marcel: ach du hast doch keine ahnung, erstech erstmal africa, mal schauen wie lange du danach noch lebst^^. man scheiß iphone bekomm ich erst morgen
21:44 iaj: hahah Du bekommsts aber schon?
21:44 iaj: Wow
21:44 iaj: woheR?
21:44 iaj: erstech.. haha... 
21:44 Marcel: aja ausm o two shop
21:44 iaj: echt? Du hasts direkt gemacht?
21:44 iaj: Schaefer hats auch probiert
21:44 iaj: wurde auf Samstag vertroestet
21:45 Marcel: dene ihr system hat heute beim release so lang gebraucht, hat schon aufm tisch vor mir gelegen^^
21:45 Marcel: tja der ist auch fett :-D
21:45 iaj: Cool
21:45 iaj: Dann koenenn wir das Faceding machen
21:46 Marcel: denkst du ich will deine fresse sehn oder was :-P
21:46 Marcel: woltl der es 32 gig
21:46 Marcel: ?
21:46 iaj: Jep
21:46 iaj: KLar willst du
21:46 iaj: Ne 16 glaub ich
21:46 Marcel: achso, naja von dem gibts bestimmt weniger.
21:47 Marcel: klar 16 reicht, für was will ich mehr
21:47 Marcel: brauch ich ehh net
21:47 Marcel: sechzehner gibts aber noch genug in aburg
21:47 iaj: Ne braucht man auch nicht
21:48 iaj: ausser du packst dick Mucke drauf
21:48 iaj: oder...
21:48 iaj: Bilder.. das is das einzige was Speicher bei mir frisst
21:48 Marcel: gibts aber jetzt auch für 629 im appstore
21:48 Marcel: aja des bisschen mucke da
21:48 iaj: :-D
21:48 Marcel: ich koste das nie im leben aus
21:48 iaj: Wer n iPhone mitnimmt zum Training :-)
21:49 Marcel: aja appstore ist schon besserer preis, aber wills lieber auf raten kaufen. sonst kann ich mir net mehr so viel andere sachen kaufen ;-). aja klar, endlich wieder iphone im gym ;-)
21:50 Marcel: schwule scheiße
21:50 iaj: iPhone im GUM
21:50 iaj: GYM
21:50 iaj: du bist also so einer
21:50 iaj: ohmyfucking gaaaaaawd
21:51 Marcel: aja nutz dein iphone erstmal um die neverendingsexstory am fr zu filmen
21:51 iaj: looooooooooooooooooooooooooooooooooooooooooooooooooooool
21:51 iaj: LOOOOOOOOOL
21:51 iaj: mit kondom
21:51 iaj: wird eh kacke
21:51 iaj: weiss ich jetzt schon
21:51 iaj: kondome sucken asss
21:52 Marcel: haha bin erstmal gespannt ob sies durchzieht^^
21:52 Marcel: wahrscheinlich ist sie jetzt die penetration vom schwarzen volk gewohnt und du verkackst
21:53 iaj: hahaha... kann passieren... ;-)  aber schon krass.. 3 monate ueberdauert fuer die Alte
21:54 Marcel: jaa du freak
21:54 iaj: Ich glaub schon hab sie ja gestern schon verwoehnt und sie wollte unbedingt.. naja
21:54 iaj: aber ich nahm meine Kondome ja nicht mit
21:54 iaj: weil ich dachte wuerd eh noch bisschen dauern
21:54 Marcel: du blödmann
21:54 Marcel: die hätte gefickt und du hattest keine gummis?
21:55 iaj: So siehts aus
21:55 iaj: dann kam se an
21:55 iaj: und wollte zusammen baden
21:55 iaj: scheisse is des geil ^^
21:55 iaj: Die Marcitechnik
21:56 Marcel: was die marcitechnik?
21:56 Marcel: haha baden mit gummi ist aber scheiße^^
21:56 iaj: Ja geht das ueberhaupt?
21:56 Marcel: hat sie dir wenigestens einen von der palme gewedelt
21:56 Marcel: haha quatsch, geht net
21:56 Marcel: du freak
21:59 iaj: Sie hats probiert :D
21:59 iaj: Aber wir haben uns in der Wanne woddy ahoi gegeben
21:59 iaj: das war eher kontraproduktiv :D
22:00 Marcel: haha und war sie net gut genug oder was?
22:00 Marcel: freaks
22:02 iaj: haha...  ja doch.. kp... geht nur wenn ich mich gehen lassen kann aber des geht noch ned
22:03 Marcel: omg was ist da los^^
22:04 iaj: haha.. ja kA ich bin n schmogg :D
22:05 Marcel: das hast du aber gut getroffen^^
22:05 Marcel: naja ich geh mal pennen hau rein du schmogg
22:06 iaj: haha
22:06 iaj: ok dicker
22:06 iaj: Vampire Rotze
22:06 iaj: kam doch heute?
22:07 Marcel: ja kenn ich aber schon und die deutschen stimmen sind schwul
22:07 Marcel: cya
22:08 iaj: haha
22:08 iaj: ok
22:08 iaj: sorry wegen Freitag
22:09 iaj: bald steh ich wieder zur Verfuegung
22:09 iaj: aber das heissersehnte Event ist endlich
22:09 iaj: weiss nicht ob ich will dass es geil wird oder schlecht :D
22:09 Marcel: geil muss es werden du penner. ja kein ding wegen fr, man muss ja nicht immer zeit haben. gut fick
22:09 Marcel: servus
22:10 iaj: haha
22:10 iaj: danke :D
22:10 iaj: cya
--- Log closed Wed Oct 27 22:10:24 2010
