--- Log opened Sun Nov 28 00:57:11 2010
00:57 --- Users 42 nicks [2 ops, 0 halfops, 0 voices, 40 normal]
00:58 --- Channel #macosxdev was synced in 110 seconds
--- Log closed Sun Nov 28 12:13:15 2010
--- Log opened Sun Nov 28 12:13:41 2010
12:13 --- Users 36 nicks [2 ops, 0 halfops, 0 voices, 34 normal]
12:15 --- Channel #macosxdev was synced in 115 seconds
--- Log closed Sun Nov 28 14:34:44 2010
--- Log opened Sun Nov 28 14:40:05 2010
14:40 --- Users 36 nicks [2 ops, 0 halfops, 0 voices, 34 normal]
14:41 --- Channel #macosxdev was synced in 114 seconds
--- Log closed Sun Nov 28 15:32:07 2010
--- Log opened Sun Nov 28 15:42:31 2010
15:42 --- Users 37 nicks [2 ops, 0 halfops, 0 voices, 35 normal]
15:44 --- Channel #macosxdev was synced in 114 seconds
--- Log closed Sun Nov 28 16:11:09 2010
--- Log opened Sun Nov 28 16:11:33 2010
16:11 --- Users 38 nicks [2 ops, 0 halfops, 0 voices, 36 normal]
16:13 --- Channel #macosxdev was synced in 115 seconds
--- Log closed Sun Nov 28 17:10:42 2010
--- Log opened Sun Nov 28 17:11:04 2010
17:11 --- Users 38 nicks [2 ops, 0 halfops, 0 voices, 36 normal]
17:12 --- Channel #macosxdev was synced in 113 seconds
--- Log closed Sun Nov 28 19:12:10 2010
--- Log opened Sun Nov 28 19:12:30 2010
19:12 --- Users 40 nicks [2 ops, 0 halfops, 0 voices, 38 normal]
19:12 --- Server: [barjavel.freenode.net] [freenode-info] channel flooding and no channel staff around to help? Please check with freenode support: http://freenode.net/faq.shtml#gettinghelp
19:14 --- Channel #macosxdev was synced in 112 seconds
21:22 --- ChanServ sets modes [#macosxdev +o Beelsebob]
21:27 --- ChanServ sets modes [#macosxdev +o Beelsebob]
--- Log closed Mon Nov 29 08:19:23 2010
