--- Log opened Thu Oct 28 00:00:55 2010
00:09  jeffmr: question about development
00:09  jeffmr: do cuda drivers work with mbpro late 2008 9600m gt cards?
01:05 --- kaio_ is now known as kaio
--- Log closed Thu Oct 28 08:43:30 2010
--- Log opened Thu Oct 28 08:43:53 2010
08:43 --- Users 44 nicks [1 ops, 0 halfops, 0 voices, 43 normal]
08:45 --- Channel #macosxdev was synced in 93 seconds
--- Log closed Thu Oct 28 08:58:00 2010
--- Log opened Thu Oct 28 08:58:20 2010
08:58 --- Users 45 nicks [1 ops, 0 halfops, 0 voices, 44 normal]
08:59 --- Channel #macosxdev was synced in 91 seconds
--- Log closed Thu Oct 28 09:48:49 2010
--- Log opened Thu Oct 28 09:49:13 2010
09:49 --- Users 48 nicks [1 ops, 0 halfops, 0 voices, 47 normal]
09:50 --- Channel #macosxdev was synced in 92 seconds
11:15  Jacksson: hi! what is the right way to store temporary data on OS X?
11:18  Jacksson: would /var/tmp be an appropriate place?
11:18  Jacksson: and do these files get deleted automatically, or i have to clean them up by myself?
11:35 --- snoy_ms_ is now known as snoy_ms
13:05 --- kaio_ is now known as kaio
--- Log closed Thu Oct 28 20:58:53 2010
--- Log opened Thu Oct 28 20:59:17 2010
20:59 --- Users 51 nicks [1 ops, 0 halfops, 0 voices, 50 normal]
20:59 --- Server: [kornbluth.freenode.net] [freenode-info] if you're at a conference and other people are having trouble connecting, please mention it to staff: http://freenode.net/faq.shtml#gettinghelp
21:00 --- Channel #macosxdev was synced in 107 seconds
23:37 --- ChanServ sets modes [#macosxdev +o Beelsebob]
--- Log closed Fri Oct 29 00:00:50 2010
