--- Log opened Wed Nov 17 11:21:13 2010
--- Log closed Wed Nov 17 11:21:13 2010
--- Log opened Wed Nov 17 11:53:51 2010
11:53 --- Users 48 nicks [2 ops, 0 halfops, 0 voices, 46 normal]
11:55 --- Channel #macosxdev was synced in 97 seconds
12:53 --- kaio_ is now known as kaio
--- Log closed Wed Nov 17 20:28:19 2010
--- Log opened Wed Nov 17 20:28:41 2010
20:28 --- Users 52 nicks [2 ops, 0 halfops, 0 voices, 50 normal]
20:30 --- Channel #macosxdev was synced in 95 seconds
--- Log closed Wed Nov 17 21:41:41 2010
--- Log opened Wed Nov 17 21:42:01 2010
21:42 --- Users 51 nicks [2 ops, 0 halfops, 0 voices, 49 normal]
21:43 --- Channel #macosxdev was synced in 107 seconds
--- Log closed Wed Nov 17 22:35:34 2010
--- Log opened Wed Nov 17 22:35:43 2010
22:35 --- Users 50 nicks [2 ops, 0 halfops, 0 voices, 48 normal]
22:37 --- Channel #macosxdev was synced in 95 seconds
--- Log closed Wed Nov 17 22:55:49 2010
--- Log opened Wed Nov 17 22:56:16 2010
22:56 --- Users 52 nicks [2 ops, 0 halfops, 0 voices, 50 normal]
22:57 --- Channel #macosxdev was synced in 101 seconds
--- Log closed Thu Nov 18 08:46:38 2010
