--- Log opened Mon Nov 29 08:19:23 2010
--- Log closed Mon Nov 29 08:24:24 2010
--- Log opened Mon Nov 29 08:24:47 2010
08:24 --- Users 41 nicks [2 ops, 0 halfops, 0 voices, 39 normal]
08:26 --- Channel #macosxdev was synced in 113 seconds
08:29 --- kaio_ is now known as kaio
10:06 --- ChanServ sets modes [#macosxdev +o Beelsebob]
12:42  Spiff_no: hi guys.. Im working on an icon for my app, and I wonder what this is called in english: http://office247.no/WJI-nettBilder/stor/211081.jpg
12:42  Spiff_no: gonna have a binder or what you call it together with some bills as an icon..
12:42  Spiff_no: But I need more pictures for reference..
12:42  Spiff_no: and now I dont know what to search for, lol
12:43  Spiff_no: hmm, sorry guys, I found the answer myself.. ring binder.. heh
13:35 --- Spiff_no_ is now known as Spiff_no
--- Log closed Mon Nov 29 15:27:31 2010
--- Log opened Mon Nov 29 15:27:56 2010
15:27 --- Users 45 nicks [2 ops, 0 halfops, 0 voices, 43 normal]
15:30 --- Channel #macosxdev was synced in 157 seconds
15:38 --- ChanServ sets modes [#macosxdev +o Beelsebob]
--- Log closed Mon Nov 29 16:20:12 2010
--- Log opened Mon Nov 29 16:20:35 2010
16:20 --- Users 46 nicks [2 ops, 0 halfops, 0 voices, 44 normal]
16:22 --- Channel #macosxdev was synced in 120 seconds
18:19 --- Spiff_no_ is now known as Spiff_no
18:56 --- edude03_ is now known as edude03
--- Log closed Mon Nov 29 21:30:22 2010
