--- Log opened Fri Jan 14 08:48:30 2011
--- Log closed Fri Jan 14 08:48:30 2011
--- Log opened Fri Jan 14 08:53:50 2011
08:53 --- Users 41 nicks [2 ops, 0 halfops, 0 voices, 39 normal]
08:55 --- Channel #macosxdev was synced in 101 seconds
--- Log closed Fri Jan 14 09:16:01 2011
--- Log opened Fri Jan 14 09:26:24 2011
09:26 --- Users 44 nicks [2 ops, 0 halfops, 0 voices, 42 normal]
09:27 --- Channel #macosxdev was synced in 98 seconds
09:32 --- ChanServ sets modes [#macosxdev +o Beelsebob]
13:06 --- StrAbZ is now known as StrAbZ|away
14:02 --- StrAbZ|away is now known as StrAbZ
15:31 --- StrAbZ is now known as StrAbZ|away
15:33 --- StrAbZ|away is now known as StrAbZ
17:48 --- Gallo is now known as Gallomimia
18:02 --- ChanServ sets modes [#macosxdev +o Beelsebob]
--- Log closed Fri Jan 14 23:44:11 2011
--- Log opened Fri Jan 14 23:55:03 2011
23:55 --- Users 47 nicks [1 ops, 0 halfops, 0 voices, 46 normal]
23:56 --- Channel #macosxdev was synced in 96 seconds
--- Log closed Sat Jan 15 00:00:40 2011
