--- Log opened Sat Oct 09 11:57:30 2010
--- Log closed Sat Oct 09 12:02:31 2010
--- Log opened Sat Oct 09 16:51:22 2010
16:51 --- Users 63 nicks [2 ops, 0 halfops, 0 voices, 61 normal]
16:51  aksr: maxauthority4, are you done ?
16:52 --- Channel #vimperator was synced in 66 seconds
--- Log closed Sat Oct 09 19:08:40 2010
--- Log opened Sat Oct 09 19:09:04 2010
19:09 --- Users 63 nicks [2 ops, 0 halfops, 0 voices, 61 normal]
19:09 --- Channel #vimperator was synced in 61 seconds
19:18  Segaja: maxauthority4: the stuff works for me. even without groups
--- Log closed Sat Oct 09 19:50:56 2010
--- Log opened Sat Oct 09 19:51:18 2010
19:51 --- Users 63 nicks [2 ops, 0 halfops, 0 voices, 61 normal]
19:52 --- Channel #vimperator was synced in 59 seconds
19:59  maxauthority4: Segaja: ok, will test it again
20:06  Segaja: and i changed the threadYield from util. to liberator. where we allready have one
--- Log closed Sat Oct 09 20:53:30 2010
--- Log opened Sat Oct 09 20:53:50 2010
20:53 --- Users 62 nicks [2 ops, 0 halfops, 0 voices, 60 normal]
20:54 --- Channel #vimperator was synced in 60 seconds
20:57  maxauthority4: Segaja: that patch you sent to the ML uses threadYield in 'util'
21:02  Segaja: yes
21:02  Segaja: i wanted to wait for your test without groups
21:02  Segaja: if it is working i will resend my patch with the liberator.threadYield and the new copyright years
--- Log closed Sat Oct 09 21:42:49 2010
--- Log opened Sat Oct 09 21:48:14 2010
21:48 --- Users 61 nicks [2 ops, 0 halfops, 0 voices, 59 normal]
21:49 --- Channel #vimperator was synced in 62 seconds
--- Log closed Sat Oct 09 22:03:41 2010
--- Log opened Sat Oct 09 22:04:01 2010
22:04 --- Users 61 nicks [2 ops, 0 halfops, 0 voices, 59 normal]
22:04 --- Channel #vimperator was synced in 61 seconds
--- Log closed Sat Oct 09 22:33:42 2010
--- Log opened Sat Oct 09 22:34:05 2010
22:34 --- Users 59 nicks [2 ops, 0 halfops, 0 voices, 57 normal]
22:35 --- Channel #vimperator was synced in 66 seconds
--- Log closed Sat Oct 09 23:33:17 2010
--- Log opened Sat Oct 09 23:33:37 2010
23:33 --- Users 62 nicks [2 ops, 0 halfops, 0 voices, 60 normal]
23:34 --- Channel #vimperator was synced in 60 seconds
--- Log closed Sun Oct 10 00:00:39 2010
