--- Log opened Fri Nov 05 12:52:00 2010
--- Log closed Fri Nov 05 12:57:01 2010
--- Log opened Fri Nov 05 12:57:22 2010
12:57 --- Users 65 nicks [2 ops, 0 halfops, 0 voices, 63 normal]
12:58 --- Channel #vimperator was synced in 92 seconds
--- Log closed Fri Nov 05 17:58:22 2010
--- Log opened Fri Nov 05 21:16:07 2010
21:16 --- Users 64 nicks [2 ops, 0 halfops, 0 voices, 62 normal]
21:17 --- Channel #vimperator was synced in 94 seconds
--- Log closed Fri Nov 05 21:28:20 2010
--- Log opened Fri Nov 05 21:29:00 2010
21:29 --- Users 64 nicks [2 ops, 0 halfops, 0 voices, 62 normal]
21:30 --- Channel #vimperator was synced in 94 seconds
22:52  maxauthority2: thx, was great
--- Log closed Fri Nov 05 23:27:58 2010
--- Log opened Fri Nov 05 23:28:20 2010
23:28 --- Users 66 nicks [2 ops, 0 halfops, 0 voices, 64 normal]
23:29 --- Channel #vimperator was synced in 92 seconds
23:50  bairui: hi, guys... I have noticed recently that I need to press Esc before any normal mode command in vimperator - even if I only just switched to another tab. I even have to press Esc between two normal mode commands on the one tab... What's up with that?
--- Log closed Sat Nov 06 00:00:46 2010
