--- Log opened Sat Nov 13 00:00:04 2010
--- Log closed Sat Nov 13 03:07:25 2010
--- Log opened Sat Nov 13 03:07:47 2010
03:07 --- Users 63 nicks [2 ops, 0 halfops, 0 voices, 61 normal]
03:08 --- Channel #vimperator was synced in 78 seconds
03:32 --- smorg is now known as ormaaj
--- Log closed Sat Nov 13 07:07:21 2010
--- Log opened Sat Nov 13 07:07:40 2010
07:07 --- Users 62 nicks [2 ops, 0 halfops, 0 voices, 60 normal]
07:08 --- Channel #vimperator was synced in 81 seconds
--- Log closed Sat Nov 13 11:02:16 2010
--- Log opened Sat Nov 13 11:07:38 2010
11:07 --- Users 59 nicks [2 ops, 0 halfops, 0 voices, 57 normal]
11:07 --- Server: [bartol.freenode.net] [freenode-info] if you're at a conference and other people are having trouble connecting, please mention it to staff: http://freenode.net/faq.shtml#gettinghelp
11:08 --- Channel #vimperator was synced in 76 seconds
--- Log closed Sat Nov 13 14:47:47 2010
--- Log opened Sat Nov 13 14:48:08 2010
14:48 --- Users 62 nicks [2 ops, 0 halfops, 0 voices, 60 normal]
14:48 --- Server: [niven.freenode.net] [freenode-info] if you're at a conference and other people are having trouble connecting, please mention it to staff: http://freenode.net/faq.shtml#gettinghelp
14:49 --- Channel #vimperator was synced in 76 seconds
--- Log closed Sat Nov 13 14:55:48 2010
--- Log opened Sat Nov 13 14:56:12 2010
14:56 --- Users 62 nicks [2 ops, 0 halfops, 0 voices, 60 normal]
14:57 --- Channel #vimperator was synced in 84 seconds
--- Log closed Sat Nov 13 15:24:14 2010
--- Log opened Sat Nov 13 15:24:41 2010
15:24 --- Users 62 nicks [2 ops, 0 halfops, 0 voices, 60 normal]
15:25 --- Channel #vimperator was synced in 78 seconds
--- Log closed Sat Nov 13 16:24:12 2010
--- Log opened Sat Nov 13 16:24:33 2010
16:24 --- Users 62 nicks [2 ops, 0 halfops, 0 voices, 60 normal]
16:25 --- Channel #vimperator was synced in 75 seconds
--- Log closed Sun Nov 14 19:50:10 2010
