--- Log opened Thu Nov 11 00:00:39 2010
--- Log closed Thu Nov 11 03:21:38 2010
--- Log opened Thu Nov 11 03:27:02 2010
03:27 --- Users 67 nicks [2 ops, 0 halfops, 0 voices, 65 normal]
03:28 --- Channel #vimperator was synced in 114 seconds
05:11 @gkatsev: looks like b7 is finally official out: http://www.mozilla.com/en-US/firefox/beta/features/
05:11 @gkatsev: and looks like the really sped it up
--- Log closed Thu Nov 11 07:22:24 2010
--- Log opened Thu Nov 11 07:22:43 2010
07:22 --- Users 65 nicks [2 ops, 0 halfops, 0 voices, 63 normal]
07:24 --- Channel #vimperator was synced in 109 seconds
--- Log closed Thu Nov 11 09:02:32 2010
--- Log opened Thu Nov 11 09:02:55 2010
09:02 --- Users 67 nicks [2 ops, 0 halfops, 0 voices, 65 normal]
09:02 --- Server: [card.freenode.net] [freenode-info] channel flooding and no channel staff around to help? Please check with freenode support: http://freenode.net/faq.shtml#gettinghelp
09:04 --- Channel #vimperator was synced in 117 seconds
--- Log opened Thu Nov 11 09:11:20 2010
09:11 --- Users 66 nicks [2 ops, 0 halfops, 0 voices, 64 normal]
09:12 --- Channel #vimperator was synced in 79 seconds
--- Log closed Thu Nov 11 10:15:57 2010
--- Log opened Thu Nov 11 10:16:20 2010
10:16 --- Users 65 nicks [2 ops, 0 halfops, 0 voices, 63 normal]
10:18 --- Channel #vimperator was synced in 131 seconds
10:31  procto: does the vimperator 2.4 nightly support ff4?
10:37  Segaja: it would be best to use vimperator-latest
10:37  Segaja: Daneel: nightly
10:37  Daneel: The latest nightly is available here: http://code.google.com/p/vimperator-labs/downloads/detail?name=vimperator-latest-snapshot.xpi
10:44  procto: Segaja: thanks. I assumed something like that :>
--- Log closed Fri Nov 12 00:50:48 2010
