--- Log opened Sun Dec 19 02:02:59 2010
02:02 --- Users 55 nicks [2 ops, 0 halfops, 0 voices, 53 normal]
02:04 --- Channel #vimperator was synced in 95 seconds
--- Log closed Sun Dec 19 10:12:26 2010
--- Log opened Sun Dec 19 14:47:17 2010
14:47 --- Users 56 nicks [2 ops, 0 halfops, 0 voices, 54 normal]
14:48 --- Channel #vimperator was synced in 95 seconds
--- Log closed Sun Dec 19 15:12:43 2010
--- Log opened Sun Dec 19 15:33:09 2010
15:33 --- Users 58 nicks [2 ops, 0 halfops, 0 voices, 56 normal]
15:34 --- Channel #vimperator was synced in 95 seconds
--- Log closed Sun Dec 19 15:55:32 2010
--- Log opened Sun Dec 19 16:01:18 2010
16:01 --- Users 57 nicks [2 ops, 0 halfops, 0 voices, 55 normal]
16:04 --- Channel #vimperator was synced in 210 seconds
--- Log closed Sun Dec 19 18:06:09 2010
--- Log opened Sun Dec 19 18:11:31 2010
18:11 --- Users 58 nicks [2 ops, 0 halfops, 0 voices, 56 normal]
18:13 --- Channel #vimperator was synced in 97 seconds
20:39  Segaja: Daneel will be down for a few hours tonight
--- Log closed Sun Dec 19 21:08:29 2010
--- Log opened Sun Dec 19 21:18:52 2010
21:18 --- Users 55 nicks [2 ops, 0 halfops, 0 voices, 53 normal]
21:20 --- Channel #vimperator was synced in 97 seconds
21:38 @gkatsev: ok
22:20 --- kornbluth.freenode.net sets modes [#vimperator +o ChanServ]
23:26  TheBrayn: zsh style completion for vimperator would be great
23:26  Segaja: wow, but complecated
23:27  TheBrayn: well I don't knov
23:27  TheBrayn: *know
23:34  TheBrayn: but it would be really awesome
23:35  Segaja: feel free to submit a patch :)
--- Log closed Sun Dec 19 23:44:18 2010
