--- Log opened Mon Dec 06 00:00:07 2010
--- Log closed Mon Dec 06 00:17:49 2010
--- Log opened Mon Dec 06 00:18:10 2010
00:18 --- Users 59 nicks [2 ops, 0 halfops, 0 voices, 57 normal]
00:20 --- Channel #vimperator was synced in 120 seconds
--- Log closed Mon Dec 06 00:24:58 2010
--- Log opened Mon Dec 06 00:35:24 2010
00:35 --- Users 59 nicks [2 ops, 0 halfops, 0 voices, 57 normal]
00:37 --- Channel #vimperator was synced in 118 seconds
--- Log closed Mon Dec 06 01:03:31 2010
--- Log opened Mon Dec 06 01:08:53 2010
01:08 --- Users 57 nicks [2 ops, 0 halfops, 0 voices, 55 normal]
01:10 --- Channel #vimperator was synced in 123 seconds
--- Log closed Mon Dec 06 02:03:30 2010
--- Log opened Mon Dec 06 02:08:54 2010
02:08 --- Users 57 nicks [2 ops, 0 halfops, 0 voices, 55 normal]
02:10 --- Channel #vimperator was synced in 122 seconds
--- Log closed Mon Dec 06 04:03:25 2010
--- Log opened Mon Dec 06 04:08:46 2010
04:08 --- Users 56 nicks [2 ops, 0 halfops, 0 voices, 54 normal]
04:10 --- Channel #vimperator was synced in 122 seconds
--- Log closed Mon Dec 06 08:03:20 2010
--- Log opened Mon Dec 06 08:08:42 2010
08:08 --- Users 55 nicks [2 ops, 0 halfops, 0 voices, 53 normal]
08:10 --- Channel #vimperator was synced in 120 seconds
--- Log closed Mon Dec 06 11:37:49 2010
--- Log opened Mon Dec 06 11:48:13 2010
11:48 --- Users 56 nicks [2 ops, 0 halfops, 0 voices, 54 normal]
11:50 --- Channel #vimperator was synced in 120 seconds
--- Log closed Mon Dec 06 12:16:22 2010
--- Log opened Mon Dec 06 12:21:48 2010
12:21 --- Users 56 nicks [2 ops, 0 halfops, 0 voices, 54 normal]
12:23 --- Channel #vimperator was synced in 123 seconds
13:00 --- trapezoid_ is now known as trapezoid
13:00 --- trapezoid is now known as trapezoid_
13:00 --- trapezoid_ is now known as trapezoid
--- Log closed Mon Dec 06 13:16:24 2010
--- Log opened Mon Dec 06 13:21:58 2010
13:21 --- Users 58 nicks [2 ops, 0 halfops, 0 voices, 56 normal]
13:23 --- Channel #vimperator was synced in 128 seconds
--- Log closed Mon Dec 06 15:16:27 2010
--- Log opened Mon Dec 06 15:21:48 2010
15:21 --- Users 60 nicks [2 ops, 0 halfops, 0 voices, 58 normal]
15:23 --- Channel #vimperator was synced in 120 seconds
--- Log closed Mon Dec 06 18:57:59 2010
--- Log opened Mon Dec 06 18:58:26 2010
18:58 --- Users 65 nicks [2 ops, 0 halfops, 0 voices, 63 normal]
19:00 --- Channel #vimperator was synced in 125 seconds
19:12 --- clizzin_ is now known as clizzin
--- Log closed Mon Dec 06 19:20:25 2010
--- Log opened Mon Dec 06 19:20:49 2010
19:20 --- Users 65 nicks [2 ops, 0 halfops, 0 voices, 63 normal]
19:22 --- Channel #vimperator was synced in 121 seconds
21:12  hanswurscht: hi. does anyone know how I can change the url of a search engine?
21:14  hanswurscht: I already tried using about:config but that didn't help
21:14  hanswurscht: :o google <search> always uses google.de instead of google.com
21:15 @gkatsev: :dia searchengines
21:30  hanswurscht: gkatsev: thanks. I just installed the google US search engine
21:30 @gkatsev: :)
--- Log closed Mon Dec 06 22:24:29 2010
--- Log opened Mon Dec 06 22:39:57 2010
22:39 --- Users 62 nicks [2 ops, 0 halfops, 0 voices, 60 normal]
22:41 --- Channel #vimperator was synced in 119 seconds
--- Log closed Mon Dec 06 23:04:59 2010
--- Log opened Mon Dec 06 23:10:23 2010
23:10 --- Users 62 nicks [2 ops, 0 halfops, 0 voices, 60 normal]
23:12 --- Channel #vimperator was synced in 122 seconds
--- Log closed Tue Dec 07 00:00:08 2010
