--- Log opened Thu Nov 04 08:21:35 2010
08:21 --- im.bitlbee.org sets modes [&bitlbee +Ct]
08:21 --- Users 2 nicks [2 ops, 0 halfops, 0 voices, 0 normal]
08:21 @root: Welcome to the BitlBee gateway!
08:21 @root:  
08:21 @root: If you've never used BitlBee before, please do read the help information using the help command. Lots of FAQs are answered there.
08:21 @root: If you already have an account on this server, just use the identify command to identify yourself.
08:21 --- root sets modes [&bitlbee -C]
08:21 @root: Password accepted, settings and accounts loaded
08:21 @root: Trying to get all accounts connected...
08:21 @root: oscar - Logging in: Signon: 11070386
08:21 @root: oscar - Logging in: Connection established, cookie sent
08:21 @root: oscar - Logging in: Logged in
08:21 --- im.bitlbee.org sets modes [&bitlbee +v anekos]
08:21 --- root sets modes [&bitlbee +C]
08:21 --- Channel &bitlbee was synced in 6 seconds
08:25 @iaj: blist
08:25 @root: Nick              Handle/Account                            Status
08:25 @root: anekos            67079640 oscar(11070386)                  Online
08:25 @root: Pestberzerker     143548916 oscar(11070386)                 Occupied
08:25 @root: Shine             304308667 oscar(11070386)                 Invisible
08:25 @root: 68 buddies (1 available, 2 away, 65 offline)
08:42 --- im.bitlbee.org sets modes [&bitlbee +v Panulli]
09:21 @iaj: blist
09:21 @root: Nick              Handle/Account                            Status
09:21 @root: anekos            67079640 oscar(11070386)                  Online
09:21 @root: Pestberzerker     143548916 oscar(11070386)                 Occupied
09:21 @root: Shine             304308667 oscar(11070386)                 Invisible
09:21 @root: 68 buddies (1 available, 2 away, 65 offline)
10:36 --- im.bitlbee.org sets modes [&bitlbee +v Panulli]
11:03 --- im.bitlbee.org sets modes [&bitlbee +v Justine]
11:08 @iaj: blist
11:08 @root: Nick              Handle/Account                            Status
11:08 @root: anekos            67079640 oscar(11070386)                  Online
11:08 @root: Justine           240240269 oscar(11070386)                 Online
11:08 @root: 68 buddies (2 available, 0 away, 66 offline)
11:37 --- im.bitlbee.org sets modes [&bitlbee +v Christian]
11:45 --- im.bitlbee.org sets modes [&bitlbee -v Justine]
11:47 --- im.bitlbee.org sets modes [&bitlbee -v Christian]
11:58 --- im.bitlbee.org sets modes [&bitlbee +v Christian]
11:59 --- im.bitlbee.org sets modes [&bitlbee +v Justine]
12:02 --- im.bitlbee.org sets modes [&bitlbee +v metbo]
12:25 --- im.bitlbee.org sets modes [&bitlbee -v Christian]
12:28 --- im.bitlbee.org sets modes [&bitlbee +v Christian]
12:31 @iaj: blist
12:31 @root: Nick              Handle/Account                            Status
12:31 @root: anekos            67079640 oscar(11070386)                  Online
12:31 @root: Christian         78539171 oscar(11070386)                  Online
12:31 @root: Justine           240240269 oscar(11070386)                 Online
12:31 @root: Melissa           300115593 oscar(11070386)                 Away
12:31 @root: 68 buddies (3 available, 1 away, 64 offline)
12:36 --- im.bitlbee.org sets modes [&bitlbee -v Christian]
12:53 --- im.bitlbee.org sets modes [&bitlbee +v Hilfigergirl]
12:55 --- im.bitlbee.org sets modes [&bitlbee +v metbo]
12:57 --- im.bitlbee.org sets modes [&bitlbee +v Hilfigergirl]
13:27 --- im.bitlbee.org sets modes [&bitlbee +v Hilfigergirl]
13:38 --- im.bitlbee.org sets modes [&bitlbee -v Hilfigergirl]
13:41 --- im.bitlbee.org sets modes [&bitlbee +v Hilfigergirl]
14:19 --- im.bitlbee.org sets modes [&bitlbee +v Hilfigergirl]
14:26 --- im.bitlbee.org sets modes [&bitlbee +v Lucy]
14:38 --- im.bitlbee.org sets modes [&bitlbee -v Hilfigergirl]
14:44 --- im.bitlbee.org sets modes [&bitlbee +v David]
14:49 --- im.bitlbee.org sets modes [&bitlbee +v Hilfigergirl]
14:59 --- im.bitlbee.org sets modes [&bitlbee -v Hilfigergirl]
14:59 --- im.bitlbee.org sets modes [&bitlbee +v Hilfigergirl]
15:19 --- im.bitlbee.org sets modes [&bitlbee +v Hilfigergirl]
15:43 --- im.bitlbee.org sets modes [&bitlbee -v Hilfigergirl]
15:44 --- im.bitlbee.org sets modes [&bitlbee +v Hilfigergirl]
15:47 --- im.bitlbee.org sets modes [&bitlbee +v Wolle]
15:49 --- im.bitlbee.org sets modes [&bitlbee +v Hilfigergirl]
16:16 --- im.bitlbee.org sets modes [&bitlbee +v Wolle]
16:19 --- im.bitlbee.org sets modes [&bitlbee +v Hilfigergirl]
16:40 --- im.bitlbee.org sets modes [&bitlbee -v Hilfigergirl]
16:47 --- im.bitlbee.org sets modes [&bitlbee +v Hilfigergirl]
16:49 --- im.bitlbee.org sets modes [&bitlbee +v Hilfigergirl]
16:57 --- im.bitlbee.org sets modes [&bitlbee -v Hilfigergirl]
17:07 --- im.bitlbee.org sets modes [&bitlbee +v Hilfigergirl]
17:17 --- im.bitlbee.org sets modes [&bitlbee -v Hilfigergirl]
17:23 --- im.bitlbee.org sets modes [&bitlbee +v Hilfigergirl]
17:32 --- im.bitlbee.org sets modes [&bitlbee +v Justine]
17:36 --- im.bitlbee.org sets modes [&bitlbee -v Hilfigergirl]
--- Log closed Fri Nov 05 12:52:00 2010
