--- Log opened Thu Dec 23 00:00:55 2010
00:01 --- im.bitlbee.org sets modes [&bitlbee +v ElFenominoDaPlaya]
00:01 --- im.bitlbee.org sets modes [&bitlbee -v ElFenominoDaPlaya]
00:29 --- im.bitlbee.org sets modes [&bitlbee +v ElFenominoDaPlaya]
00:29 --- im.bitlbee.org sets modes [&bitlbee -v ElFenominoDaPlaya]
00:33 --- im.bitlbee.org sets modes [&bitlbee +v ElFenominoDaPlaya]
00:33 --- im.bitlbee.org sets modes [&bitlbee -v ElFenominoDaPlaya]
00:33 --- im.bitlbee.org sets modes [&bitlbee +v ElFenominoDaPlaya]
00:36 --- im.bitlbee.org sets modes [&bitlbee -v ElFenominoDaPlaya]
00:37 --- im.bitlbee.org sets modes [&bitlbee +v ElFenominoDaPlaya]
00:52 --- im.bitlbee.org sets modes [&bitlbee -v ElFenominoDaPlaya]
00:55 --- im.bitlbee.org sets modes [&bitlbee +v ElFenominoDaPlaya]
00:55 --- im.bitlbee.org sets modes [&bitlbee -v ElFenominoDaPlaya]
00:56 --- im.bitlbee.org sets modes [&bitlbee +v ElFenominoDaPlaya]
00:57 --- im.bitlbee.org sets modes [&bitlbee -v ElFenominoDaPlaya]
00:59 --- im.bitlbee.org sets modes [&bitlbee +v ElFenominoDaPlaya]
01:22 --- im.bitlbee.org sets modes [&bitlbee -v ElFenominoDaPlaya]
01:25 --- im.bitlbee.org sets modes [&bitlbee +v ElFenominoDaPlaya]
01:25 --- im.bitlbee.org sets modes [&bitlbee -v ElFenominoDaPlaya]
01:25 --- im.bitlbee.org sets modes [&bitlbee +v ElFenominoDaPlaya]
--- Log closed Thu Dec 23 01:29:32 2010
--- Log opened Thu Dec 23 01:29:34 2010
01:29 --- im.bitlbee.org sets modes [&bitlbee +Ct]
01:29 --- Users 2 nicks [2 ops, 0 halfops, 0 voices, 0 normal]
01:29 @root: Welcome to the BitlBee gateway!
01:29 @root:  
01:29 @root: If you've never used BitlBee before, please do read the help information using the help command. Lots of FAQs are answered there.
01:29 @root: If you already have an account on this server, just use the identify command to identify yourself.
01:29 --- root sets modes [&bitlbee -C]
01:29 @root: Password accepted, settings and accounts loaded
01:29 @root: Trying to get all accounts connected...
01:29 @root: oscar - Logging in: Signon: 11070386
01:29 @root: oscar - Logging in: Connection established, cookie sent
01:29 @root: oscar - Logging in: Logged in
01:29 --- im.bitlbee.org sets modes [&bitlbee +v anekos]
01:29 --- root sets modes [&bitlbee +C]
01:29 --- Channel &bitlbee was synced in 6 seconds
01:34 --- im.bitlbee.org sets modes [&bitlbee +v ElFenominoDaPlaya]
01:39 --- im.bitlbee.org sets modes [&bitlbee -v ElFenominoDaPlaya]
01:40 --- im.bitlbee.org sets modes [&bitlbee +v ElFenominoDaPlaya]
01:40 --- im.bitlbee.org sets modes [&bitlbee -v ElFenominoDaPlaya]
02:10 --- im.bitlbee.org sets modes [&bitlbee +v ElFenominoDaPlaya]
02:23 --- im.bitlbee.org sets modes [&bitlbee -v ElFenominoDaPlaya]
02:26 --- im.bitlbee.org sets modes [&bitlbee +v ElFenominoDaPlaya]
02:26 --- im.bitlbee.org sets modes [&bitlbee -v ElFenominoDaPlaya]
02:29 --- im.bitlbee.org sets modes [&bitlbee +v ElFenominoDaPlaya]
02:30 --- im.bitlbee.org sets modes [&bitlbee -v ElFenominoDaPlaya]
03:33 @iaj: blist
03:33 @root: Nick              Handle/Account                            Status
03:33 @root: ElFenominoDaPlay  113554238 oscar(11070386)                 Occupied
03:33 @root: 68 buddies (0 available, 1 away, 67 offline)
04:07 --- im.bitlbee.org sets modes [&bitlbee +v ElFenominoDaPlaya]
--- Log closed Thu Dec 23 05:28:57 2010
--- Log opened Thu Dec 23 05:28:58 2010
05:28 --- im.bitlbee.org sets modes [&bitlbee +Ct]
05:28 --- Users 2 nicks [2 ops, 0 halfops, 0 voices, 0 normal]
05:28 @root: Welcome to the BitlBee gateway!
05:28 @root:  
05:28 @root: If you've never used BitlBee before, please do read the help information using the help command. Lots of FAQs are answered there.
05:28 @root: If you already have an account on this server, just use the identify command to identify yourself.
05:28 --- root sets modes [&bitlbee -C]
05:28 @root: Password accepted, settings and accounts loaded
05:28 @root: Trying to get all accounts connected...
05:28 @root: oscar - Logging in: Signon: 11070386
05:29 @root: oscar - Logging in: Connection established, cookie sent
05:29 @root: oscar - Logging in: Logged in
05:29 --- root sets modes [&bitlbee +C]
05:29 --- Channel &bitlbee was synced in 6 seconds
06:16 --- im.bitlbee.org sets modes [&bitlbee +v Hilfigergirl]
08:19 --- im.bitlbee.org sets modes [&bitlbee +v HelloKitty]
08:32 --- im.bitlbee.org sets modes [&bitlbee -v HelloKitty]
08:52 --- im.bitlbee.org sets modes [&bitlbee +v Melissa]
09:13 --- im.bitlbee.org sets modes [&bitlbee +v Sameriter]
09:21 --- im.bitlbee.org sets modes [&bitlbee -v Melissa]
--- Log closed Thu Dec 23 09:30:08 2010
--- Log opened Thu Dec 23 09:30:09 2010
09:30 --- im.bitlbee.org sets modes [&bitlbee +Ct]
09:30 --- Users 2 nicks [2 ops, 0 halfops, 0 voices, 0 normal]
09:30 @root: Welcome to the BitlBee gateway!
09:30 @root:  
09:30 @root: If you've never used BitlBee before, please do read the help information using the help command. Lots of FAQs are answered there.
09:30 @root: If you already have an account on this server, just use the identify command to identify yourself.
09:30 --- root sets modes [&bitlbee -C]
09:30 @root: Password accepted, settings and accounts loaded
09:30 @root: Trying to get all accounts connected...
09:30 @root: oscar - Logging in: Signon: 11070386
09:30 @root: oscar - Logging in: Connection established, cookie sent
09:30 @root: oscar - Logging in: Logged in
09:30 --- im.bitlbee.org sets modes [&bitlbee +v Sameriter]
09:30 --- root sets modes [&bitlbee +C]
09:30 --- Channel &bitlbee was synced in 6 seconds
09:44 --- im.bitlbee.org sets modes [&bitlbee +v Melissa]
10:59 @iaj: blist
10:59 @root: Nick              Handle/Account                            Status
10:59 @root: Sameriter         61536736 oscar(11070386)                  Online
10:59 @root: eSRoe17           470136953 oscar(11070386)                 Invisible
10:59 @root: GruenerTuerke     473226753 oscar(11070386)                 Away
10:59 @root: 68 buddies (1 available, 2 away, 65 offline)
12:22 --- im.bitlbee.org sets modes [&bitlbee +v HelloKitty]
12:24 --- im.bitlbee.org sets modes [&bitlbee +v Sameriter]
12:24 --- im.bitlbee.org sets modes [&bitlbee +v ElFenominoDaPlaya]
--- Log closed Thu Dec 23 12:29:17 2010
--- Log opened Thu Dec 23 12:29:18 2010
12:29 --- im.bitlbee.org sets modes [&bitlbee +Ct]
12:29 --- Users 2 nicks [2 ops, 0 halfops, 0 voices, 0 normal]
12:29 @root: Welcome to the BitlBee gateway!
12:29 @root:  
12:29 @root: If you've never used BitlBee before, please do read the help information using the help command. Lots of FAQs are answered there.
12:29 @root: If you already have an account on this server, just use the identify command to identify yourself.
12:29 --- root sets modes [&bitlbee -C]
12:29 @root: Password accepted, settings and accounts loaded
12:29 @root: Trying to get all accounts connected...
12:29 @root: oscar - Logging in: Signon: 11070386
12:29 @root: oscar - Logging in: Connection established, cookie sent
12:29 @root: oscar - Logging in: Logged in
12:29 --- im.bitlbee.org sets modes [&bitlbee +v Sameriter]
12:29 --- im.bitlbee.org sets modes [&bitlbee +v ElFenominoDaPlaya]
12:29 --- im.bitlbee.org sets modes [&bitlbee +v Melissa]
12:29 --- root sets modes [&bitlbee +C]
12:29 --- Channel &bitlbee was synced in 6 seconds
13:01 --- im.bitlbee.org sets modes [&bitlbee -v Melissa]
13:06 --- im.bitlbee.org sets modes [&bitlbee +v ElFenominoDaPlaya]
13:19 --- im.bitlbee.org sets modes [&bitlbee +v Sameriter]
--- Log closed Thu Dec 23 13:28:26 2010
--- Log opened Thu Dec 23 13:28:27 2010
13:28 --- im.bitlbee.org sets modes [&bitlbee +Ct]
13:28 --- Users 2 nicks [2 ops, 0 halfops, 0 voices, 0 normal]
13:28 @root: Welcome to the BitlBee gateway!
13:28 @root:  
13:28 @root: If you've never used BitlBee before, please do read the help information using the help command. Lots of FAQs are answered there.
13:28 @root: If you already have an account on this server, just use the identify command to identify yourself.
13:28 --- root sets modes [&bitlbee -C]
13:28 @root: Password accepted, settings and accounts loaded
13:28 @root: Trying to get all accounts connected...
13:28 @root: oscar - Logging in: Signon: 11070386
13:28 @root: oscar - Logging in: Connection established, cookie sent
13:28 @root: oscar - Logging in: Logged in
13:28 --- im.bitlbee.org sets modes [&bitlbee +v Sameriter]
13:28 --- im.bitlbee.org sets modes [&bitlbee +v ElFenominoDaPlaya]
13:28 --- root sets modes [&bitlbee +C]
13:28 --- Channel &bitlbee was synced in 6 seconds
15:18 --- im.bitlbee.org sets modes [&bitlbee +v Melissa]
15:33 --- im.bitlbee.org sets modes [&bitlbee -v Melissa]
15:36 --- im.bitlbee.org sets modes [&bitlbee +v Melissa]
16:19 --- im.bitlbee.org sets modes [&bitlbee +v Justine]
16:35 --- im.bitlbee.org sets modes [&bitlbee +v Dan]
16:35 --- im.bitlbee.org sets modes [&bitlbee -v Justine]
16:48 --- im.bitlbee.org sets modes [&bitlbee +v HelloKitty]
16:58 --- im.bitlbee.org sets modes [&bitlbee +v Justine]
17:35 --- im.bitlbee.org sets modes [&bitlbee +v KampfWurst]
17:38 --- im.bitlbee.org sets modes [&bitlbee -v Dan]
17:39 --- im.bitlbee.org sets modes [&bitlbee +v Dan]
17:46 --- im.bitlbee.org sets modes [&bitlbee +v HelloKitty]
17:53 --- im.bitlbee.org sets modes [&bitlbee +v sas]
18:06 --- im.bitlbee.org sets modes [&bitlbee +v ashes]
18:28 --- im.bitlbee.org sets modes [&bitlbee +v Mcke]
18:58 --- im.bitlbee.org sets modes [&bitlbee +v HelloKitty]
19:15 --- im.bitlbee.org sets modes [&bitlbee +v ElFenominoDaPlaya]
19:25 --- im.bitlbee.org sets modes [&bitlbee +v Sameriter]
19:36 --- im.bitlbee.org sets modes [&bitlbee -v ElFenominoDaPlaya]
19:37 --- im.bitlbee.org sets modes [&bitlbee +v metbo]
19:40 --- im.bitlbee.org sets modes [&bitlbee +v ElFenominoDaPlaya]
--- Log closed Thu Dec 23 19:45:53 2010
--- Log opened Thu Dec 23 19:45:54 2010
19:45 --- im.bitlbee.org sets modes [&bitlbee +Ct]
19:45 --- Users 2 nicks [2 ops, 0 halfops, 0 voices, 0 normal]
19:45 @root: Welcome to the BitlBee gateway!
19:45 @root:  
19:45 @root: If you've never used BitlBee before, please do read the help information using the help command. Lots of FAQs are answered there.
19:45 @root: If you already have an account on this server, just use the identify command to identify yourself.
19:45 --- root sets modes [&bitlbee -C]
19:45 @root: Password accepted, settings and accounts loaded
19:45 @root: Trying to get all accounts connected...
19:45 @root: oscar - Logging in: Signon: 11070386
19:45 @root: oscar - Logging in: Connection established, cookie sent
19:45 @root: oscar - Logging in: Logged in
19:45 --- im.bitlbee.org sets modes [&bitlbee +v Sameriter]
19:45 --- im.bitlbee.org sets modes [&bitlbee +v ElFenominoDaPlaya]
19:45 --- im.bitlbee.org sets modes [&bitlbee +v sas]
19:45 --- im.bitlbee.org sets modes [&bitlbee +v KampfWurst]
19:45 --- im.bitlbee.org sets modes [&bitlbee +v metbo]
19:45 --- root sets modes [&bitlbee +C]
19:46 --- Channel &bitlbee was synced in 6 seconds
--- Log closed Thu Dec 23 19:51:08 2010
--- Log opened Thu Dec 23 19:51:11 2010
19:51 --- im.bitlbee.org sets modes [&bitlbee +Ct]
19:51 --- Users 2 nicks [2 ops, 0 halfops, 0 voices, 0 normal]
19:51 @root: Welcome to the BitlBee gateway!
19:51 @root:  
19:51 @root: If you've never used BitlBee before, please do read the help information using the help command. Lots of FAQs are answered there.
19:51 @root: If you already have an account on this server, just use the identify command to identify yourself.
19:51 --- root sets modes [&bitlbee -C]
19:51 @root: Password accepted, settings and accounts loaded
19:51 @root: Trying to get all accounts connected...
19:51 @root: oscar - Logging in: Signon: 11070386
19:51 @root: oscar - Logging in: Connection established, cookie sent
19:51 @root: oscar - Logging in: Logged in
19:51 --- im.bitlbee.org sets modes [&bitlbee +v Sameriter]
19:51 --- im.bitlbee.org sets modes [&bitlbee +v ElFenominoDaPlaya]
19:51 --- im.bitlbee.org sets modes [&bitlbee +v ashes]
19:51 --- im.bitlbee.org sets modes [&bitlbee +v metbo]
19:51 --- im.bitlbee.org sets modes [&bitlbee +v sas]
19:51 --- im.bitlbee.org sets modes [&bitlbee +v KampfWurst]
19:51 --- root sets modes [&bitlbee +C]
19:51 --- Channel &bitlbee was synced in 6 seconds
--- Log closed Thu Dec 23 19:56:25 2010
--- Log opened Thu Dec 23 19:56:29 2010
19:56 --- im.bitlbee.org sets modes [&bitlbee +Ct]
19:56 --- Users 2 nicks [2 ops, 0 halfops, 0 voices, 0 normal]
19:56 @root: Welcome to the BitlBee gateway!
19:56 @root:  
19:56 @root: If you've never used BitlBee before, please do read the help information using the help command. Lots of FAQs are answered there.
19:56 @root: If you already have an account on this server, just use the identify command to identify yourself.
19:56 --- root sets modes [&bitlbee -C]
19:56 @root: Password accepted, settings and accounts loaded
19:56 @root: New request: You're already connected to this server. Would you like to take over this session?
19:56 @root: You can use the yes/no commands to accept/reject this request.
19:56 --- root sets modes [&bitlbee +C]
19:56 --- Channel &bitlbee was synced in 8 seconds
--- Log closed Thu Dec 23 20:00:43 2010
--- Log opened Thu Dec 23 20:01:26 2010
20:01 --- im.bitlbee.org sets modes [&bitlbee +Ct]
20:01 --- Users 2 nicks [2 ops, 0 halfops, 0 voices, 0 normal]
20:01 @root: Welcome to the BitlBee gateway!
20:01 @root:  
20:01 @root: If you've never used BitlBee before, please do read the help information using the help command. Lots of FAQs are answered there.
20:01 @root: If you already have an account on this server, just use the identify command to identify yourself.
20:01 --- root sets modes [&bitlbee -C]
20:01 @root: Password accepted, settings and accounts loaded
20:01 @root: Trying to get all accounts connected...
20:01 @root: oscar - Logging in: Signon: 11070386
20:01 @root: oscar - Logging in: Connection established, cookie sent
20:01 @root: oscar - Logging in: Logged in
20:01 --- im.bitlbee.org sets modes [&bitlbee +v sas]
20:01 --- im.bitlbee.org sets modes [&bitlbee +v ElFenominoDaPlaya]
20:01 --- im.bitlbee.org sets modes [&bitlbee +v ashes]
20:01 --- im.bitlbee.org sets modes [&bitlbee +v Sameriter]
20:01 --- root sets modes [&bitlbee +C]
20:01 --- Channel &bitlbee was synced in 6 seconds
20:02 --- im.bitlbee.org sets modes [&bitlbee -v ElFenominoDaPlaya]
20:02 --- im.bitlbee.org sets modes [&bitlbee +v ElFenominoDaPlaya]
20:11 --- im.bitlbee.org sets modes [&bitlbee +v metbo]
20:19 --- im.bitlbee.org sets modes [&bitlbee -v ElFenominoDaPlaya]
20:20 --- im.bitlbee.org sets modes [&bitlbee +v HelloKitty]
--- Log closed Thu Dec 23 20:30:03 2010
--- Log opened Thu Dec 23 20:30:04 2010
20:30 --- im.bitlbee.org sets modes [&bitlbee +Ct]
20:30 --- Users 2 nicks [2 ops, 0 halfops, 0 voices, 0 normal]
20:30 @root: Welcome to the BitlBee gateway!
20:30 @root:  
20:30 @root: If you've never used BitlBee before, please do read the help information using the help command. Lots of FAQs are answered there.
20:30 @root: If you already have an account on this server, just use the identify command to identify yourself.
20:30 --- root sets modes [&bitlbee -C]
20:30 @root: Password accepted, settings and accounts loaded
20:30 @root: Trying to get all accounts connected...
20:30 @root: oscar - Logging in: Signon: 11070386
20:30 @root: oscar - Logging in: Connection established, cookie sent
20:30 @root: oscar - Logging in: Logged in
20:30 --- im.bitlbee.org sets modes [&bitlbee +v sas]
20:30 --- im.bitlbee.org sets modes [&bitlbee +v ElFenominoDaPlaya]
20:30 --- im.bitlbee.org sets modes [&bitlbee +v Sameriter]
20:30 --- root sets modes [&bitlbee +C]
20:30 --- Channel &bitlbee was synced in 6 seconds
20:34 --- im.bitlbee.org sets modes [&bitlbee +v GruenerTuerke]
20:34 --- im.bitlbee.org sets modes [&bitlbee -v GruenerTuerke]
20:34 --- im.bitlbee.org sets modes [&bitlbee +v GruenerTuerke]
20:34 --- im.bitlbee.org sets modes [&bitlbee -v GruenerTuerke]
20:37 --- im.bitlbee.org sets modes [&bitlbee -v ElFenominoDaPlaya]
20:43 --- im.bitlbee.org sets modes [&bitlbee +v ElFenominoDaPlaya]
20:43 --- im.bitlbee.org sets modes [&bitlbee -v ElFenominoDaPlaya]
20:46 --- im.bitlbee.org sets modes [&bitlbee -v sas]
20:52 --- im.bitlbee.org sets modes [&bitlbee -v Sameriter]
20:56 --- im.bitlbee.org sets modes [&bitlbee +v sas]
21:02 --- im.bitlbee.org sets modes [&bitlbee +v Sameriter]
--- Log closed Thu Dec 23 21:29:12 2010
--- Log opened Thu Dec 23 21:29:13 2010
21:29 --- im.bitlbee.org sets modes [&bitlbee +Ct]
21:29 --- Users 2 nicks [2 ops, 0 halfops, 0 voices, 0 normal]
21:29 @root: Welcome to the BitlBee gateway!
21:29 @root:  
21:29 @root: If you've never used BitlBee before, please do read the help information using the help command. Lots of FAQs are answered there.
21:29 @root: If you already have an account on this server, just use the identify command to identify yourself.
21:29 --- root sets modes [&bitlbee -C]
21:29 @root: Password accepted, settings and accounts loaded
21:29 @root: Trying to get all accounts connected...
21:29 @root: oscar - Logging in: Signon: 11070386
21:29 @root: oscar - Logging in: Connection established, cookie sent
21:29 @root: oscar - Logging in: Logged in
21:29 --- im.bitlbee.org sets modes [&bitlbee +v Sameriter]
21:29 --- im.bitlbee.org sets modes [&bitlbee +v ElFenominoDaPlaya]
21:29 --- root sets modes [&bitlbee +C]
21:29 --- Channel &bitlbee was synced in 6 seconds
21:35 --- im.bitlbee.org sets modes [&bitlbee -v ElFenominoDaPlaya]
21:36 --- im.bitlbee.org sets modes [&bitlbee +v Hilfigergirl]
21:53 @root: oscar - Error: Connection aborted by server: someone else logged in with your account
21:53 @root: oscar - Signing off..
--- Log closed Thu Dec 23 23:16:08 2010
--- Log opened Thu Dec 23 23:16:09 2010
23:16 --- im.bitlbee.org sets modes [&bitlbee +Ct]
23:16 --- Users 2 nicks [2 ops, 0 halfops, 0 voices, 0 normal]
23:16 @root: Welcome to the BitlBee gateway!
23:16 @root:  
23:16 @root: If you've never used BitlBee before, please do read the help information using the help command. Lots of FAQs are answered there.
23:16 @root: If you already have an account on this server, just use the identify command to identify yourself.
23:16 --- root sets modes [&bitlbee -C]
23:16 @root: Password accepted, settings and accounts loaded
23:16 @root: Trying to get all accounts connected...
23:16 @root: oscar - Logging in: Signon: 11070386
23:16 @root: oscar - Logging in: Connection established, cookie sent
23:16 @root: oscar - Logging in: Logged in
23:16 --- im.bitlbee.org sets modes [&bitlbee +v Melissa]
23:16 --- im.bitlbee.org sets modes [&bitlbee +v Sameriter]
23:16 --- root sets modes [&bitlbee +C]
23:16 --- Channel &bitlbee was synced in 6 seconds
--- Log closed Thu Dec 23 23:21:23 2010
--- Log opened Thu Dec 23 23:21:24 2010
23:21 --- im.bitlbee.org sets modes [&bitlbee +Ct]
23:21 --- Users 2 nicks [2 ops, 0 halfops, 0 voices, 0 normal]
23:21 @root: Welcome to the BitlBee gateway!
23:21 @root:  
23:21 @root: If you've never used BitlBee before, please do read the help information using the help command. Lots of FAQs are answered there.
23:21 @root: If you already have an account on this server, just use the identify command to identify yourself.
23:21 --- root sets modes [&bitlbee -C]
23:21 @root: Password accepted, settings and accounts loaded
23:21 @root: Trying to get all accounts connected...
23:21 @root: oscar - Logging in: Signon: 11070386
23:21 @root: oscar - Logging in: Connection established, cookie sent
23:21 @root: oscar - Logging in: Logged in
23:21 --- im.bitlbee.org sets modes [&bitlbee +v Melissa]
23:21 --- im.bitlbee.org sets modes [&bitlbee +v Sameriter]
23:21 --- root sets modes [&bitlbee +C]
23:21 --- Channel &bitlbee was synced in 6 seconds
23:22 --- im.bitlbee.org sets modes [&bitlbee +v ElFenominoDaPlaya]
--- Log closed Thu Dec 23 23:26:38 2010
--- Log opened Thu Dec 23 23:26:39 2010
23:26 --- im.bitlbee.org sets modes [&bitlbee +Ct]
23:26 --- Users 2 nicks [2 ops, 0 halfops, 0 voices, 0 normal]
23:26 @root: Welcome to the BitlBee gateway!
23:26 @root:  
23:26 @root: If you've never used BitlBee before, please do read the help information using the help command. Lots of FAQs are answered there.
23:26 @root: If you already have an account on this server, just use the identify command to identify yourself.
23:26 --- root sets modes [&bitlbee -C]
23:26 @root: Password accepted, settings and accounts loaded
23:26 @root: Trying to get all accounts connected...
23:26 @root: oscar - Logging in: Signon: 11070386
23:26 @root: oscar - Logging in: Connection established, cookie sent
23:26 @root: oscar - Logging in: Logged in
23:26 --- im.bitlbee.org sets modes [&bitlbee +v Sameriter]
23:26 --- im.bitlbee.org sets modes [&bitlbee +v Melissa]
23:26 --- im.bitlbee.org sets modes [&bitlbee +v ElFenominoDaPlaya]
23:26 --- root sets modes [&bitlbee +C]
23:26 --- Channel &bitlbee was synced in 6 seconds
--- Log closed Thu Dec 23 23:31:53 2010
--- Log opened Thu Dec 23 23:31:54 2010
23:31 --- im.bitlbee.org sets modes [&bitlbee +Ct]
23:31 --- Users 2 nicks [2 ops, 0 halfops, 0 voices, 0 normal]
23:31 @root: Welcome to the BitlBee gateway!
23:31 @root:  
23:31 @root: If you've never used BitlBee before, please do read the help information using the help command. Lots of FAQs are answered there.
23:31 @root: If you already have an account on this server, just use the identify command to identify yourself.
23:31 --- root sets modes [&bitlbee -C]
23:31 @root: Password accepted, settings and accounts loaded
23:31 @root: Trying to get all accounts connected...
23:31 @root: oscar - Logging in: Signon: 11070386
23:31 @root: oscar - Logging in: Connection established, cookie sent
23:31 @root: oscar - Logging in: Logged in
23:31 --- im.bitlbee.org sets modes [&bitlbee +v Sameriter]
23:31 --- im.bitlbee.org sets modes [&bitlbee +v ElFenominoDaPlaya]
23:31 --- im.bitlbee.org sets modes [&bitlbee +v Melissa]
23:31 --- root sets modes [&bitlbee +C]
23:32 --- Channel &bitlbee was synced in 6 seconds
23:33 --- im.bitlbee.org sets modes [&bitlbee -v Sameriter]
23:36 --- im.bitlbee.org sets modes [&bitlbee -v Melissa]
23:40 --- im.bitlbee.org sets modes [&bitlbee +v Melissa]
23:41 --- im.bitlbee.org sets modes [&bitlbee -v ElFenominoDaPlaya]
23:56 @iaj: blist
23:56 @root: Nick              Handle/Account                            Status
23:56 @root: BoehsesSchaf      440624613 oscar(11070386)                 Away
23:56 @root: Dan               46336441 oscar(11070386)                  Invisible
23:56 @root: ElFenominoDaPlay  113554238 oscar(11070386)                 Away
23:56 @root: Pestberzerker     143548916 oscar(11070386)                 Occupied
23:56 @root: Sameriter         61536736 oscar(11070386)                  Away
23:56 @root: 68 buddies (0 available, 5 away, 63 offline)
--- Log closed Fri Dec 24 00:00:33 2010
