--- Log opened Wed Nov 03 09:20:57 2010
--- Log closed Wed Nov 03 09:25:58 2010
--- Log opened Wed Nov 03 11:04:02 2010
11:04 --- im.bitlbee.org sets modes [&bitlbee +Ct]
11:04 --- Users 2 nicks [2 ops, 0 halfops, 0 voices, 0 normal]
11:04 @root: Welcome to the BitlBee gateway!
11:04 @root:  
11:04 @root: If you've never used BitlBee before, please do read the help information using the help command. Lots of FAQs are answered there.
11:04 @root: If you already have an account on this server, just use the identify command to identify yourself.
11:04 --- root sets modes [&bitlbee -C]
11:04 @root: Password accepted, settings and accounts loaded
11:04 @root: Trying to get all accounts connected...
11:04 @root: oscar - Logging in: Signon: 11070386
11:04 @root: oscar - Logging in: Connection established, cookie sent
11:04 @root: oscar - Logging in: Logged in
11:04 --- im.bitlbee.org sets modes [&bitlbee +v anekos]
11:04 --- root sets modes [&bitlbee +C]
11:04 --- Channel &bitlbee was synced in 6 seconds
11:24 @iaj: blist
11:24 @root: Nick              Handle/Account                            Status
11:24 @root: anekos            67079640 oscar(11070386)                  Online
11:24 @root: eSRoe17           470136953 oscar(11070386)                 Invisible
11:24 @root: Marco             341468203 oscar(11070386)                 Away
11:24 @root: Melissa           300115593 oscar(11070386)                 Away
11:24 @root: 68 buddies (1 available, 3 away, 64 offline)
11:52 @iaj: blist
11:52 @root: Nick              Handle/Account                            Status
11:52 @root: anekos            67079640 oscar(11070386)                  Online
11:52 @root: eSRoe17           470136953 oscar(11070386)                 Invisible
11:52 @root: Marco             341468203 oscar(11070386)                 Away
11:52 @root: Melissa           300115593 oscar(11070386)                 Away
11:52 @root: 68 buddies (1 available, 3 away, 64 offline)
12:22 @iaj: blist
12:22 @root: Nick              Handle/Account                            Status
12:22 @root: anekos            67079640 oscar(11070386)                  Online
12:22 @root: eSRoe17           470136953 oscar(11070386)                 Invisible
12:22 @root: Marco             341468203 oscar(11070386)                 Away
12:22 @root: Melissa           300115593 oscar(11070386)                 Away
12:22 @root: Pestberzerker     143548916 oscar(11070386)                 Occupied
12:22 @root: 68 buddies (1 available, 4 away, 63 offline)
12:35 --- im.bitlbee.org sets modes [&bitlbee +v David]
12:57 @iaj: blist
12:57 @root: Nick              Handle/Account                            Status
12:57 @root: anekos            67079640 oscar(11070386)                  Online
12:57 @root: David             211853395 oscar(11070386)                 Online
12:57 @root: eSRoe17           470136953 oscar(11070386)                 Invisible
12:57 @root: Marco             341468203 oscar(11070386)                 Away
12:57 @root: Melissa           300115593 oscar(11070386)                 Away
12:57 @root: Pestberzerker     143548916 oscar(11070386)                 Occupied
12:57 @root: 68 buddies (2 available, 4 away, 62 offline)
13:31 @iaj: blist
13:31 @root: Nick              Handle/Account                            Status
13:31 @root: anekos            67079640 oscar(11070386)                  Online
13:31 @root: David             211853395 oscar(11070386)                 Online
13:31 @root: eSRoe17           470136953 oscar(11070386)                 Invisible
13:31 @root: Melissa           300115593 oscar(11070386)                 Away
13:31 @root: Pestberzerker     143548916 oscar(11070386)                 Occupied
13:31 @root: 68 buddies (2 available, 3 away, 63 offline)
13:39 @iaj: blist
13:39 @root: Nick              Handle/Account                            Status
13:39 @root: anekos            67079640 oscar(11070386)                  Online
13:39 @root: David             211853395 oscar(11070386)                 Online
13:39 @root: eSRoe17           470136953 oscar(11070386)                 Invisible
13:39 @root: Melissa           300115593 oscar(11070386)                 Away
13:39 @root: Pestberzerker     143548916 oscar(11070386)                 Occupied
13:39 @root: 68 buddies (2 available, 3 away, 63 offline)
14:03 --- im.bitlbee.org sets modes [&bitlbee +v Justine]
14:16 --- im.bitlbee.org sets modes [&bitlbee +v RaraAvis]
14:57 --- im.bitlbee.org sets modes [&bitlbee +v Wolle]
15:08 @iaj: blist
15:08 @root: Nick              Handle/Account                            Status
15:08 @root: anekos            67079640 oscar(11070386)                  Online
15:08 @root: RaraAvis          161520265 oscar(11070386)                 Online
15:08 @root: Wolle             96039991 oscar(11070386)                  Online
15:08 @root: Chris             113554238 oscar(11070386)                 Invisible
15:08 @root: Dan               46336441 oscar(11070386)                  Invisible
15:08 @root: eSRoe17           470136953 oscar(11070386)                 Invisible
15:08 @root: Melissa           300115593 oscar(11070386)                 Away
15:08 @root: Pestberzerker     143548916 oscar(11070386)                 Occupied
15:08 @root: 68 buddies (3 available, 5 away, 60 offline)
15:47 @iaj: blist
15:47 @root: Nick              Handle/Account                            Status
15:47 @root: anekos            67079640 oscar(11070386)                  Online
15:47 @root: RaraAvis          161520265 oscar(11070386)                 Online
15:47 @root: Wolle             96039991 oscar(11070386)                  Online
15:47 @root: Chris             113554238 oscar(11070386)                 Not Available
15:47 @root: Dan               46336441 oscar(11070386)                  Invisible
15:47 @root: eSRoe17           470136953 oscar(11070386)                 Invisible
15:47 @root: Melissa           300115593 oscar(11070386)                 Away
15:47 @root: Pestberzerker     143548916 oscar(11070386)                 Occupied
15:47 @root: 68 buddies (3 available, 5 away, 60 offline)
16:07 --- im.bitlbee.org sets modes [&bitlbee -v RaraAvis]
16:07 --- im.bitlbee.org sets modes [&bitlbee +v RaraAvis]
16:09 --- im.bitlbee.org sets modes [&bitlbee +v Wolle]
16:37 @iaj: blist
16:37 @root: Nick              Handle/Account                            Status
16:37 @root: anekos            67079640 oscar(11070386)                  Online
16:37 @root: Wolle             96039991 oscar(11070386)                  Online
16:37 @root: Chris             113554238 oscar(11070386)                 Not Available
16:37 @root: Melissa           300115593 oscar(11070386)                 Away
16:37 @root: Pestberzerker     143548916 oscar(11070386)                 Occupied
16:37 @root: 68 buddies (2 available, 3 away, 63 offline)
17:02 @iaj: blist
17:02 @root: Nick              Handle/Account                            Status
17:02 @root: anekos            67079640 oscar(11070386)                  Online
17:02 @root: Wolle             96039991 oscar(11070386)                  Online
17:02 @root: Chris             113554238 oscar(11070386)                 Invisible
17:02 @root: Melissa           300115593 oscar(11070386)                 Away
17:02 @root: Pestberzerker     143548916 oscar(11070386)                 Occupied
17:02 @root: 68 buddies (2 available, 3 away, 63 offline)
17:34 @iaj: blist
17:34 @root: Nick              Handle/Account                            Status
17:34 @root: anekos            67079640 oscar(11070386)                  Online
17:34 @root: Wolle             96039991 oscar(11070386)                  Online
17:34 @root: Chris             113554238 oscar(11070386)                 Invisible
17:34 @root: Melissa           300115593 oscar(11070386)                 Away
17:34 @root: 68 buddies (2 available, 2 away, 64 offline)
17:40 --- im.bitlbee.org sets modes [&bitlbee +v RaraAvis]
17:45 --- im.bitlbee.org sets modes [&bitlbee +v Justine]
17:57 --- im.bitlbee.org sets modes [&bitlbee -v RaraAvis]
17:57 --- im.bitlbee.org sets modes [&bitlbee +v RaraAvis]
18:09 --- im.bitlbee.org sets modes [&bitlbee -v Justine]
--- Log closed Wed Nov 03 21:41:39 2010
