--- Log opened Thu Oct 07 08:32:51 2010
08:32 --- im.bitlbee.org sets modes [&bitlbee +Ct]
08:32 --- Users 2 nicks [2 ops, 0 halfops, 0 voices, 0 normal]
08:32 @root: Welcome to the BitlBee gateway!
08:32 @root:  
08:32 @root: If you've never used BitlBee before, please do read the help information using the help command. Lots of FAQs are answered there.
08:32 @root: If you already have an account on this server, just use the identify command to identify yourself.
08:32 --- root sets modes [&bitlbee -C]
08:32 @root: Password accepted, settings and accounts loaded
08:32 @root: Trying to get all accounts connected...
08:32 @root: oscar - Logging in: Signon: 11070386
08:32 @root: oscar - Logging in: Connection established, cookie sent
08:32 @root: oscar - Logging in: Logged in
08:32 --- im.bitlbee.org sets modes [&bitlbee +v anekos]
08:32 --- root sets modes [&bitlbee +C]
08:32 --- Channel &bitlbee was synced in 3 seconds
08:35 --- im.bitlbee.org sets modes [&bitlbee +v HelloKitty]
08:45 --- im.bitlbee.org sets modes [&bitlbee -v HelloKitty]
08:51 @iaj: blist
08:51 @root: Nick              Handle/Account                            Status
08:51 @root: anekos            67079640 oscar(11070386)                  Online
08:51 @root: ashes             79416155 oscar(11070386)                  Occupied
08:51 @root: HelloKitty        309366943 oscar(11070386)                 Away
08:51 @root: Melissa           300115593 oscar(11070386)                 Invisible
08:51 @root: 67 buddies (1 available, 3 away, 63 offline)
08:59 --- im.bitlbee.org sets modes [&bitlbee +v Wolle]
09:07 --- im.bitlbee.org sets modes [&bitlbee +v HelloKitty]
11:32 --- im.bitlbee.org sets modes [&bitlbee +v Lucy]
12:35 @iaj: blist
12:35 @root: Nick              Handle/Account                            Status
12:35 @root: ashes             79416155 oscar(11070386)                  Occupied
12:35 @root: Melissa           300115593 oscar(11070386)                 Invisible
12:35 @root: 67 buddies (0 available, 2 away, 65 offline)
14:08 --- im.bitlbee.org sets modes [&bitlbee +v anekos]
14:21 --- im.bitlbee.org sets modes [&bitlbee +v Wolle]
14:48 --- im.bitlbee.org sets modes [&bitlbee +v metbo]
15:19 --- im.bitlbee.org sets modes [&bitlbee +v David]
15:22 --- im.bitlbee.org sets modes [&bitlbee +v ashes]
15:23 --- im.bitlbee.org sets modes [&bitlbee +v Bastian]
16:01 --- im.bitlbee.org sets modes [&bitlbee +v Dan]
16:11 --- im.bitlbee.org sets modes [&bitlbee -v Bastian]
16:16 --- im.bitlbee.org sets modes [&bitlbee +v Bastian]
16:22 --- im.bitlbee.org sets modes [&bitlbee +v Hilfigergirl]
16:34 --- im.bitlbee.org sets modes [&bitlbee -v Hilfigergirl]
16:34 --- im.bitlbee.org sets modes [&bitlbee +v Hilfigergirl]
16:37 --- im.bitlbee.org sets modes [&bitlbee +v Lucy]
16:42 --- im.bitlbee.org sets modes [&bitlbee +v ashes]
16:51 --- im.bitlbee.org sets modes [&bitlbee +v Marcel]
16:52 --- im.bitlbee.org sets modes [&bitlbee +v Hilfigergirl]
16:54 --- im.bitlbee.org sets modes [&bitlbee -v Dan]
16:59 --- im.bitlbee.org sets modes [&bitlbee -v Hilfigergirl]
17:02 --- im.bitlbee.org sets modes [&bitlbee +v Hilfigergirl]
17:14 --- im.bitlbee.org sets modes [&bitlbee +v Marcel]
--- Log closed Fri Oct 08 02:19:36 2010
