--- Log opened Thu Oct 21 00:00:08 2010
00:28 --- im.bitlbee.org sets modes [&bitlbee -v RaraAvis]
00:30 --- im.bitlbee.org sets modes [&bitlbee +v RaraAvis]
00:38 --- im.bitlbee.org sets modes [&bitlbee -v RaraAvis]
00:38 --- im.bitlbee.org sets modes [&bitlbee +v RaraAvis]
00:45 --- im.bitlbee.org sets modes [&bitlbee -v RaraAvis]
00:47 --- im.bitlbee.org sets modes [&bitlbee +v RaraAvis]
--- Log closed Thu Oct 21 01:24:50 2010
--- Log opened Thu Oct 21 01:24:51 2010
01:24 --- im.bitlbee.org sets modes [&bitlbee +Ct]
01:24 --- Users 2 nicks [2 ops, 0 halfops, 0 voices, 0 normal]
01:24 @root: Welcome to the BitlBee gateway!
01:24 @root:  
01:24 @root: If you've never used BitlBee before, please do read the help information using the help command. Lots of FAQs are answered there.
01:24 @root: If you already have an account on this server, just use the identify command to identify yourself.
01:24 --- root sets modes [&bitlbee -C]
01:24 @root: Password accepted, settings and accounts loaded
01:24 @root: Trying to get all accounts connected...
01:24 @root: oscar - Logging in: Signon: 11070386
01:24 @root: oscar - Logging in: Connection established, cookie sent
01:24 @root: oscar - Logging in: Logged in
01:24 --- im.bitlbee.org sets modes [&bitlbee +v Lucy]
01:24 --- root sets modes [&bitlbee +C]
01:24 --- Channel &bitlbee was synced in 6 seconds
02:27 --- im.bitlbee.org sets modes [&bitlbee +v Bastian]
02:27 --- im.bitlbee.org sets modes [&bitlbee +v Bastian]
02:29 --- im.bitlbee.org sets modes [&bitlbee +v Bastian]
02:31 --- im.bitlbee.org sets modes [&bitlbee +v Bastian]
02:48 @root: oscar - Error: Disconnected.
02:48 @root: oscar - Signing off..
02:48 @root: oscar - Reconnecting in 5 seconds..
02:48 @root: oscar - Logging in: Signon: 11070386
02:48 @root: oscar - Logging in: Connection established, cookie sent
02:48 @root: oscar - Logging in: Logged in
02:48 --- im.bitlbee.org sets modes [&bitlbee +v Lucy]
02:58 --- im.bitlbee.org sets modes [&bitlbee +v HelloKitty]
03:15 --- im.bitlbee.org sets modes [&bitlbee +v HelloKitty]
03:32 --- im.bitlbee.org sets modes [&bitlbee +v HelloKitty]
03:49 --- im.bitlbee.org sets modes [&bitlbee +v HelloKitty]
04:06 --- im.bitlbee.org sets modes [&bitlbee +v HelloKitty]
04:23 --- im.bitlbee.org sets modes [&bitlbee +v HelloKitty]
04:54 --- im.bitlbee.org sets modes [&bitlbee +v HelloKitty]
05:12 --- im.bitlbee.org sets modes [&bitlbee +v HelloKitty]
--- Log closed Thu Oct 21 05:27:02 2010
--- Log opened Thu Oct 21 05:27:03 2010
05:27 --- im.bitlbee.org sets modes [&bitlbee +Ct]
05:27 --- Users 2 nicks [2 ops, 0 halfops, 0 voices, 0 normal]
05:27 @root: Welcome to the BitlBee gateway!
05:27 @root:  
05:27 @root: If you've never used BitlBee before, please do read the help information using the help command. Lots of FAQs are answered there.
05:27 @root: If you already have an account on this server, just use the identify command to identify yourself.
05:27 --- root sets modes [&bitlbee -C]
05:27 @root: Password accepted, settings and accounts loaded
05:27 @root: Trying to get all accounts connected...
05:27 @root: oscar - Logging in: Signon: 11070386
05:27 @root: oscar - Couldn't log in: Authentication Failed
05:27 @root: oscar - Logging in: Signing off..
05:27 @root: oscar - Logging in: Reconnecting in 5 seconds..
05:27 --- root sets modes [&bitlbee +C]
05:27 @root: oscar - Logging in: Signon: 11070386
05:27 @root: oscar - Couldn't log in: Authentication Failed
05:27 @root: oscar - Logging in: Signing off..
05:27 @root: oscar - Logging in: Reconnecting in 15 seconds..
05:27 --- Channel &bitlbee was synced in 6 seconds
05:27 @root: oscar - Logging in: Signon: 11070386
05:27 @root: oscar - Logging in: Connection established, cookie sent
05:27 @root: oscar - Logging in: Logged in
05:27 --- im.bitlbee.org sets modes [&bitlbee +v HelloKitty]
05:27 --- im.bitlbee.org sets modes [&bitlbee +v Lucy]
05:29 --- im.bitlbee.org sets modes [&bitlbee +v HelloKitty]
05:47 --- im.bitlbee.org sets modes [&bitlbee +v HelloKitty]
--- Log closed Thu Oct 21 05:49:39 2010
--- Log opened Thu Oct 21 05:49:41 2010
05:49 --- im.bitlbee.org sets modes [&bitlbee +Ct]
05:49 --- Users 2 nicks [2 ops, 0 halfops, 0 voices, 0 normal]
05:49 @root: Welcome to the BitlBee gateway!
05:49 @root:  
05:49 @root: If you've never used BitlBee before, please do read the help information using the help command. Lots of FAQs are answered there.
05:49 @root: If you already have an account on this server, just use the identify command to identify yourself.
05:49 --- root sets modes [&bitlbee -C]
05:49 @root: Password accepted, settings and accounts loaded
05:49 @root: New request: You're already connected to this server. Would you like to take over this session?
05:49 @root: You can use the yes/no commands to accept/reject this request.
05:49 --- root sets modes [&bitlbee +C]
05:49 --- Channel &bitlbee was synced in 6 seconds
05:50 @root: Could not take over old session
05:52 @root: Could not take over old session
--- Log closed Thu Oct 21 12:08:42 2010
--- Log opened Thu Oct 21 12:08:43 2010
12:08 --- im.bitlbee.org sets modes [&bitlbee +Ct]
12:08 --- Users 2 nicks [2 ops, 0 halfops, 0 voices, 0 normal]
12:08 @root: Welcome to the BitlBee gateway!
12:08 @root:  
12:08 @root: If you've never used BitlBee before, please do read the help information using the help command. Lots of FAQs are answered there.
12:08 @root: If you already have an account on this server, just use the identify command to identify yourself.
12:08 --- root sets modes [&bitlbee -C]
12:08 @root: Password accepted, settings and accounts loaded
12:08 @root: Trying to get all accounts connected...
12:08 @root: oscar - Logging in: Signon: 11070386
12:08 @root: oscar - Couldn't log in: Authentication Failed
12:08 @root: oscar - Logging in: Signing off..
12:08 @root: oscar - Logging in: Reconnecting in 5 seconds..
12:08 --- root sets modes [&bitlbee +C]
12:08 @root: oscar - Logging in: Signon: 11070386
12:08 --- Channel &bitlbee was synced in 6 seconds
12:08 @root: oscar - Logging in: Connection established, cookie sent
12:08 @root: oscar - Logging in: Logged in
12:08 --- im.bitlbee.org sets modes [&bitlbee +v Lucy]
12:08 --- im.bitlbee.org sets modes [&bitlbee +v mo]
12:08 --- im.bitlbee.org sets modes [&bitlbee +v ashes]
12:12 --- im.bitlbee.org sets modes [&bitlbee -v ashes]
12:36 --- im.bitlbee.org sets modes [&bitlbee +v HelloKitty]
12:48 --- im.bitlbee.org sets modes [&bitlbee +v RaraAvis]
12:56 --- im.bitlbee.org sets modes [&bitlbee +v HelloKitty]
13:08 --- im.bitlbee.org sets modes [&bitlbee -v RaraAvis]
13:12 --- im.bitlbee.org sets modes [&bitlbee +v RaraAvis]
--- Log closed Thu Oct 21 14:28:27 2010
--- Log opened Thu Oct 21 14:28:28 2010
14:28 --- im.bitlbee.org sets modes [&bitlbee +Ct]
14:28 --- Users 2 nicks [2 ops, 0 halfops, 0 voices, 0 normal]
14:28 @root: Welcome to the BitlBee gateway!
14:28 @root:  
14:28 @root: If you've never used BitlBee before, please do read the help information using the help command. Lots of FAQs are answered there.
14:28 @root: If you already have an account on this server, just use the identify command to identify yourself.
14:28 --- root sets modes [&bitlbee -C]
14:28 @root: Password accepted, settings and accounts loaded
14:28 @root: Trying to get all accounts connected...
14:28 @root: oscar - Logging in: Signon: 11070386
14:28 @root: oscar - Logging in: Connection established, cookie sent
14:28 @root: oscar - Logging in: Logged in
14:28 --- im.bitlbee.org sets modes [&bitlbee +v Lucy]
14:28 --- im.bitlbee.org sets modes [&bitlbee +v mo]
14:28 --- im.bitlbee.org sets modes [&bitlbee +v ashes]
14:28 --- root sets modes [&bitlbee +C]
14:28 --- Channel &bitlbee was synced in 6 seconds
15:19 --- im.bitlbee.org sets modes [&bitlbee +v Lucy]
15:44 --- im.bitlbee.org sets modes [&bitlbee +v David]
15:45 @iaj: blist
15:45 @root: Nick              Handle/Account                            Status
15:45 @root: ashes             79416155 oscar(11070386)                  Online
15:45 @root: David             211853395 oscar(11070386)                 Online
15:45 @root: mo                572606527 oscar(11070386)                 Online
15:45 @root: Chris             113554238 oscar(11070386)                 Invisible
15:45 @root: Marco             341468203 oscar(11070386)                 Away
15:45 @root: 67 buddies (3 available, 2 away, 62 offline)
15:50 --- im.bitlbee.org sets modes [&bitlbee +v Justine]
16:04 --- im.bitlbee.org sets modes [&bitlbee -v Justine]
16:07 --- im.bitlbee.org sets modes [&bitlbee +v Justine]
16:20 --- im.bitlbee.org sets modes [&bitlbee -v Justine]
16:21 --- im.bitlbee.org sets modes [&bitlbee +v Bastian]
16:28 --- im.bitlbee.org sets modes [&bitlbee +v Justine]
16:34 --- im.bitlbee.org sets modes [&bitlbee -v Justine]
16:37 --- im.bitlbee.org sets modes [&bitlbee +v Justine]
16:38 --- im.bitlbee.org sets modes [&bitlbee -v Justine]
16:39 --- im.bitlbee.org sets modes [&bitlbee +v Justine]
16:39 --- im.bitlbee.org sets modes [&bitlbee -v Justine]
16:42 --- im.bitlbee.org sets modes [&bitlbee +v Justine]
16:42 --- im.bitlbee.org sets modes [&bitlbee -v Justine]
16:44 --- im.bitlbee.org sets modes [&bitlbee +v Justine]
16:46 --- im.bitlbee.org sets modes [&bitlbee +v David]
16:47 --- im.bitlbee.org sets modes [&bitlbee -v Justine]
16:48 --- im.bitlbee.org sets modes [&bitlbee +v Justine]
17:00 --- im.bitlbee.org sets modes [&bitlbee -v Justine]
17:10 --- im.bitlbee.org sets modes [&bitlbee +v Justine]
17:11 --- im.bitlbee.org sets modes [&bitlbee +v buTcHEr]
--- Log closed Thu Oct 21 17:29:36 2010
--- Log opened Thu Oct 21 17:29:37 2010
17:29 --- im.bitlbee.org sets modes [&bitlbee +Ct]
17:29 --- Users 2 nicks [2 ops, 0 halfops, 0 voices, 0 normal]
17:29 @root: Welcome to the BitlBee gateway!
17:29 @root:  
17:29 @root: If you've never used BitlBee before, please do read the help information using the help command. Lots of FAQs are answered there.
17:29 @root: If you already have an account on this server, just use the identify command to identify yourself.
17:29 --- root sets modes [&bitlbee -C]
17:29 @root: Password accepted, settings and accounts loaded
17:29 @root: Trying to get all accounts connected...
17:29 @root: oscar - Logging in: Signon: 11070386
17:29 @root: oscar - Logging in: Connection established, cookie sent
17:29 @root: oscar - Logging in: Logged in
17:29 --- im.bitlbee.org sets modes [&bitlbee +v Justine]
17:29 --- im.bitlbee.org sets modes [&bitlbee +v Bastian]
17:29 --- im.bitlbee.org sets modes [&bitlbee +v buTcHEr]
17:29 --- im.bitlbee.org sets modes [&bitlbee +v David]
17:29 --- im.bitlbee.org sets modes [&bitlbee +v ashes]
17:29 --- im.bitlbee.org sets modes [&bitlbee +v mo]
17:29 --- root sets modes [&bitlbee +C]
17:29 --- Channel &bitlbee was synced in 6 seconds
--- Log closed Thu Oct 21 17:30:49 2010
--- Log opened Thu Oct 21 17:34:37 2010
17:34 --- im.bitlbee.org sets modes [&bitlbee +Ct]
17:34 --- Users 2 nicks [2 ops, 0 halfops, 0 voices, 0 normal]
17:34 @root: Welcome to the BitlBee gateway!
17:34 @root:  
17:34 @root: If you've never used BitlBee before, please do read the help information using the help command. Lots of FAQs are answered there.
17:34 @root: If you already have an account on this server, just use the identify command to identify yourself.
17:34 --- root sets modes [&bitlbee -C]
17:34 @root: Password accepted, settings and accounts loaded
17:34 @root: New request: You're already connected to this server. Would you like to take over this session?
17:34 @root: You can use the yes/no commands to accept/reject this request.
17:34 --- root sets modes [&bitlbee +C]
17:34 --- Channel &bitlbee was synced in 6 seconds
17:35 @root: Could not take over old session
17:35 @root: Could not take over old session
--- Log closed Thu Oct 21 18:08:17 2010
--- Log opened Thu Oct 21 18:08:19 2010
18:08 --- im.bitlbee.org sets modes [&bitlbee +Ct]
18:08 --- Users 2 nicks [2 ops, 0 halfops, 0 voices, 0 normal]
18:08 @root: Welcome to the BitlBee gateway!
18:08 @root:  
18:08 @root: If you've never used BitlBee before, please do read the help information using the help command. Lots of FAQs are answered there.
18:08 @root: If you already have an account on this server, just use the identify command to identify yourself.
18:08 --- root sets modes [&bitlbee -C]
18:08 @root: Password accepted, settings and accounts loaded
18:08 @root: Trying to get all accounts connected...
18:08 @root: oscar - Logging in: Signon: 11070386
18:08 @root: oscar - Logging in: Connection established, cookie sent
18:08 @root: oscar - Logging in: Logged in
18:08 --- im.bitlbee.org sets modes [&bitlbee +v buTcHEr]
18:08 --- im.bitlbee.org sets modes [&bitlbee +v Marcel]
18:08 --- im.bitlbee.org sets modes [&bitlbee +v metbo]
18:08 --- im.bitlbee.org sets modes [&bitlbee +v mo]
18:08 --- im.bitlbee.org sets modes [&bitlbee +v Bastian]
18:08 --- im.bitlbee.org sets modes [&bitlbee +v Justine]
18:08 --- im.bitlbee.org sets modes [&bitlbee +v ashes]
18:08 --- root sets modes [&bitlbee +C]
18:08 --- Channel &bitlbee was synced in 11 seconds
18:25 --- im.bitlbee.org sets modes [&bitlbee -v Bastian]
18:30 --- im.bitlbee.org sets modes [&bitlbee +v Bastian]
18:31 --- im.bitlbee.org sets modes [&bitlbee +v RaraAvis]
--- Log closed Thu Oct 21 18:41:58 2010
--- Log opened Thu Oct 21 18:41:59 2010
18:41 --- im.bitlbee.org sets modes [&bitlbee +Ct]
18:41 --- Users 2 nicks [2 ops, 0 halfops, 0 voices, 0 normal]
18:41 @root: Welcome to the BitlBee gateway!
18:41 @root:  
18:41 @root: If you've never used BitlBee before, please do read the help information using the help command. Lots of FAQs are answered there.
18:41 @root: If you already have an account on this server, just use the identify command to identify yourself.
18:41 --- root sets modes [&bitlbee -C]
18:41 @root: Password accepted, settings and accounts loaded
18:41 @root: Trying to get all accounts connected...
18:41 @root: oscar - Logging in: Signon: 11070386
18:42 @root: oscar - Logging in: Connection established, cookie sent
18:42 @root: oscar - Logging in: Logged in
18:42 --- im.bitlbee.org sets modes [&bitlbee +v metbo]
18:42 --- im.bitlbee.org sets modes [&bitlbee +v RaraAvis]
18:42 --- im.bitlbee.org sets modes [&bitlbee +v Bastian]
18:42 --- im.bitlbee.org sets modes [&bitlbee +v Marcel]
18:42 --- im.bitlbee.org sets modes [&bitlbee +v buTcHEr]
18:42 --- im.bitlbee.org sets modes [&bitlbee +v ashes]
18:42 --- im.bitlbee.org sets modes [&bitlbee +v mo]
18:42 --- root sets modes [&bitlbee +C]
18:42 --- Channel &bitlbee was synced in 7 seconds
18:53 --- im.bitlbee.org sets modes [&bitlbee -v Bastian]
18:53 --- im.bitlbee.org sets modes [&bitlbee +v Bastian]
18:53 --- im.bitlbee.org sets modes [&bitlbee +v RaraAvis]
18:57 @iaj: blist
18:57 @root: Nick              Handle/Account                            Status
18:57 @root: ashes             79416155 oscar(11070386)                  Online
18:57 @root: Bastian           96586073 oscar(11070386)                  Online
18:57 @root: buTcHEr           264015105 oscar(11070386)                 Online
18:57 @root: Marcel            308027834 oscar(11070386)                 Online
18:57 @root: metbo             246151769 oscar(11070386)                 Online
18:57 @root: mo                572606527 oscar(11070386)                 Online
18:57 @root: RaraAvis          161520265 oscar(11070386)                 Online
18:57 @root: Marco             341468203 oscar(11070386)                 Away
18:57 @root: Melissa           300115593 oscar(11070386)                 Away
18:57 @root: 67 buddies (7 available, 2 away, 58 offline)
--- Log closed Thu Oct 21 19:11:39 2010
--- Log opened Thu Oct 21 19:11:40 2010
19:11 --- im.bitlbee.org sets modes [&bitlbee +Ct]
19:11 --- Users 2 nicks [2 ops, 0 halfops, 0 voices, 0 normal]
19:11 @root: Welcome to the BitlBee gateway!
19:11 @root:  
19:11 @root: If you've never used BitlBee before, please do read the help information using the help command. Lots of FAQs are answered there.
19:11 @root: If you already have an account on this server, just use the identify command to identify yourself.
19:11 --- root sets modes [&bitlbee -C]
19:11 @root: Password accepted, settings and accounts loaded
19:11 @root: Trying to get all accounts connected...
19:11 @root: oscar - Logging in: Signon: 11070386
19:11 @root: oscar - Logging in: Connection established, cookie sent
19:11 @root: oscar - Logging in: Logged in
19:11 --- im.bitlbee.org sets modes [&bitlbee +v Marcel]
19:11 --- im.bitlbee.org sets modes [&bitlbee +v Bastian]
19:11 --- im.bitlbee.org sets modes [&bitlbee +v ashes]
19:11 --- im.bitlbee.org sets modes [&bitlbee +v RaraAvis]
19:11 --- im.bitlbee.org sets modes [&bitlbee +v buTcHEr]
19:11 --- im.bitlbee.org sets modes [&bitlbee +v metbo]
19:11 --- im.bitlbee.org sets modes [&bitlbee +v mo]
19:11 --- root sets modes [&bitlbee +C]
19:11 --- Channel &bitlbee was synced in 6 seconds
19:18 @iaj: blist
19:18 @root: Nick              Handle/Account                            Status
19:18 @root: ashes             79416155 oscar(11070386)                  Online
19:18 @root: Bastian           96586073 oscar(11070386)                  Online
19:18 @root: buTcHEr           264015105 oscar(11070386)                 Online
19:18 @root: Marcel            308027834 oscar(11070386)                 Online
19:18 @root: metbo             246151769 oscar(11070386)                 Online
19:18 @root: mo                572606527 oscar(11070386)                 Online
19:18 @root: RaraAvis          161520265 oscar(11070386)                 Online
19:18 @root: Marco             341468203 oscar(11070386)                 Away
19:18 @root: Melissa           300115593 oscar(11070386)                 Away
19:18 @root: 67 buddies (7 available, 2 away, 58 offline)
19:58 --- im.bitlbee.org sets modes [&bitlbee -v RaraAvis]
19:59 --- im.bitlbee.org sets modes [&bitlbee +v RaraAvis]
20:01 --- im.bitlbee.org sets modes [&bitlbee -v RaraAvis]
20:05 --- im.bitlbee.org sets modes [&bitlbee +v RaraAvis]
20:06 --- im.bitlbee.org sets modes [&bitlbee -v RaraAvis]
20:07 --- im.bitlbee.org sets modes [&bitlbee +v RaraAvis]
20:41 --- im.bitlbee.org sets modes [&bitlbee -v Marcel]
20:45 --- im.bitlbee.org sets modes [&bitlbee +v Marcel]
20:51 @iaj: l
20:51 @root: Unknown command: l. Please use help commands to get a list of available commands.
20:51 @iaj: blist
20:51 @root: Nick              Handle/Account                            Status
20:51 @root: ashes             79416155 oscar(11070386)                  Online
20:51 @root: Bastian           96586073 oscar(11070386)                  Online
20:51 @root: buTcHEr           264015105 oscar(11070386)                 Online
20:51 @root: Marcel            308027834 oscar(11070386)                 Online
20:51 @root: mo                572606527 oscar(11070386)                 Online
20:51 @root: RaraAvis          161520265 oscar(11070386)                 Online
20:51 @root: Marco             341468203 oscar(11070386)                 Away
20:51 @root: SteveO            306089724 oscar(11070386)                 Occupied
20:51 @root: 67 buddies (6 available, 2 away, 59 offline)
20:51 @iaj: blist 
20:51 @root: Nick              Handle/Account                            Status
20:51 @root: ashes             79416155 oscar(11070386)                  Online
20:51 @root: Bastian           96586073 oscar(11070386)                  Online
20:51 @root: buTcHEr           264015105 oscar(11070386)                 Online
20:51 @root: Marcel            308027834 oscar(11070386)                 Online
20:51 @root: mo                572606527 oscar(11070386)                 Online
20:51 @root: RaraAvis          161520265 oscar(11070386)                 Online
20:51 @root: Marco             341468203 oscar(11070386)                 Away
20:51 @root: SteveO            306089724 oscar(11070386)                 Occupied
20:51 @root: 67 buddies (6 available, 2 away, 59 offline)
20:55 --- im.bitlbee.org sets modes [&bitlbee -v Marcel]
20:57 --- im.bitlbee.org sets modes [&bitlbee +v Marcel]
21:23 --- im.bitlbee.org sets modes [&bitlbee +v mo]
21:29 --- im.bitlbee.org sets modes [&bitlbee -v Marcel]
21:32 --- im.bitlbee.org sets modes [&bitlbee -v RaraAvis]
21:32 --- im.bitlbee.org sets modes [&bitlbee +v HelloKitty]
21:33 --- im.bitlbee.org sets modes [&bitlbee +v Shine]
21:33 --- im.bitlbee.org sets modes [&bitlbee -v Shine]
21:39 --- im.bitlbee.org sets modes [&bitlbee +v Lucy]
21:45 --- im.bitlbee.org sets modes [&bitlbee +v RaraAvis]
21:51 --- im.bitlbee.org sets modes [&bitlbee +v Justine]
22:29 --- im.bitlbee.org sets modes [&bitlbee +v Marcel]
22:31 --- im.bitlbee.org sets modes [&bitlbee -v RaraAvis]
22:35 --- im.bitlbee.org sets modes [&bitlbee +v RaraAvis]
22:38 --- im.bitlbee.org sets modes [&bitlbee -v RaraAvis]
22:38 --- im.bitlbee.org sets modes [&bitlbee +v RaraAvis]
22:39 --- im.bitlbee.org sets modes [&bitlbee -v RaraAvis]
22:39 --- im.bitlbee.org sets modes [&bitlbee +v RaraAvis]
22:40 --- im.bitlbee.org sets modes [&bitlbee -v RaraAvis]
22:41 --- im.bitlbee.org sets modes [&bitlbee +v RaraAvis]
22:42 --- im.bitlbee.org sets modes [&bitlbee -v RaraAvis]
22:44 --- im.bitlbee.org sets modes [&bitlbee +v RaraAvis]
22:45 --- im.bitlbee.org sets modes [&bitlbee -v RaraAvis]
23:04 @root: oscar - Error: Disconnected.
23:04 @root: oscar - Signing off..
23:04 @root: oscar - Reconnecting in 5 seconds..
23:04 @root: oscar - Logging in: Signon: 11070386
23:04 @root: oscar - Logging in: Connection established, cookie sent
23:04 @root: oscar - Logging in: Logged in
23:04 --- im.bitlbee.org sets modes [&bitlbee +v Justine]
23:04 --- im.bitlbee.org sets modes [&bitlbee +v Bastian]
23:04 --- im.bitlbee.org sets modes [&bitlbee +v mo]
23:04 --- im.bitlbee.org sets modes [&bitlbee +v RaraAvis]
23:08 --- im.bitlbee.org sets modes [&bitlbee +v GruenerTuerke]
23:09 --- im.bitlbee.org sets modes [&bitlbee -v GruenerTuerke]
23:13 --- im.bitlbee.org sets modes [&bitlbee -v Bastian]
23:13 --- im.bitlbee.org sets modes [&bitlbee +v KampfWurst]
23:13 --- im.bitlbee.org sets modes [&bitlbee +v KampfWurst]
23:14 --- im.bitlbee.org sets modes [&bitlbee +v KampfWurst]
23:19 --- im.bitlbee.org sets modes [&bitlbee +v Bastian]
23:23 --- im.bitlbee.org sets modes [&bitlbee -v RaraAvis]
23:25 --- im.bitlbee.org sets modes [&bitlbee +v RaraAvis]
23:30 --- im.bitlbee.org sets modes [&bitlbee +v Bastian]
23:45 --- im.bitlbee.org sets modes [&bitlbee -v Bastian]
23:46 --- im.bitlbee.org sets modes [&bitlbee +v Bastian]
23:51 --- im.bitlbee.org sets modes [&bitlbee -v Bastian]
23:53 --- im.bitlbee.org sets modes [&bitlbee -v RaraAvis]
23:53 --- im.bitlbee.org sets modes [&bitlbee +v RaraAvis]
--- Log closed Fri Oct 22 00:00:26 2010
