--- Log opened Sat Dec 11 00:51:50 2010
00:51 --- im.bitlbee.org sets modes [&bitlbee +Ct]
00:51 --- Users 2 nicks [2 ops, 0 halfops, 0 voices, 0 normal]
00:51 @root: Welcome to the BitlBee gateway!
00:51 @root:  
00:51 @root: If you've never used BitlBee before, please do read the help information using the help command. Lots of FAQs are answered there.
00:51 @root: If you already have an account on this server, just use the identify command to identify yourself.
00:51 --- root sets modes [&bitlbee -C]
00:51 @root: Password accepted, settings and accounts loaded
00:51 @root: Trying to get all accounts connected...
00:51 @root: oscar - Logging in: Signon: 11070386
00:51 @root: oscar - Logging in: Connection established, cookie sent
00:51 @root: oscar - Logging in: Logged in
00:51 --- im.bitlbee.org sets modes [&bitlbee +v anekos]
00:51 --- root sets modes [&bitlbee +C]
00:51 --- Channel &bitlbee was synced in 3 seconds
00:55 --- im.bitlbee.org sets modes [&bitlbee +v eSRoe17]
00:55 @iaj: blist
00:55 @root: Nick              Handle/Account                            Status
00:55 @root: anekos            67079640 oscar(11070386)                  Online
00:55 @root: eSRoe17           470136953 oscar(11070386)                 Online
00:55 @root: ElFenominoDaPlay  113554238 oscar(11070386)                 Occupied
00:55 @root: Pestberzerker     143548916 oscar(11070386)                 Occupied
00:55 @root: Shine             304308667 oscar(11070386)                 Invisible
00:55 @root: 68 buddies (2 available, 3 away, 63 offline)
01:06 --- im.bitlbee.org sets modes [&bitlbee +v Dan]
01:07 --- im.bitlbee.org sets modes [&bitlbee -v Dan]
01:57 --- im.bitlbee.org sets modes [&bitlbee +v ElFenominoDaPlaya]
02:59 @iaj: blist
02:59 @root: Nick              Handle/Account                            Status
02:59 @root: anekos            67079640 oscar(11070386)                  Online
02:59 @root: Dan               46336441 oscar(11070386)                  Invisible
02:59 @root: Shine             304308667 oscar(11070386)                 Invisible
02:59 @root: 68 buddies (1 available, 2 away, 65 offline)
--- Log closed Sat Dec 11 03:25:49 2010
--- Log opened Sat Dec 11 03:25:50 2010
03:25 --- im.bitlbee.org sets modes [&bitlbee +Ct]
03:25 --- Users 2 nicks [2 ops, 0 halfops, 0 voices, 0 normal]
03:25 @root: Welcome to the BitlBee gateway!
03:25 @root:  
03:25 @root: If you've never used BitlBee before, please do read the help information using the help command. Lots of FAQs are answered there.
03:25 @root: If you already have an account on this server, just use the identify command to identify yourself.
03:25 --- root sets modes [&bitlbee -C]
03:25 @root: Password accepted, settings and accounts loaded
03:25 @root: New request: You're already connected to this server. Would you like to take over this session?
03:25 @root: You can use the yes/no commands to accept/reject this request.
03:25 --- root sets modes [&bitlbee +C]
03:25 --- Channel &bitlbee was synced in 6 seconds
03:28 @iaj: account on
--- Log closed Sat Dec 11 03:28:28 2010
--- Log opened Sat Dec 11 03:28:41 2010
03:28 --- im.bitlbee.org sets modes [&bitlbee +Ct]
03:28 --- Users 2 nicks [2 ops, 0 halfops, 0 voices, 0 normal]
03:28 @root: Welcome to the BitlBee gateway!
03:28 @root:  
03:28 @root: If you've never used BitlBee before, please do read the help information using the help command. Lots of FAQs are answered there.
03:28 @root: If you already have an account on this server, just use the identify command to identify yourself.
03:28 --- root sets modes [&bitlbee -C]
03:28 @root: Password accepted, settings and accounts loaded
03:28 @root: Trying to get all accounts connected...
03:28 @root: oscar - Logging in: Signon: 11070386
03:28 @root: oscar - Logging in: Connection established, cookie sent
03:28 @root: oscar - Logging in: Logged in
03:28 --- im.bitlbee.org sets modes [&bitlbee +v anekos]
03:28 --- root sets modes [&bitlbee +C]
03:28 --- Channel &bitlbee was synced in 3 seconds
03:29 @iaj: blist
03:29 @root: Nick              Handle/Account                            Status
03:29 @root: anekos            67079640 oscar(11070386)                  Online
03:29 @root: Shine             304308667 oscar(11070386)                 Occupied
03:29 @root: 68 buddies (1 available, 1 away, 66 offline)
08:48 --- im.bitlbee.org sets modes [&bitlbee +v Wolle]
09:03 --- im.bitlbee.org sets modes [&bitlbee +v engel82]
09:12 --- im.bitlbee.org sets modes [&bitlbee -v engel82]
09:21 --- im.bitlbee.org sets modes [&bitlbee +v engel82]
10:01 --- im.bitlbee.org sets modes [&bitlbee +v Hilfigergirl]
10:05 --- im.bitlbee.org sets modes [&bitlbee +v RaraAvis]
10:26 --- im.bitlbee.org sets modes [&bitlbee -v Hilfigergirl]
10:29 --- im.bitlbee.org sets modes [&bitlbee +v engel82]
10:31 --- im.bitlbee.org sets modes [&bitlbee +v Hilfigergirl]
10:47 --- im.bitlbee.org sets modes [&bitlbee +v engel82]
10:54 --- im.bitlbee.org sets modes [&bitlbee -v Hilfigergirl]
11:01 --- im.bitlbee.org sets modes [&bitlbee +v Hilfigergirl]
11:39 --- im.bitlbee.org sets modes [&bitlbee +v RaraAvis]
11:49 --- im.bitlbee.org sets modes [&bitlbee -v RaraAvis]
11:55 --- im.bitlbee.org sets modes [&bitlbee +v RaraAvis]
12:31 --- im.bitlbee.org sets modes [&bitlbee -v RaraAvis]
12:33 --- im.bitlbee.org sets modes [&bitlbee +v RaraAvis]
12:44 --- im.bitlbee.org sets modes [&bitlbee +v RaraAvis]
13:13 --- im.bitlbee.org sets modes [&bitlbee +v eSRoe17]
13:14 --- im.bitlbee.org sets modes [&bitlbee -v eSRoe17]
13:28 --- im.bitlbee.org sets modes [&bitlbee -v RaraAvis]
13:29 --- im.bitlbee.org sets modes [&bitlbee +v eSRoe17]
13:31 --- im.bitlbee.org sets modes [&bitlbee +v RaraAvis]
13:40 --- im.bitlbee.org sets modes [&bitlbee -v eSRoe17]
13:42 --- im.bitlbee.org sets modes [&bitlbee +v eSRoe17]
13:49 --- im.bitlbee.org sets modes [&bitlbee -v RaraAvis]
13:52 --- im.bitlbee.org sets modes [&bitlbee -v eSRoe17]
13:56 --- im.bitlbee.org sets modes [&bitlbee +v dirtydevil]
13:58 --- im.bitlbee.org sets modes [&bitlbee +v eSRoe17]
13:58 --- im.bitlbee.org sets modes [&bitlbee +v metbo]
14:01 --- im.bitlbee.org sets modes [&bitlbee +v djktbauer]
14:03 --- im.bitlbee.org sets modes [&bitlbee +v djktbauer]
14:04 --- im.bitlbee.org sets modes [&bitlbee +v RaraAvis]
14:12 --- im.bitlbee.org sets modes [&bitlbee +v djktbauer]
14:12 --- im.bitlbee.org sets modes [&bitlbee -v eSRoe17]
14:12 --- im.bitlbee.org sets modes [&bitlbee +v RaraAvis]
14:15 --- im.bitlbee.org sets modes [&bitlbee -v RaraAvis]
14:18 --- im.bitlbee.org sets modes [&bitlbee +v djktbauer]
14:19 --- im.bitlbee.org sets modes [&bitlbee +v djktbauer]
14:22 --- im.bitlbee.org sets modes [&bitlbee +v eSRoe17]
14:23 --- im.bitlbee.org sets modes [&bitlbee +v RaraAvis]
14:45 --- im.bitlbee.org sets modes [&bitlbee -v djktbauer]
14:50 --- im.bitlbee.org sets modes [&bitlbee -v RaraAvis]
15:06 --- im.bitlbee.org sets modes [&bitlbee +v RaraAvis]
15:12 --- im.bitlbee.org sets modes [&bitlbee +v RaraAvis]
15:16 @iaj: ls
15:16 @root: Unknown command: ls. Please use help commands to get a list of available commands.
15:16 @iaj: blist
15:16 @root: Nick              Handle/Account                            Status
15:16 @root: metbo             246151769 oscar(11070386)                 Online
15:16 @root: RaraAvis          161520265 oscar(11070386)                 Online
15:16 @root: djktbauer         267475365 oscar(11070386)                 Away
15:16 @root: 68 buddies (2 available, 1 away, 65 offline)
15:17 --- im.bitlbee.org sets modes [&bitlbee +v Dan]
15:17 --- im.bitlbee.org sets modes [&bitlbee -v Dan]
15:34 --- im.bitlbee.org sets modes [&bitlbee +v RaraAvis]
15:36 --- im.bitlbee.org sets modes [&bitlbee +v RaraAvis]
15:42 --- im.bitlbee.org sets modes [&bitlbee -v RaraAvis]
15:44 --- im.bitlbee.org sets modes [&bitlbee +v RaraAvis]
15:46 --- im.bitlbee.org sets modes [&bitlbee +v Wolle]
16:01 --- im.bitlbee.org sets modes [&bitlbee -v RaraAvis]
16:01 --- im.bitlbee.org sets modes [&bitlbee +v RaraAvis]
16:32 --- im.bitlbee.org sets modes [&bitlbee +v anekos]
16:32 --- im.bitlbee.org sets modes [&bitlbee -v RaraAvis]
16:35 --- im.bitlbee.org sets modes [&bitlbee +v RaraAvis]
16:48 --- im.bitlbee.org sets modes [&bitlbee -v RaraAvis]
16:48 --- im.bitlbee.org sets modes [&bitlbee +v RaraAvis]
17:07 --- im.bitlbee.org sets modes [&bitlbee +v Ghostkilla]
17:08 --- im.bitlbee.org sets modes [&bitlbee +v ElFenominoDaPlaya]
17:15 --- im.bitlbee.org sets modes [&bitlbee +v KampfWurst]
17:19 --- im.bitlbee.org sets modes [&bitlbee +v KampfWurst]
17:28 --- im.bitlbee.org sets modes [&bitlbee +v djktbauer]
18:01 @iaj: blist
18:01 @root: Nick              Handle/Account                            Status
18:01 @root: anekos            67079640 oscar(11070386)                  Online
18:01 @root: Ghostkilla        66862684 oscar(11070386)                  Online
18:01 @root: KampfWurst        46172364 oscar(11070386)                  Online
18:01 @root: metbo             246151769 oscar(11070386)                 Online
18:01 @root: Dan               46336441 oscar(11070386)                  Invisible
18:01 @root: ElFenominoDaPlay  113554238 oscar(11070386)                 Occupied
18:01 @root: eSRoe17           470136953 oscar(11070386)                 Invisible
18:01 @root: LMA               59639994 oscar(11070386)                  Invisible
18:01 @root: 68 buddies (4 available, 4 away, 60 offline)
18:01 @iaj: blist 
18:01 @root: Nick              Handle/Account                            Status
18:01 @root: anekos            67079640 oscar(11070386)                  Online
18:01 @root: Ghostkilla        66862684 oscar(11070386)                  Online
18:01 @root: KampfWurst        46172364 oscar(11070386)                  Online
18:01 @root: metbo             246151769 oscar(11070386)                 Online
18:01 @root: Dan               46336441 oscar(11070386)                  Invisible
18:01 @root: ElFenominoDaPlay  113554238 oscar(11070386)                 Occupied
18:01 @root: eSRoe17           470136953 oscar(11070386)                 Invisible
18:01 @root: LMA               59639994 oscar(11070386)                  Invisible
18:01 @root: 68 buddies (4 available, 4 away, 60 offline)
18:01 @iaj: bl
18:01 @root: Unknown command: bl. Please use help commands to get a list of available commands.
18:01 @iaj: bli
18:01 @root: Nick              Handle/Account                            Status
18:01 @root: anekos            67079640 oscar(11070386)                  Online
18:01 @root: Ghostkilla        66862684 oscar(11070386)                  Online
18:01 @root: KampfWurst        46172364 oscar(11070386)                  Online
18:01 @root: metbo             246151769 oscar(11070386)                 Online
18:01 @root: Dan               46336441 oscar(11070386)                  Invisible
18:01 @root: ElFenominoDaPlay  113554238 oscar(11070386)                 Occupied
18:01 @root: eSRoe17           470136953 oscar(11070386)                 Invisible
18:01 @root: LMA               59639994 oscar(11070386)                  Invisible
18:01 @root: 68 buddies (4 available, 4 away, 60 offline)
19:27 --- im.bitlbee.org sets modes [&bitlbee +v metbo]
20:32 @iaj: blist
20:32 @root: Nick              Handle/Account                            Status
20:32 @root: anekos            67079640 oscar(11070386)                  Online
20:32 @root: Ghostkilla        66862684 oscar(11070386)                  Online
20:32 @root: Dan               46336441 oscar(11070386)                  Invisible
20:32 @root: ElFenominoDaPlay  113554238 oscar(11070386)                 Occupied
20:32 @root: 68 buddies (2 available, 2 away, 64 offline)
21:16 --- im.bitlbee.org sets modes [&bitlbee +v Marco]
22:45 --- im.bitlbee.org sets modes [&bitlbee +v sas]
--- Log closed Sun Dec 12 00:00:40 2010
