--- Log opened Sun Dec 12 00:00:40 2010
00:11 --- im.bitlbee.org sets modes [&bitlbee +v RaraAvis]
00:30 --- im.bitlbee.org sets modes [&bitlbee -v RaraAvis]
00:52 --- im.bitlbee.org sets modes [&bitlbee +v RaraAvis]
01:48 --- im.bitlbee.org sets modes [&bitlbee +v Hilfigergirl]
02:18 --- im.bitlbee.org sets modes [&bitlbee +v Hilfigergirl]
05:27 --- im.bitlbee.org sets modes [&bitlbee +v dirtydevil]
07:05 @iaj: blist
07:05 @root: Nick              Handle/Account                            Status
07:05 @root: anekos            67079640 oscar(11070386)                  Online
07:05 @root: 68 buddies (1 available, 0 away, 67 offline)
10:06 --- im.bitlbee.org sets modes [&bitlbee +v engel82]
10:22 --- im.bitlbee.org sets modes [&bitlbee +v ElFenominoDaPlaya]
10:38 --- im.bitlbee.org sets modes [&bitlbee +v KampfWurst]
11:16 --- im.bitlbee.org sets modes [&bitlbee +v Hilfigergirl]
11:22 --- im.bitlbee.org sets modes [&bitlbee +v RaraAvis]
11:46 --- im.bitlbee.org sets modes [&bitlbee +v Hilfigergirl]
11:47 --- im.bitlbee.org sets modes [&bitlbee -v Hilfigergirl]
11:58 --- im.bitlbee.org sets modes [&bitlbee -v RaraAvis]
12:11 --- im.bitlbee.org sets modes [&bitlbee +v RaraAvis]
12:16 --- im.bitlbee.org sets modes [&bitlbee +v Hilfigergirl]
12:17 --- im.bitlbee.org sets modes [&bitlbee +v Wolle]
12:24 --- im.bitlbee.org sets modes [&bitlbee -v RaraAvis]
12:34 --- im.bitlbee.org sets modes [&bitlbee +v RaraAvis]
13:10 --- im.bitlbee.org sets modes [&bitlbee +v HelloKitty]
13:13 --- im.bitlbee.org sets modes [&bitlbee -v HelloKitty]
13:16 --- im.bitlbee.org sets modes [&bitlbee -v RaraAvis]
13:24 --- im.bitlbee.org sets modes [&bitlbee +v RaraAvis]
13:38 --- im.bitlbee.org sets modes [&bitlbee +v Wolle]
13:51 --- im.bitlbee.org sets modes [&bitlbee +v Dan]
13:51 --- im.bitlbee.org sets modes [&bitlbee -v Dan]
14:02 --- im.bitlbee.org sets modes [&bitlbee +v HelloKitty]
14:02 --- im.bitlbee.org sets modes [&bitlbee -v RaraAvis]
14:06 --- im.bitlbee.org sets modes [&bitlbee +v Lucy]
14:10 --- im.bitlbee.org sets modes [&bitlbee +v Justine]
14:17 --- im.bitlbee.org sets modes [&bitlbee +v RaraAvis]
14:20 --- im.bitlbee.org sets modes [&bitlbee +v metbo]
14:35 --- im.bitlbee.org sets modes [&bitlbee -v Justine]
14:45 --- im.bitlbee.org sets modes [&bitlbee +v Justine]
15:38 --- im.bitlbee.org sets modes [&bitlbee -v HelloKitty]
15:39 --- im.bitlbee.org sets modes [&bitlbee +v engel82]
15:44 --- im.bitlbee.org sets modes [&bitlbee +v HelloKitty]
15:53 --- im.bitlbee.org sets modes [&bitlbee -v Justine]
16:03 --- im.bitlbee.org sets modes [&bitlbee +v Justine]
16:05 --- im.bitlbee.org sets modes [&bitlbee -v HelloKitty]
16:08 --- im.bitlbee.org sets modes [&bitlbee -v RaraAvis]
16:17 @iaj: blist
16:17 @root: Nick              Handle/Account                            Status
16:17 @root: anekos            67079640 oscar(11070386)                  Online
16:17 @root: Justine           240240269 oscar(11070386)                 Online
16:17 @root: KampfWurst        46172364 oscar(11070386)                  Online
16:17 @root: metbo             246151769 oscar(11070386)                 Online
16:17 @root: Wolle             96039991 oscar(11070386)                  Online
16:17 @root: Dan               46336441 oscar(11070386)                  Invisible
16:17 @root: ElFenominoDaPlay  113554238 oscar(11070386)                 Occupied
16:17 @root: eSRoe17           470136953 oscar(11070386)                 Occupied
16:17 @root: GruenerTuerke     473226753 oscar(11070386)                 Away
16:17 @root: HelloKitty        309366943 oscar(11070386)                 Away
16:17 @root: Melissa           300115593 oscar(11070386)                 Away
16:17 @root: RaraAvis          161520265 oscar(11070386)                 Away
16:17 @root: 68 buddies (5 available, 7 away, 56 offline)
16:19 --- im.bitlbee.org sets modes [&bitlbee -v Justine]
16:21 --- im.bitlbee.org sets modes [&bitlbee +v RaraAvis]
16:27 --- im.bitlbee.org sets modes [&bitlbee +v HelloKitty]
16:33 --- im.bitlbee.org sets modes [&bitlbee +v Justine]
17:04 --- im.bitlbee.org sets modes [&bitlbee +v RaraAvis]
17:26 --- im.bitlbee.org sets modes [&bitlbee -v RaraAvis]
17:27 --- im.bitlbee.org sets modes [&bitlbee -v Justine]
17:32 --- im.bitlbee.org sets modes [&bitlbee +v RaraAvis]
17:35 --- im.bitlbee.org sets modes [&bitlbee +v Justine]
17:49 --- im.bitlbee.org sets modes [&bitlbee +v HelloKitty]
17:58 --- im.bitlbee.org sets modes [&bitlbee +v dirtydevil]
17:58 --- im.bitlbee.org sets modes [&bitlbee -v dirtydevil]
18:05 --- im.bitlbee.org sets modes [&bitlbee -v HelloKitty]
18:12 --- im.bitlbee.org sets modes [&bitlbee -v RaraAvis]
18:16 --- im.bitlbee.org sets modes [&bitlbee +v Ghostkilla]
18:33 --- im.bitlbee.org sets modes [&bitlbee +v DukeDany]
18:33 --- im.bitlbee.org sets modes [&bitlbee -v DukeDany]
18:47 --- im.bitlbee.org sets modes [&bitlbee +v RaraAvis]
18:59 --- im.bitlbee.org sets modes [&bitlbee -v RaraAvis]
19:02 --- im.bitlbee.org sets modes [&bitlbee +v djktbauer]
19:08 --- im.bitlbee.org sets modes [&bitlbee +v ElFenominoDaPlaya]
19:09 --- im.bitlbee.org sets modes [&bitlbee +v RaraAvis]
19:10 --- im.bitlbee.org sets modes [&bitlbee -v RaraAvis]
19:13 --- im.bitlbee.org sets modes [&bitlbee +v RaraAvis]
19:14 --- im.bitlbee.org sets modes [&bitlbee -v RaraAvis]
19:18 --- im.bitlbee.org sets modes [&bitlbee +v HelloKitty]
19:24 --- im.bitlbee.org sets modes [&bitlbee +v RaraAvis]
19:24 --- im.bitlbee.org sets modes [&bitlbee +v HelloKitty]
19:25 --- im.bitlbee.org sets modes [&bitlbee -v RaraAvis]
19:30 --- im.bitlbee.org sets modes [&bitlbee +v RaraAvis]
--- Log closed Sun Dec 12 19:36:47 2010
--- Log opened Sun Dec 12 19:36:49 2010
19:36 --- im.bitlbee.org sets modes [&bitlbee +Ct]
19:36 --- Users 2 nicks [2 ops, 0 halfops, 0 voices, 0 normal]
19:36 @root: Welcome to the BitlBee gateway!
19:36 @root:  
19:36 @root: If you've never used BitlBee before, please do read the help information using the help command. Lots of FAQs are answered there.
19:36 @root: If you already have an account on this server, just use the identify command to identify yourself.
19:36 --- root sets modes [&bitlbee -C]
19:36 @root: Password accepted, settings and accounts loaded
19:36 @root: Trying to get all accounts connected...
19:36 @root: oscar - Logging in: Signon: 11070386
19:36 @root: oscar - Logging in: Connection established, cookie sent
19:36 @root: oscar - Logging in: Logged in
19:36 --- im.bitlbee.org sets modes [&bitlbee +v Ghostkilla]
19:36 --- im.bitlbee.org sets modes [&bitlbee +v KampfWurst]
19:36 --- im.bitlbee.org sets modes [&bitlbee +v anekos]
19:36 --- im.bitlbee.org sets modes [&bitlbee +v ElFenominoDaPlaya]
19:36 --- im.bitlbee.org sets modes [&bitlbee +v metbo]
19:36 --- im.bitlbee.org sets modes [&bitlbee +v RaraAvis]
19:36 --- root sets modes [&bitlbee +C]
19:36 --- Channel &bitlbee was synced in 6 seconds
--- Log closed Sun Dec 12 19:42:02 2010
--- Log opened Sun Dec 12 19:42:03 2010
19:42 --- im.bitlbee.org sets modes [&bitlbee +Ct]
19:42 --- Users 2 nicks [2 ops, 0 halfops, 0 voices, 0 normal]
19:42 @root: Welcome to the BitlBee gateway!
19:42 @root:  
19:42 @root: If you've never used BitlBee before, please do read the help information using the help command. Lots of FAQs are answered there.
19:42 @root: If you already have an account on this server, just use the identify command to identify yourself.
19:42 --- root sets modes [&bitlbee -C]
19:42 @root: Password accepted, settings and accounts loaded
19:42 @root: Trying to get all accounts connected...
19:42 @root: oscar - Logging in: Signon: 11070386
19:42 @root: oscar - Logging in: Connection established, cookie sent
19:42 @root: oscar - Logging in: Logged in
19:42 --- im.bitlbee.org sets modes [&bitlbee +v anekos]
19:42 --- im.bitlbee.org sets modes [&bitlbee +v metbo]
19:42 --- im.bitlbee.org sets modes [&bitlbee +v RaraAvis]
19:42 --- im.bitlbee.org sets modes [&bitlbee +v KampfWurst]
19:42 --- im.bitlbee.org sets modes [&bitlbee +v ElFenominoDaPlaya]
19:42 --- im.bitlbee.org sets modes [&bitlbee +v Ghostkilla]
19:42 --- root sets modes [&bitlbee +C]
19:42 --- Channel &bitlbee was synced in 6 seconds
--- Log closed Sun Dec 12 19:46:16 2010
--- Log opened Sun Dec 12 19:47:03 2010
19:47 --- im.bitlbee.org sets modes [&bitlbee +Ct]
19:47 --- Users 2 nicks [2 ops, 0 halfops, 0 voices, 0 normal]
19:47 @root: Welcome to the BitlBee gateway!
19:47 @root:  
19:47 @root: If you've never used BitlBee before, please do read the help information using the help command. Lots of FAQs are answered there.
19:47 @root: If you already have an account on this server, just use the identify command to identify yourself.
19:47 --- root sets modes [&bitlbee -C]
19:47 @root: Password accepted, settings and accounts loaded
19:47 @root: Trying to get all accounts connected...
19:47 @root: oscar - Logging in: Signon: 11070386
19:47 @root: oscar - Logging in: Connection established, cookie sent
19:47 @root: oscar - Logging in: Logged in
19:47 --- im.bitlbee.org sets modes [&bitlbee +v Ghostkilla]
19:47 --- im.bitlbee.org sets modes [&bitlbee +v KampfWurst]
19:47 --- im.bitlbee.org sets modes [&bitlbee +v ElFenominoDaPlaya]
19:47 --- im.bitlbee.org sets modes [&bitlbee +v RaraAvis]
19:47 --- im.bitlbee.org sets modes [&bitlbee +v anekos]
19:47 --- im.bitlbee.org sets modes [&bitlbee +v metbo]
19:47 --- root sets modes [&bitlbee +C]
19:47 --- Channel &bitlbee was synced in 6 seconds
--- Log closed Sun Dec 12 19:52:17 2010
--- Log opened Sun Dec 12 19:52:19 2010
19:52 --- im.bitlbee.org sets modes [&bitlbee +Ct]
19:52 --- Users 2 nicks [2 ops, 0 halfops, 0 voices, 0 normal]
19:52 @root: Welcome to the BitlBee gateway!
19:52 @root:  
19:52 @root: If you've never used BitlBee before, please do read the help information using the help command. Lots of FAQs are answered there.
19:52 @root: If you already have an account on this server, just use the identify command to identify yourself.
19:52 --- root sets modes [&bitlbee -C]
19:52 @root: Password accepted, settings and accounts loaded
19:52 @root: Trying to get all accounts connected...
19:52 @root: oscar - Logging in: Signon: 11070386
19:52 @root: oscar - Logging in: Connection established, cookie sent
19:52 @root: oscar - Logging in: Logged in
19:52 --- im.bitlbee.org sets modes [&bitlbee +v Ghostkilla]
19:52 --- im.bitlbee.org sets modes [&bitlbee +v metbo]
19:52 --- im.bitlbee.org sets modes [&bitlbee +v ElFenominoDaPlaya]
19:52 --- im.bitlbee.org sets modes [&bitlbee +v KampfWurst]
19:52 --- im.bitlbee.org sets modes [&bitlbee +v anekos]
19:52 --- root sets modes [&bitlbee +C]
19:52 --- Channel &bitlbee was synced in 7 seconds
19:59 --- im.bitlbee.org sets modes [&bitlbee +v engel82]
20:07 --- im.bitlbee.org sets modes [&bitlbee +v RaraAvis]
20:13 --- im.bitlbee.org sets modes [&bitlbee +v RaraAvis]
20:16 --- im.bitlbee.org sets modes [&bitlbee -v ElFenominoDaPlaya]
--- Log closed Sun Dec 12 20:20:59 2010
--- Log opened Sun Dec 12 20:21:00 2010
20:21 --- im.bitlbee.org sets modes [&bitlbee +Ct]
20:21 --- Users 2 nicks [2 ops, 0 halfops, 0 voices, 0 normal]
20:21 @root: Welcome to the BitlBee gateway!
20:21 @root:  
20:21 @root: If you've never used BitlBee before, please do read the help information using the help command. Lots of FAQs are answered there.
20:21 @root: If you already have an account on this server, just use the identify command to identify yourself.
20:21 --- root sets modes [&bitlbee -C]
20:21 @root: Password accepted, settings and accounts loaded
20:21 @root: Trying to get all accounts connected...
20:21 @root: oscar - Logging in: Signon: 11070386
20:21 @root: oscar - Logging in: Connection established, cookie sent
20:21 @root: oscar - Logging in: Logged in
20:21 --- im.bitlbee.org sets modes [&bitlbee +v KampfWurst]
20:21 --- im.bitlbee.org sets modes [&bitlbee +v Ghostkilla]
20:21 --- im.bitlbee.org sets modes [&bitlbee +v anekos]
20:21 --- im.bitlbee.org sets modes [&bitlbee +v metbo]
20:21 --- im.bitlbee.org sets modes [&bitlbee +v RaraAvis]
20:21 --- root sets modes [&bitlbee +C]
20:21 --- Channel &bitlbee was synced in 6 seconds
20:36 --- im.bitlbee.org sets modes [&bitlbee +v RaraAvis]
20:39 --- im.bitlbee.org sets modes [&bitlbee +v RaraAvis]
20:49 --- im.bitlbee.org sets modes [&bitlbee +v ElFenominoDaPlaya]
20:56 --- im.bitlbee.org sets modes [&bitlbee -v RaraAvis]
20:59 --- im.bitlbee.org sets modes [&bitlbee -v ElFenominoDaPlaya]
21:01 --- im.bitlbee.org sets modes [&bitlbee +v ElFenominoDaPlaya]
21:10 --- im.bitlbee.org sets modes [&bitlbee +v HelloKitty]
21:10 --- im.bitlbee.org sets modes [&bitlbee +v RaraAvis]
21:17 --- im.bitlbee.org sets modes [&bitlbee +v KampfWurst]
--- Log closed Sun Dec 12 21:21:09 2010
--- Log opened Sun Dec 12 21:21:10 2010
21:21 --- im.bitlbee.org sets modes [&bitlbee +Ct]
21:21 --- Users 2 nicks [2 ops, 0 halfops, 0 voices, 0 normal]
21:21 @root: Welcome to the BitlBee gateway!
21:21 @root:  
21:21 @root: If you've never used BitlBee before, please do read the help information using the help command. Lots of FAQs are answered there.
21:21 @root: If you already have an account on this server, just use the identify command to identify yourself.
21:21 --- root sets modes [&bitlbee -C]
21:21 @root: Password accepted, settings and accounts loaded
21:21 @root: Trying to get all accounts connected...
21:21 @root: oscar - Logging in: Signon: 11070386
21:21 @root: oscar - Logging in: Connection established, cookie sent
21:21 @root: oscar - Logging in: Logged in
21:21 --- im.bitlbee.org sets modes [&bitlbee +v HelloKitty]
21:21 --- im.bitlbee.org sets modes [&bitlbee +v Ghostkilla]
21:21 --- im.bitlbee.org sets modes [&bitlbee +v metbo]
21:21 --- im.bitlbee.org sets modes [&bitlbee +v anekos]
21:21 --- im.bitlbee.org sets modes [&bitlbee +v RaraAvis]
21:21 --- root sets modes [&bitlbee +C]
21:21 --- Channel &bitlbee was synced in 6 seconds
21:22 --- im.bitlbee.org sets modes [&bitlbee +v metbo]
21:22 --- im.bitlbee.org sets modes [&bitlbee +v metbo]
21:25 --- im.bitlbee.org sets modes [&bitlbee +v RaraAvis]
21:25 @iaj: blist
21:25 @root: Nick              Handle/Account                            Status
21:25 @root: anekos            67079640 oscar(11070386)                  Online
21:25 @root: Ghostkilla        66862684 oscar(11070386)                  Online
21:25 @root: HelloKitty        309366943 oscar(11070386)                 Online
21:25 @root: metbo             246151769 oscar(11070386)                 Online
21:25 @root: RaraAvis          161520265 oscar(11070386)                 Online
21:25 @root: Dan               46336441 oscar(11070386)                  Invisible
21:25 @root: DukeDany          57486252 oscar(11070386)                  Occupied
21:25 @root: GruenerTuerke     473226753 oscar(11070386)                 Away
21:25 @root: Melissa           300115593 oscar(11070386)                 Away
21:25 @root: Pestberzerker     143548916 oscar(11070386)                 Occupied
21:25 @root: Shine             304308667 oscar(11070386)                 Invisible
21:25 @root: 68 buddies (5 available, 6 away, 57 offline)
21:28 --- im.bitlbee.org sets modes [&bitlbee +v RaraAvis]
21:40 --- im.bitlbee.org sets modes [&bitlbee +v Sameriter]
21:42 --- im.bitlbee.org sets modes [&bitlbee +v RaraAvis]
21:46 --- im.bitlbee.org sets modes [&bitlbee +v Hilfigergirl]
21:46 --- im.bitlbee.org sets modes [&bitlbee +v Justine]
21:47 --- im.bitlbee.org sets modes [&bitlbee +v RaraAvis]
22:04 --- im.bitlbee.org sets modes [&bitlbee +v RaraAvis]
22:14 @iaj: loooo 
22:14 @root: Unknown command: loooo. Please use help commands to get a list of available commands.
22:14 @iaj: blist
22:14 @root: Nick              Handle/Account                            Status
22:14 @root: anekos            67079640 oscar(11070386)                  Online
22:14 @root: Ghostkilla        66862684 oscar(11070386)                  Online
22:14 @root: Hilfigergirl      171834524 oscar(11070386)                 Online
22:14 @root: Justine           240240269 oscar(11070386)                 Online
22:14 @root: metbo             246151769 oscar(11070386)                 Online
22:14 @root: RaraAvis          161520265 oscar(11070386)                 Online
22:14 @root: BoehsesSchaf      440624613 oscar(11070386)                 Away
22:14 @root: Dan               46336441 oscar(11070386)                  Invisible
22:14 @root: DukeDany          57486252 oscar(11070386)                  Occupied
22:14 @root: eSRoe17           470136953 oscar(11070386)                 Invisible
22:14 @root: GruenerTuerke     473226753 oscar(11070386)                 Away
22:14 @root: Melissa           300115593 oscar(11070386)                 Away
22:14 @root: Pestberzerker     143548916 oscar(11070386)                 Occupied
22:14 @root: Shine             304308667 oscar(11070386)                 Invisible
22:14 @root: 68 buddies (6 available, 8 away, 54 offline)
22:16 --- im.bitlbee.org sets modes [&bitlbee +v Hilfigergirl]
22:26 --- im.bitlbee.org sets modes [&bitlbee -v Justine]
22:31 --- im.bitlbee.org sets modes [&bitlbee +v Justine]
22:34 --- im.bitlbee.org sets modes [&bitlbee +v HelloKitty]
22:46 --- im.bitlbee.org sets modes [&bitlbee +v Hilfigergirl]
22:50 --- im.bitlbee.org sets modes [&bitlbee -v HelloKitty]
22:55 --- im.bitlbee.org sets modes [&bitlbee -v RaraAvis]
23:01 --- im.bitlbee.org sets modes [&bitlbee +v RaraAvis]
23:11 --- im.bitlbee.org sets modes [&bitlbee -v RaraAvis]
--- Log closed Sun Dec 12 23:20:20 2010
--- Log opened Sun Dec 12 23:20:21 2010
23:20 --- im.bitlbee.org sets modes [&bitlbee +Ct]
23:20 --- Users 2 nicks [2 ops, 0 halfops, 0 voices, 0 normal]
23:20 @root: Welcome to the BitlBee gateway!
23:20 @root:  
23:20 @root: If you've never used BitlBee before, please do read the help information using the help command. Lots of FAQs are answered there.
23:20 @root: If you already have an account on this server, just use the identify command to identify yourself.
23:20 --- root sets modes [&bitlbee -C]
23:20 @root: Password accepted, settings and accounts loaded
23:20 @root: Trying to get all accounts connected...
23:20 @root: oscar - Logging in: Signon: 11070386
23:20 @root: oscar - Logging in: Connection established, cookie sent
23:20 @root: oscar - Logging in: Logged in
23:20 --- im.bitlbee.org sets modes [&bitlbee +v Ghostkilla]
23:20 --- im.bitlbee.org sets modes [&bitlbee +v Justine]
23:20 --- im.bitlbee.org sets modes [&bitlbee +v anekos]
23:20 --- im.bitlbee.org sets modes [&bitlbee +v metbo]
23:20 --- root sets modes [&bitlbee +C]
23:20 --- Channel &bitlbee was synced in 6 seconds
23:22 --- im.bitlbee.org sets modes [&bitlbee +v metbo]
23:23 --- im.bitlbee.org sets modes [&bitlbee +v RaraAvis]
--- Log closed Mon Dec 13 00:45:14 2010
