--- Log opened Fri Oct 22 00:00:26 2010
00:04 --- im.bitlbee.org sets modes [&bitlbee +v Dan]
00:08 --- im.bitlbee.org sets modes [&bitlbee -v Dan]
00:49 --- im.bitlbee.org sets modes [&bitlbee +v Bastian]
00:50 --- im.bitlbee.org sets modes [&bitlbee +v David]
--- Log closed Fri Oct 22 01:08:43 2010
--- Log opened Fri Oct 22 01:08:44 2010
01:08 --- im.bitlbee.org sets modes [&bitlbee +Ct]
01:08 --- Users 2 nicks [2 ops, 0 halfops, 0 voices, 0 normal]
01:08 @root: Welcome to the BitlBee gateway!
01:08 @root:  
01:08 @root: If you've never used BitlBee before, please do read the help information using the help command. Lots of FAQs are answered there.
01:08 @root: If you already have an account on this server, just use the identify command to identify yourself.
01:08 --- root sets modes [&bitlbee -C]
01:08 @root: Password accepted, settings and accounts loaded
01:08 @root: Trying to get all accounts connected...
01:08 @root: oscar - Logging in: Signon: 11070386
01:08 @root: oscar - Logging in: Connection established, cookie sent
01:08 @root: oscar - Logging in: Logged in
01:08 --- im.bitlbee.org sets modes [&bitlbee +v Bastian]
01:08 --- im.bitlbee.org sets modes [&bitlbee +v Justine]
01:08 --- im.bitlbee.org sets modes [&bitlbee +v David]
01:08 --- root sets modes [&bitlbee +C]
01:08 --- Channel &bitlbee was synced in 6 seconds
01:32 --- im.bitlbee.org sets modes [&bitlbee +v Wolle]
02:03 @root: oscar - New request: The user 569957092 wants to add you to their buddy list for the following reason:  Приветик :-
02:03 @root: You can use the yes/no commands to accept/reject this request.
02:22 @iaj: blist
02:22 @root: Nick              Handle/Account                            Status
02:22 @root: Bastian           96586073 oscar(11070386)                  Online
02:22 @root: Chris             113554238 oscar(11070386)                 Occupied
02:22 @root: Dan               46336441 oscar(11070386)                  Invisible
02:22 @root: 67 buddies (1 available, 2 away, 64 offline)
02:24 --- im.bitlbee.org sets modes [&bitlbee -v Bastian]
02:37 --- im.bitlbee.org sets modes [&bitlbee +v Bastian]
02:50 --- im.bitlbee.org sets modes [&bitlbee -v Bastian]
02:51 --- im.bitlbee.org sets modes [&bitlbee +v Bastian]
02:56 --- im.bitlbee.org sets modes [&bitlbee +v Bastian]
--- Log closed Fri Oct 22 05:09:51 2010
--- Log opened Fri Oct 22 05:09:52 2010
05:09 --- im.bitlbee.org sets modes [&bitlbee +Ct]
05:09 --- Users 2 nicks [2 ops, 0 halfops, 0 voices, 0 normal]
05:09 @root: Welcome to the BitlBee gateway!
05:09 @root:  
05:09 @root: If you've never used BitlBee before, please do read the help information using the help command. Lots of FAQs are answered there.
05:09 @root: If you already have an account on this server, just use the identify command to identify yourself.
05:09 --- root sets modes [&bitlbee -C]
05:09 @root: Password accepted, settings and accounts loaded
05:09 @root: Trying to get all accounts connected...
05:09 @root: oscar - Logging in: Signon: 11070386
05:09 @root: oscar - Logging in: Connection established, cookie sent
05:09 @root: oscar - Logging in: Logged in
05:09 --- root sets modes [&bitlbee +C]
05:09 --- Channel &bitlbee was synced in 6 seconds
--- Log closed Fri Oct 22 08:48:46 2010
--- Log opened Fri Oct 22 10:55:13 2010
10:55 --- im.bitlbee.org sets modes [&bitlbee +Ct]
10:55 --- Users 2 nicks [2 ops, 0 halfops, 0 voices, 0 normal]
10:55 @root: Welcome to the BitlBee gateway!
10:55 @root:  
10:55 @root: If you've never used BitlBee before, please do read the help information using the help command. Lots of FAQs are answered there.
10:55 @root: If you already have an account on this server, just use the identify command to identify yourself.
10:55 --- root sets modes [&bitlbee -C]
10:55 @root: Password accepted, settings and accounts loaded
10:55 @root: Trying to get all accounts connected...
10:55 @root: oscar - Logging in: Signon: 11070386
10:55 @root: oscar - Logging in: Connection established, cookie sent
10:55 @root: oscar - Logging in: Logged in
10:55 --- im.bitlbee.org sets modes [&bitlbee +v Justine]
10:55 --- im.bitlbee.org sets modes [&bitlbee +v ashes]
--- Log opened Fri Oct 22 10:55:14 2010
10:55 --- im.bitlbee.org sets modes [&bitlbee +Ct]
10:55 --- Users 2 nicks [2 ops, 0 halfops, 0 voices, 0 normal]
10:55 @root: Welcome to the BitlBee gateway!
10:55 @root:  
10:55 @root: If you've never used BitlBee before, please do read the help information using the help command. Lots of FAQs are answered there.
10:55 @root: If you already have an account on this server, just use the identify command to identify yourself.
10:55 --- root sets modes [&bitlbee -C]
10:55 @root: Password accepted, settings and accounts loaded
10:55 @root: New request: You're already connected to this server. Would you like to take over this session?
10:55 @root: You can use the yes/no commands to accept/reject this request.
10:55 --- root sets modes [&bitlbee +C]
10:55 --- Channel &bitlbee was synced in 3 seconds
10:55 --- Channel &bitlbee was synced in 4 seconds
10:55 --- root sets modes [&bitlbee +C]
--- Log closed Fri Oct 22 10:55:26 2010
10:55 @root: Could not take over old session
10:55 @iaj: l
10:55 @root: Unknown command: l. Please use help commands to get a list of available commands.
--- Log closed Fri Oct 22 23:11:39 2010
--- Log opened Fri Oct 22 23:11:40 2010
23:11 --- im.bitlbee.org sets modes [&bitlbee +Ct]
23:11 --- Users 2 nicks [2 ops, 0 halfops, 0 voices, 0 normal]
23:11 @root: Welcome to the BitlBee gateway!
23:11 @root:  
23:11 @root: If you've never used BitlBee before, please do read the help information using the help command. Lots of FAQs are answered there.
23:11 @root: If you already have an account on this server, just use the identify command to identify yourself.
23:11 --- root sets modes [&bitlbee -C]
23:11 @root: Password accepted, settings and accounts loaded
23:11 @root: Trying to get all accounts connected...
23:11 @root: oscar - Logging in: Signon: 11070386
23:11 @root: oscar - Logging in: Connection established, cookie sent
23:11 @root: oscar - Logging in: Logged in
23:11 --- im.bitlbee.org sets modes [&bitlbee +v David]
23:11 --- im.bitlbee.org sets modes [&bitlbee +v Justine]
23:11 --- im.bitlbee.org sets modes [&bitlbee +v anekos]
23:11 --- im.bitlbee.org sets modes [&bitlbee +v RaraAvis]
23:11 --- im.bitlbee.org sets modes [&bitlbee +v HelloKitty]
23:11 --- root sets modes [&bitlbee +C]
23:11 --- Channel &bitlbee was synced in 6 seconds
23:12 --- im.bitlbee.org sets modes [&bitlbee +v Marcel]
23:30 --- im.bitlbee.org sets modes [&bitlbee -v RaraAvis]
23:30 --- im.bitlbee.org sets modes [&bitlbee +v RaraAvis]
--- Log closed Sat Oct 23 00:00:38 2010
