--- Log opened Sun Nov 21 18:48:51 2010
--- Log closed Sun Nov 21 18:48:51 2010
--- Log opened Sun Nov 21 18:53:52 2010
18:53 --- im.bitlbee.org sets modes [&bitlbee +Ct]
18:53 --- Users 2 nicks [2 ops, 0 halfops, 0 voices, 0 normal]
18:53 @root: Welcome to the BitlBee gateway!
18:53 @root:  
18:53 @root: If you've never used BitlBee before, please do read the help information using the help command. Lots of FAQs are answered there.
18:53 @root: If you already have an account on this server, just use the identify command to identify yourself.
18:53 --- root sets modes [&bitlbee -C]
18:53 @root: Password accepted, settings and accounts loaded
18:53 @root: Trying to get all accounts connected...
18:53 @root: oscar - Logging in: Signon: 11070386
18:53 @root: oscar - Logging in: Connection established, cookie sent
18:53 @root: oscar - Logging in: Logged in
18:53 --- im.bitlbee.org sets modes [&bitlbee +v RGhostkillaR]
18:53 --- im.bitlbee.org sets modes [&bitlbee +v Ches]
18:53 --- im.bitlbee.org sets modes [&bitlbee +v KampfWurst]
18:53 --- im.bitlbee.org sets modes [&bitlbee +v metbo]
18:53 --- im.bitlbee.org sets modes [&bitlbee +v RaraAvis]
18:53 --- im.bitlbee.org sets modes [&bitlbee +v Bastian]
18:53 --- root sets modes [&bitlbee +C]
18:53 --- Channel &bitlbee was synced in 6 seconds
18:56 --- im.bitlbee.org sets modes [&bitlbee +v Marco]
19:22 --- im.bitlbee.org sets modes [&bitlbee +v HelloKitty]
19:40 --- im.bitlbee.org sets modes [&bitlbee -v HelloKitty]
19:40 --- im.bitlbee.org sets modes [&bitlbee +v HelloKitty]
19:42 --- im.bitlbee.org sets modes [&bitlbee -v HelloKitty]
19:42 --- im.bitlbee.org sets modes [&bitlbee +v HelloKitty]
19:44 --- im.bitlbee.org sets modes [&bitlbee +v BoehsesSchaf]
20:07 --- im.bitlbee.org sets modes [&bitlbee -v HelloKitty]
20:15 --- im.bitlbee.org sets modes [&bitlbee +v HelloKitty]
20:19 --- im.bitlbee.org sets modes [&bitlbee -v Bastian]
20:53 --- im.bitlbee.org sets modes [&bitlbee +v Marco]
20:54 --- im.bitlbee.org sets modes [&bitlbee +v BoehsesSchaf]
21:07 --- im.bitlbee.org sets modes [&bitlbee +v KampfWurst]
21:10 --- im.bitlbee.org sets modes [&bitlbee +v Bastian]
21:10 --- im.bitlbee.org sets modes [&bitlbee -v HelloKitty]
21:17 --- im.bitlbee.org sets modes [&bitlbee +v HelloKitty]
21:23 @iaj: blist
21:23 @root: Nick              Handle/Account                            Status
21:23 @root: Bastian           96586073 oscar(11070386)                  Online
21:23 @root: Ches              165422672 oscar(11070386)                 Online
21:23 @root: KampfWurst        46172364 oscar(11070386)                  Online
21:23 @root: Marco             341468203 oscar(11070386)                 Online
21:23 @root: RGhostkillaR      66862684 oscar(11070386)                  Online
21:23 @root: DukeDany          57486252 oscar(11070386)                  Occupied
21:23 @root: EURlFenmnaPlaya   113554238 oscar(11070386)                 Occupied
21:23 @root: Melissa           300115593 oscar(11070386)                 Away
21:23 @root: Pestberzerker     143548916 oscar(11070386)                 Occupied
21:23 @root: 68 buddies (5 available, 4 away, 59 offline)
21:24 @iaj: rename EURlFenmnaPlaya ElFenominoDaPlaya
21:24 --- EURlFenmnaPlaya is now known as ElFenominoDaPlaya
21:24 @root: Nick successfully changed
21:24 @iaj: save
21:24 @root: Configuration saved
21:24 @iaj: rename RGhostkillaR Ghostkilla
21:24 --- RGhostkillaR is now known as Ghostkilla
21:24 @root: Nick successfully changed
22:01 --- im.bitlbee.org sets modes [&bitlbee +v Hilfigergirl]
22:30 --- im.bitlbee.org sets modes [&bitlbee +v HelloKitty]
22:50 --- im.bitlbee.org sets modes [&bitlbee +v HelloKitty]
23:24 --- im.bitlbee.org sets modes [&bitlbee -v Bastian]
23:26 --- im.bitlbee.org sets modes [&bitlbee +v buTcHEr]
23:26 --- im.bitlbee.org sets modes [&bitlbee +v Bastian]
--- Log closed Mon Nov 22 00:00:51 2010
