--- Log opened Thu Oct 28 00:00:55 2010
00:08 --- im.bitlbee.org sets modes [&bitlbee +v mo]
05:54 @root: oscar - Error: Disconnected.
05:54 @root: oscar - Signing off..
05:54 @root: oscar - Flushed 1 unanswered question(s) for this connection.
05:54 @root: oscar - Reconnecting in 5 seconds..
05:54 @root: oscar - Logging in: Signon: 11070386
05:54 @root: oscar - Login error: Authentication Failed
05:54 @root: oscar - Logging in: Signing off..
05:54 @root: oscar - Logging in: Reconnecting in 15 seconds..
05:54 @root: oscar - Logging in: Signon: 11070386
05:54 @root: oscar - Login error: Authentication Failed
05:54 @root: oscar - Logging in: Signing off..
05:54 @root: oscar - Logging in: Reconnecting in 45 seconds..
05:55 @root: oscar - Logging in: Signon: 11070386
05:55 @root: oscar - Login error: Authentication Failed
05:55 @root: oscar - Logging in: Signing off..
05:55 @root: oscar - Logging in: Reconnecting in 135 seconds..
05:57 @root: oscar - Logging in: Signon: 11070386
05:57 @root: oscar - Login error: Authentication Failed
05:57 @root: oscar - Logging in: Signing off..
05:57 @root: oscar - Logging in: Reconnecting in 405 seconds..
06:04 @root: oscar - Logging in: Signon: 11070386
06:04 @root: oscar - Login error: Authentication Failed
06:04 @root: oscar - Logging in: Signing off..
06:04 @root: oscar - Logging in: Reconnecting in 900 seconds..
06:19 @root: oscar - Logging in: Signon: 11070386
06:19 @root: oscar - Login error: Authentication Failed
06:19 @root: oscar - Logging in: Signing off..
06:19 @root: oscar - Logging in: Reconnecting in 900 seconds..
06:34 @root: oscar - Logging in: Signon: 11070386
06:34 @root: oscar - Logging in: Connection established, cookie sent
06:34 @root: oscar - Logging in: Logged in
--- Log closed Thu Oct 28 08:43:31 2010
--- Log opened Thu Oct 28 08:43:32 2010
08:43 --- im.bitlbee.org sets modes [&bitlbee +Ct]
08:43 --- Users 2 nicks [2 ops, 0 halfops, 0 voices, 0 normal]
08:43 @root: Welcome to the BitlBee gateway!
08:43 @root:  
08:43 @root: If you've never used BitlBee before, please do read the help information using the help command. Lots of FAQs are answered there.
08:43 @root: If you already have an account on this server, just use the identify command to identify yourself.
08:43 --- root sets modes [&bitlbee -C]
08:43 @root: Password accepted, settings and accounts loaded
08:43 @root: Trying to get all accounts connected...
08:43 @root: oscar - Logging in: Signon: 11070386
08:43 @root: oscar - Logging in: Connection established, cookie sent
08:43 @root: oscar - Logging in: Logged in
08:43 --- im.bitlbee.org sets modes [&bitlbee +v ashes]
08:43 --- root sets modes [&bitlbee +C]
08:43 --- Channel &bitlbee was synced in 6 seconds
--- Log closed Thu Oct 28 08:59:54 2010
--- Log opened Thu Oct 28 08:59:55 2010
08:59 --- im.bitlbee.org sets modes [&bitlbee +Ct]
08:59 --- Users 2 nicks [2 ops, 0 halfops, 0 voices, 0 normal]
08:59 @root: Welcome to the BitlBee gateway!
08:59 @root:  
08:59 @root: If you've never used BitlBee before, please do read the help information using the help command. Lots of FAQs are answered there.
08:59 @root: If you already have an account on this server, just use the identify command to identify yourself.
08:59 --- root sets modes [&bitlbee -C]
08:59 @root: Password accepted, settings and accounts loaded
08:59 @root: Trying to get all accounts connected...
08:59 @root: oscar - Logging in: Signon: 11070386
08:59 @root: oscar - Logging in: Connection established, cookie sent
08:59 @root: oscar - Logging in: Logged in
08:59 --- im.bitlbee.org sets modes [&bitlbee +v ashes]
08:59 --- root sets modes [&bitlbee +C]
09:00 --- Channel &bitlbee was synced in 6 seconds
09:09 --- im.bitlbee.org sets modes [&bitlbee +v RaraAvis]
09:13 --- im.bitlbee.org sets modes [&bitlbee +v RaraAvis]
09:27 --- im.bitlbee.org sets modes [&bitlbee +v RaraAvis]
09:32 --- im.bitlbee.org sets modes [&bitlbee +v ashes]
--- Log closed Thu Oct 28 09:48:50 2010
--- Log opened Thu Oct 28 09:48:52 2010
09:48 --- im.bitlbee.org sets modes [&bitlbee +Ct]
09:48 --- Users 2 nicks [2 ops, 0 halfops, 0 voices, 0 normal]
09:48 @root: Welcome to the BitlBee gateway!
09:48 @root:  
09:48 @root: If you've never used BitlBee before, please do read the help information using the help command. Lots of FAQs are answered there.
09:48 @root: If you already have an account on this server, just use the identify command to identify yourself.
09:48 --- root sets modes [&bitlbee -C]
09:48 @root: Password accepted, settings and accounts loaded
09:48 @root: New request: You're already connected to this server. Would you like to take over this session?
09:48 @root: You can use the yes/no commands to accept/reject this request.
09:48 --- root sets modes [&bitlbee +C]
09:48 --- Channel &bitlbee was synced in 6 seconds
09:49 @root: Could not take over old session
10:31 @iaj: blist
10:31 @root: Nick              Handle/Account                            Status
10:31 @root: 0 buddies (0 available, 0 away, 0 offline)
10:31 @iaj: account on
10:31 @root: Trying to get all accounts connected...
10:31 @root: oscar - Logging in: Signon: 11070386
10:31 @root: oscar - Logging in: Connection established, cookie sent
10:31 @root: oscar - Logging in: Logged in
10:31 --- im.bitlbee.org sets modes [&bitlbee +v Wolle]
10:31 --- im.bitlbee.org sets modes [&bitlbee +v ashes]
10:31 --- im.bitlbee.org sets modes [&bitlbee +v RaraAvis]
10:54 @iaj: blist
10:54 @root: Nick              Handle/Account                            Status
10:54 @root: ashes             79416155 oscar(11070386)                  Online
10:54 @root: RaraAvis          161520265 oscar(11070386)                 Online
10:54 @root: 67 buddies (2 available, 0 away, 65 offline)
11:21 @iaj: blist
11:21 @root: Nick              Handle/Account                            Status
11:21 @root: ashes             79416155 oscar(11070386)                  Online
11:21 @root: RaraAvis          161520265 oscar(11070386)                 Online
11:21 @root: eSRoe17           470136953 oscar(11070386)                 Invisible
11:21 @root: 67 buddies (2 available, 1 away, 64 offline)
11:38 --- im.bitlbee.org sets modes [&bitlbee +v Wolle]
11:39 @iaj: blist
11:39 @root: Nick              Handle/Account                            Status
11:39 @root: ashes             79416155 oscar(11070386)                  Online
11:39 @root: RaraAvis          161520265 oscar(11070386)                 Online
11:39 @root: Wolle             96039991 oscar(11070386)                  Online
11:39 @root: eSRoe17           470136953 oscar(11070386)                 Invisible
11:39 @root: 67 buddies (3 available, 1 away, 63 offline)
11:54 --- im.bitlbee.org sets modes [&bitlbee +v metbo]
12:03 --- im.bitlbee.org sets modes [&bitlbee +v Wolle]
12:09 @iaj: blist 
12:09 @root: Nick              Handle/Account                            Status
12:09 @root: ashes             79416155 oscar(11070386)                  Online
12:09 @root: metbo             246151769 oscar(11070386)                 Online
12:09 @root: Wolle             96039991 oscar(11070386)                  Online
12:09 @root: eSRoe17           470136953 oscar(11070386)                 Invisible
12:09 @root: 67 buddies (3 available, 1 away, 63 offline)
13:16 --- im.bitlbee.org sets modes [&bitlbee +v Dan]
13:16 --- im.bitlbee.org sets modes [&bitlbee -v Dan]
13:40 @iaj: blist
13:40 @root: Nick              Handle/Account                            Status
13:40 @root: Wolle             96039991 oscar(11070386)                  Online
13:40 @root: Dan               46336441 oscar(11070386)                  Invisible
13:40 @root: Pestberzerker     143548916 oscar(11070386)                 Occupied
13:40 @root: 67 buddies (1 available, 2 away, 64 offline)
14:23 @iaj: blist
14:23 @root: Nick              Handle/Account                            Status
14:23 @root: ashes             79416155 oscar(11070386)                  Occupied
14:23 @root: Dan               46336441 oscar(11070386)                  Invisible
14:23 @root: Pestberzerker     143548916 oscar(11070386)                 Occupied
14:23 @root: 67 buddies (0 available, 3 away, 64 offline)
14:32 --- im.bitlbee.org sets modes [&bitlbee +v metbo]
14:34 --- im.bitlbee.org sets modes [&bitlbee +v anekos]
14:45 --- im.bitlbee.org sets modes [&bitlbee +v Wolle]
15:04 --- im.bitlbee.org sets modes [&bitlbee +v Wolle]
15:06 --- im.bitlbee.org sets modes [&bitlbee +v Lucy]
15:27 --- im.bitlbee.org sets modes [&bitlbee +v David]
15:41 --- im.bitlbee.org sets modes [&bitlbee +v eSRoe17]
16:14 --- im.bitlbee.org sets modes [&bitlbee -v eSRoe17]
16:21 @iaj: blist
16:21 @root: Nick              Handle/Account                            Status
16:21 @root: anekos            67079640 oscar(11070386)                  Online
16:21 @root: David             211853395 oscar(11070386)                 Online
16:21 @root: metbo             246151769 oscar(11070386)                 Online
16:21 @root: ashes             79416155 oscar(11070386)                  Occupied
16:21 @root: Bastian           96586073 oscar(11070386)                  Away
16:21 @root: Dan               46336441 oscar(11070386)                  Invisible
16:21 @root: eSRoe17           470136953 oscar(11070386)                 Away
16:21 @root: Pestberzerker     143548916 oscar(11070386)                 Occupied
16:21 @root: 67 buddies (3 available, 5 away, 59 offline)
16:21 --- im.bitlbee.org sets modes [&bitlbee +v eSRoe17]
16:29 --- im.bitlbee.org sets modes [&bitlbee +v metbo]
--- Log closed Thu Oct 28 20:58:53 2010
--- Log opened Thu Oct 28 20:58:55 2010
20:58 --- im.bitlbee.org sets modes [&bitlbee +Ct]
20:58 --- Users 2 nicks [2 ops, 0 halfops, 0 voices, 0 normal]
20:58 @root: Welcome to the BitlBee gateway!
20:58 @root:  
20:58 @root: If you've never used BitlBee before, please do read the help information using the help command. Lots of FAQs are answered there.
20:58 @root: If you already have an account on this server, just use the identify command to identify yourself.
20:58 --- root sets modes [&bitlbee -C]
20:58 @root: Password accepted, settings and accounts loaded
20:58 @root: Trying to get all accounts connected...
20:58 @root: oscar - Logging in: Signon: 11070386
20:58 @root: oscar - Logging in: Connection established, cookie sent
20:58 @root: oscar - Logging in: Logged in
20:58 --- im.bitlbee.org sets modes [&bitlbee +v Marcel]
20:58 --- im.bitlbee.org sets modes [&bitlbee +v David]
20:58 --- im.bitlbee.org sets modes [&bitlbee +v anekos]
20:58 --- im.bitlbee.org sets modes [&bitlbee +v KampfWurst]
20:58 --- im.bitlbee.org sets modes [&bitlbee +v RaraAvis]
20:58 --- im.bitlbee.org sets modes [&bitlbee +v metbo]
20:58 --- im.bitlbee.org sets modes [&bitlbee +v Justine]
20:58 --- im.bitlbee.org sets modes [&bitlbee +v sas]
20:58 --- root sets modes [&bitlbee +C]
20:59 --- Channel &bitlbee was synced in 6 seconds
21:08 @iaj: blist
21:08 @root: Nick              Handle/Account                            Status
21:08 @root: anekos            67079640 oscar(11070386)                  Online
21:08 @root: David             211853395 oscar(11070386)                 Online
21:08 @root: Justine           240240269 oscar(11070386)                 Online
21:08 @root: KampfWurst        46172364 oscar(11070386)                  Online
21:08 @root: Marcel            308027834 oscar(11070386)                 Online
21:08 @root: metbo             246151769 oscar(11070386)                 Online
21:08 @root: RaraAvis          161520265 oscar(11070386)                 Online
21:08 @root: ashes             79416155 oscar(11070386)                  Occupied
21:08 @root: Bastian           96586073 oscar(11070386)                  Away
21:08 @root: Ghostkilla        66862684 oscar(11070386)                  Away
21:08 @root: Melissa           300115593 oscar(11070386)                 Away
21:08 @root: Shine             304308667 oscar(11070386)                 Invisible
21:08 @root: SteveO            306089724 oscar(11070386)                 Occupied
21:08 @root: 67 buddies (7 available, 6 away, 54 offline)
21:09 --- im.bitlbee.org sets modes [&bitlbee +v RaraAvis]
21:10 --- im.bitlbee.org sets modes [&bitlbee -v Justine]
21:12 --- im.bitlbee.org sets modes [&bitlbee +v Justine]
21:13 --- im.bitlbee.org sets modes [&bitlbee +v Marcel]
21:16 --- im.bitlbee.org sets modes [&bitlbee -v RaraAvis]
21:17 --- im.bitlbee.org sets modes [&bitlbee +v RaraAvis]
21:17 @iaj: blist
21:17 @root: Nick              Handle/Account                            Status
21:17 @root: anekos            67079640 oscar(11070386)                  Online
21:17 @root: David             211853395 oscar(11070386)                 Online
21:17 @root: Justine           240240269 oscar(11070386)                 Online
21:17 @root: KampfWurst        46172364 oscar(11070386)                  Online
21:17 @root: Marcel            308027834 oscar(11070386)                 Online
21:17 @root: RaraAvis          161520265 oscar(11070386)                 Online
21:17 @root: ashes             79416155 oscar(11070386)                  Occupied
21:17 @root: Bastian           96586073 oscar(11070386)                  Away
21:17 @root: Ghostkilla        66862684 oscar(11070386)                  Away
21:17 @root: Melissa           300115593 oscar(11070386)                 Away
21:17 @root: Shine             304308667 oscar(11070386)                 Invisible
21:17 @root: SteveO            306089724 oscar(11070386)                 Away
21:17 @root: 67 buddies (6 available, 6 away, 55 offline)
21:17 --- im.bitlbee.org sets modes [&bitlbee -v RaraAvis]
21:19 --- im.bitlbee.org sets modes [&bitlbee +v RaraAvis]
21:26 --- im.bitlbee.org sets modes [&bitlbee +v buTcHEr]
21:32 --- im.bitlbee.org sets modes [&bitlbee -v Justine]
21:37 --- im.bitlbee.org sets modes [&bitlbee +v Justine]
21:48 @root: oscar - New request: The user 330217971 wants to add you to their buddy list for the following reason: *HI
21:48 @root: You can use the yes/no commands to accept/reject this request.
21:54 --- im.bitlbee.org sets modes [&bitlbee -v RaraAvis]
22:02 --- im.bitlbee.org sets modes [&bitlbee +v RaraAvis]
22:05 --- im.bitlbee.org sets modes [&bitlbee +v HelloKitty]
22:06 --- im.bitlbee.org sets modes [&bitlbee -v Justine]
22:09 --- im.bitlbee.org sets modes [&bitlbee +v Wolle]
22:14 --- im.bitlbee.org sets modes [&bitlbee +v Justine]
22:16 --- im.bitlbee.org sets modes [&bitlbee -v Marcel]
22:17 --- im.bitlbee.org sets modes [&bitlbee +v RaraAvis]
22:25 --- im.bitlbee.org sets modes [&bitlbee -v RaraAvis]
22:26 --- im.bitlbee.org sets modes [&bitlbee +v RaraAvis]
22:48 --- im.bitlbee.org sets modes [&bitlbee -v Justine]
22:55 --- im.bitlbee.org sets modes [&bitlbee +v Justine]
23:07 --- im.bitlbee.org sets modes [&bitlbee +v Wolle]
23:11 --- im.bitlbee.org sets modes [&bitlbee -v Justine]
23:17 --- im.bitlbee.org sets modes [&bitlbee +v Dan]
23:18 --- im.bitlbee.org sets modes [&bitlbee -v RaraAvis]
23:19 --- im.bitlbee.org sets modes [&bitlbee -v Dan]
23:21 --- im.bitlbee.org sets modes [&bitlbee +v RaraAvis]
23:23 --- im.bitlbee.org sets modes [&bitlbee +v RaraAvis]
23:24 --- im.bitlbee.org sets modes [&bitlbee -v RaraAvis]
23:34 --- im.bitlbee.org sets modes [&bitlbee +v Justine]
23:34 --- im.bitlbee.org sets modes [&bitlbee +v RaraAvis]
23:34 --- im.bitlbee.org sets modes [&bitlbee +v HelloKitty]
--- Log closed Fri Oct 29 00:00:50 2010
