--- Log opened Sat Nov 27 00:05:28 2010
--- Log closed Sat Nov 27 00:10:29 2010
--- Log opened Sat Nov 27 00:10:31 2010
00:10 --- im.bitlbee.org sets modes [&bitlbee +Ct]
00:10 --- Users 2 nicks [2 ops, 0 halfops, 0 voices, 0 normal]
00:10 @root: Welcome to the BitlBee gateway!
00:10 @root:  
00:10 @root: If you've never used BitlBee before, please do read the help information using the help command. Lots of FAQs are answered there.
00:10 @root: If you already have an account on this server, just use the identify command to identify yourself.
00:10 --- root sets modes [&bitlbee -C]
00:10 @root: Password accepted, settings and accounts loaded
00:10 @root: Trying to get all accounts connected...
00:10 @root: oscar - Logging in: Signon: 11070386
00:10 @root: oscar - Logging in: Connection established, cookie sent
00:10 @root: oscar - Logging in: Logged in
00:10 --- im.bitlbee.org sets modes [&bitlbee +v anekos]
00:10 --- root sets modes [&bitlbee +C]
00:10 --- Channel &bitlbee was synced in 6 seconds
00:13 --- im.bitlbee.org sets modes [&bitlbee +v djktbauer]
00:55 --- im.bitlbee.org sets modes [&bitlbee -v djktbauer]
01:15 --- im.bitlbee.org sets modes [&bitlbee +v djktbauer]
--- Log closed Sat Nov 27 16:37:05 2010
--- Log opened Sat Nov 27 16:37:06 2010
16:37 --- im.bitlbee.org sets modes [&bitlbee +Ct]
16:37 --- Users 2 nicks [2 ops, 0 halfops, 0 voices, 0 normal]
16:37 @root: Welcome to the BitlBee gateway!
16:37 @root:  
16:37 @root: If you've never used BitlBee before, please do read the help information using the help command. Lots of FAQs are answered there.
16:37 @root: If you already have an account on this server, just use the identify command to identify yourself.
16:37 --- root sets modes [&bitlbee -C]
16:37 @root: Password accepted, settings and accounts loaded
16:37 @root: Trying to get all accounts connected...
16:37 @root: oscar - Logging in: Signon: 11070386
16:37 @root: oscar - Logging in: Connection established, cookie sent
16:37 @root: oscar - Logging in: Logged in
16:37 --- im.bitlbee.org sets modes [&bitlbee +v Ghostkilla]
16:37 --- im.bitlbee.org sets modes [&bitlbee +v metbo]
16:37 --- root sets modes [&bitlbee +C]
16:37 --- Channel &bitlbee was synced in 6 seconds
16:37 --- im.bitlbee.org sets modes [&bitlbee -v metbo]
16:40 --- im.bitlbee.org sets modes [&bitlbee +v Justine]
16:43 --- im.bitlbee.org sets modes [&bitlbee +v RaraAvis]
16:51 --- im.bitlbee.org sets modes [&bitlbee +v metbo]
16:52 --- im.bitlbee.org sets modes [&bitlbee -v metbo]
16:53 --- im.bitlbee.org sets modes [&bitlbee +v metbo]
16:56 --- im.bitlbee.org sets modes [&bitlbee -v metbo]
16:56 --- im.bitlbee.org sets modes [&bitlbee +v metbo]
16:58 --- im.bitlbee.org sets modes [&bitlbee -v metbo]
16:58 --- im.bitlbee.org sets modes [&bitlbee +v metbo]
17:00 --- im.bitlbee.org sets modes [&bitlbee -v metbo]
17:00 --- im.bitlbee.org sets modes [&bitlbee +v metbo]
17:01 --- im.bitlbee.org sets modes [&bitlbee -v metbo]
17:07 --- im.bitlbee.org sets modes [&bitlbee +v metbo]
17:08 --- im.bitlbee.org sets modes [&bitlbee -v metbo]
17:10 --- im.bitlbee.org sets modes [&bitlbee +v metbo]
17:11 --- im.bitlbee.org sets modes [&bitlbee -v metbo]
17:13 --- im.bitlbee.org sets modes [&bitlbee +v metbo]
17:14 --- im.bitlbee.org sets modes [&bitlbee -v RaraAvis]
17:15 --- im.bitlbee.org sets modes [&bitlbee -v metbo]
17:23 --- im.bitlbee.org sets modes [&bitlbee +v metbo]
17:26 --- im.bitlbee.org sets modes [&bitlbee -v metbo]
17:26 --- im.bitlbee.org sets modes [&bitlbee +v metbo]
17:29 --- im.bitlbee.org sets modes [&bitlbee -v metbo]
17:30 --- im.bitlbee.org sets modes [&bitlbee +v metbo]
17:33 --- im.bitlbee.org sets modes [&bitlbee -v metbo]
17:33 --- im.bitlbee.org sets modes [&bitlbee +v metbo]
17:34 --- im.bitlbee.org sets modes [&bitlbee -v metbo]
17:35 --- im.bitlbee.org sets modes [&bitlbee +v metbo]
17:36 --- im.bitlbee.org sets modes [&bitlbee +v Ches]
17:36 --- im.bitlbee.org sets modes [&bitlbee +v RaraAvis]
17:37 --- im.bitlbee.org sets modes [&bitlbee -v Ches]
17:58 --- im.bitlbee.org sets modes [&bitlbee +v Christian]
17:59 --- im.bitlbee.org sets modes [&bitlbee -v metbo]
18:00 --- im.bitlbee.org sets modes [&bitlbee +v metbo]
--- Log closed Sat Nov 27 18:15:54 2010
--- Log opened Sat Nov 27 18:15:55 2010
18:15 --- im.bitlbee.org sets modes [&bitlbee +Ct]
18:15 --- Users 2 nicks [2 ops, 0 halfops, 0 voices, 0 normal]
18:15 @root: Welcome to the BitlBee gateway!
18:15 @root:  
18:15 @root: If you've never used BitlBee before, please do read the help information using the help command. Lots of FAQs are answered there.
18:15 @root: If you already have an account on this server, just use the identify command to identify yourself.
18:15 --- root sets modes [&bitlbee -C]
18:15 @root: Password accepted, settings and accounts loaded
18:15 @root: Trying to get all accounts connected...
18:15 @root: oscar - Logging in: Signon: 11070386
18:15 @root: oscar - Logging in: Connection established, cookie sent
18:15 @root: oscar - Logging in: Logged in
18:15 --- im.bitlbee.org sets modes [&bitlbee +v Ghostkilla]
18:15 --- root sets modes [&bitlbee +C]
18:16 --- Channel &bitlbee was synced in 7 seconds
--- Log closed Sat Nov 27 18:45:31 2010
