--- Log opened Mon Nov 22 00:00:51 2010
01:29 --- im.bitlbee.org sets modes [&bitlbee -v Bastian]
01:36 --- im.bitlbee.org sets modes [&bitlbee +v Dan]
01:36 --- im.bitlbee.org sets modes [&bitlbee -v Dan]
01:49 --- im.bitlbee.org sets modes [&bitlbee +v Bastian]
02:56 --- im.bitlbee.org sets modes [&bitlbee +v Bastian]
--- Log closed Mon Nov 22 11:20:31 2010
--- Log opened Mon Nov 22 11:20:32 2010
11:20 --- im.bitlbee.org sets modes [&bitlbee +Ct]
11:20 --- Users 2 nicks [2 ops, 0 halfops, 0 voices, 0 normal]
11:20 @root: Welcome to the BitlBee gateway!
11:20 @root:  
11:20 @root: If you've never used BitlBee before, please do read the help information using the help command. Lots of FAQs are answered there.
11:20 @root: If you already have an account on this server, just use the identify command to identify yourself.
11:20 --- root sets modes [&bitlbee -C]
11:20 @root: Password accepted, settings and accounts loaded
11:20 @root: Trying to get all accounts connected...
11:20 @root: oscar - Logging in: Signon: 11070386
11:20 @root: oscar - Logging in: Connection established, cookie sent
11:20 @root: oscar - Logging in: Logged in
11:20 --- im.bitlbee.org sets modes [&bitlbee +v ashes]
11:20 --- root sets modes [&bitlbee +C]
11:20 --- Channel &bitlbee was synced in 6 seconds
11:31 --- im.bitlbee.org sets modes [&bitlbee +v Ches]
11:32 --- im.bitlbee.org sets modes [&bitlbee -v Ches]
11:42 --- im.bitlbee.org sets modes [&bitlbee +v metbo]
11:59 --- im.bitlbee.org sets modes [&bitlbee +v Lucy]
--- Log closed Mon Nov 22 12:38:09 2010
--- Log opened Mon Nov 22 12:38:10 2010
12:38 --- im.bitlbee.org sets modes [&bitlbee +Ct]
12:38 --- Users 2 nicks [2 ops, 0 halfops, 0 voices, 0 normal]
12:38 @root: Welcome to the BitlBee gateway!
12:38 @root:  
12:38 @root: If you've never used BitlBee before, please do read the help information using the help command. Lots of FAQs are answered there.
12:38 @root: If you already have an account on this server, just use the identify command to identify yourself.
12:38 --- root sets modes [&bitlbee -C]
12:38 @root: Password accepted, settings and accounts loaded
12:38 @root: Trying to get all accounts connected...
12:38 @root: oscar - Logging in: Signon: 11070386
12:38 @root: oscar - Logging in: Connection established, cookie sent
12:38 @root: oscar - Logging in: Logged in
12:38 --- im.bitlbee.org sets modes [&bitlbee +v metbo]
12:38 --- root sets modes [&bitlbee +C]
12:38 --- Channel &bitlbee was synced in 6 seconds
12:43 --- im.bitlbee.org sets modes [&bitlbee +v HelloKitty]
13:19 --- im.bitlbee.org sets modes [&bitlbee +v Christian]
14:14 --- im.bitlbee.org sets modes [&bitlbee +v Marco]
14:35 --- im.bitlbee.org sets modes [&bitlbee +v anekos]
14:49 --- im.bitlbee.org sets modes [&bitlbee +v ashes]
15:03 --- im.bitlbee.org sets modes [&bitlbee +v Lucy]
15:07 --- im.bitlbee.org sets modes [&bitlbee +v Lucy]
15:14 --- im.bitlbee.org sets modes [&bitlbee +v Marco]
15:26 --- im.bitlbee.org sets modes [&bitlbee +v Dan]
15:37 --- im.bitlbee.org sets modes [&bitlbee +v DukeDany]
15:37 --- im.bitlbee.org sets modes [&bitlbee -v DukeDany]
15:39 --- im.bitlbee.org sets modes [&bitlbee +v DukeDany]
15:56 --- im.bitlbee.org sets modes [&bitlbee +v DukeDany]
15:57 --- im.bitlbee.org sets modes [&bitlbee +v metbo]
--- Log closed Mon Nov 22 16:11:49 2010
--- Log opened Mon Nov 22 16:11:51 2010
16:11 --- im.bitlbee.org sets modes [&bitlbee +Ct]
16:11 --- Users 2 nicks [2 ops, 0 halfops, 0 voices, 0 normal]
16:11 @root: Welcome to the BitlBee gateway!
16:11 @root:  
16:11 @root: If you've never used BitlBee before, please do read the help information using the help command. Lots of FAQs are answered there.
16:11 @root: If you already have an account on this server, just use the identify command to identify yourself.
16:11 --- root sets modes [&bitlbee -C]
16:11 @root: Password accepted, settings and accounts loaded
16:11 @root: Trying to get all accounts connected...
16:11 @root: oscar - Logging in: Signon: 11070386
16:11 @root: oscar - Logging in: Connection established, cookie sent
16:11 @root: oscar - Logging in: Logged in
16:11 --- im.bitlbee.org sets modes [&bitlbee +v Dan]
16:11 --- im.bitlbee.org sets modes [&bitlbee +v anekos]
16:11 --- im.bitlbee.org sets modes [&bitlbee +v metbo]
16:11 --- im.bitlbee.org sets modes [&bitlbee +v ashes]
16:11 --- im.bitlbee.org sets modes [&bitlbee +v DukeDany]
16:11 --- root sets modes [&bitlbee +C]
16:12 --- Channel &bitlbee was synced in 9 seconds
16:22 --- im.bitlbee.org sets modes [&bitlbee +v DukeDany]
16:23 --- im.bitlbee.org sets modes [&bitlbee +v Marco]
16:25 --- im.bitlbee.org sets modes [&bitlbee +v DukeDany]
16:25 --- im.bitlbee.org sets modes [&bitlbee +v Ches]
16:27 --- im.bitlbee.org sets modes [&bitlbee -v Ches]
16:56 --- im.bitlbee.org sets modes [&bitlbee -v Dan]
17:06 --- im.bitlbee.org sets modes [&bitlbee +v engel82]
17:49 --- im.bitlbee.org sets modes [&bitlbee +v Hilfigergirl]
18:19 --- im.bitlbee.org sets modes [&bitlbee +v Hilfigergirl]
18:35 --- im.bitlbee.org sets modes [&bitlbee +v HelloKitty]
18:37 @iaj: blist
18:37 @root: Nick              Handle/Account                            Status
18:37 @root: anekos            67079640 oscar(11070386)                  Online
18:37 @root: HelloKitty        309366943 oscar(11070386)                 Online
18:37 @root: Hilfigergirl      171834524 oscar(11070386)                 Online
18:37 @root: metbo             246151769 oscar(11070386)                 Online
18:37 @root: Dan               46336441 oscar(11070386)                  Invisible
18:37 @root: ElFenominoDaPlay  113554238 oscar(11070386)                 Invisible
18:37 @root: Pestberzerker     143548916 oscar(11070386)                 Occupied
18:37 @root: 68 buddies (4 available, 3 away, 61 offline)
18:38 --- im.bitlbee.org sets modes [&bitlbee +v ashes]
18:49 --- im.bitlbee.org sets modes [&bitlbee +v Hilfigergirl]
19:02 --- im.bitlbee.org sets modes [&bitlbee -v Hilfigergirl]
19:19 --- im.bitlbee.org sets modes [&bitlbee +v Hilfigergirl]
19:32 --- im.bitlbee.org sets modes [&bitlbee +v Hilfigergirl]
19:44 --- im.bitlbee.org sets modes [&bitlbee +v Ghostkilla]
19:53 --- im.bitlbee.org sets modes [&bitlbee +v Christian]
19:53 --- im.bitlbee.org sets modes [&bitlbee +v HelloKitty]
20:02 --- im.bitlbee.org sets modes [&bitlbee +v Hilfigergirl]
20:05 @iaj: blist
20:05 @root: Nick              Handle/Account                            Status
20:05 @root: anekos            67079640 oscar(11070386)                  Online
20:05 @root: ashes             79416155 oscar(11070386)                  Online
20:05 @root: Ghostkilla        66862684 oscar(11070386)                  Online
20:05 @root: HelloKitty        309366943 oscar(11070386)                 Online
20:05 @root: Hilfigergirl      171834524 oscar(11070386)                 Online
20:05 @root: metbo             246151769 oscar(11070386)                 Online
20:05 @root: ElFenominoDaPlay  113554238 oscar(11070386)                 Not Available
20:05 @root: Melissa           300115593 oscar(11070386)                 Away
20:05 @root: Pestberzerker     143548916 oscar(11070386)                 Occupied
20:05 @root: 68 buddies (6 available, 3 away, 59 offline)
20:09 --- im.bitlbee.org sets modes [&bitlbee +v Sameriter]
20:32 --- im.bitlbee.org sets modes [&bitlbee +v Hilfigergirl]
20:44 @iaj: blist
20:44 @root: Nick              Handle/Account                            Status
20:44 @root: anekos            67079640 oscar(11070386)                  Online
20:44 @root: ashes             79416155 oscar(11070386)                  Online
20:44 @root: Ghostkilla        66862684 oscar(11070386)                  Online
20:44 @root: Hilfigergirl      171834524 oscar(11070386)                 Online
20:44 @root: Sameriter         61536736 oscar(11070386)                  Online
20:44 @root: ElFenominoDaPlay  113554238 oscar(11070386)                 Invisible
20:44 @root: Melissa           300115593 oscar(11070386)                 Away
20:44 @root: Pestberzerker     143548916 oscar(11070386)                 Occupied
20:44 @root: 68 buddies (5 available, 3 away, 60 offline)
20:48 @iaj: blist
20:48 @root: Nick              Handle/Account                            Status
20:48 @root: anekos            67079640 oscar(11070386)                  Online
20:48 @root: ashes             79416155 oscar(11070386)                  Online
20:48 @root: Ghostkilla        66862684 oscar(11070386)                  Online
20:48 @root: Hilfigergirl      171834524 oscar(11070386)                 Online
20:48 @root: Sameriter         61536736 oscar(11070386)                  Online
20:48 @root: ElFenominoDaPlay  113554238 oscar(11070386)                 Invisible
20:48 @root: eSRoe17           470136953 oscar(11070386)                 Invisible
20:48 @root: Melissa           300115593 oscar(11070386)                 Away
20:48 @root: Pestberzerker     143548916 oscar(11070386)                 Occupied
20:48 @root: 68 buddies (5 available, 4 away, 59 offline)
20:52 --- im.bitlbee.org sets modes [&bitlbee +v Christian]
20:57 --- im.bitlbee.org sets modes [&bitlbee +v Ches]
20:57 --- im.bitlbee.org sets modes [&bitlbee -v Ches]
21:02 --- im.bitlbee.org sets modes [&bitlbee +v Hilfigergirl]
21:28 --- im.bitlbee.org sets modes [&bitlbee +v HelloKitty]
21:30 --- im.bitlbee.org sets modes [&bitlbee -v HelloKitty]
21:30 --- im.bitlbee.org sets modes [&bitlbee +v HelloKitty]
21:32 --- im.bitlbee.org sets modes [&bitlbee +v Hilfigergirl]
22:02 --- im.bitlbee.org sets modes [&bitlbee +v Hilfigergirl]
22:20 @iaj: blist
22:20 @root: Nick              Handle/Account                            Status
22:20 @root: anekos            67079640 oscar(11070386)                  Online
22:20 @root: ashes             79416155 oscar(11070386)                  Online
22:20 @root: Ghostkilla        66862684 oscar(11070386)                  Online
22:20 @root: Hilfigergirl      171834524 oscar(11070386)                 Online
22:20 @root: Pestberzerker     143548916 oscar(11070386)                 Occupied
22:20 @root: SteveO            306089724 oscar(11070386)                 Away
22:20 @root: 68 buddies (4 available, 2 away, 62 offline)
22:32 --- im.bitlbee.org sets modes [&bitlbee -v Hilfigergirl]
22:32 --- im.bitlbee.org sets modes [&bitlbee +v Hilfigergirl]
23:02 --- im.bitlbee.org sets modes [&bitlbee +v Hilfigergirl]
23:07 --- im.bitlbee.org sets modes [&bitlbee +v ashes]
23:26 --- im.bitlbee.org sets modes [&bitlbee +v Shine]
23:26 --- im.bitlbee.org sets modes [&bitlbee -v Shine]
--- Log closed Mon Nov 22 23:43:18 2010
--- Log opened Mon Nov 22 23:43:19 2010
23:43 --- im.bitlbee.org sets modes [&bitlbee +Ct]
23:43 --- Users 2 nicks [2 ops, 0 halfops, 0 voices, 0 normal]
23:43 @root: Welcome to the BitlBee gateway!
23:43 @root:  
23:43 @root: If you've never used BitlBee before, please do read the help information using the help command. Lots of FAQs are answered there.
23:43 @root: If you already have an account on this server, just use the identify command to identify yourself.
23:43 --- root sets modes [&bitlbee -C]
23:43 @root: Password accepted, settings and accounts loaded
23:43 @root: Trying to get all accounts connected...
23:43 @root: oscar - Logging in: Signon: 11070386
23:43 @root: oscar - Logging in: Connection established, cookie sent
23:43 @root: oscar - Logging in: Logged in
23:43 --- im.bitlbee.org sets modes [&bitlbee +v Ghostkilla]
23:43 --- im.bitlbee.org sets modes [&bitlbee +v anekos]
23:43 --- root sets modes [&bitlbee +C]
23:43 --- Channel &bitlbee was synced in 6 seconds
--- Log closed Tue Nov 23 00:00:02 2010
