--- Log opened Sun Nov 28 00:56:51 2010
00:56 --- im.bitlbee.org sets modes [&bitlbee +Ct]
00:56 --- Users 2 nicks [2 ops, 0 halfops, 0 voices, 0 normal]
00:56 @root: Welcome to the BitlBee gateway!
00:56 @root:  
00:56 @root: If you've never used BitlBee before, please do read the help information using the help command. Lots of FAQs are answered there.
00:56 @root: If you already have an account on this server, just use the identify command to identify yourself.
00:56 --- root sets modes [&bitlbee -C]
00:56 @root: Password accepted, settings and accounts loaded
00:56 @root: Trying to get all accounts connected...
00:56 @root: oscar - Logging in: Signon: 11070386
00:56 @root: oscar - Logging in: Connection established, cookie sent
00:56 @root: oscar - Logging in: Logged in
00:56 --- im.bitlbee.org sets modes [&bitlbee +v Ghostkilla]
00:56 --- im.bitlbee.org sets modes [&bitlbee +v RaraAvis]
00:56 --- root sets modes [&bitlbee +C]
00:56 --- Channel &bitlbee was synced in 6 seconds
01:55 --- im.bitlbee.org sets modes [&bitlbee -v RaraAvis]
01:59 --- im.bitlbee.org sets modes [&bitlbee +v RaraAvis]
01:59 --- im.bitlbee.org sets modes [&bitlbee -v RaraAvis]
02:04 --- im.bitlbee.org sets modes [&bitlbee +v RaraAvis]
02:04 --- im.bitlbee.org sets modes [&bitlbee -v RaraAvis]
02:13 --- im.bitlbee.org sets modes [&bitlbee +v RaraAvis]
02:48 --- im.bitlbee.org sets modes [&bitlbee -v RaraAvis]
02:48 --- im.bitlbee.org sets modes [&bitlbee +v RaraAvis]
02:49 --- im.bitlbee.org sets modes [&bitlbee -v RaraAvis]
02:49 --- im.bitlbee.org sets modes [&bitlbee +v RaraAvis]
03:01 --- im.bitlbee.org sets modes [&bitlbee +v ElFenominoDaPlaya]
--- Log closed Sun Nov 28 12:13:15 2010
--- Log opened Sun Nov 28 12:13:19 2010
12:13 --- im.bitlbee.org sets modes [&bitlbee +Ct]
12:13 --- Users 2 nicks [2 ops, 0 halfops, 0 voices, 0 normal]
12:13 @root: Welcome to the BitlBee gateway!
12:13 @root:  
12:13 @root: If you've never used BitlBee before, please do read the help information using the help command. Lots of FAQs are answered there.
12:13 @root: If you already have an account on this server, just use the identify command to identify yourself.
12:13 --- root sets modes [&bitlbee -C]
12:13 @root: Password accepted, settings and accounts loaded
12:13 @root: Trying to get all accounts connected...
12:13 @root: oscar - Logging in: Signon: 11070386
12:13 @root: oscar - Logging in: Connection established, cookie sent
12:13 @root: oscar - Logging in: Logged in
12:13 --- im.bitlbee.org sets modes [&bitlbee +v anekos]
12:13 --- root sets modes [&bitlbee +C]
12:13 --- Channel &bitlbee was synced in 6 seconds
12:32 @iaj: blist
12:32 @root: Nick              Handle/Account                            Status
12:32 @root: anekos            67079640 oscar(11070386)                  Online
12:32 @root: Melissa           300115593 oscar(11070386)                 Away
12:32 @root: Pestberzerker     143548916 oscar(11070386)                 Occupied
12:32 @root: 68 buddies (1 available, 2 away, 65 offline)
12:36 --- im.bitlbee.org sets modes [&bitlbee +v ElFenominoDaPlaya]
--- Log closed Sun Nov 28 14:34:47 2010
--- Log opened Sun Nov 28 14:34:47 2010
14:34 --- im.bitlbee.org sets modes [&bitlbee +Ct]
14:34 --- Users 2 nicks [2 ops, 0 halfops, 0 voices, 0 normal]
14:34 @root: Welcome to the BitlBee gateway!
14:34 @root:  
14:34 @root: If you've never used BitlBee before, please do read the help information using the help command. Lots of FAQs are answered there.
14:34 @root: If you already have an account on this server, just use the identify command to identify yourself.
14:34 --- root sets modes [&bitlbee -C]
14:34 @root: Password accepted, settings and accounts loaded
14:34 @root: Trying to get all accounts connected...
14:34 @root: oscar - Logging in: Signon: 11070386
14:34 @root: oscar - Logging in: Connection established, cookie sent
14:34 @root: oscar - Logging in: Logged in
14:34 --- im.bitlbee.org sets modes [&bitlbee +v RaraAvis]
14:34 --- im.bitlbee.org sets modes [&bitlbee +v HelloKitty]
14:34 --- im.bitlbee.org sets modes [&bitlbee +v KampfWurst]
14:34 --- im.bitlbee.org sets modes [&bitlbee +v anekos]
14:34 --- root sets modes [&bitlbee +C]
14:34 --- Channel &bitlbee was synced in 6 seconds
14:39 --- im.bitlbee.org sets modes [&bitlbee -v HelloKitty]
14:50 --- im.bitlbee.org sets modes [&bitlbee +v HelloKitty]
15:04 --- im.bitlbee.org sets modes [&bitlbee +v HelloKitty]
15:04 --- im.bitlbee.org sets modes [&bitlbee +v HelloKitty]
15:14 --- im.bitlbee.org sets modes [&bitlbee +v metbo]
15:18 --- im.bitlbee.org sets modes [&bitlbee -v metbo]
15:18 --- im.bitlbee.org sets modes [&bitlbee +v metbo]
15:21 --- im.bitlbee.org sets modes [&bitlbee -v metbo]
15:22 --- im.bitlbee.org sets modes [&bitlbee +v metbo]
--- Log closed Sun Nov 28 15:32:52 2010
--- Log opened Sun Nov 28 15:32:53 2010
15:32 --- im.bitlbee.org sets modes [&bitlbee +Ct]
15:32 --- Users 2 nicks [2 ops, 0 halfops, 0 voices, 0 normal]
15:32 @root: Welcome to the BitlBee gateway!
15:32 @root:  
15:32 @root: If you've never used BitlBee before, please do read the help information using the help command. Lots of FAQs are answered there.
15:32 @root: If you already have an account on this server, just use the identify command to identify yourself.
15:32 --- root sets modes [&bitlbee -C]
15:32 @root: Password accepted, settings and accounts loaded
15:32 @root: Trying to get all accounts connected...
15:32 @root: oscar - Logging in: Signon: 11070386
15:32 @root: oscar - Logging in: Connection established, cookie sent
15:32 @root: oscar - Logging in: Logged in
15:32 --- im.bitlbee.org sets modes [&bitlbee +v HelloKitty]
15:32 --- im.bitlbee.org sets modes [&bitlbee +v RaraAvis]
15:32 --- im.bitlbee.org sets modes [&bitlbee +v KampfWurst]
15:32 --- im.bitlbee.org sets modes [&bitlbee +v metbo]
15:32 --- im.bitlbee.org sets modes [&bitlbee +v anekos]
15:32 --- root sets modes [&bitlbee +C]
15:32 --- Channel &bitlbee was synced in 6 seconds
--- Log closed Sun Nov 28 15:40:07 2010
--- Log opened Sun Nov 28 15:40:08 2010
15:40 --- im.bitlbee.org sets modes [&bitlbee +Ct]
15:40 --- Users 2 nicks [2 ops, 0 halfops, 0 voices, 0 normal]
15:40 @root: Welcome to the BitlBee gateway!
15:40 @root:  
15:40 @root: If you've never used BitlBee before, please do read the help information using the help command. Lots of FAQs are answered there.
15:40 @root: If you already have an account on this server, just use the identify command to identify yourself.
15:40 --- root sets modes [&bitlbee -C]
15:40 @root: Password accepted, settings and accounts loaded
15:40 @root: Trying to get all accounts connected...
15:40 @root: oscar - Logging in: Signon: 11070386
15:40 @root: oscar - Logging in: Connection established, cookie sent
15:40 @root: oscar - Logging in: Logged in
15:40 --- im.bitlbee.org sets modes [&bitlbee +v HelloKitty]
15:40 --- im.bitlbee.org sets modes [&bitlbee +v anekos]
15:40 --- im.bitlbee.org sets modes [&bitlbee +v KampfWurst]
15:40 --- im.bitlbee.org sets modes [&bitlbee +v RaraAvis]
15:40 --- root sets modes [&bitlbee +C]
15:40 --- Channel &bitlbee was synced in 6 seconds
15:40 --- im.bitlbee.org sets modes [&bitlbee +v metbo]
15:43 --- im.bitlbee.org sets modes [&bitlbee -v metbo]
15:43 --- im.bitlbee.org sets modes [&bitlbee -v RaraAvis]
15:43 --- im.bitlbee.org sets modes [&bitlbee +v RaraAvis]
15:43 --- im.bitlbee.org sets modes [&bitlbee +v metbo]
15:54 --- im.bitlbee.org sets modes [&bitlbee -v metbo]
15:55 --- im.bitlbee.org sets modes [&bitlbee +v metbo]
15:56 --- im.bitlbee.org sets modes [&bitlbee -v metbo]
15:58 --- im.bitlbee.org sets modes [&bitlbee +v metbo]
16:00 --- im.bitlbee.org sets modes [&bitlbee +v metbo]
--- Log closed Sun Nov 28 16:13:48 2010
--- Log opened Sun Nov 28 16:13:50 2010
16:13 --- im.bitlbee.org sets modes [&bitlbee +Ct]
16:13 --- Users 2 nicks [2 ops, 0 halfops, 0 voices, 0 normal]
16:13 @root: Welcome to the BitlBee gateway!
16:13 @root:  
16:13 @root: If you've never used BitlBee before, please do read the help information using the help command. Lots of FAQs are answered there.
16:13 @root: If you already have an account on this server, just use the identify command to identify yourself.
16:13 --- root sets modes [&bitlbee -C]
16:13 @root: Password accepted, settings and accounts loaded
16:13 @root: Trying to get all accounts connected...
16:13 @root: oscar - Logging in: Signon: 11070386
16:13 @root: oscar - Logging in: Connection established, cookie sent
16:13 @root: oscar - Logging in: Logged in
16:13 --- im.bitlbee.org sets modes [&bitlbee +v HelloKitty]
16:13 --- im.bitlbee.org sets modes [&bitlbee +v anekos]
16:13 --- im.bitlbee.org sets modes [&bitlbee +v KampfWurst]
16:13 --- im.bitlbee.org sets modes [&bitlbee +v metbo]
16:13 --- root sets modes [&bitlbee +C]
16:13 --- Channel &bitlbee was synced in 7 seconds
16:17 --- im.bitlbee.org sets modes [&bitlbee +v metbo]
16:39 --- im.bitlbee.org sets modes [&bitlbee -v HelloKitty]
16:49 --- im.bitlbee.org sets modes [&bitlbee +v HelloKitty]
16:57 --- im.bitlbee.org sets modes [&bitlbee +v Sameriter]
--- Log closed Sun Nov 28 17:11:53 2010
--- Log opened Sun Nov 28 17:11:54 2010
17:11 --- im.bitlbee.org sets modes [&bitlbee +Ct]
17:11 --- Users 2 nicks [2 ops, 0 halfops, 0 voices, 0 normal]
17:11 @root: Welcome to the BitlBee gateway!
17:11 @root:  
17:11 @root: If you've never used BitlBee before, please do read the help information using the help command. Lots of FAQs are answered there.
17:11 @root: If you already have an account on this server, just use the identify command to identify yourself.
17:11 --- root sets modes [&bitlbee -C]
17:11 @root: Password accepted, settings and accounts loaded
17:11 @root: Trying to get all accounts connected...
17:11 @root: oscar - Logging in: Signon: 11070386
17:11 @root: oscar - Logging in: Connection established, cookie sent
17:11 @root: oscar - Logging in: Logged in
17:11 --- im.bitlbee.org sets modes [&bitlbee +v Christian]
17:11 --- im.bitlbee.org sets modes [&bitlbee +v KampfWurst]
17:11 --- im.bitlbee.org sets modes [&bitlbee +v anekos]
17:11 --- im.bitlbee.org sets modes [&bitlbee +v metbo]
17:11 --- root sets modes [&bitlbee +C]
17:12 --- Channel &bitlbee was synced in 6 seconds
17:15 --- im.bitlbee.org sets modes [&bitlbee +v RaraAvis]
17:16 --- im.bitlbee.org sets modes [&bitlbee +v HelloKitty]
17:29 --- im.bitlbee.org sets modes [&bitlbee -v RaraAvis]
17:29 --- im.bitlbee.org sets modes [&bitlbee +v HelloKitty]
17:35 --- im.bitlbee.org sets modes [&bitlbee +v Ches]
17:35 --- im.bitlbee.org sets modes [&bitlbee -v Ches]
17:37 --- im.bitlbee.org sets modes [&bitlbee -v Christian]
17:44 --- im.bitlbee.org sets modes [&bitlbee +v sas]
17:44 --- im.bitlbee.org sets modes [&bitlbee -v HelloKitty]
17:47 --- im.bitlbee.org sets modes [&bitlbee +v RaraAvis]
18:12 @iaj: blist
18:12 @root: Nick              Handle/Account                            Status
18:12 @root: anekos            67079640 oscar(11070386)                  Online
18:12 @root: KampfWurst        46172364 oscar(11070386)                  Online
18:12 @root: metbo             246151769 oscar(11070386)                 Online
18:12 @root: RaraAvis          161520265 oscar(11070386)                 Online
18:12 @root: Ches              165422672 oscar(11070386)                 Occupied
18:12 @root: Christian         78539171 oscar(11070386)                  Away
18:12 @root: Dan               46336441 oscar(11070386)                  Invisible
18:12 @root: ElFenominoDaPlay  113554238 oscar(11070386)                 Invisible
18:12 @root: Pestberzerker     143548916 oscar(11070386)                 Occupied
18:12 @root: 68 buddies (4 available, 5 away, 59 offline)
18:19 --- im.bitlbee.org sets modes [&bitlbee +v Justine]
18:22 --- im.bitlbee.org sets modes [&bitlbee +v RaraAvis]
18:42 --- im.bitlbee.org sets modes [&bitlbee +v HelloKitty]
18:47 --- im.bitlbee.org sets modes [&bitlbee +v RaraAvis]
18:47 --- im.bitlbee.org sets modes [&bitlbee -v HelloKitty]
--- Log closed Sun Nov 28 19:06:59 2010
--- Log opened Sun Nov 28 19:07:00 2010
19:07 --- im.bitlbee.org sets modes [&bitlbee +Ct]
19:07 --- Users 2 nicks [2 ops, 0 halfops, 0 voices, 0 normal]
19:07 @root: Welcome to the BitlBee gateway!
19:07 @root:  
19:07 @root: If you've never used BitlBee before, please do read the help information using the help command. Lots of FAQs are answered there.
19:07 @root: If you already have an account on this server, just use the identify command to identify yourself.
19:07 --- root sets modes [&bitlbee -C]
19:07 @root: Password accepted, settings and accounts loaded
19:07 @root: New request: You're already connected to this server. Would you like to take over this session?
19:07 @root: You can use the yes/no commands to accept/reject this request.
19:07 --- root sets modes [&bitlbee +C]
19:07 --- Channel &bitlbee was synced in 6 seconds
--- Log closed Sun Nov 28 19:14:14 2010
--- Log opened Sun Nov 28 19:14:15 2010
19:14 --- im.bitlbee.org sets modes [&bitlbee +Ct]
19:14 --- Users 2 nicks [2 ops, 0 halfops, 0 voices, 0 normal]
19:14 @root: Welcome to the BitlBee gateway!
19:14 @root:  
19:14 @root: If you've never used BitlBee before, please do read the help information using the help command. Lots of FAQs are answered there.
19:14 @root: If you already have an account on this server, just use the identify command to identify yourself.
19:14 --- root sets modes [&bitlbee -C]
19:14 @root: Password accepted, settings and accounts loaded
19:14 @root: Trying to get all accounts connected...
19:14 @root: oscar - Logging in: Signon: 11070386
19:14 @root: oscar - Logging in: Connection established, cookie sent
19:14 @root: oscar - Logging in: Logged in
19:14 --- im.bitlbee.org sets modes [&bitlbee +v metbo]
19:14 --- im.bitlbee.org sets modes [&bitlbee +v anekos]
19:14 --- im.bitlbee.org sets modes [&bitlbee +v RaraAvis]
19:14 --- im.bitlbee.org sets modes [&bitlbee +v KampfWurst]
19:14 --- root sets modes [&bitlbee +C]
19:14 --- Channel &bitlbee was synced in 6 seconds
19:57 --- im.bitlbee.org sets modes [&bitlbee +v Shine]
19:57 --- im.bitlbee.org sets modes [&bitlbee -v Shine]
20:37 @root: oscar - Error: Connection aborted by server: someone else logged in with your account
20:37 @root: oscar - Signing off..
--- Log closed Mon Nov 29 08:19:23 2010
