--- Log opened Tue Oct 19 00:00:59 2010
01:16 --- im.bitlbee.org sets modes [&bitlbee +v Dan]
01:16 --- im.bitlbee.org sets modes [&bitlbee -v Dan]
01:54 --- im.bitlbee.org sets modes [&bitlbee +v Lucy]
02:45 --- im.bitlbee.org sets modes [&bitlbee -v Lucy]
02:48 --- im.bitlbee.org sets modes [&bitlbee +v Lucy]
05:59 --- im.bitlbee.org sets modes [&bitlbee +v HelloKitty]
--- Log closed Tue Oct 19 08:42:20 2010
--- Log opened Tue Oct 19 08:42:22 2010
08:42 --- im.bitlbee.org sets modes [&bitlbee +Ct]
08:42 --- Users 2 nicks [2 ops, 0 halfops, 0 voices, 0 normal]
08:42 @root: Welcome to the BitlBee gateway!
08:42 @root:  
08:42 @root: If you've never used BitlBee before, please do read the help information using the help command. Lots of FAQs are answered there.
08:42 @root: If you already have an account on this server, just use the identify command to identify yourself.
08:42 --- root sets modes [&bitlbee -C]
08:42 @root: Password accepted, settings and accounts loaded
08:42 @root: Trying to get all accounts connected...
08:42 @root: oscar - Logging in: Signon: 11070386
08:42 @root: oscar - Logging in: Connection established, cookie sent
08:42 @root: oscar - Logging in: Logged in
08:42 --- root sets modes [&bitlbee +C]
08:42 --- Channel &bitlbee was synced in 6 seconds
08:43 --- im.bitlbee.org sets modes [&bitlbee +v RaraAvis]
08:50 --- im.bitlbee.org sets modes [&bitlbee +v anekos]
08:50 --- im.bitlbee.org sets modes [&bitlbee +v Hilfigergirl]
09:04 --- im.bitlbee.org sets modes [&bitlbee -v RaraAvis]
09:20 --- im.bitlbee.org sets modes [&bitlbee +v RaraAvis]
09:20 --- im.bitlbee.org sets modes [&bitlbee +v Hilfigergirl]
09:50 --- im.bitlbee.org sets modes [&bitlbee +v Hilfigergirl]
09:56 --- im.bitlbee.org sets modes [&bitlbee -v RaraAvis]
10:01 --- im.bitlbee.org sets modes [&bitlbee +v RaraAvis]
10:28 --- im.bitlbee.org sets modes [&bitlbee +v Hilfigergirl]
10:32 --- im.bitlbee.org sets modes [&bitlbee -v Hilfigergirl]
10:50 --- im.bitlbee.org sets modes [&bitlbee +v Hilfigergirl]
10:58 --- im.bitlbee.org sets modes [&bitlbee +v Hilfigergirl]
10:59 --- im.bitlbee.org sets modes [&bitlbee +v Wolle]
11:08 --- im.bitlbee.org sets modes [&bitlbee -v Hilfigergirl]
11:14 --- im.bitlbee.org sets modes [&bitlbee +v Hilfigergirl]
11:33 @iaj: blist
11:33 @root: Nick              Handle/Account                            Status
11:33 @root: anekos            67079640 oscar(11070386)                  Online
11:33 @root: Melissa           300115593 oscar(11070386)                 Away
11:33 @root: 67 buddies (1 available, 1 away, 65 offline)
--- Log opened Tue Oct 19 11:57:48 2010
11:57 --- im.bitlbee.org sets modes [&bitlbee +Ct]
11:57 --- Users 2 nicks [2 ops, 0 halfops, 0 voices, 0 normal]
11:57 @root: Welcome to the BitlBee gateway!
11:57 @root:  
11:57 @root: If you've never used BitlBee before, please do read the help information using the help command. Lots of FAQs are answered there.
11:57 @root: If you already have an account on this server, just use the identify command to identify yourself.
11:57 --- root sets modes [&bitlbee -C]
11:57 @root: Password accepted, settings and accounts loaded
11:57 @root: Trying to get all accounts connected...
11:57 @root: oscar - Logging in: Signon: 11070386
11:57 @root: oscar - Logging in: Connection established, cookie sent
11:57 @root: oscar - Logging in: Logged in
11:57 --- im.bitlbee.org sets modes [&bitlbee +v LMA]
11:57 --- im.bitlbee.org sets modes [&bitlbee +v anekos]
11:57 --- Channel &bitlbee was synced in 1 seconds
11:57 --- root sets modes [&bitlbee +C]
12:09 --- im.bitlbee.org sets modes [&bitlbee +v Wolle]
12:26 --- im.bitlbee.org sets modes [&bitlbee +v Panulli]
12:44 --- im.bitlbee.org sets modes [&bitlbee -v Panulli]
12:45 --- im.bitlbee.org sets modes [&bitlbee +v Panulli]
12:52 @iaj: blist
12:52 @root: Nick              Handle/Account                            Status
12:52 @root: anekos            67079640 oscar(11070386)                  Online
12:52 @root: Melissa           300115593 oscar(11070386)                 Away
12:52 @root: 67 buddies (1 available, 1 away, 65 offline)
13:04 --- im.bitlbee.org sets modes [&bitlbee +v David]
13:15 --- im.bitlbee.org sets modes [&bitlbee +v ashes]
13:48 @iaj: blist
13:48 @root: Nick              Handle/Account                            Status
13:48 @root: anekos            67079640 oscar(11070386)                  Online
13:48 @root: ashes             79416155 oscar(11070386)                  Online
13:48 @root: David             211853395 oscar(11070386)                 Online
13:48 @root: 67 buddies (3 available, 0 away, 64 offline)
--- Log closed Tue Oct 19 16:01:03 2010
--- Log opened Tue Oct 19 16:06:04 2010
16:06 --- im.bitlbee.org sets modes [&bitlbee +Ct]
16:06 --- Users 2 nicks [2 ops, 0 halfops, 0 voices, 0 normal]
16:06 @root: Welcome to the BitlBee gateway!
16:06 @root:  
16:06 @root: If you've never used BitlBee before, please do read the help information using the help command. Lots of FAQs are answered there.
16:06 @root: If you already have an account on this server, just use the identify command to identify yourself.
16:06 --- root sets modes [&bitlbee -C]
16:06 @root: Password accepted, settings and accounts loaded
16:06 @root: Trying to get all accounts connected...
16:06 @root: oscar - Logging in: Signon: 11070386
16:06 @root: oscar - Logging in: Connection established, cookie sent
16:06 @root: oscar - Logging in: Logged in
16:06 --- im.bitlbee.org sets modes [&bitlbee +v ashes]
16:06 --- im.bitlbee.org sets modes [&bitlbee +v David]
16:06 --- im.bitlbee.org sets modes [&bitlbee +v anekos]
16:06 --- root sets modes [&bitlbee +C]
16:06 --- Channel &bitlbee was synced in 6 seconds
16:23 --- im.bitlbee.org sets modes [&bitlbee +v Justine]
16:32 --- im.bitlbee.org sets modes [&bitlbee +v Wolle]
16:44 --- im.bitlbee.org sets modes [&bitlbee +v David]
16:49 --- im.bitlbee.org sets modes [&bitlbee +v metbo]
--- Log closed Tue Oct 19 17:58:22 2010
--- Log opened Tue Oct 19 17:58:24 2010
17:58 --- im.bitlbee.org sets modes [&bitlbee +Ct]
17:58 --- Users 2 nicks [2 ops, 0 halfops, 0 voices, 0 normal]
17:58 @root: Welcome to the BitlBee gateway!
17:58 @root:  
17:58 @root: If you've never used BitlBee before, please do read the help information using the help command. Lots of FAQs are answered there.
17:58 @root: If you already have an account on this server, just use the identify command to identify yourself.
17:58 --- root sets modes [&bitlbee -C]
17:58 @root: Password accepted, settings and accounts loaded
17:58 @root: Trying to get all accounts connected...
17:58 @root: oscar - Logging in: Signon: 11070386
17:58 @root: oscar - Logging in: Connection established, cookie sent
17:58 @root: oscar - Logging in: Logged in
17:58 --- im.bitlbee.org sets modes [&bitlbee +v Wolle]
17:58 --- im.bitlbee.org sets modes [&bitlbee +v Bastian]
17:58 --- im.bitlbee.org sets modes [&bitlbee +v ashes]
17:58 --- im.bitlbee.org sets modes [&bitlbee +v Christian]
17:58 --- im.bitlbee.org sets modes [&bitlbee +v metbo]
17:58 --- im.bitlbee.org sets modes [&bitlbee +v anekos]
17:58 --- im.bitlbee.org sets modes [&bitlbee +v Justine]
17:58 --- root sets modes [&bitlbee +C]
17:58 --- Channel &bitlbee was synced in 6 seconds
17:58 --- im.bitlbee.org sets modes [&bitlbee +v Lucy]
--- Log closed Tue Oct 19 18:14:46 2010
--- Log opened Tue Oct 19 18:14:47 2010
18:14 --- im.bitlbee.org sets modes [&bitlbee +Ct]
18:14 --- Users 2 nicks [2 ops, 0 halfops, 0 voices, 0 normal]
18:14 @root: Welcome to the BitlBee gateway!
18:14 @root:  
18:14 @root: If you've never used BitlBee before, please do read the help information using the help command. Lots of FAQs are answered there.
18:14 @root: If you already have an account on this server, just use the identify command to identify yourself.
18:14 --- root sets modes [&bitlbee -C]
18:14 @root: Password accepted, settings and accounts loaded
18:14 @root: Trying to get all accounts connected...
18:14 @root: oscar - Logging in: Signon: 11070386
18:14 @root: oscar - Logging in: Connection established, cookie sent
18:14 @root: oscar - Logging in: Logged in
18:14 --- im.bitlbee.org sets modes [&bitlbee +v metbo]
18:14 --- im.bitlbee.org sets modes [&bitlbee +v Justine]
18:14 --- im.bitlbee.org sets modes [&bitlbee +v Christian]
18:14 --- im.bitlbee.org sets modes [&bitlbee +v Wolle]
18:14 --- im.bitlbee.org sets modes [&bitlbee +v ashes]
18:14 --- im.bitlbee.org sets modes [&bitlbee +v Bastian]
18:14 --- im.bitlbee.org sets modes [&bitlbee +v Lucy]
18:14 --- im.bitlbee.org sets modes [&bitlbee +v anekos]
18:14 --- root sets modes [&bitlbee +C]
18:14 --- Channel &bitlbee was synced in 6 seconds
18:21 --- im.bitlbee.org sets modes [&bitlbee -v Bastian]
18:21 --- im.bitlbee.org sets modes [&bitlbee +v KampfWurst]
18:21 --- im.bitlbee.org sets modes [&bitlbee +v KampfWurst]
18:27 --- im.bitlbee.org sets modes [&bitlbee +v Bastian]
18:29 --- im.bitlbee.org sets modes [&bitlbee +v Justine]
18:36 --- im.bitlbee.org sets modes [&bitlbee +v buTcHEr]
18:47 --- im.bitlbee.org sets modes [&bitlbee +v RaraAvis]
18:52 --- im.bitlbee.org sets modes [&bitlbee +v Marcel]
18:52 --- im.bitlbee.org sets modes [&bitlbee +v KampfWurst]
19:02 --- im.bitlbee.org sets modes [&bitlbee -v Christian]
19:05 --- im.bitlbee.org sets modes [&bitlbee -v RaraAvis]
19:05 --- im.bitlbee.org sets modes [&bitlbee +v RaraAvis]
19:16 --- im.bitlbee.org sets modes [&bitlbee -v Marcel]
19:31 --- im.bitlbee.org sets modes [&bitlbee +v Wolle]
19:32 --- im.bitlbee.org sets modes [&bitlbee +v Marcel]
19:38 --- im.bitlbee.org sets modes [&bitlbee +v Ghostkilla]
19:55 --- im.bitlbee.org sets modes [&bitlbee +v Wolle]
19:56 --- im.bitlbee.org sets modes [&bitlbee +v Lucy]
19:57 --- im.bitlbee.org sets modes [&bitlbee -v Marcel]
19:59 --- im.bitlbee.org sets modes [&bitlbee +v Marcel]
20:29 --- im.bitlbee.org sets modes [&bitlbee +v Shine]
20:29 --- im.bitlbee.org sets modes [&bitlbee -v Shine]
20:31 --- im.bitlbee.org sets modes [&bitlbee +v Marcel]
--- Log closed Tue Oct 19 21:09:53 2010
--- Log opened Tue Oct 19 21:09:54 2010
21:09 --- im.bitlbee.org sets modes [&bitlbee +Ct]
21:09 --- Users 2 nicks [2 ops, 0 halfops, 0 voices, 0 normal]
21:09 @root: Welcome to the BitlBee gateway!
21:09 @root:  
21:09 @root: If you've never used BitlBee before, please do read the help information using the help command. Lots of FAQs are answered there.
21:09 @root: If you already have an account on this server, just use the identify command to identify yourself.
21:09 --- root sets modes [&bitlbee -C]
21:09 @root: Password accepted, settings and accounts loaded
21:09 @root: New request: You're already connected to this server. Would you like to take over this session?
21:09 @root: You can use the yes/no commands to accept/reject this request.
21:09 --- root sets modes [&bitlbee +C]
21:10 --- Channel &bitlbee was synced in 6 seconds
--- Log closed Tue Oct 19 21:16:07 2010
--- Log opened Tue Oct 19 21:16:08 2010
21:16 --- im.bitlbee.org sets modes [&bitlbee +Ct]
21:16 --- Users 2 nicks [2 ops, 0 halfops, 0 voices, 0 normal]
21:16 @root: Welcome to the BitlBee gateway!
21:16 @root:  
21:16 @root: If you've never used BitlBee before, please do read the help information using the help command. Lots of FAQs are answered there.
21:16 @root: If you already have an account on this server, just use the identify command to identify yourself.
21:16 --- root sets modes [&bitlbee -C]
21:16 @root: Password accepted, settings and accounts loaded
21:16 @root: Trying to get all accounts connected...
21:16 @root: oscar - Logging in: Signon: 11070386
21:16 @root: oscar - Logging in: Connection established, cookie sent
21:16 @root: oscar - Logging in: Logged in
21:16 --- im.bitlbee.org sets modes [&bitlbee +v anekos]
21:16 --- im.bitlbee.org sets modes [&bitlbee +v HelloKitty]
21:16 --- im.bitlbee.org sets modes [&bitlbee +v KampfWurst]
21:16 --- im.bitlbee.org sets modes [&bitlbee +v Marcel]
21:16 --- im.bitlbee.org sets modes [&bitlbee +v Ghostkilla]
21:16 --- root sets modes [&bitlbee +C]
21:16 --- Channel &bitlbee was synced in 6 seconds
21:35 --- im.bitlbee.org sets modes [&bitlbee +v Wolle]
21:40 --- im.bitlbee.org sets modes [&bitlbee +v DukeDany]
21:56 --- im.bitlbee.org sets modes [&bitlbee +v RaraAvis]
22:04 --- im.bitlbee.org sets modes [&bitlbee +v Hilfigergirl]
22:06 --- im.bitlbee.org sets modes [&bitlbee +v Shine]
22:17 --- im.bitlbee.org sets modes [&bitlbee +v Wolle]
22:26 --- im.bitlbee.org sets modes [&bitlbee +v Hilfigergirl]
22:39 --- im.bitlbee.org sets modes [&bitlbee +v Christian]
22:52 --- im.bitlbee.org sets modes [&bitlbee +v Christian]
23:23 --- im.bitlbee.org sets modes [&bitlbee -v RaraAvis]
23:58 --- im.bitlbee.org sets modes [&bitlbee +v RaraAvis]
--- Log closed Wed Oct 20 00:00:31 2010
