--- Log opened Wed Oct 27 13:15:55 2010
--- Log closed Wed Oct 27 13:15:56 2010
--- Log opened Wed Oct 27 13:15:58 2010
13:15 --- im.bitlbee.org sets modes [&bitlbee +Ct]
13:15 --- Users 2 nicks [2 ops, 0 halfops, 0 voices, 0 normal]
13:15 @root: Welcome to the BitlBee gateway!
13:15 @root:  
13:15 @root: If you've never used BitlBee before, please do read the help information using the help command. Lots of FAQs are answered there.
13:15 @root: If you already have an account on this server, just use the identify command to identify yourself.
13:15 --- root sets modes [&bitlbee -C]
13:15 @root: Password accepted, settings and accounts loaded
13:15 @root: Trying to get all accounts connected...
13:15 @root: oscar - Logging in: Signon: 11070386
13:15 @root: oscar - Logging in: Connection established, cookie sent
13:16 @root: oscar - Logging in: Logged in
13:16 --- im.bitlbee.org sets modes [&bitlbee +v anekos]
13:16 --- root sets modes [&bitlbee +C]
13:16 --- Channel &bitlbee was synced in 6 seconds
13:39 --- im.bitlbee.org sets modes [&bitlbee +v LMA]
14:11 --- im.bitlbee.org sets modes [&bitlbee +v RaraAvis]
14:15 --- im.bitlbee.org sets modes [&bitlbee +v RaraAvis]
14:18 --- im.bitlbee.org sets modes [&bitlbee +v Justine]
14:21 --- im.bitlbee.org sets modes [&bitlbee +v RaraAvis]
14:46 --- im.bitlbee.org sets modes [&bitlbee -v RaraAvis]
14:47 --- im.bitlbee.org sets modes [&bitlbee +v RaraAvis]
14:50 --- im.bitlbee.org sets modes [&bitlbee -v RaraAvis]
14:54 --- im.bitlbee.org sets modes [&bitlbee +v RaraAvis]
15:05 --- im.bitlbee.org sets modes [&bitlbee -v RaraAvis]
15:07 --- im.bitlbee.org sets modes [&bitlbee +v RaraAvis]
15:44 --- im.bitlbee.org sets modes [&bitlbee -v Justine]
15:59 --- im.bitlbee.org sets modes [&bitlbee +v Lucy]
16:12 --- im.bitlbee.org sets modes [&bitlbee +v Justine]
16:27 --- im.bitlbee.org sets modes [&bitlbee -v Justine]
16:38 --- im.bitlbee.org sets modes [&bitlbee +v Justine]
17:14 --- im.bitlbee.org sets modes [&bitlbee +v buTcHEr]
17:49 --- im.bitlbee.org sets modes [&bitlbee +v Wolle]
17:53 --- im.bitlbee.org sets modes [&bitlbee +v RaraAvis]
17:57 @iaj: blist
17:57 @root: Nick              Handle/Account                            Status
17:57 @root: anekos            67079640 oscar(11070386)                  Online
17:57 @root: LMA               59639994 oscar(11070386)                  Online
17:57 @root: RaraAvis          161520265 oscar(11070386)                 Online
17:57 @root: Wolle             96039991 oscar(11070386)                  Online
17:57 @root: Chris             113554238 oscar(11070386)                 Occupied
17:57 @root: Dan               46336441 oscar(11070386)                  Invisible
17:57 @root: eSRoe17           470136953 oscar(11070386)                 Invisible
17:57 @root: Melissa           300115593 oscar(11070386)                 Away
17:57 @root: Pestberzerker     143548916 oscar(11070386)                 Occupied
17:57 @root: 67 buddies (4 available, 5 away, 58 offline)
18:04 --- im.bitlbee.org sets modes [&bitlbee +v buTcHEr]
18:16 --- im.bitlbee.org sets modes [&bitlbee +v KampfWurst]
18:21 --- im.bitlbee.org sets modes [&bitlbee +v metbo]
18:22 --- im.bitlbee.org sets modes [&bitlbee -v RaraAvis]
--- Log closed Wed Oct 27 18:30:25 2010
--- Log opened Wed Oct 27 18:35:31 2010
18:35 --- im.bitlbee.org sets modes [&bitlbee +Ct]
18:35 --- Users 2 nicks [2 ops, 0 halfops, 0 voices, 0 normal]
18:35 @root: Welcome to the BitlBee gateway!
18:35 @root:  
18:35 @root: If you've never used BitlBee before, please do read the help information using the help command. Lots of FAQs are answered there.
18:35 @root: If you already have an account on this server, just use the identify command to identify yourself.
18:35 --- root sets modes [&bitlbee -C]
18:35 @root: Password accepted, settings and accounts loaded
18:35 @root: Trying to get all accounts connected...
18:35 @root: oscar - Logging in: Signon: 11070386
18:35 @root: oscar - Login error: Authentication Failed
18:35 @root: oscar - Logging in: Signing off..
18:35 @root: oscar - Logging in: Reconnecting in 5 seconds..
18:35 --- root sets modes [&bitlbee +C]
18:35 @root: oscar - Logging in: Signon: 11070386
18:35 @root: oscar - Logging in: Connection established, cookie sent
18:35 @root: oscar - Logging in: Logged in
18:35 --- im.bitlbee.org sets modes [&bitlbee +v anekos]
18:35 --- im.bitlbee.org sets modes [&bitlbee +v buTcHEr]
18:35 --- im.bitlbee.org sets modes [&bitlbee +v Wolle]
18:35 --- im.bitlbee.org sets modes [&bitlbee +v BoehsesSchaf]
18:35 --- Channel &bitlbee was synced in 13 seconds
18:37 --- im.bitlbee.org sets modes [&bitlbee +v RaraAvis]
--- Log closed Wed Oct 27 18:44:50 2010
--- Log opened Wed Oct 27 18:44:51 2010
18:44 --- im.bitlbee.org sets modes [&bitlbee +Ct]
18:44 --- Users 2 nicks [2 ops, 0 halfops, 0 voices, 0 normal]
18:44 @root: Welcome to the BitlBee gateway!
18:44 @root:  
18:44 @root: If you've never used BitlBee before, please do read the help information using the help command. Lots of FAQs are answered there.
18:44 @root: If you already have an account on this server, just use the identify command to identify yourself.
18:44 --- root sets modes [&bitlbee -C]
18:44 @root: Password accepted, settings and accounts loaded
18:44 @root: Trying to get all accounts connected...
18:44 @root: oscar - Logging in: Signon: 11070386
18:44 @root: oscar - Logging in: Connection established, cookie sent
18:44 @root: oscar - Logging in: Logged in
18:44 --- im.bitlbee.org sets modes [&bitlbee +v BoehsesSchaf]
18:44 --- im.bitlbee.org sets modes [&bitlbee +v anekos]
18:44 --- im.bitlbee.org sets modes [&bitlbee +v Wolle]
18:44 --- im.bitlbee.org sets modes [&bitlbee +v RaraAvis]
18:44 --- root sets modes [&bitlbee +C]
18:44 --- Channel &bitlbee was synced in 6 seconds
18:46 @iaj: blist
18:46 @root: Nick              Handle/Account                            Status
18:46 @root: anekos            67079640 oscar(11070386)                  Online
18:46 @root: BoehsesSchaf      440624613 oscar(11070386)                 Online
18:46 @root: RaraAvis          161520265 oscar(11070386)                 Online
18:46 @root: Wolle             96039991 oscar(11070386)                  Online
18:46 @root: Chris             113554238 oscar(11070386)                 Occupied
18:46 @root: Dan               46336441 oscar(11070386)                  Invisible
18:46 @root: eSRoe17           470136953 oscar(11070386)                 Invisible
18:46 @root: Melissa           300115593 oscar(11070386)                 Away
18:46 @root: 67 buddies (4 available, 4 away, 59 offline)
18:48 --- im.bitlbee.org sets modes [&bitlbee +v metbo]
18:51 --- im.bitlbee.org sets modes [&bitlbee +v Justine]
18:58 --- im.bitlbee.org sets modes [&bitlbee -v BoehsesSchaf]
19:01 --- im.bitlbee.org sets modes [&bitlbee +v BoehsesSchaf]
--- Log closed Wed Oct 27 19:24:45 2010
--- Log opened Wed Oct 27 19:24:46 2010
19:24 --- im.bitlbee.org sets modes [&bitlbee +Ct]
19:24 --- Users 2 nicks [2 ops, 0 halfops, 0 voices, 0 normal]
19:24 @root: Welcome to the BitlBee gateway!
19:24 @root:  
19:24 @root: If you've never used BitlBee before, please do read the help information using the help command. Lots of FAQs are answered there.
19:24 @root: If you already have an account on this server, just use the identify command to identify yourself.
19:24 --- root sets modes [&bitlbee -C]
19:24 @root: Password accepted, settings and accounts loaded
19:24 @root: Trying to get all accounts connected...
19:24 @root: oscar - Logging in: Signon: 11070386
19:24 @root: oscar - Login error: Authentication Failed
19:24 @root: oscar - Logging in: Signing off..
19:24 @root: oscar - Logging in: Reconnecting in 5 seconds..
19:24 --- root sets modes [&bitlbee +C]
19:24 @root: oscar - Logging in: Signon: 11070386
19:24 --- Channel &bitlbee was synced in 6 seconds
19:24 @root: oscar - Logging in: Connection established, cookie sent
19:24 @root: oscar - Logging in: Logged in
19:24 --- im.bitlbee.org sets modes [&bitlbee +v RaraAvis]
19:24 --- im.bitlbee.org sets modes [&bitlbee +v BoehsesSchaf]
19:24 --- im.bitlbee.org sets modes [&bitlbee +v anekos]
19:24 --- im.bitlbee.org sets modes [&bitlbee +v metbo]
19:24 --- im.bitlbee.org sets modes [&bitlbee +v Justine]
19:24 --- im.bitlbee.org sets modes [&bitlbee +v Wolle]
19:25 @iaj: blist
19:25 @root: Nick              Handle/Account                            Status
19:25 @root: anekos            67079640 oscar(11070386)                  Online
19:25 @root: BoehsesSchaf      440624613 oscar(11070386)                 Online
19:25 @root: Justine           240240269 oscar(11070386)                 Online
19:25 @root: metbo             246151769 oscar(11070386)                 Online
19:25 @root: RaraAvis          161520265 oscar(11070386)                 Online
19:25 @root: Wolle             96039991 oscar(11070386)                  Online
19:25 @root: Chris             113554238 oscar(11070386)                 Occupied
19:25 @root: Dan               46336441 oscar(11070386)                  Invisible
19:25 @root: eSRoe17           470136953 oscar(11070386)                 Invisible
19:25 @root: Melissa           300115593 oscar(11070386)                 Away
19:25 @root: 67 buddies (6 available, 4 away, 57 offline)
19:27 --- im.bitlbee.org sets modes [&bitlbee -v RaraAvis]
19:35 --- im.bitlbee.org sets modes [&bitlbee -v BoehsesSchaf]
19:39 --- im.bitlbee.org sets modes [&bitlbee +v BoehsesSchaf]
19:53 @iaj: l
19:53 @root: Unknown command: l. Please use help commands to get a list of available commands.
19:53 @iaj: blist
19:53 @root: Nick              Handle/Account                            Status
19:53 @root: anekos            67079640 oscar(11070386)                  Online
19:53 @root: BoehsesSchaf      440624613 oscar(11070386)                 Online
19:53 @root: Justine           240240269 oscar(11070386)                 Online
19:53 @root: metbo             246151769 oscar(11070386)                 Online
19:53 @root: Wolle             96039991 oscar(11070386)                  Online
19:53 @root: Dan               46336441 oscar(11070386)                  Invisible
19:53 @root: eSRoe17           470136953 oscar(11070386)                 Invisible
19:53 @root: Melissa           300115593 oscar(11070386)                 Away
19:53 @root: RaraAvis          161520265 oscar(11070386)                 Away
19:53 @root: 67 buddies (5 available, 4 away, 58 offline)
19:55 --- im.bitlbee.org sets modes [&bitlbee +v Shine]
19:55 --- im.bitlbee.org sets modes [&bitlbee -v Shine]
20:02 --- im.bitlbee.org sets modes [&bitlbee -v BoehsesSchaf]
20:03 --- im.bitlbee.org sets modes [&bitlbee +v BoehsesSchaf]
--- Log closed Wed Oct 27 20:18:25 2010
--- Log opened Wed Oct 27 20:18:26 2010
20:18 --- im.bitlbee.org sets modes [&bitlbee +Ct]
20:18 --- Users 2 nicks [2 ops, 0 halfops, 0 voices, 0 normal]
20:18 @root: Welcome to the BitlBee gateway!
20:18 @root:  
20:18 @root: If you've never used BitlBee before, please do read the help information using the help command. Lots of FAQs are answered there.
20:18 @root: If you already have an account on this server, just use the identify command to identify yourself.
20:18 --- root sets modes [&bitlbee -C]
20:18 @root: Password accepted, settings and accounts loaded
20:18 @root: Trying to get all accounts connected...
20:18 @root: oscar - Logging in: Signon: 11070386
20:18 @root: oscar - Logging in: Connection established, cookie sent
20:18 @root: oscar - Logging in: Logged in
20:18 --- im.bitlbee.org sets modes [&bitlbee +v Justine]
20:18 --- im.bitlbee.org sets modes [&bitlbee +v metbo]
20:18 --- im.bitlbee.org sets modes [&bitlbee +v Wolle]
20:18 --- im.bitlbee.org sets modes [&bitlbee +v anekos]
20:18 --- root sets modes [&bitlbee +C]
20:18 --- Channel &bitlbee was synced in 6 seconds
20:23 @root: oscar - New request: The user 570510551 wants to add you to their buddy list for the following reason: No reason given.
20:23 @root: You can use the yes/no commands to accept/reject this request.
20:23 --- im.bitlbee.org sets modes [&bitlbee +v Marcel]
20:38 --- im.bitlbee.org sets modes [&bitlbee -v Marcel]
20:41 --- im.bitlbee.org sets modes [&bitlbee +v Marcel]
20:48 --- im.bitlbee.org sets modes [&bitlbee +v HelloKitty]
21:03 --- im.bitlbee.org sets modes [&bitlbee -v Justine]
21:18 --- im.bitlbee.org sets modes [&bitlbee +v Marcel]
21:24 --- im.bitlbee.org sets modes [&bitlbee +v Justine]
21:27 --- im.bitlbee.org sets modes [&bitlbee +v Christian]
21:37 --- im.bitlbee.org sets modes [&bitlbee +v KampfWurst]
21:39 --- im.bitlbee.org sets modes [&bitlbee -v Christian]
21:44 @iaj: blist
21:44 @root: Nick              Handle/Account                            Status
21:44 @root: anekos            67079640 oscar(11070386)                  Online
21:44 @root: Justine           240240269 oscar(11070386)                 Online
21:44 @root: KampfWurst        46172364 oscar(11070386)                  Online
21:44 @root: Marcel            308027834 oscar(11070386)                 Online
21:44 @root: metbo             246151769 oscar(11070386)                 Online
21:44 @root: Wolle             96039991 oscar(11070386)                  Online
21:44 @root: Christian         78539171 oscar(11070386)                  Away
21:44 @root: Dan               46336441 oscar(11070386)                  Invisible
21:44 @root: eSRoe17           470136953 oscar(11070386)                 Occupied
21:44 @root: Ghostkilla        66862684 oscar(11070386)                  Away
21:44 @root: Melissa           300115593 oscar(11070386)                 Away
21:44 @root: Shine             304308667 oscar(11070386)                 Invisible
21:44 @root: 67 buddies (6 available, 6 away, 55 offline)
21:52 --- im.bitlbee.org sets modes [&bitlbee -v Justine]
21:55 @iaj: blist
21:55 @root: Nick              Handle/Account                            Status
21:55 @root: anekos            67079640 oscar(11070386)                  Online
21:55 @root: KampfWurst        46172364 oscar(11070386)                  Online
21:55 @root: Marcel            308027834 oscar(11070386)                 Online
21:55 @root: metbo             246151769 oscar(11070386)                 Online
21:55 @root: Wolle             96039991 oscar(11070386)                  Online
21:55 @root: buTcHEr           264015105 oscar(11070386)                 Invisible
21:55 @root: Christian         78539171 oscar(11070386)                  Away
21:55 @root: Dan               46336441 oscar(11070386)                  Invisible
21:55 @root: eSRoe17           470136953 oscar(11070386)                 Invisible
21:55 @root: Ghostkilla        66862684 oscar(11070386)                  Away
21:55 @root: Justine           240240269 oscar(11070386)                 Away
21:55 @root: Melissa           300115593 oscar(11070386)                 Away
21:55 @root: Shine             304308667 oscar(11070386)                 Invisible
21:55 @root: 67 buddies (5 available, 8 away, 54 offline)
22:14 --- im.bitlbee.org sets modes [&bitlbee +v RaraAvis]
22:18 --- im.bitlbee.org sets modes [&bitlbee +v Justine]
22:24 --- im.bitlbee.org sets modes [&bitlbee +v RaraAvis]
22:25 --- im.bitlbee.org sets modes [&bitlbee -v RaraAvis]
22:32 --- im.bitlbee.org sets modes [&bitlbee +v RaraAvis]
22:40 --- im.bitlbee.org sets modes [&bitlbee +v David]
22:55 --- im.bitlbee.org sets modes [&bitlbee -v RaraAvis]
22:55 --- im.bitlbee.org sets modes [&bitlbee +v RaraAvis]
23:03 --- im.bitlbee.org sets modes [&bitlbee -v Justine]
23:05 --- im.bitlbee.org sets modes [&bitlbee +v Justine]
23:07 --- im.bitlbee.org sets modes [&bitlbee +v Wolle]
--- Log closed Thu Oct 28 00:00:55 2010
