--- Log opened Sat Oct 16 11:43:50 2010
--- Log opened Sat Oct 16 11:43:50 2010
--- Log closed Sat Oct 16 11:43:51 2010
--- Log closed Sat Oct 16 11:43:51 2010
--- Log opened Sat Oct 16 11:49:30 2010
11:49 --- im.bitlbee.org sets modes [&bitlbee +Ct]
11:49 --- Users 2 nicks [2 ops, 0 halfops, 0 voices, 0 normal]
11:49 @root: Welcome to the BitlBee gateway!
11:49 @root:  
11:49 @root: If you've never used BitlBee before, please do read the help information using the help command. Lots of FAQs are answered there.
11:49 @root: If you already have an account on this server, just use the identify command to identify yourself.
11:49 --- root sets modes [&bitlbee -C]
11:49 @root: Password accepted, settings and accounts loaded
11:49 @root: Trying to get all accounts connected...
11:49 @root: oscar - Logging in: Signon: 11070386
--- Log opened Sat Oct 16 11:49:30 2010
11:49 --- im.bitlbee.org sets modes [&bitlbee +Ct]
11:49 --- Users 2 nicks [2 ops, 0 halfops, 0 voices, 0 normal]
11:49 @root: Welcome to the BitlBee gateway!
11:49 @root:  
11:49 @root: If you've never used BitlBee before, please do read the help information using the help command. Lots of FAQs are answered there.
11:49 @root: If you already have an account on this server, just use the identify command to identify yourself.
11:49 --- root sets modes [&bitlbee -C]
11:49 @root: Password accepted, settings and accounts loaded
11:49 @root: New request: You're already connected to this server. Would you like to take over this session?
11:49 @root: You can use the yes/no commands to accept/reject this request.
11:49 @root: oscar - Logging in: Connection established, cookie sent
11:49 @root: oscar - Logging in: Logged in
11:49 --- im.bitlbee.org sets modes [&bitlbee +v Justine]
11:49 --- im.bitlbee.org sets modes [&bitlbee +v KampfWurst]
11:49 --- im.bitlbee.org sets modes [&bitlbee +v anekos]
11:49 --- root sets modes [&bitlbee +C]
11:49 --- root sets modes [&bitlbee +C]
11:49 --- Channel &bitlbee was synced in 6 seconds
11:49 --- Channel &bitlbee was synced in 6 seconds
11:51 @root: Could not take over old session
11:52 --- im.bitlbee.org sets modes [&bitlbee +v RaraAvis]
11:54 @root: Could not take over old session
11:57 @root: Could not take over old session
11:57 @root: Could not take over old session
11:57 @root: Could not take over old session
11:59 @root: Could not take over old session
12:02 @iaj: blist
12:02 @root: Nick              Handle/Account                            Status
12:02 @root: anekos            67079640 oscar(11070386)                  Online
12:02 @root: KampfWurst        46172364 oscar(11070386)                  Online
12:02 @root: RaraAvis          161520265 oscar(11070386)                 Online
12:02 @root: Chris             113554238 oscar(11070386)                 Invisible
12:02 @root: LMA               59639994 oscar(11070386)                  Invisible
12:02 @root: 67 buddies (3 available, 2 away, 62 offline)
12:03 --- im.bitlbee.org sets modes [&bitlbee -v RaraAvis]
12:07 --- im.bitlbee.org sets modes [&bitlbee +v RaraAvis]
12:07 @root: Could not take over old session
12:08 @root: Could not take over old session
12:09 @root: Could not take over old session
12:09 @root: Could not take over old session
12:09 --- im.bitlbee.org sets modes [&bitlbee +v Hilfigergirl]
12:10 @root: Could not take over old session
12:12 @root: Could not take over old session
12:12 @root: Could not take over old session
12:13 @root: Could not take over old session
12:13 @root: Could not take over old session
12:15 @root: Could not take over old session
12:17 --- im.bitlbee.org sets modes [&bitlbee -v RaraAvis]
12:18 @root: Could not take over old session
12:19 @root: Could not take over old session
12:20 @root: Could not take over old session
12:20 @root: Could not take over old session
12:22 @root: Could not take over old session
12:23 @root: Could not take over old session
12:24 @root: Could not take over old session
12:24 @iaj: iblist
12:24 @root: Unknown command: iblist. Please use help commands to get a list of available commands.
12:24 @iaj: blist 
12:24 @root: Nick              Handle/Account                            Status
12:24 @root: anekos            67079640 oscar(11070386)                  Online
12:24 @root: Hilfigergirl      171834524 oscar(11070386)                 Online
12:24 @root: KampfWurst        46172364 oscar(11070386)                  Online
12:24 @root: Chris             113554238 oscar(11070386)                 Occupied
12:24 @root: RaraAvis          161520265 oscar(11070386)                 Away
12:24 @root: Sameriter         61536736 oscar(11070386)                  Invisible
12:24 @root: 67 buddies (3 available, 3 away, 61 offline)
12:24 @iaj: blist 
12:24 @root: Nick              Handle/Account                            Status
12:24 @root: anekos            67079640 oscar(11070386)                  Online
12:24 @root: Hilfigergirl      171834524 oscar(11070386)                 Online
12:24 @root: KampfWurst        46172364 oscar(11070386)                  Online
12:24 @root: Chris             113554238 oscar(11070386)                 Occupied
12:24 @root: RaraAvis          161520265 oscar(11070386)                 Away
12:24 @root: Sameriter         61536736 oscar(11070386)                  Invisible
12:24 @root: 67 buddies (3 available, 3 away, 61 offline)
12:24 @iaj: blist 
12:24 @root: Nick              Handle/Account                            Status
12:24 @root: anekos            67079640 oscar(11070386)                  Online
12:24 @root: Hilfigergirl      171834524 oscar(11070386)                 Online
12:24 @root: KampfWurst        46172364 oscar(11070386)                  Online
12:24 @root: Chris             113554238 oscar(11070386)                 Occupied
12:24 @root: RaraAvis          161520265 oscar(11070386)                 Away
12:24 @root: Sameriter         61536736 oscar(11070386)                  Invisible
12:24 @root: 67 buddies (3 available, 3 away, 61 offline)
12:27 @root: Could not take over old session
12:27 @root: Could not take over old session
12:28 @root: Could not take over old session
12:28 @root: Could not take over old session
12:30 --- im.bitlbee.org sets modes [&bitlbee +v Marcel]
12:34 @root: Could not take over old session
12:38 @root: Could not take over old session
12:38 @root: Could not take over old session
12:39 --- im.bitlbee.org sets modes [&bitlbee +v Hilfigergirl]
12:40 @root: Could not take over old session
12:40 @root: Could not take over old session
12:41 @root: Could not take over old session
12:44 @root: Could not take over old session
12:46 @root: Could not take over old session
12:48 @root: Could not take over old session
12:51 @root: Could not take over old session
12:52 @root: Could not take over old session
12:52 @root: Could not take over old session
12:53 @iaj: blist
12:53 @root: Nick              Handle/Account                            Status
12:53 @root: anekos            67079640 oscar(11070386)                  Online
12:53 @root: Hilfigergirl      171834524 oscar(11070386)                 Online
12:53 @root: KampfWurst        46172364 oscar(11070386)                  Online
12:53 @root: Marcel            308027834 oscar(11070386)                 Online
12:53 @root: Chris             113554238 oscar(11070386)                 Invisible
12:53 @root: LMA               59639994 oscar(11070386)                  Invisible
12:53 @root: RaraAvis          161520265 oscar(11070386)                 Not Available
12:53 @root: Sameriter         61536736 oscar(11070386)                  Invisible
12:53 @root: 67 buddies (4 available, 4 away, 59 offline)
12:54 @root: Could not take over old session
12:56 @root: Could not take over old session
13:00 @root: Could not take over old session
13:00 @root: Could not take over old session
13:00 @root: Could not take over old session
13:00 @root: Could not take over old session
13:02 @root: Could not take over old session
13:03 @root: Could not take over old session
13:04 @root: Could not take over old session
13:04 --- im.bitlbee.org sets modes [&bitlbee -v Marcel]
13:06 --- im.bitlbee.org sets modes [&bitlbee -v Hilfigergirl]
13:07 @root: Could not take over old session
13:07 --- im.bitlbee.org sets modes [&bitlbee +v Hilfigergirl]
13:09 @root: Could not take over old session
13:09 --- im.bitlbee.org sets modes [&bitlbee +v Hilfigergirl]
13:13 --- im.bitlbee.org sets modes [&bitlbee +v Marcel]
13:14 @root: Could not take over old session
13:14 @root: Could not take over old session
13:17 @root: Could not take over old session
13:22 @root: Could not take over old session
13:23 --- im.bitlbee.org sets modes [&bitlbee -v Marcel]
13:23 @root: Could not take over old session
13:24 --- im.bitlbee.org sets modes [&bitlbee +v Wolle]
13:24 @root: Could not take over old session
13:25 @root: Could not take over old session
13:26 @root: Could not take over old session
13:26 --- im.bitlbee.org sets modes [&bitlbee +v RaraAvis]
13:27 @iaj: blist
13:27 @root: Nick              Handle/Account                            Status
13:27 @root: anekos            67079640 oscar(11070386)                  Online
13:27 @root: Hilfigergirl      171834524 oscar(11070386)                 Online
13:27 @root: KampfWurst        46172364 oscar(11070386)                  Online
13:27 @root: RaraAvis          161520265 oscar(11070386)                 Online
13:27 @root: Wolle             96039991 oscar(11070386)                  Online
13:27 @root: Chris             113554238 oscar(11070386)                 Occupied
13:27 @root: eSRoe17           470136953 oscar(11070386)                 Invisible
13:27 @root: LMA               59639994 oscar(11070386)                  Invisible
13:27 @root: Marcel            308027834 oscar(11070386)                 Away
13:27 @root: 67 buddies (5 available, 4 away, 58 offline)
13:29 @root: Could not take over old session
13:29 @iaj: blist 
13:29 @root: Nick              Handle/Account                            Status
13:29 @root: anekos            67079640 oscar(11070386)                  Online
13:29 @root: Hilfigergirl      171834524 oscar(11070386)                 Online
13:29 @root: KampfWurst        46172364 oscar(11070386)                  Online
13:29 @root: RaraAvis          161520265 oscar(11070386)                 Online
13:29 @root: Wolle             96039991 oscar(11070386)                  Online
13:29 @root: Chris             113554238 oscar(11070386)                 Occupied
13:29 @root: eSRoe17           470136953 oscar(11070386)                 Invisible
13:29 @root: LMA               59639994 oscar(11070386)                  Invisible
13:29 @root: Marcel            308027834 oscar(11070386)                 Away
13:29 @root: 67 buddies (5 available, 4 away, 58 offline)
13:30 @root: Could not take over old session
13:31 @root: Could not take over old session
13:31 @root: Could not take over old session
13:32 @root: Could not take over old session
13:32 @root: Could not take over old session
13:33 @root: Could not take over old session
13:34 --- im.bitlbee.org sets modes [&bitlbee +v Marcel]
13:34 @root: Could not take over old session
13:34 @root: Could not take over old session
13:35 --- im.bitlbee.org sets modes [&bitlbee +v David]
13:37 @root: Could not take over old session
13:39 @root: Could not take over old session
13:39 --- im.bitlbee.org sets modes [&bitlbee +v Hilfigergirl]
13:42 @root: Could not take over old session
13:46 @root: Could not take over old session
13:47 @root: Could not take over old session
13:48 @root: Could not take over old session
13:49 @root: Could not take over old session
13:51 --- im.bitlbee.org sets modes [&bitlbee -v Hilfigergirl]
13:53 @root: Could not take over old session
13:54 @root: Could not take over old session
13:54 @root: Could not take over old session
13:56 --- im.bitlbee.org sets modes [&bitlbee +v Hilfigergirl]
13:56 @root: Could not take over old session
13:57 --- im.bitlbee.org sets modes [&bitlbee -v Marcel]
13:57 @root: Could not take over old session
13:58 @root: Could not take over old session
13:58 @root: Could not take over old session
13:59 @root: Could not take over old session
13:59 @root: Could not take over old session
14:00 @root: Could not take over old session
14:01 @root: Could not take over old session
14:01 @root: Could not take over old session
14:04 --- im.bitlbee.org sets modes [&bitlbee +v Dan]
14:06 @root: Could not take over old session
14:08 @root: Could not take over old session
14:09 @root: Could not take over old session
14:10 @root: Could not take over old session
14:10 @root: Could not take over old session
14:12 @root: Could not take over old session
14:12 @root: Could not take over old session
14:12 @root: Could not take over old session
14:13 @root: Could not take over old session
14:14 @root: Could not take over old session
14:15 @root: Could not take over old session
14:15 @root: Could not take over old session
14:16 @root: Could not take over old session
14:17 --- im.bitlbee.org sets modes [&bitlbee -v Dan]
14:18 @root: Could not take over old session
14:18 @root: Could not take over old session
14:20 @root: Could not take over old session
14:20 @root: Could not take over old session
14:21 @root: Could not take over old session
14:21 @root: Could not take over old session
14:22 @root: Could not take over old session
14:22 @root: Could not take over old session
14:22 @root: Could not take over old session
14:22 @root: Could not take over old session
14:22 @root: Could not take over old session
14:22 @root: Could not take over old session
14:22 @root: Could not take over old session
14:22 @root: Could not take over old session
14:22 @root: Could not take over old session
14:22 @root: Could not take over old session
14:22 @root: Could not take over old session
14:22 @root: Could not take over old session
14:22 @root: Could not take over old session
14:23 --- im.bitlbee.org sets modes [&bitlbee -v RaraAvis]
14:23 @root: Could not take over old session
14:23 @root: Could not take over old session
14:23 @root: Could not take over old session
14:24 @root: Could not take over old session
14:24 @root: Could not take over old session
14:24 @root: Could not take over old session
14:24 @root: Could not take over old session
14:24 @root: Could not take over old session
14:24 @root: Could not take over old session
14:24 @root: Could not take over old session
14:25 @root: Could not take over old session
14:25 @root: Could not take over old session
14:25 @root: Could not take over old session
14:25 @root: Could not take over old session
14:25 @root: Could not take over old session
14:25 @root: Could not take over old session
14:25 @root: Could not take over old session
14:25 @root: Could not take over old session
14:25 @root: Could not take over old session
14:25 @root: Could not take over old session
14:25 @root: Could not take over old session
14:25 @root: Could not take over old session
14:25 @root: Could not take over old session
14:25 @root: Could not take over old session
14:25 @root: Could not take over old session
14:25 @root: Could not take over old session
14:25 @root: Could not take over old session
14:25 @root: Could not take over old session
14:25 @root: Could not take over old session
14:25 @root: Could not take over old session
14:25 @root: Could not take over old session
14:25 @root: Could not take over old session
14:25 @root: Could not take over old session
14:25 @root: Could not take over old session
14:25 @root: Could not take over old session
14:25 @root: Could not take over old session
14:25 @root: Could not take over old session
14:25 @root: Could not take over old session
14:25 @root: Could not take over old session
14:25 @root: Could not take over old session
14:25 @root: Could not take over old session
14:25 @root: Could not take over old session
14:26 @root: Could not take over old session
14:26 @root: Could not take over old session
14:26 @root: Could not take over old session
14:26 @root: Could not take over old session
14:26 @root: Could not take over old session
14:26 @root: Could not take over old session
14:26 @root: Could not take over old session
14:26 @root: Could not take over old session
14:26 @root: Could not take over old session
14:26 @root: Could not take over old session
14:26 @root: Could not take over old session
14:26 @root: Could not take over old session
14:26 @root: Could not take over old session
14:26 @root: Could not take over old session
14:26 @root: Could not take over old session
14:26 @root: Could not take over old session
14:26 @root: Could not take over old session
14:26 @root: Could not take over old session
14:26 @root: Could not take over old session
14:26 @root: Could not take over old session
14:26 @root: Could not take over old session
14:26 @root: Could not take over old session
14:26 @root: Could not take over old session
14:26 @root: Could not take over old session
14:26 @root: Could not take over old session
14:26 @root: Could not take over old session
14:26 @root: Could not take over old session
14:26 @root: Could not take over old session
14:26 @root: Could not take over old session
14:26 @root: Could not take over old session
14:26 @root: Could not take over old session
14:26 @root: Could not take over old session
14:26 @root: Could not take over old session
14:26 @root: Could not take over old session
14:26 @root: Could not take over old session
14:26 @root: Could not take over old session
14:26 @root: Could not take over old session
14:26 @root: Could not take over old session
14:26 @root: Could not take over old session
14:26 @root: Could not take over old session
14:26 @root: Could not take over old session
14:26 @root: Could not take over old session
14:26 @root: Could not take over old session
14:26 @root: Could not take over old session
14:26 @root: Could not take over old session
--- Log closed Sat Oct 16 14:32:20 2010
--- Log closed Sat Oct 16 14:32:36 2010
--- Log opened Sat Oct 16 14:32:44 2010
14:32 --- im.bitlbee.org sets modes [&bitlbee +Ct]
14:32 --- Users 2 nicks [2 ops, 0 halfops, 0 voices, 0 normal]
14:32 @root: Welcome to the BitlBee gateway!
14:32 @root:  
14:32 @root: If you've never used BitlBee before, please do read the help information using the help command. Lots of FAQs are answered there.
14:32 @root: If you already have an account on this server, just use the identify command to identify yourself.
14:32 --- root sets modes [&bitlbee -C]
14:32 @root: Password accepted, settings and accounts loaded
14:32 --- root sets modes [&bitlbee +C]
--- Log opened Sat Oct 16 14:33:26 2010
14:33 --- im.bitlbee.org sets modes [&bitlbee +Ct]
14:33 --- Users 2 nicks [2 ops, 0 halfops, 0 voices, 0 normal]
14:33 @root: Welcome to the BitlBee gateway!
14:33 @root:  
14:33 @root: If you've never used BitlBee before, please do read the help information using the help command. Lots of FAQs are answered there.
14:33 @root: If you already have an account on this server, just use the identify command to identify yourself.
14:33 @root: Trying to get all accounts connected...
14:33 @root: oscar - Logging in: Signon: 11070386
14:33 @root: oscar - Couldn't log in: Couldn't connect to host
14:33 @root: oscar - Logging in: Signing off..
14:33 @root: oscar - Logging in: Reconnecting in 5 seconds..
14:33 --- Channel &bitlbee was synced in 46 seconds
14:34 @root: oscar - Logging in: Signon: 11070386
14:34 @root: oscar - Couldn't log in: Couldn't connect to host
14:34 @root: oscar - Logging in: Signing off..
14:34 @root: oscar - Logging in: Reconnecting in 15 seconds..
14:34 --- root sets modes [&bitlbee -C]
14:34 @root: Password accepted, settings and accounts loaded
14:34 @root: New request: You're already connected to this server. Would you like to take over this session?
14:34 @root: You can use the yes/no commands to accept/reject this request.
14:34 --- Channel &bitlbee was synced in 65 seconds
14:34 --- root sets modes [&bitlbee +C]
14:34 @root: Could not take over old session
14:34 @root: Could not take over old session
14:34 @root: Could not take over old session
14:34 @root: Could not take over old session
14:34 @root: Could not take over old session
14:35 @root: Could not take over old session
14:35 @root: Could not take over old session
14:35 @root: oscar - Logging in: Signon: 11070386
14:35 @root: oscar - Couldn't log in: Couldn't connect to host
14:35 @root: oscar - Logging in: Signing off..
14:35 @root: oscar - Logging in: Reconnecting in 45 seconds..
14:35 @root: Could not take over old session
14:35 @root: Could not take over old session
14:35 @root: Could not take over old session
14:35 @root: Could not take over old session
14:35 @root: Could not take over old session
14:35 @root: Could not take over old session
14:35 @root: Could not take over old session
14:35 @root: Could not take over old session
14:35 @root: Could not take over old session
14:36 @root: Could not take over old session
14:36 @root: Could not take over old session
14:36 @root: oscar - Logging in: Signon: 11070386
14:36 @root: oscar - Couldn't log in: Couldn't connect to host
14:36 @root: oscar - Logging in: Signing off..
14:36 @root: oscar - Logging in: Reconnecting in 135 seconds..
14:36 @root: Could not take over old session
14:36 @root: Could not take over old session
14:36 @root: Could not take over old session
14:36 @root: Could not take over old session
14:36 @root: Could not take over old session
14:36 @root: Could not take over old session
14:36 @root: Could not take over old session
14:36 @root: Could not take over old session
14:37 @root: Could not take over old session
14:37 @root: Could not take over old session
14:37 @root: Could not take over old session
14:37 @root: Could not take over old session
14:37 @root: Could not take over old session
14:37 @root: Could not take over old session
14:37 @root: Could not take over old session
14:37 @root: Could not take over old session
14:37 @root: Could not take over old session
14:37 @root: Could not take over old session
14:37 @root: Could not take over old session
14:37 @root: Could not take over old session
14:37 @root: Could not take over old session
14:37 @root: Could not take over old session
14:37 @root: Could not take over old session
14:37 @root: Could not take over old session
14:37 @root: Could not take over old session
14:37 @root: Could not take over old session
14:37 @root: Could not take over old session
14:37 @root: Could not take over old session
14:37 @root: Could not take over old session
14:37 @root: Could not take over old session
14:37 @root: Could not take over old session
14:37 @root: Could not take over old session
14:37 @root: Could not take over old session
14:37 @root: Could not take over old session
14:37 @root: Could not take over old session
14:37 @root: Could not take over old session
14:37 @root: Could not take over old session
14:37 @root: Could not take over old session
14:37 @root: Could not take over old session
14:37 @root: Could not take over old session
14:37 @root: Could not take over old session
14:37 @root: Could not take over old session
14:37 @root: Could not take over old session
14:37 @root: Could not take over old session
14:37 @root: Could not take over old session
14:37 @root: Could not take over old session
14:37 @root: Could not take over old session
14:37 @root: Could not take over old session
14:37 @root: Could not take over old session
14:37 @root: Could not take over old session
14:37 @root: Could not take over old session
14:37 @root: Could not take over old session
14:37 @root: Could not take over old session
14:37 @root: Could not take over old session
14:37 @root: Could not take over old session
14:37 @root: Could not take over old session
14:37 @root: Could not take over old session
14:37 @root: Could not take over old session
14:37 @root: Could not take over old session
14:37 @root: Could not take over old session
14:37 @root: Could not take over old session
14:37 @root: Could not take over old session
14:37 @root: Could not take over old session
14:37 @root: Could not take over old session
14:37 @root: Could not take over old session
14:37 @root: Could not take over old session
14:37 @root: Could not take over old session
14:37 @root: Could not take over old session
14:37 @root: Could not take over old session
14:37 @root: Could not take over old session
14:37 @root: Could not take over old session
14:37 @root: Could not take over old session
14:37 @root: Could not take over old session
14:37 @root: Could not take over old session
14:37 @root: Could not take over old session
14:37 @root: Could not take over old session
14:37 @root: Could not take over old session
14:37 @root: Could not take over old session
14:37 @root: Could not take over old session
14:37 @root: Could not take over old session
14:38 @root: Could not take over old session
14:38 @root: Could not take over old session
14:38 @root: Could not take over old session
14:38 @root: Could not take over old session
14:38 @root: Could not take over old session
14:38 @root: Could not take over old session
14:38 @root: Could not take over old session
14:38 @root: Could not take over old session
14:38 @root: Could not take over old session
14:38 @root: Could not take over old session
14:38 @root: Could not take over old session
14:38 @root: Could not take over old session
14:38 @root: Could not take over old session
14:38 @root: Could not take over old session
14:38 @root: Could not take over old session
14:38 @root: Could not take over old session
14:38 @root: Could not take over old session
14:38 @root: Could not take over old session
14:38 @root: Could not take over old session
14:38 @root: Could not take over old session
14:38 @root: Could not take over old session
14:38 @root: Could not take over old session
14:38 @root: Could not take over old session
14:38 @root: Could not take over old session
14:38 @root: Could not take over old session
14:38 @root: Could not take over old session
14:38 @root: Could not take over old session
14:38 @root: Could not take over old session
14:38 @root: Could not take over old session
14:38 @root: Could not take over old session
14:38 @root: Could not take over old session
14:38 @root: Could not take over old session
14:38 @root: Could not take over old session
14:38 @root: Could not take over old session
14:38 @root: Could not take over old session
14:38 @root: Could not take over old session
14:38 @root: Could not take over old session
14:38 @root: Could not take over old session
14:38 @root: Could not take over old session
14:38 @root: Could not take over old session
14:38 @root: Could not take over old session
14:38 @root: Could not take over old session
14:38 @root: Could not take over old session
14:38 @root: Could not take over old session
14:38 @root: Could not take over old session
14:38 @root: Could not take over old session
14:38 @root: Could not take over old session
14:38 @root: Could not take over old session
14:38 @root: Could not take over old session
14:38 @root: Could not take over old session
14:38 @root: Could not take over old session
14:38 @root: Could not take over old session
14:38 @root: Could not take over old session
14:38 @root: Could not take over old session
14:38 @root: Could not take over old session
14:38 @root: Could not take over old session
14:38 @root: Could not take over old session
14:38 @root: Could not take over old session
14:38 @root: Could not take over old session
14:38 @root: Could not take over old session
14:38 @root: Could not take over old session
14:38 @root: Could not take over old session
14:38 @root: Could not take over old session
14:38 @root: Could not take over old session
14:38 @root: Could not take over old session
14:38 @root: Could not take over old session
14:38 @root: Could not take over old session
14:38 @root: Could not take over old session
14:38 @root: Could not take over old session
14:38 @root: Could not take over old session
14:38 @root: Could not take over old session
14:38 @root: Could not take over old session
14:38 @root: Could not take over old session
14:38 @root: Could not take over old session
14:38 @root: Could not take over old session
14:38 @root: Could not take over old session
14:38 @root: Could not take over old session
14:38 @root: Could not take over old session
14:38 @root: Could not take over old session
14:38 @root: Could not take over old session
14:38 @root: Could not take over old session
14:38 @root: Could not take over old session
14:38 @root: Could not take over old session
14:38 @root: Could not take over old session
14:38 @root: Could not take over old session
14:38 @root: Could not take over old session
14:38 @root: Could not take over old session
14:38 @root: Could not take over old session
14:38 @root: Could not take over old session
14:38 @root: Could not take over old session
14:38 @root: Could not take over old session
14:38 @root: Could not take over old session
14:38 @root: Could not take over old session
14:38 @root: Could not take over old session
14:38 @root: Could not take over old session
14:38 @root: Could not take over old session
14:38 @root: Could not take over old session
14:38 @root: Could not take over old session
14:38 @root: Could not take over old session
14:38 @root: Could not take over old session
14:38 @root: Could not take over old session
14:38 @root: Could not take over old session
14:38 @root: Could not take over old session
14:38 @root: Could not take over old session
14:38 @root: Could not take over old session
14:38 @root: Could not take over old session
14:38 @root: Could not take over old session
14:38 @root: Could not take over old session
14:38 @root: Could not take over old session
14:38 @root: Could not take over old session
14:38 @root: Could not take over old session
14:38 @root: Could not take over old session
14:38 @root: Could not take over old session
14:38 @root: Could not take over old session
14:38 @root: Could not take over old session
14:38 @root: Could not take over old session
14:38 @root: Could not take over old session
14:38 @root: Could not take over old session
14:38 @root: Could not take over old session
14:38 @root: Could not take over old session
14:38 @root: Could not take over old session
14:38 @root: Could not take over old session
14:38 @root: Could not take over old session
14:38 @root: Could not take over old session
14:38 @root: Could not take over old session
14:38 @root: Could not take over old session
14:38 @root: Could not take over old session
14:38 @root: Could not take over old session
14:38 @root: Could not take over old session
14:38 @root: Could not take over old session
14:38 @root: Could not take over old session
14:38 @root: Could not take over old session
14:38 @root: Could not take over old session
14:38 @root: Could not take over old session
14:38 @root: Could not take over old session
14:38 @root: oscar - Logging in: Signon: 11070386
14:38 @root: Could not take over old session
14:38 @root: Could not take over old session
14:38 @root: Could not take over old session
14:38 @root: Could not take over old session
14:38 @root: Could not take over old session
14:38 @root: Could not take over old session
14:38 @root: oscar - Couldn't log in: Authentication Failed
14:38 @root: oscar - Logging in: Signing off..
14:38 @root: oscar - Logging in: Reconnecting in 405 seconds..
14:38 @root: Could not take over old session
14:38 @root: Could not take over old session
14:38 @root: Could not take over old session
14:38 @root: Could not take over old session
14:38 @root: Could not take over old session
14:38 @root: Could not take over old session
14:38 @root: Could not take over old session
14:38 @root: Could not take over old session
14:38 @root: Could not take over old session
14:39 @root: Could not take over old session
14:39 @root: Could not take over old session
14:39 @root: Could not take over old session
14:39 @root: Could not take over old session
14:39 @root: Could not take over old session
14:39 @root: Could not take over old session
14:39 @root: Could not take over old session
14:39 @root: Could not take over old session
14:39 @root: Could not take over old session
14:39 @root: Could not take over old session
14:39 @root: Could not take over old session
14:39 @root: Could not take over old session
14:39 @root: Could not take over old session
14:39 @root: Could not take over old session
14:39 @root: Could not take over old session
14:39 @root: Could not take over old session
14:39 @root: Could not take over old session
14:39 @root: Could not take over old session
14:39 @root: Could not take over old session
14:39 @root: Could not take over old session
14:39 @root: Could not take over old session
14:39 @root: Could not take over old session
14:39 @root: Could not take over old session
14:39 @root: Could not take over old session
14:39 @root: Could not take over old session
14:39 @root: Could not take over old session
14:39 @root: Could not take over old session
14:39 @root: Could not take over old session
14:39 @root: Could not take over old session
14:39 @root: Could not take over old session
14:39 @root: Could not take over old session
14:39 @root: Could not take over old session
14:39 @root: Could not take over old session
14:39 @root: Could not take over old session
14:39 @root: Could not take over old session
14:39 @root: Could not take over old session
14:39 @root: Could not take over old session
14:39 @root: Could not take over old session
14:39 @root: Could not take over old session
14:39 @root: Could not take over old session
14:40 @root: Could not take over old session
14:40 @root: Could not take over old session
14:40 @root: Could not take over old session
14:40 @root: Could not take over old session
14:40 @root: Could not take over old session
14:40 @root: Could not take over old session
14:40 @root: Could not take over old session
14:40 @root: Could not take over old session
14:40 @root: Could not take over old session
14:40 @root: Could not take over old session
14:40 @root: Could not take over old session
14:40 @root: Could not take over old session
14:40 @root: Could not take over old session
14:40 @root: Could not take over old session
14:40 @root: Could not take over old session
14:40 @root: Could not take over old session
14:40 @root: Could not take over old session
14:40 @root: Could not take over old session
14:40 @root: Could not take over old session
14:40 @root: Could not take over old session
14:40 @root: Could not take over old session
14:40 @root: Could not take over old session
14:40 @root: Could not take over old session
14:40 @root: Could not take over old session
14:40 @root: Could not take over old session
14:40 @root: Could not take over old session
14:40 @root: Could not take over old session
14:40 @root: Could not take over old session
14:40 @root: Could not take over old session
14:40 @root: Could not take over old session
14:40 @root: Could not take over old session
14:40 @root: Could not take over old session
14:40 @root: Could not take over old session
14:40 @root: Could not take over old session
14:40 @root: Could not take over old session
14:40 @root: Could not take over old session
14:40 @root: Could not take over old session
14:40 @root: Could not take over old session
14:40 @root: Could not take over old session
14:40 @root: Could not take over old session
14:40 @root: Could not take over old session
14:40 @root: Could not take over old session
14:40 @root: Could not take over old session
14:40 @root: Could not take over old session
14:40 @root: Could not take over old session
14:40 @root: Could not take over old session
14:40 @root: Could not take over old session
14:40 @root: Could not take over old session
14:40 @root: Could not take over old session
14:40 @root: Could not take over old session
14:40 @root: Could not take over old session
14:40 @root: Could not take over old session
14:40 @root: Could not take over old session
14:40 @root: Could not take over old session
14:40 @root: Could not take over old session
14:40 @root: Could not take over old session
14:41 @root: Could not take over old session
14:41 @root: Could not take over old session
14:41 @root: Could not take over old session
14:41 @root: Could not take over old session
14:41 @root: Could not take over old session
14:41 @root: Could not take over old session
14:41 @root: Could not take over old session
14:41 @root: Could not take over old session
14:41 @root: Could not take over old session
14:41 @root: Could not take over old session
14:41 @root: Could not take over old session
14:41 @root: Could not take over old session
14:41 @root: Could not take over old session
14:41 @root: Could not take over old session
14:41 @root: Could not take over old session
14:41 @root: Could not take over old session
14:41 @root: Could not take over old session
14:41 @root: Could not take over old session
14:41 @root: Could not take over old session
14:41 @root: Could not take over old session
14:41 @root: Could not take over old session
14:41 @root: Could not take over old session
14:41 @root: Could not take over old session
14:41 @root: Could not take over old session
14:41 @root: Could not take over old session
14:41 @root: Could not take over old session
14:41 @root: Could not take over old session
14:41 @root: Could not take over old session
14:41 @root: Could not take over old session
14:41 @root: Could not take over old session
14:41 @root: Could not take over old session
14:41 @root: Could not take over old session
14:41 @root: Could not take over old session
14:41 @root: Could not take over old session
14:41 @root: Could not take over old session
14:41 @root: Could not take over old session
14:41 @root: Could not take over old session
14:41 @root: Could not take over old session
14:41 @root: Could not take over old session
14:41 @root: Could not take over old session
14:41 @root: Could not take over old session
14:41 @root: Could not take over old session
14:41 @root: Could not take over old session
14:41 @root: Could not take over old session
14:41 @root: Could not take over old session
14:41 @root: Could not take over old session
14:42 @root: Could not take over old session
14:42 @root: Could not take over old session
14:42 @root: Could not take over old session
14:42 @root: Could not take over old session
14:42 @root: Could not take over old session
14:42 @root: Could not take over old session
14:42 @root: Could not take over old session
14:42 @root: Could not take over old session
14:42 @root: Could not take over old session
14:42 @root: Could not take over old session
14:42 @root: Could not take over old session
14:42 @root: Could not take over old session
14:42 @root: Could not take over old session
14:42 @root: Could not take over old session
14:42 @root: Could not take over old session
14:42 @root: Could not take over old session
14:42 @root: Could not take over old session
14:42 @root: Could not take over old session
14:42 @root: Could not take over old session
14:42 @root: Could not take over old session
14:42 @root: Could not take over old session
14:42 @root: Could not take over old session
14:42 @root: Could not take over old session
14:42 @root: Could not take over old session
14:42 @root: Could not take over old session
14:42 @root: Could not take over old session
14:42 @root: Could not take over old session
14:42 @root: Could not take over old session
14:42 @root: Could not take over old session
14:42 @root: Could not take over old session
14:42 @root: Could not take over old session
14:42 @root: Could not take over old session
14:42 @root: Could not take over old session
14:42 @root: Could not take over old session
14:42 @root: Could not take over old session
14:42 @root: Could not take over old session
14:42 @root: Could not take over old session
14:42 @root: Could not take over old session
14:42 @root: Could not take over old session
14:42 @root: Could not take over old session
14:42 @root: Could not take over old session
14:42 @root: Could not take over old session
14:42 @root: Could not take over old session
14:42 @root: Could not take over old session
14:42 @root: Could not take over old session
14:42 @root: Could not take over old session
14:42 @root: Could not take over old session
14:42 @root: Could not take over old session
14:42 @root: Could not take over old session
14:42 @root: Could not take over old session
14:42 @root: Could not take over old session
14:42 @root: Could not take over old session
14:42 @root: Could not take over old session
14:42 @root: Could not take over old session
14:42 @root: Could not take over old session
14:42 @root: Could not take over old session
14:42 @root: Could not take over old session
14:42 @root: Could not take over old session
14:42 @root: Could not take over old session
14:42 @root: Could not take over old session
14:42 @root: Could not take over old session
14:42 @root: Could not take over old session
14:42 @root: Could not take over old session
14:42 @root: Could not take over old session
14:42 @root: Could not take over old session
14:42 @root: Could not take over old session
14:42 @root: Could not take over old session
14:42 @root: Could not take over old session
14:42 @root: Could not take over old session
14:42 @root: Could not take over old session
14:42 @root: Could not take over old session
14:42 @root: Could not take over old session
14:42 @root: Could not take over old session
14:43 @root: Could not take over old session
14:43 @root: Could not take over old session
14:43 @root: Could not take over old session
14:43 @root: Could not take over old session
14:43 @root: Could not take over old session
14:43 @root: Could not take over old session
14:43 @root: Could not take over old session
14:43 @root: Could not take over old session
14:43 @root: Could not take over old session
14:43 @root: Could not take over old session
14:43 @root: Could not take over old session
14:43 @root: Could not take over old session
14:43 @root: Could not take over old session
14:43 @root: Could not take over old session
14:43 @root: Could not take over old session
14:43 @root: Could not take over old session
14:43 @root: Could not take over old session
14:43 @root: Could not take over old session
14:43 @root: Could not take over old session
14:43 @root: Could not take over old session
14:43 @root: Could not take over old session
14:43 @root: Could not take over old session
14:43 @root: Could not take over old session
14:43 @root: Could not take over old session
14:43 @root: Could not take over old session
14:43 @root: Could not take over old session
14:43 @root: Could not take over old session
14:43 @root: Could not take over old session
14:43 @root: Could not take over old session
14:43 @root: Could not take over old session
14:44 @root: Could not take over old session
14:44 @root: Could not take over old session
14:44 @root: Could not take over old session
14:44 @root: Could not take over old session
14:44 @root: Could not take over old session
14:44 @root: Could not take over old session
14:44 @root: Could not take over old session
14:44 @root: Could not take over old session
14:44 @root: Could not take over old session
14:44 @root: Could not take over old session
14:44 @root: Could not take over old session
14:44 @root: Could not take over old session
14:45 @root: Could not take over old session
14:45 @root: Could not take over old session
14:45 @root: Could not take over old session
14:45 @root: Could not take over old session
14:45 @root: Could not take over old session
14:45 @root: oscar - Logging in: Signon: 11070386
14:45 @root: oscar - Logging in: Connection established, cookie sent
14:45 @root: oscar - Logging in: Logged in
14:45 --- im.bitlbee.org sets modes [&bitlbee +v Marcel]
14:45 --- im.bitlbee.org sets modes [&bitlbee +v KampfWurst]
14:45 --- im.bitlbee.org sets modes [&bitlbee +v David]
14:45 --- im.bitlbee.org sets modes [&bitlbee +v anekos]
14:45 --- im.bitlbee.org sets modes [&bitlbee +v LMA]
14:46 @root: Could not take over old session
14:46 @root: Could not take over old session
14:47 @root: Could not take over old session
14:47 @root: Could not take over old session
14:47 --- im.bitlbee.org sets modes [&bitlbee +v RaraAvis]
14:48 @root: Could not take over old session
14:49 @root: Could not take over old session
14:50 @root: Could not take over old session
14:50 @root: Could not take over old session
14:50 @root: Could not take over old session
14:51 @root: Could not take over old session
14:51 @root: Could not take over old session
14:51 @root: Could not take over old session
14:52 @root: Could not take over old session
14:52 @root: Could not take over old session
14:52 @root: Could not take over old session
14:53 @root: Could not take over old session
14:54 @root: Could not take over old session
14:54 @root: Could not take over old session
14:54 @root: Could not take over old session
14:56 @root: Could not take over old session
14:57 @root: Could not take over old session
14:58 @root: Could not take over old session
14:58 @root: Could not take over old session
14:59 @root: Could not take over old session
14:59 @root: Could not take over old session
14:59 @root: Could not take over old session
15:00 @root: Could not take over old session
15:00 @root: Could not take over old session
15:01 @root: Could not take over old session
15:01 @root: Could not take over old session
15:01 @root: Could not take over old session
15:01 @root: Could not take over old session
15:02 @root: Could not take over old session
15:03 @root: Could not take over old session
15:04 @root: Could not take over old session
15:04 @root: Could not take over old session
15:04 @root: Could not take over old session
15:06 @root: Could not take over old session
15:06 @root: Could not take over old session
15:06 @root: Could not take over old session
15:07 @root: Could not take over old session
15:07 @root: Could not take over old session
15:07 @root: Could not take over old session
15:08 @root: Could not take over old session
15:08 @root: Could not take over old session
15:08 @root: Could not take over old session
15:09 @root: Could not take over old session
15:10 @root: Could not take over old session
15:10 @root: Could not take over old session
15:10 @root: Could not take over old session
15:10 @root: Could not take over old session
15:11 @root: Could not take over old session
15:11 @root: Could not take over old session
15:13 @root: Could not take over old session
15:14 @root: Could not take over old session
15:14 @root: Could not take over old session
15:14 --- im.bitlbee.org sets modes [&bitlbee -v RaraAvis]
15:15 @root: Could not take over old session
15:15 --- im.bitlbee.org sets modes [&bitlbee +v mo]
15:16 --- im.bitlbee.org sets modes [&bitlbee +v RaraAvis]
15:17 @root: Could not take over old session
15:17 @root: Could not take over old session
15:17 @root: Could not take over old session
15:19 @root: Could not take over old session
15:19 @root: Could not take over old session
15:21 @root: Could not take over old session
15:22 @root: Could not take over old session
15:24 @root: Could not take over old session
15:24 @root: Could not take over old session
15:24 @root: Could not take over old session
15:24 @root: Could not take over old session
15:24 @root: Could not take over old session
15:25 @root: Could not take over old session
15:26 @root: Could not take over old session
15:26 @root: Could not take over old session
15:26 @root: Could not take over old session
15:27 @root: Could not take over old session
15:27 @root: Could not take over old session
15:27 @root: Could not take over old session
15:27 @root: Could not take over old session
15:28 @root: Could not take over old session
15:28 @root: Could not take over old session
15:28 @root: Could not take over old session
15:28 @root: Could not take over old session
15:29 --- im.bitlbee.org sets modes [&bitlbee +v Wolle]
15:29 @root: Could not take over old session
15:29 @root: Could not take over old session
15:29 @root: Could not take over old session
15:29 @root: Could not take over old session
15:29 @root: Could not take over old session
15:29 @root: Could not take over old session
15:29 @root: Could not take over old session
15:29 @root: Could not take over old session
15:29 @root: Could not take over old session
15:29 @root: Could not take over old session
15:29 @root: Could not take over old session
15:29 @root: Could not take over old session
15:29 @root: Could not take over old session
15:29 @root: Could not take over old session
15:29 @root: Could not take over old session
15:29 @root: Could not take over old session
15:29 @root: Could not take over old session
15:29 @root: Could not take over old session
15:29 @root: Could not take over old session
15:29 @root: Could not take over old session
15:29 @root: Could not take over old session
15:29 @root: Could not take over old session
15:29 @root: Could not take over old session
15:29 @root: Could not take over old session
15:29 @root: Could not take over old session
15:29 @root: Could not take over old session
15:29 @root: Could not take over old session
15:29 @root: Could not take over old session
15:29 @root: Could not take over old session
15:29 @root: Could not take over old session
15:29 @root: Could not take over old session
15:29 @root: Could not take over old session
15:29 @root: Could not take over old session
15:29 @root: Could not take over old session
15:29 @root: Could not take over old session
15:29 @root: Could not take over old session
15:29 @root: Could not take over old session
15:29 @root: Could not take over old session
15:29 @root: Could not take over old session
15:29 @root: Could not take over old session
15:29 @root: Could not take over old session
15:29 @root: Could not take over old session
15:29 @root: Could not take over old session
15:29 @root: Could not take over old session
15:29 @root: Could not take over old session
15:29 @root: Could not take over old session
15:29 @root: Could not take over old session
15:29 @root: Could not take over old session
15:29 @root: Could not take over old session
15:29 @root: Could not take over old session
15:29 @root: Could not take over old session
15:30 @root: Could not take over old session
15:30 @root: Could not take over old session
15:30 @root: Could not take over old session
15:30 @root: Could not take over old session
15:30 @root: Could not take over old session
15:30 @root: Could not take over old session
15:30 @root: Could not take over old session
15:30 @root: Could not take over old session
15:30 @root: Could not take over old session
15:30 @root: Could not take over old session
15:30 @root: Could not take over old session
15:30 @root: Could not take over old session
15:30 @root: Could not take over old session
15:30 @root: Could not take over old session
15:30 @root: Could not take over old session
15:30 @root: Could not take over old session
15:30 @root: Could not take over old session
15:30 @root: Could not take over old session
15:30 @root: Could not take over old session
15:30 @root: Could not take over old session
15:30 @root: Could not take over old session
15:30 @root: Could not take over old session
15:30 @root: Could not take over old session
15:30 @root: Could not take over old session
15:30 @root: Could not take over old session
15:30 @root: Could not take over old session
15:30 @root: Could not take over old session
15:30 @root: Could not take over old session
15:30 @root: Could not take over old session
15:30 @root: Could not take over old session
15:30 @root: Could not take over old session
15:30 @root: Could not take over old session
15:30 @root: Could not take over old session
15:30 @root: Could not take over old session
15:30 @root: Could not take over old session
15:30 @root: Could not take over old session
15:30 @root: Could not take over old session
15:30 @root: Could not take over old session
15:30 @root: Could not take over old session
15:30 @root: Could not take over old session
15:30 @root: Could not take over old session
15:30 @root: Could not take over old session
15:30 @root: Could not take over old session
15:30 @root: Could not take over old session
15:30 @root: Could not take over old session
15:30 @root: Could not take over old session
15:30 @root: Could not take over old session
15:30 @root: Could not take over old session
15:30 @root: Could not take over old session
15:30 @root: Could not take over old session
15:30 @root: Could not take over old session
15:30 @root: Could not take over old session
15:30 @root: Could not take over old session
15:30 @root: Could not take over old session
15:30 @root: Could not take over old session
15:30 @root: Could not take over old session
15:30 @root: Could not take over old session
15:30 @root: Could not take over old session
15:30 @root: Could not take over old session
15:30 @root: Could not take over old session
15:30 @root: Could not take over old session
15:31 @root: Could not take over old session
15:31 @root: Could not take over old session
15:31 @root: Could not take over old session
15:31 @root: Could not take over old session
15:31 @root: Could not take over old session
15:31 @root: Could not take over old session
15:31 @root: Could not take over old session
15:31 @root: Could not take over old session
15:31 @root: Could not take over old session
15:31 @root: Could not take over old session
15:31 @root: Could not take over old session
15:31 @root: Could not take over old session
15:31 @root: Could not take over old session
15:31 @root: Could not take over old session
15:31 @root: Could not take over old session
15:31 @root: Could not take over old session
15:31 @root: Could not take over old session
15:31 @root: Could not take over old session
15:31 @root: Could not take over old session
15:31 @root: Could not take over old session
15:31 @root: Could not take over old session
15:31 @root: Could not take over old session
15:31 @root: Could not take over old session
15:31 @root: Could not take over old session
15:31 @root: Could not take over old session
15:31 @root: Could not take over old session
15:31 @root: Could not take over old session
15:31 @root: Could not take over old session
15:31 @root: Could not take over old session
15:31 @root: Could not take over old session
15:31 @root: Could not take over old session
15:31 @root: Could not take over old session
15:31 @root: Could not take over old session
15:31 @root: Could not take over old session
15:31 @root: Could not take over old session
15:31 @root: Could not take over old session
15:31 @root: Could not take over old session
15:31 @root: Could not take over old session
15:31 @root: Could not take over old session
15:31 @root: Could not take over old session
15:31 @root: Could not take over old session
15:31 @root: Could not take over old session
15:31 @root: Could not take over old session
15:31 @root: Could not take over old session
15:31 @root: Could not take over old session
15:31 @root: Could not take over old session
15:31 @root: Could not take over old session
15:31 @root: Could not take over old session
15:31 @root: Could not take over old session
15:31 @root: Could not take over old session
15:31 @root: Could not take over old session
15:31 @root: Could not take over old session
15:31 @root: Could not take over old session
15:31 @root: Could not take over old session
15:31 @root: Could not take over old session
15:31 @root: Could not take over old session
15:31 @root: Could not take over old session
15:31 @root: Could not take over old session
15:31 @root: Could not take over old session
15:31 @root: Could not take over old session
15:31 @root: Could not take over old session
15:31 @root: Could not take over old session
15:31 @root: Could not take over old session
15:31 @root: Could not take over old session
15:31 @root: Could not take over old session
15:31 @root: Could not take over old session
15:31 @root: Could not take over old session
15:31 @root: Could not take over old session
15:31 @root: Could not take over old session
15:31 @root: Could not take over old session
15:31 @root: Could not take over old session
15:31 @root: Could not take over old session
15:31 @root: Could not take over old session
15:32 @root: Could not take over old session
15:32 @root: Could not take over old session
15:32 @root: Could not take over old session
15:32 @root: Could not take over old session
15:32 @root: Could not take over old session
15:32 @root: Could not take over old session
15:32 @root: Could not take over old session
15:32 @root: Could not take over old session
15:32 @root: Could not take over old session
15:32 @root: Could not take over old session
15:32 @root: Could not take over old session
15:32 @root: Could not take over old session
15:32 @root: Could not take over old session
15:33 @root: Could not take over old session
15:33 @root: Could not take over old session
15:33 @root: Could not take over old session
15:33 @root: Could not take over old session
15:33 @root: Could not take over old session
15:33 @root: Could not take over old session
15:33 @root: Could not take over old session
15:33 @root: Could not take over old session
15:33 @root: Could not take over old session
15:33 @root: Could not take over old session
15:33 @root: Could not take over old session
15:33 @root: Could not take over old session
15:33 @root: Could not take over old session
15:33 @root: Could not take over old session
15:33 @root: Could not take over old session
15:33 @root: Could not take over old session
15:33 @root: Could not take over old session
15:33 @root: Could not take over old session
15:33 @root: Could not take over old session
15:33 @root: Could not take over old session
15:33 @root: Could not take over old session
15:33 @root: Could not take over old session
15:33 @root: Could not take over old session
15:33 @root: Could not take over old session
15:33 @root: Could not take over old session
15:33 @root: Could not take over old session
15:33 @root: Could not take over old session
15:33 @root: Could not take over old session
15:33 @root: Could not take over old session
15:33 @root: Could not take over old session
15:33 @root: Could not take over old session
15:33 @root: Could not take over old session
15:33 @root: Could not take over old session
15:33 @root: Could not take over old session
15:33 @root: Could not take over old session
15:33 @root: Could not take over old session
15:33 @root: Could not take over old session
15:33 @root: Could not take over old session
15:33 @root: Could not take over old session
15:33 @root: Could not take over old session
15:33 @root: Could not take over old session
15:33 @root: Could not take over old session
15:33 @root: Could not take over old session
15:33 @root: Could not take over old session
15:33 @root: Could not take over old session
15:33 @root: Could not take over old session
15:33 @root: Could not take over old session
15:33 @root: Could not take over old session
15:33 @root: Could not take over old session
15:33 @root: Could not take over old session
15:33 @root: Could not take over old session
15:33 @root: Could not take over old session
15:33 @root: Could not take over old session
15:33 @root: Could not take over old session
15:33 @root: Could not take over old session
15:33 @root: Could not take over old session
15:33 @root: Could not take over old session
15:33 @root: Could not take over old session
15:33 @root: Could not take over old session
15:33 @root: Could not take over old session
15:33 @root: Could not take over old session
15:33 @root: Could not take over old session
15:33 @root: Could not take over old session
15:33 @root: Could not take over old session
15:33 @root: Could not take over old session
15:33 @root: Could not take over old session
15:33 @root: Could not take over old session
15:33 @root: Could not take over old session
15:33 @root: Could not take over old session
15:33 @root: Could not take over old session
15:33 @root: Could not take over old session
15:33 @root: Could not take over old session
15:33 @root: Could not take over old session
15:33 @root: Could not take over old session
15:33 @root: Could not take over old session
15:33 @root: Could not take over old session
15:33 @root: Could not take over old session
15:33 @root: Could not take over old session
15:33 @root: Could not take over old session
15:33 @root: Could not take over old session
15:33 @root: Could not take over old session
15:33 @root: Could not take over old session
15:33 @root: Could not take over old session
15:33 @root: Could not take over old session
15:33 @root: Could not take over old session
15:33 @root: Could not take over old session
15:33 @root: Could not take over old session
15:33 @root: Could not take over old session
15:33 @root: Could not take over old session
15:33 @root: Could not take over old session
15:33 @root: Could not take over old session
15:33 @root: Could not take over old session
15:33 @root: Could not take over old session
15:33 @root: Could not take over old session
15:33 @root: Could not take over old session
15:33 @root: Could not take over old session
15:33 @root: Could not take over old session
15:33 @root: Could not take over old session
15:33 @root: Could not take over old session
15:33 @root: Could not take over old session
15:33 @root: Could not take over old session
15:33 @root: Could not take over old session
15:33 @root: Could not take over old session
15:33 @root: Could not take over old session
15:33 @root: Could not take over old session
15:33 @root: Could not take over old session
15:33 @root: Could not take over old session
15:33 @root: Could not take over old session
15:33 @root: Could not take over old session
15:33 @root: Could not take over old session
15:33 @root: Could not take over old session
15:33 @root: Could not take over old session
15:33 @root: Could not take over old session
15:33 @root: Could not take over old session
15:33 @root: Could not take over old session
15:33 @root: Could not take over old session
15:33 @root: Could not take over old session
15:33 @root: Could not take over old session
15:33 @root: Could not take over old session
15:33 @root: Could not take over old session
15:33 @root: Could not take over old session
15:33 @root: Could not take over old session
15:33 @root: Could not take over old session
15:33 @root: Could not take over old session
15:33 @root: Could not take over old session
15:34 @root: Could not take over old session
15:34 @root: Could not take over old session
15:34 @root: Could not take over old session
15:34 @root: Could not take over old session
15:34 @root: Could not take over old session
15:34 @root: Could not take over old session
15:34 @root: Could not take over old session
15:34 @root: Could not take over old session
15:34 @root: Could not take over old session
15:34 @root: Could not take over old session
15:34 @root: Could not take over old session
15:34 @root: Could not take over old session
15:34 @root: Could not take over old session
15:34 @root: Could not take over old session
15:34 @root: Could not take over old session
15:34 @root: Could not take over old session
15:34 @root: Could not take over old session
15:34 @root: Could not take over old session
15:34 @root: Could not take over old session
15:34 @root: Could not take over old session
15:34 @root: Could not take over old session
15:34 @root: Could not take over old session
15:34 @root: Could not take over old session
15:34 @root: Could not take over old session
15:34 @root: Could not take over old session
15:34 @root: Could not take over old session
15:34 @root: Could not take over old session
15:34 @root: Could not take over old session
15:34 @root: Could not take over old session
15:34 @root: Could not take over old session
15:34 @root: Could not take over old session
15:34 @root: Could not take over old session
15:34 @root: Could not take over old session
15:34 @root: Could not take over old session
15:34 @root: Could not take over old session
15:34 @root: Could not take over old session
15:34 @root: Could not take over old session
15:34 @root: Could not take over old session
15:34 @root: Could not take over old session
15:34 @root: Could not take over old session
15:34 @root: Could not take over old session
15:34 @root: Could not take over old session
15:34 @root: Could not take over old session
15:34 @root: Could not take over old session
15:34 @root: Could not take over old session
15:34 @root: Could not take over old session
15:34 @root: Could not take over old session
15:34 @root: Could not take over old session
15:34 @root: Could not take over old session
15:34 @root: Could not take over old session
15:34 @root: Could not take over old session
15:34 @root: Could not take over old session
15:34 @root: Could not take over old session
15:34 @root: Could not take over old session
15:34 @root: Could not take over old session
15:34 @root: Could not take over old session
15:34 @root: Could not take over old session
15:34 @root: Could not take over old session
15:34 @root: Could not take over old session
15:34 @root: Could not take over old session
15:34 @root: Could not take over old session
15:34 @root: Could not take over old session
15:34 @root: Could not take over old session
15:34 @root: Could not take over old session
15:34 @root: Could not take over old session
15:34 @root: Could not take over old session
15:34 @root: Could not take over old session
15:34 @root: Could not take over old session
15:34 @root: Could not take over old session
15:34 @root: Could not take over old session
15:34 @root: Could not take over old session
15:34 @root: Could not take over old session
15:34 @root: Could not take over old session
15:34 @root: Could not take over old session
15:34 @root: Could not take over old session
15:34 @root: Could not take over old session
15:34 @root: Could not take over old session
15:34 @root: Could not take over old session
15:34 @root: Could not take over old session
15:34 @root: Could not take over old session
15:34 @root: Could not take over old session
15:34 @root: Could not take over old session
15:34 @root: Could not take over old session
15:34 @root: Could not take over old session
15:34 @root: Could not take over old session
15:34 @root: Could not take over old session
15:34 @root: Could not take over old session
15:34 @root: Could not take over old session
15:34 @root: Could not take over old session
15:34 @root: Could not take over old session
15:35 @root: Could not take over old session
15:35 @root: Could not take over old session
15:35 @root: Could not take over old session
15:35 @root: Could not take over old session
15:37 @root: Could not take over old session
15:37 @root: Could not take over old session
15:37 @root: Could not take over old session
15:37 @root: Could not take over old session
15:39 @root: Could not take over old session
15:40 @root: Could not take over old session
15:41 @root: Could not take over old session
15:41 @root: Could not take over old session
15:41 @root: Could not take over old session
15:43 @root: Could not take over old session
15:43 @root: Could not take over old session
15:44 @root: Could not take over old session
15:45 @root: Could not take over old session
15:45 --- im.bitlbee.org sets modes [&bitlbee +v HelloKitty]
15:45 @root: Could not take over old session
15:45 @root: Could not take over old session
15:47 @root: Could not take over old session
15:47 @root: Could not take over old session
15:48 @root: Could not take over old session
15:48 @root: Could not take over old session
15:49 @root: Could not take over old session
15:51 --- im.bitlbee.org sets modes [&bitlbee -v Marcel]
15:51 @root: Could not take over old session
15:52 @root: Could not take over old session
15:52 @root: Could not take over old session
15:53 --- im.bitlbee.org sets modes [&bitlbee +v Marcel]
15:54 @root: Could not take over old session
15:54 @root: Could not take over old session
15:56 @root: Could not take over old session
15:56 @root: Could not take over old session
15:56 @root: Could not take over old session
15:56 @root: Could not take over old session
15:57 @root: Could not take over old session
15:58 @root: Could not take over old session
15:58 @root: Could not take over old session
15:59 @root: Could not take over old session
16:00 @root: Could not take over old session
16:00 @root: Could not take over old session
16:00 @root: Could not take over old session
16:00 @iaj: blist
16:00 @root: Nick              Handle/Account                            Status
16:00 @root: anekos            67079640 oscar(11070386)                  Online
16:00 @root: HelloKitty        309366943 oscar(11070386)                 Online
16:00 @root: KampfWurst        46172364 oscar(11070386)                  Online
16:00 @root: LMA               59639994 oscar(11070386)                  Online
16:00 @root: Marcel            308027834 oscar(11070386)                 Online
16:00 @root: Wolle             96039991 oscar(11070386)                  Online
16:00 @root: Chris             113554238 oscar(11070386)                 Occupied
16:00 @root: Dan               46336441 oscar(11070386)                  Invisible
16:00 @root: eSRoe17           470136953 oscar(11070386)                 Occupied
16:00 @root: 67 buddies (6 available, 3 away, 58 offline)
16:01 @root: Could not take over old session
16:02 @root: Could not take over old session
16:03 @root: Could not take over old session
16:04 @root: Could not take over old session
16:05 @root: Could not take over old session
16:05 @root: Could not take over old session
16:06 @root: Could not take over old session
16:06 @root: Could not take over old session
16:06 @root: Could not take over old session
16:07 @root: Could not take over old session
16:08 @root: Could not take over old session
16:10 @root: Could not take over old session
16:10 --- im.bitlbee.org sets modes [&bitlbee +v RaraAvis]
16:10 @root: Could not take over old session
16:12 @root: Could not take over old session
16:13 @root: Could not take over old session
16:14 @root: Could not take over old session
16:14 @root: Could not take over old session
16:14 @root: Could not take over old session
16:15 @root: Could not take over old session
16:16 @root: Could not take over old session
16:16 @root: Could not take over old session
16:16 @root: Could not take over old session
16:17 @root: Could not take over old session
16:17 @root: Could not take over old session
16:17 @root: Could not take over old session
16:17 @root: Could not take over old session
16:19 @root: Could not take over old session
16:19 @root: Could not take over old session
16:21 @root: Could not take over old session
16:21 @root: Could not take over old session
16:22 @root: Could not take over old session
16:22 @root: Could not take over old session
16:22 @root: Could not take over old session
16:23 @root: Could not take over old session
16:23 @root: Could not take over old session
16:24 @root: Could not take over old session
16:24 @root: Could not take over old session
16:25 @root: Could not take over old session
16:25 @root: Could not take over old session
16:25 @root: Could not take over old session
16:25 @root: Could not take over old session
16:26 @root: Could not take over old session
16:27 @root: Could not take over old session
16:29 @root: Could not take over old session
16:30 @root: Could not take over old session
16:30 @root: Could not take over old session
16:31 @root: Could not take over old session
16:31 @root: Could not take over old session
16:31 @root: Could not take over old session
16:31 @root: Could not take over old session
16:33 @root: Could not take over old session
16:35 --- im.bitlbee.org sets modes [&bitlbee +v mo]
16:35 @root: Could not take over old session
16:39 @root: Could not take over old session
16:39 @root: Could not take over old session
16:40 @root: Could not take over old session
16:40 --- im.bitlbee.org sets modes [&bitlbee -v Marcel]
16:40 --- im.bitlbee.org sets modes [&bitlbee +v Marcel]
16:43 @root: Could not take over old session
16:44 @iaj: blist
16:44 @root: Nick              Handle/Account                            Status
16:44 @root: anekos            67079640 oscar(11070386)                  Online
16:44 @root: KampfWurst        46172364 oscar(11070386)                  Online
16:44 @root: LMA               59639994 oscar(11070386)                  Online
16:44 @root: Marcel            308027834 oscar(11070386)                 Online
16:44 @root: mo                572606527 oscar(11070386)                 Online
16:44 @root: RaraAvis          161520265 oscar(11070386)                 Online
16:44 @root: Wolle             96039991 oscar(11070386)                  Online
16:44 @root: Chris             113554238 oscar(11070386)                 Occupied
16:44 @root: eSRoe17           470136953 oscar(11070386)                 Invisible
16:44 @root: Sameriter         61536736 oscar(11070386)                  Invisible
16:44 @root: 67 buddies (7 available, 3 away, 57 offline)
16:46 @root: Could not take over old session
16:46 @root: Could not take over old session
16:47 @root: Could not take over old session
16:48 --- im.bitlbee.org sets modes [&bitlbee +v djktbauer]
16:48 --- im.bitlbee.org sets modes [&bitlbee +v Dan]
16:49 @root: Could not take over old session
16:50 @root: Could not take over old session
16:51 @root: Could not take over old session
16:51 @root: Could not take over old session
16:52 @root: Could not take over old session
16:52 @root: Could not take over old session
16:53 @root: Could not take over old session
16:53 @root: Could not take over old session
16:54 @root: Could not take over old session
16:55 @root: Could not take over old session
16:56 @root: Could not take over old session
16:56 @root: Could not take over old session
16:59 @root: Could not take over old session
16:59 @root: Could not take over old session
17:00 @root: Could not take over old session
17:00 @root: Could not take over old session
17:01 @root: Could not take over old session
17:01 @root: Could not take over old session
17:06 @root: Could not take over old session
17:09 @iaj: blist
17:09 @root: Nick              Handle/Account                            Status
17:09 @root: anekos            67079640 oscar(11070386)                  Online
17:09 @root: Dan               46336441 oscar(11070386)                  Online
17:09 @root: KampfWurst        46172364 oscar(11070386)                  Online
17:09 @root: LMA               59639994 oscar(11070386)                  Online
17:09 @root: Marcel            308027834 oscar(11070386)                 Online
17:09 @root: mo                572606527 oscar(11070386)                 Online
17:09 @root: Chris             113554238 oscar(11070386)                 Occupied
17:09 @root: eSRoe17           470136953 oscar(11070386)                 Invisible
17:09 @root: Sameriter         61536736 oscar(11070386)                  Invisible
17:09 @root: 67 buddies (6 available, 3 away, 58 offline)
17:12 --- im.bitlbee.org sets modes [&bitlbee +v Ghostkilla]
17:15 @root: Could not take over old session
17:17 @root: Could not take over old session
--- Log closed Sat Oct 16 23:58:41 2010
--- Log opened Sat Oct 16 23:58:45 2010
23:58 --- im.bitlbee.org sets modes [&bitlbee +Ct]
23:58 --- Users 2 nicks [2 ops, 0 halfops, 0 voices, 0 normal]
23:58 @root: Welcome to the BitlBee gateway!
23:58 @root:  
23:58 @root: If you've never used BitlBee before, please do read the help information using the help command. Lots of FAQs are answered there.
23:58 @root: If you already have an account on this server, just use the identify command to identify yourself.
23:58 --- root sets modes [&bitlbee -C]
23:58 @root: Password accepted, settings and accounts loaded
23:58 @root: Trying to get all accounts connected...
23:58 @root: oscar - Logging in: Signon: 11070386
23:58 @root: oscar - Logging in: Connection established, cookie sent
23:58 @root: oscar - Logging in: Logged in
23:58 --- im.bitlbee.org sets modes [&bitlbee +v BoehsesSchaf]
23:58 --- im.bitlbee.org sets modes [&bitlbee +v anekos]
23:58 --- root sets modes [&bitlbee +C]
23:58 --- Channel &bitlbee was synced in 6 seconds
23:59 --- im.bitlbee.org sets modes [&bitlbee +v RaraAvis]
--- Log closed Sat Oct 16 23:59:42 2010
--- Log opened Sat Oct 16 23:59:43 2010
23:59 --- im.bitlbee.org sets modes [&bitlbee +Ct]
23:59 --- Users 2 nicks [2 ops, 0 halfops, 0 voices, 0 normal]
23:59 @root: Welcome to the BitlBee gateway!
23:59 @root:  
23:59 @root: If you've never used BitlBee before, please do read the help information using the help command. Lots of FAQs are answered there.
23:59 @root: If you already have an account on this server, just use the identify command to identify yourself.
23:59 --- root sets modes [&bitlbee -C]
23:59 @root: Password accepted, settings and accounts loaded
23:59 @root: New request: You're already connected to this server. Would you like to take over this session?
23:59 @root: You can use the yes/no commands to accept/reject this request.
23:59 --- root sets modes [&bitlbee +C]
23:59 --- Channel &bitlbee was synced in 6 seconds
--- Log closed Sun Oct 17 00:00:38 2010
--- Log closed Sun Oct 17 00:00:38 2010
