--- Log opened Thu Jan 20 08:34:25 2011
--- Log closed Thu Jan 20 08:34:28 2011
--- Log opened Thu Jan 20 08:34:29 2011
08:34 --- im.bitlbee.org sets modes [&bitlbee +Ct]
08:34 --- Users 2 nicks [2 ops, 0 halfops, 0 voices, 0 normal]
08:34 @root: Welcome to the BitlBee gateway!
08:34 @root:  
08:34 @root: If you've never used BitlBee before, please do read the help information using the help command. Lots of FAQs are answered there.
08:34 @root: If you already have an account on this server, just use the identify command to identify yourself.
08:34 --- root sets modes [&bitlbee -C]
08:34 @root: Password accepted, settings and accounts loaded
08:34 @root: Trying to get all accounts connected...
08:34 @root: oscar - Logging in: Signon: 11070386
08:34 @root: oscar - Logging in: Connection established, cookie sent
08:34 @root: oscar - Logging in: Logged in
08:34 --- root sets modes [&bitlbee +C]
08:36 --- Channel &bitlbee was synced in 123 seconds
08:45 @iaj: blist
08:45 @root: Nick              Handle/Account                            Status
08:45 @root: 68 buddies (0 available, 0 away, 68 offline)
08:45 @iaj: account on
08:45 @root: Trying to get all accounts connected...
09:37 --- im.bitlbee.org sets modes [&bitlbee +v RaraAvis]
10:34 @iaj: blist
10:34 @root: Nick              Handle/Account                            Status
10:34 @root: 68 buddies (0 available, 0 away, 68 offline)
10:47 --- im.bitlbee.org sets modes [&bitlbee +v Wolle]
10:50 --- im.bitlbee.org sets modes [&bitlbee +v KampfWurst]
11:01 --- im.bitlbee.org sets modes [&bitlbee +v Dan]
11:01 --- im.bitlbee.org sets modes [&bitlbee -v Dan]
11:06 --- im.bitlbee.org sets modes [&bitlbee +v Lucy]
11:22 @iaj: blist
11:22 @root: Nick              Handle/Account                            Status
11:22 @root: KampfWurst        46172364 oscar(11070386)                  Online
11:22 @root: Wolle             96039991 oscar(11070386)                  Online
11:22 @root: Dan               46336441 oscar(11070386)                  Invisible
11:22 @root: 68 buddies (2 available, 1 away, 65 offline)
11:32 --- im.bitlbee.org sets modes [&bitlbee -v KampfWurst]
11:46 --- im.bitlbee.org sets modes [&bitlbee +v Melissa]
11:47 --- im.bitlbee.org sets modes [&bitlbee +v Dan]
11:47 --- im.bitlbee.org sets modes [&bitlbee -v Melissa]
11:52 --- im.bitlbee.org sets modes [&bitlbee -v Dan]
12:11 --- im.bitlbee.org sets modes [&bitlbee +v metbo]
12:25 @iaj: bli
12:25 @root: Nick              Handle/Account                            Status
12:25 @root: Wolle             96039991 oscar(11070386)                  Online
12:25 @root: DukeDany          57486252 oscar(11070386)                  Occupied
12:25 @root: KampfWurst        46172364 oscar(11070386)                  Away
12:25 @root: Melissa           300115593 oscar(11070386)                 Away
12:25 @root: Pestberzerker     143548916 oscar(11070386)                 Occupied
12:25 @root: 68 buddies (1 available, 4 away, 63 offline)
12:58 @iaj: bli
12:58 @root: Nick              Handle/Account                            Status
12:58 @root: Wolle             96039991 oscar(11070386)                  Online
12:58 @root: KampfWurst        46172364 oscar(11070386)                  Away
12:58 @root: Melissa           300115593 oscar(11070386)                 Away
12:58 @root: Pestberzerker     143548916 oscar(11070386)                 Occupied
12:58 @root: 68 buddies (1 available, 3 away, 64 offline)
--- Log closed Thu Jan 20 14:15:26 2011
--- Log opened Thu Jan 20 14:15:28 2011
14:15 --- im.bitlbee.org sets modes [&bitlbee +Ct]
14:15 --- Users 2 nicks [2 ops, 0 halfops, 0 voices, 0 normal]
14:15 @root: Welcome to the BitlBee gateway!
14:15 @root:  
14:15 @root: If you've never used BitlBee before, please do read the help information using the help command. Lots of FAQs are answered there.
14:15 @root: If you already have an account on this server, just use the identify command to identify yourself.
14:15 --- root sets modes [&bitlbee -C]
14:15 @root: Password accepted, settings and accounts loaded
14:15 @root: Trying to get all accounts connected...
14:15 @root: oscar - Logging in: Signon: 11070386
14:15 @root: oscar - Logging in: Connection established, cookie sent
14:15 @root: oscar - Logging in: Logged in
14:15 --- im.bitlbee.org sets modes [&bitlbee +v ashes]
14:15 --- root sets modes [&bitlbee +C]
14:15 --- Channel &bitlbee was synced in 6 seconds
--- Log opened Thu Jan 20 14:41:12 2011
14:41 --- im.bitlbee.org sets modes [&bitlbee +Ct]
14:41 --- Users 2 nicks [2 ops, 0 halfops, 0 voices, 0 normal]
14:41 @root: Welcome to the BitlBee gateway!
14:41 @root:  
14:41 @root: If you've never used BitlBee before, please do read the help information using the help command. Lots of FAQs are answered there.
14:41 @root: If you already have an account on this server, just use the identify command to identify yourself.
14:41 --- root sets modes [&bitlbee -C]
14:41 @root: Password accepted, settings and accounts loaded
14:41 @root: Trying to get all accounts connected...
14:41 @root: oscar - Logging in: Signon: 11070386
14:41 @root: oscar - Logging in: Connection established, cookie sent
14:41 @root: oscar - Logging in: Logged in
14:41 --- im.bitlbee.org sets modes [&bitlbee +v ashes]
14:41 --- root sets modes [&bitlbee +C]
14:41 --- Channel &bitlbee was synced in 3 seconds
15:23 --- im.bitlbee.org sets modes [&bitlbee +v Wolle]
--- Log opened Thu Jan 20 17:07:12 2011
17:07 --- im.bitlbee.org sets modes [&bitlbee +Ct]
17:07 --- Users 2 nicks [2 ops, 0 halfops, 0 voices, 0 normal]
17:07 @root: Welcome to the BitlBee gateway!
17:07 @root:  
17:07 @root: If you've never used BitlBee before, please do read the help information using the help command. Lots of FAQs are answered there.
17:07 @root: If you already have an account on this server, just use the identify command to identify yourself.
17:07 --- root sets modes [&bitlbee -C]
17:07 @root: Password accepted, settings and accounts loaded
17:07 @root: Trying to get all accounts connected...
17:07 @root: oscar - Logging in: Signon: 11070386
17:07 @root: oscar - Logging in: Connection established, cookie sent
17:07 @root: oscar - Logging in: Logged in
17:07 --- im.bitlbee.org sets modes [&bitlbee +v Wolle]
17:07 --- im.bitlbee.org sets modes [&bitlbee +v ashes]
17:07 --- root sets modes [&bitlbee +C]
17:07 --- Channel &bitlbee was synced in 3 seconds
17:14 --- im.bitlbee.org sets modes [&bitlbee +v Dan]
17:22 --- im.bitlbee.org sets modes [&bitlbee +v SteveO]
17:35 --- im.bitlbee.org sets modes [&bitlbee -v SteveO]
17:37 --- im.bitlbee.org sets modes [&bitlbee +v SteveO]
17:37 --- im.bitlbee.org sets modes [&bitlbee -v SteveO]
17:37 @iaj: blist
17:37 @root: Nick              Handle/Account                            Status
17:37 @root: ashes             79416155 oscar(11070386)                  Online
17:37 @root: Dan               46336441 oscar(11070386)                  Online
17:37 @root: KampfWurst        46172364 oscar(11070386)                  Away
17:37 @root: Melissa           300115593 oscar(11070386)                 Away
17:37 @root: Pestberzerker     143548916 oscar(11070386)                 Occupied
17:37 @root: SteveO            306089724 oscar(11070386)                 Occupied
17:37 @root: 68 buddies (2 available, 4 away, 62 offline)
17:39 --- im.bitlbee.org sets modes [&bitlbee +v SteveO]
17:50 --- im.bitlbee.org sets modes [&bitlbee -v SteveO]
18:15 --- im.bitlbee.org sets modes [&bitlbee +v metbo]
18:40 --- im.bitlbee.org sets modes [&bitlbee +v Ghostkilla]
18:40 --- im.bitlbee.org sets modes [&bitlbee +v SteveO]
--- Log closed Thu Jan 20 19:28:00 2011
--- Log opened Thu Jan 20 19:30:24 2011
19:30 --- im.bitlbee.org sets modes [&bitlbee +Ct]
19:30 --- Users 2 nicks [2 ops, 0 halfops, 0 voices, 0 normal]
19:30 @root: Welcome to the BitlBee gateway!
19:30 @root:  
19:30 @root: If you've never used BitlBee before, please do read the help information using the help command. Lots of FAQs are answered there.
19:30 @root: If you already have an account on this server, just use the identify command to identify yourself.
19:30 --- root sets modes [&bitlbee -C]
19:30 @root: Password accepted, settings and accounts loaded
19:30 @root: Trying to get all accounts connected...
19:30 @root: oscar - Logging in: Signon: 11070386
19:30 @root: oscar - Logging in: Connection established, cookie sent
19:30 @root: oscar - Logging in: Logged in
19:30 --- im.bitlbee.org sets modes [&bitlbee +v DukeDany]
19:30 --- im.bitlbee.org sets modes [&bitlbee +v RaraAvis]
19:30 --- im.bitlbee.org sets modes [&bitlbee +v metbo]
19:30 --- im.bitlbee.org sets modes [&bitlbee +v Wolle]
19:30 --- root sets modes [&bitlbee +C]
19:30 --- Channel &bitlbee was synced in 3 seconds
19:35 --- im.bitlbee.org sets modes [&bitlbee +v ElFenominoDaPlaya]
19:49 --- im.bitlbee.org sets modes [&bitlbee +v Sameriter]
19:50 --- im.bitlbee.org sets modes [&bitlbee -v ElFenominoDaPlaya]
--- Log closed Thu Jan 20 19:55:55 2011
--- Log opened Thu Jan 20 19:55:56 2011
19:55 --- im.bitlbee.org sets modes [&bitlbee +Ct]
19:55 --- Users 2 nicks [2 ops, 0 halfops, 0 voices, 0 normal]
19:55 @root: Welcome to the BitlBee gateway!
19:55 @root:  
19:55 @root: If you've never used BitlBee before, please do read the help information using the help command. Lots of FAQs are answered there.
19:55 @root: If you already have an account on this server, just use the identify command to identify yourself.
19:55 --- root sets modes [&bitlbee -C]
19:55 @root: Password accepted, settings and accounts loaded
19:55 @root: New request: You're already connected to this server. Would you like to take over this session?
19:55 @root: You can use the yes/no commands to accept/reject this request.
19:55 --- root sets modes [&bitlbee +C]
19:56 --- Channel &bitlbee was synced in 7 seconds
19:56 @root: Could not take over old session
19:57 @iaj: account on
19:57 @root: Trying to get all accounts connected...
19:57 @root: oscar - Logging in: Signon: 11070386
19:57 @root: oscar - Logging in: Connection established, cookie sent
19:57 @root: oscar - Logging in: Logged in
19:57 --- im.bitlbee.org sets modes [&bitlbee +v DukeDany]
19:57 --- im.bitlbee.org sets modes [&bitlbee +v metbo]
19:57 --- im.bitlbee.org sets modes [&bitlbee +v RaraAvis]
19:57 --- im.bitlbee.org sets modes [&bitlbee +v Sameriter]
19:57 --- im.bitlbee.org sets modes [&bitlbee +v ElFenominoDaPlaya]
19:57 @root: Could not take over old session
19:58 @root: Could not take over old session
19:59 @root: Could not take over old session
--- Log opened Thu Jan 20 20:00:59 2011
20:00 --- im.bitlbee.org sets modes [&bitlbee +Ct]
20:00 --- Users 2 nicks [2 ops, 0 halfops, 0 voices, 0 normal]
20:00 @root: Welcome to the BitlBee gateway!
20:00 @root:  
20:00 @root: If you've never used BitlBee before, please do read the help information using the help command. Lots of FAQs are answered there.
20:00 @root: If you already have an account on this server, just use the identify command to identify yourself.
20:01 --- root sets modes [&bitlbee -C]
20:01 @root: Password accepted, settings and accounts loaded
20:01 @root: Trying to get all accounts connected...
20:01 @root: oscar - Logging in: Signon: 11070386
20:01 @root: oscar - Logging in: Connection established, cookie sent
20:01 @root: oscar - Logging in: Logged in
20:01 --- im.bitlbee.org sets modes [&bitlbee +v Sameriter]
20:01 --- im.bitlbee.org sets modes [&bitlbee +v RaraAvis]
20:01 --- im.bitlbee.org sets modes [&bitlbee +v metbo]
20:01 --- im.bitlbee.org sets modes [&bitlbee +v ElFenominoDaPlaya]
20:01 --- root sets modes [&bitlbee +C]
20:01 --- Channel &bitlbee was synced in 4 seconds
20:04 --- im.bitlbee.org sets modes [&bitlbee +v Christian]
20:14 --- im.bitlbee.org sets modes [&bitlbee +v ElFenominoDaPlaya]
20:15 @iaj: blist
20:15 @root: Nick              Handle/Account                            Status
20:15 @root: metbo             246151769 oscar(11070386)                 Online
20:15 @root: RaraAvis          161520265 oscar(11070386)                 Online
20:15 @root: KampfWurst        46172364 oscar(11070386)                  Away
20:15 @root: Pestberzerker     143548916 oscar(11070386)                 Occupied
20:15 @root: 68 buddies (2 available, 2 away, 64 offline)
20:15 --- im.bitlbee.org sets modes [&bitlbee +v djktbauer]
20:18 @iaj: bli
20:18 @root: Nick              Handle/Account                            Status
20:18 @root: djktbauer         267475365 oscar(11070386)                 Online
20:18 @root: metbo             246151769 oscar(11070386)                 Online
20:18 @root: RaraAvis          161520265 oscar(11070386)                 Online
20:18 @root: KampfWurst        46172364 oscar(11070386)                  Away
20:18 @root: Pestberzerker     143548916 oscar(11070386)                 Occupied
20:18 @root: 68 buddies (3 available, 2 away, 63 offline)
20:19 --- im.bitlbee.org sets modes [&bitlbee +v eSRoe17]
20:19 --- im.bitlbee.org sets modes [&bitlbee -v eSRoe17]
20:20 --- im.bitlbee.org sets modes [&bitlbee +v Melissa]
20:26 --- im.bitlbee.org sets modes [&bitlbee +v Christian]
20:44 --- im.bitlbee.org sets modes [&bitlbee +v HelloKitty]
21:27 --- im.bitlbee.org sets modes [&bitlbee +v HelloKitty]
21:28 --- im.bitlbee.org sets modes [&bitlbee -v Melissa]
21:32 --- im.bitlbee.org sets modes [&bitlbee +v Hilfigergirl]
21:33 --- im.bitlbee.org sets modes [&bitlbee +v Melissa]
21:37 --- im.bitlbee.org sets modes [&bitlbee +v Hilfigergirl]
--- Log closed Thu Jan 20 21:56:30 2011
--- Log opened Thu Jan 20 21:56:31 2011
21:56 --- im.bitlbee.org sets modes [&bitlbee +Ct]
21:56 --- Users 2 nicks [2 ops, 0 halfops, 0 voices, 0 normal]
21:56 @root: Welcome to the BitlBee gateway!
21:56 @root:  
21:56 @root: If you've never used BitlBee before, please do read the help information using the help command. Lots of FAQs are answered there.
21:56 @root: If you already have an account on this server, just use the identify command to identify yourself.
21:56 --- root sets modes [&bitlbee -C]
21:56 @root: Password accepted, settings and accounts loaded
21:56 @root: Trying to get all accounts connected...
21:56 @root: oscar - Logging in: Signon: 11070386
21:56 @root: oscar - Logging in: Connection established, cookie sent
21:56 @root: oscar - Logging in: Logged in
21:56 --- im.bitlbee.org sets modes [&bitlbee +v Hilfigergirl]
21:56 --- im.bitlbee.org sets modes [&bitlbee +v djktbauer]
21:56 --- im.bitlbee.org sets modes [&bitlbee +v RaraAvis]
21:56 --- root sets modes [&bitlbee +C]
21:56 --- Channel &bitlbee was synced in 6 seconds
21:58 --- im.bitlbee.org sets modes [&bitlbee +v metbo]
22:03 --- im.bitlbee.org sets modes [&bitlbee +v Melissa]
22:07 --- im.bitlbee.org sets modes [&bitlbee +v Hilfigergirl]
22:14 --- im.bitlbee.org sets modes [&bitlbee -v Melissa]
22:47 --- im.bitlbee.org sets modes [&bitlbee -v RaraAvis]
22:47 --- im.bitlbee.org sets modes [&bitlbee +v RaraAvis]
22:48 --- im.bitlbee.org sets modes [&bitlbee +v Melissa]
23:01 --- im.bitlbee.org sets modes [&bitlbee -v RaraAvis]
23:04 --- im.bitlbee.org sets modes [&bitlbee -v Melissa]
23:04 --- im.bitlbee.org sets modes [&bitlbee +v RaraAvis]
23:05 --- im.bitlbee.org sets modes [&bitlbee +v anekos]
23:06 --- im.bitlbee.org sets modes [&bitlbee -v RaraAvis]
23:08 --- im.bitlbee.org sets modes [&bitlbee +v RaraAvis]
23:08 --- im.bitlbee.org sets modes [&bitlbee -v RaraAvis]
--- Log closed Thu Jan 20 23:14:17 2011
