--- Log opened Tue Jan 18 00:00:37 2011
00:03 --- im.bitlbee.org sets modes [&bitlbee -v Sameriter]
00:21 --- im.bitlbee.org sets modes [&bitlbee +v Sameriter]
01:38 --- im.bitlbee.org sets modes [&bitlbee +v RaraAvis]
01:50 --- im.bitlbee.org sets modes [&bitlbee -v RaraAvis]
01:56 --- im.bitlbee.org sets modes [&bitlbee +v RaraAvis]
02:06 @root: oscar - New request: The user 589570793 wants to add you to their buddy list for the following reason: No reason given.
02:06 @root: You can use the yes/no commands to accept/reject this request.
02:15 --- im.bitlbee.org sets modes [&bitlbee -v RaraAvis]
02:15 --- im.bitlbee.org sets modes [&bitlbee +v RaraAvis]
03:25 @root: oscar - Error: Disconnected.
03:25 @root: oscar - Signing off..
03:25 @root: oscar - Flushed 1 unanswered question(s) for this connection.
03:25 @root: oscar - Reconnecting in 5 seconds..
03:25 @root: oscar - Logging in: Signon: 11070386
03:25 @root: oscar - Login error: Authentication Failed
03:25 @root: oscar - Logging in: Signing off..
03:25 @root: oscar - Logging in: Reconnecting in 15 seconds..
03:25 @root: oscar - Logging in: Signon: 11070386
03:25 @root: oscar - Login error: Authentication Failed
03:25 @root: oscar - Logging in: Signing off..
03:25 @root: oscar - Logging in: Reconnecting in 45 seconds..
03:26 @root: oscar - Logging in: Signon: 11070386
03:26 @root: oscar - Login error: Authentication Failed
03:26 @root: oscar - Logging in: Signing off..
03:26 @root: oscar - Logging in: Reconnecting in 135 seconds..
03:28 @root: oscar - Logging in: Signon: 11070386
03:28 @root: oscar - Login error: Authentication Failed
03:28 @root: oscar - Logging in: Signing off..
03:28 @root: oscar - Logging in: Reconnecting in 405 seconds..
03:35 @root: oscar - Logging in: Signon: 11070386
03:35 @root: oscar - Logging in: Connection established, cookie sent
03:35 @root: oscar - Logging in: Logged in
03:54 @root: oscar - Error: Disconnected.
03:54 @root: oscar - Signing off..
03:54 @root: oscar - Reconnecting in 5 seconds..
03:54 @root: oscar - Logging in: Signon: 11070386
03:54 @root: oscar - Logging in: Connection established, cookie sent
03:54 @root: oscar - Logging in: Logged in
--- Log closed Tue Jan 18 04:12:44 2011
--- Log opened Tue Jan 18 04:12:46 2011
04:12 --- im.bitlbee.org sets modes [&bitlbee +Ct]
04:12 --- Users 2 nicks [2 ops, 0 halfops, 0 voices, 0 normal]
04:12 @root: Welcome to the BitlBee gateway!
04:12 @root:  
04:12 @root: If you've never used BitlBee before, please do read the help information using the help command. Lots of FAQs are answered there.
04:12 @root: If you already have an account on this server, just use the identify command to identify yourself.
04:12 --- root sets modes [&bitlbee -C]
04:12 @root: Password accepted, settings and accounts loaded
04:12 @root: Trying to get all accounts connected...
04:12 @root: oscar - Logging in: Signon: 11070386
04:12 @root: oscar - Logging in: Connection established, cookie sent
04:12 @root: oscar - Logging in: Logged in
04:12 --- root sets modes [&bitlbee +C]
04:12 --- Channel &bitlbee was synced in 6 seconds
--- Log closed Tue Jan 18 04:38:19 2011
--- Log opened Tue Jan 18 04:38:20 2011
04:38 --- im.bitlbee.org sets modes [&bitlbee +Ct]
04:38 --- Users 2 nicks [2 ops, 0 halfops, 0 voices, 0 normal]
04:38 @root: Welcome to the BitlBee gateway!
04:38 @root:  
04:38 @root: If you've never used BitlBee before, please do read the help information using the help command. Lots of FAQs are answered there.
04:38 @root: If you already have an account on this server, just use the identify command to identify yourself.
04:38 --- root sets modes [&bitlbee -C]
04:38 @root: Password accepted, settings and accounts loaded
04:38 @root: Trying to get all accounts connected...
04:38 @root: oscar - Logging in: Signon: 11070386
04:38 @root: oscar - Logging in: Connection established, cookie sent
04:38 @root: oscar - Logging in: Logged in
04:38 --- im.bitlbee.org sets modes [&bitlbee +v Melissa]
04:38 --- root sets modes [&bitlbee +C]
04:38 --- Channel &bitlbee was synced in 6 seconds
--- Log closed Tue Jan 18 05:34:24 2011
--- Log opened Tue Jan 18 05:34:25 2011
05:34 --- im.bitlbee.org sets modes [&bitlbee +Ct]
05:34 --- Users 2 nicks [2 ops, 0 halfops, 0 voices, 0 normal]
05:34 @root: Welcome to the BitlBee gateway!
05:34 @root:  
05:34 @root: If you've never used BitlBee before, please do read the help information using the help command. Lots of FAQs are answered there.
05:34 @root: If you already have an account on this server, just use the identify command to identify yourself.
05:34 --- root sets modes [&bitlbee -C]
05:34 @root: Password accepted, settings and accounts loaded
05:34 @root: Trying to get all accounts connected...
05:34 @root: oscar - Logging in: Signon: 11070386
05:34 @root: oscar - Logging in: Connection established, cookie sent
05:34 @root: oscar - Logging in: Logged in
05:34 --- root sets modes [&bitlbee +C]
05:34 --- Channel &bitlbee was synced in 6 seconds
08:17 --- im.bitlbee.org sets modes [&bitlbee +v ElFenominoDaPlaya]
--- Log closed Tue Jan 18 09:02:36 2011
--- Log opened Tue Jan 18 10:14:39 2011
10:14 --- im.bitlbee.org sets modes [&bitlbee +Ct]
10:14 --- Users 2 nicks [2 ops, 0 halfops, 0 voices, 0 normal]
10:14 @root: Welcome to the BitlBee gateway!
10:14 @root:  
10:14 @root: If you've never used BitlBee before, please do read the help information using the help command. Lots of FAQs are answered there.
10:14 @root: If you already have an account on this server, just use the identify command to identify yourself.
10:14 --- root sets modes [&bitlbee -C]
10:14 @root: Password accepted, settings and accounts loaded
10:14 @root: Trying to get all accounts connected...
10:14 @root: oscar - Logging in: Signon: 11070386
10:14 @root: oscar - Logging in: Connection established, cookie sent
10:14 @root: oscar - Logging in: Logged in
10:14 --- im.bitlbee.org sets modes [&bitlbee +v ashes]
10:14 --- root sets modes [&bitlbee +C]
10:14 --- Channel &bitlbee was synced in 4 seconds
10:23 --- im.bitlbee.org sets modes [&bitlbee +v ashes]
10:35 --- im.bitlbee.org sets modes [&bitlbee +v RaraAvis]
10:42 @iaj: blist
10:42 @root: Nick              Handle/Account                            Status
10:42 @root: ashes             79416155 oscar(11070386)                  Online
10:42 @root: RaraAvis          161520265 oscar(11070386)                 Online
10:42 @root: DukeDany          57486252 oscar(11070386)                  Occupied
10:42 @root: 68 buddies (2 available, 1 away, 65 offline)
10:57 --- im.bitlbee.org sets modes [&bitlbee -v RaraAvis]
11:07 --- im.bitlbee.org sets modes [&bitlbee +v KampfWurst]
11:14 --- im.bitlbee.org sets modes [&bitlbee +v RaraAvis]
11:52 --- im.bitlbee.org sets modes [&bitlbee +v anekos]
12:34 --- im.bitlbee.org sets modes [&bitlbee -v RaraAvis]
12:34 --- im.bitlbee.org sets modes [&bitlbee +v RaraAvis]
12:38 @iaj: blist
12:38 @root: Nick              Handle/Account                            Status
12:38 @root: KampfWurst        46172364 oscar(11070386)                  Online
12:38 @root: RaraAvis          161520265 oscar(11070386)                 Online
12:38 @root: 68 buddies (2 available, 0 away, 66 offline)
12:46 --- im.bitlbee.org sets modes [&bitlbee +v ashes]
13:35 --- im.bitlbee.org sets modes [&bitlbee +v Lucy]
13:46 --- im.bitlbee.org sets modes [&bitlbee +v Melissa]
13:57 --- im.bitlbee.org sets modes [&bitlbee -v Melissa]
--- Log opened Tue Jan 18 14:48:16 2011
14:48 --- im.bitlbee.org sets modes [&bitlbee +Ct]
14:48 --- Users 2 nicks [2 ops, 0 halfops, 0 voices, 0 normal]
14:48 @root: Welcome to the BitlBee gateway!
14:48 @root:  
14:48 @root: If you've never used BitlBee before, please do read the help information using the help command. Lots of FAQs are answered there.
14:48 @root: If you already have an account on this server, just use the identify command to identify yourself.
14:48 --- root sets modes [&bitlbee -C]
14:48 @root: Password accepted, settings and accounts loaded
14:48 @root: New request: You're already connected to this server. Would you like to take over this session?
14:48 @root: You can use the yes/no commands to accept/reject this request.
14:48 --- root sets modes [&bitlbee +C]
14:48 --- Channel &bitlbee was synced in 3 seconds
14:49 @root: Could not take over old session
14:50 @iaj: account on
14:50 @root: Trying to get all accounts connected...
14:50 @root: oscar - Logging in: Signon: 11070386
14:50 @root: oscar - Logging in: Connection established, cookie sent
14:50 @root: oscar - Logging in: Logged in
14:50 --- im.bitlbee.org sets modes [&bitlbee +v KampfWurst]
16:02 --- im.bitlbee.org sets modes [&bitlbee +v ElFenominoDaPlaya]
16:07 --- im.bitlbee.org sets modes [&bitlbee +v SteveO]
16:55 --- im.bitlbee.org sets modes [&bitlbee -v SteveO]
16:56 --- im.bitlbee.org sets modes [&bitlbee -v ElFenominoDaPlaya]
16:58 --- im.bitlbee.org sets modes [&bitlbee +v SteveO]
17:06 --- im.bitlbee.org sets modes [&bitlbee +v ElFenominoDaPlaya]
17:12 --- im.bitlbee.org sets modes [&bitlbee +v Wolle]
17:14 --- im.bitlbee.org sets modes [&bitlbee +v Sameriter]
17:45 --- im.bitlbee.org sets modes [&bitlbee +v Christian]
18:59 --- im.bitlbee.org sets modes [&bitlbee +v Dan]
19:00 --- im.bitlbee.org sets modes [&bitlbee -v Dan]
19:47 --- im.bitlbee.org sets modes [&bitlbee +v Justine]
20:01 --- im.bitlbee.org sets modes [&bitlbee +v ElFenominoDaPlaya]
20:10 --- im.bitlbee.org sets modes [&bitlbee -v Justine]
20:11 --- im.bitlbee.org sets modes [&bitlbee +v SteveO]
20:14 --- im.bitlbee.org sets modes [&bitlbee +v djktbauer]
20:23 --- im.bitlbee.org sets modes [&bitlbee +v ElFenominoDaPlaya]
20:44 --- im.bitlbee.org sets modes [&bitlbee +v Justine]
20:49 --- im.bitlbee.org sets modes [&bitlbee +v ElFenominoDaPlaya]
--- Log closed Tue Jan 18 21:18:55 2011
--- Log opened Tue Jan 18 21:23:57 2011
21:23 --- im.bitlbee.org sets modes [&bitlbee +Ct]
21:23 --- Users 2 nicks [2 ops, 0 halfops, 0 voices, 0 normal]
21:23 @root: Welcome to the BitlBee gateway!
21:23 @root:  
21:23 @root: If you've never used BitlBee before, please do read the help information using the help command. Lots of FAQs are answered there.
21:23 @root: If you already have an account on this server, just use the identify command to identify yourself.
21:23 --- root sets modes [&bitlbee -C]
21:23 @root: Password accepted, settings and accounts loaded
21:23 @root: Trying to get all accounts connected...
21:23 @root: oscar - Logging in: Signon: 11070386
21:23 @root: oscar - Logging in: Connection established, cookie sent
21:23 @root: oscar - Logging in: Logged in
21:23 --- im.bitlbee.org sets modes [&bitlbee +v djktbauer]
21:23 --- im.bitlbee.org sets modes [&bitlbee +v KampfWurst]
21:23 --- im.bitlbee.org sets modes [&bitlbee +v SteveO]
21:24 --- root sets modes [&bitlbee +C]
21:24 --- Channel &bitlbee was synced in 6 seconds
21:24 --- im.bitlbee.org sets modes [&bitlbee +v eSRoe17]
21:24 --- im.bitlbee.org sets modes [&bitlbee +v Melissa]
21:25 --- im.bitlbee.org sets modes [&bitlbee -v Melissa]
21:26 @iaj: bli
21:26 @root: Nick              Handle/Account                            Status
21:26 @root: djktbauer         267475365 oscar(11070386)                 Online
21:26 @root: eSRoe17           470136953 oscar(11070386)                 Online
21:26 @root: KampfWurst        46172364 oscar(11070386)                  Online
21:26 @root: SteveO            306089724 oscar(11070386)                 Online
21:26 @root: buTcHEr           264015105 oscar(11070386)                 Occupied
21:26 @root: Dan               46336441 oscar(11070386)                  Invisible
21:26 @root: GruenerTuerke     473226753 oscar(11070386)                 Away
21:26 @root: Melissa           300115593 oscar(11070386)                 Away
21:26 @root: Pestberzerker     143548916 oscar(11070386)                 Occupied
21:26 @root: 68 buddies (4 available, 5 away, 59 offline)
21:48 --- im.bitlbee.org sets modes [&bitlbee -v djktbauer]
21:49 --- im.bitlbee.org sets modes [&bitlbee +v djktbauer]
22:08 --- im.bitlbee.org sets modes [&bitlbee +v Ghostkilla]
23:03 --- im.bitlbee.org sets modes [&bitlbee +v mo]
23:03 @iaj: bli
23:03 @root: Nick              Handle/Account                            Status
23:03 @root: Ghostkilla        66862684 oscar(11070386)                  Online
23:03 @root: mo                572606527 oscar(11070386)                 Online
23:03 @root: SteveO            306089724 oscar(11070386)                 Online
23:03 @root: buTcHEr           264015105 oscar(11070386)                 Occupied
23:03 @root: Dan               46336441 oscar(11070386)                  Invisible
23:03 @root: GruenerTuerke     473226753 oscar(11070386)                 Away
23:03 @root: Pestberzerker     143548916 oscar(11070386)                 Occupied
23:03 @root: 68 buddies (3 available, 4 away, 61 offline)
--- Log closed Tue Jan 18 23:28:15 2011
--- Log opened Tue Jan 18 23:28:17 2011
23:28 --- im.bitlbee.org sets modes [&bitlbee +Ct]
23:28 --- Users 2 nicks [2 ops, 0 halfops, 0 voices, 0 normal]
23:28 @root: Welcome to the BitlBee gateway!
23:28 @root:  
23:28 @root: If you've never used BitlBee before, please do read the help information using the help command. Lots of FAQs are answered there.
23:28 @root: If you already have an account on this server, just use the identify command to identify yourself.
23:28 --- root sets modes [&bitlbee -C]
23:28 @root: Password accepted, settings and accounts loaded
23:28 @root: Trying to get all accounts connected...
23:28 @root: oscar - Logging in: Signon: 11070386
23:28 @root: oscar - Logging in: Connection established, cookie sent
23:28 @root: oscar - Logging in: Logged in
23:28 --- im.bitlbee.org sets modes [&bitlbee +v Ghostkilla]
23:28 --- root sets modes [&bitlbee +C]
23:28 --- Channel &bitlbee was synced in 6 seconds
--- Log closed Tue Jan 18 23:36:33 2011
--- Log opened Tue Jan 18 23:36:34 2011
23:36 --- im.bitlbee.org sets modes [&bitlbee +Ct]
23:36 --- Users 2 nicks [2 ops, 0 halfops, 0 voices, 0 normal]
23:36 @root: Welcome to the BitlBee gateway!
23:36 @root:  
23:36 @root: If you've never used BitlBee before, please do read the help information using the help command. Lots of FAQs are answered there.
23:36 @root: If you already have an account on this server, just use the identify command to identify yourself.
23:36 --- root sets modes [&bitlbee -C]
23:36 @root: Password accepted, settings and accounts loaded
23:36 @root: Trying to get all accounts connected...
23:36 @root: oscar - Logging in: Signon: 11070386
23:36 @root: oscar - Logging in: Connection established, cookie sent
23:36 @root: oscar - Logging in: Logged in
23:36 --- im.bitlbee.org sets modes [&bitlbee +v Ghostkilla]
23:36 --- root sets modes [&bitlbee +C]
23:36 --- Channel &bitlbee was synced in 6 seconds
23:40 --- im.bitlbee.org sets modes [&bitlbee +v Wolle]
--- Log closed Tue Jan 18 23:47:54 2011
--- Log opened Tue Jan 18 23:47:55 2011
23:47 --- im.bitlbee.org sets modes [&bitlbee +Ct]
23:47 --- Users 2 nicks [2 ops, 0 halfops, 0 voices, 0 normal]
23:47 @root: Welcome to the BitlBee gateway!
23:47 @root:  
23:47 @root: If you've never used BitlBee before, please do read the help information using the help command. Lots of FAQs are answered there.
23:47 @root: If you already have an account on this server, just use the identify command to identify yourself.
23:47 --- root sets modes [&bitlbee -C]
23:47 @root: Password accepted, settings and accounts loaded
23:47 @root: Trying to get all accounts connected...
23:47 @root: oscar - Logging in: Signon: 11070386
23:47 @root: oscar - Logging in: Connection established, cookie sent
23:47 @root: oscar - Logging in: Logged in
23:47 --- im.bitlbee.org sets modes [&bitlbee +v Wolle]
23:47 --- im.bitlbee.org sets modes [&bitlbee +v Ghostkilla]
23:47 --- root sets modes [&bitlbee +C]
23:48 --- Channel &bitlbee was synced in 6 seconds
23:48 --- im.bitlbee.org sets modes [&bitlbee +v RaraAvis]
--- Log closed Wed Jan 19 00:00:10 2011
