--- Log opened Thu Nov 11 03:27:05 2010
03:27 -ChanServ- (ChanServ@services.) [#vim] vim discussion .. www.vim.org, vim.sf.net, :help
03:27 -ChanServ- (ChanServ@services.) [#zsh] Welcome to #zsh! Discussion of the Z Shell and sharing of configs highly encouraged. Enjoy your stay and come back soon!
03:27 -ChanServ- (ChanServ@services.) [##mac] Please read the channel's rules before seeking help: http://ircmac.com/rules.php | Hackintosh is not supported here | Use a pastebin.
03:27 -ChanServ- (ChanServ@services.) [#bash] Welcome to #bash. Not everything that happens on the commandline is bash. ***Please specify if you are writing for sh!***
03:27 -ChanServ- (ChanServ@services.) [#irssi] Welcome to #irssi. See http://www.irssi.org/documentation/startup before asking your question. Google is your friend. Don't be afraid to ask your question, there's no need to hilight people. Send a mail to info@irssi.org if there's no reply.
03:27 -ChanServ- (ChanServ@services.) [#svn] This channel is LOGGED at http://colabti.org/irclogger/irclogger_logs/svn
03:27 -ChanServ- (ChanServ@services.) [#typo3] Welcome to Typo3 Official IRC channel. Please speak in English only.
03:27 -ChanServ- (ChanServ@services.) [#debian] Welcome to #Debian. This is a discussion channel; if you have a question about Debian GNU/Linux, ask and we will try our best to answer it. Newcomers should read the channel's guidelines by typing "/msg dpkg guidelines". Please do not paste in the channel; use #flood instead. Thank you.
--- Log closed Thu Nov 11 03:32:39 2010
--- Log opened Thu Nov 11 07:22:46 2010
07:22 -ChanServ- (ChanServ@services.) [#vim] vim discussion .. www.vim.org, vim.sf.net, :help
07:22 -ChanServ- (ChanServ@services.) [#zsh] Welcome to #zsh! Discussion of the Z Shell and sharing of configs highly encouraged. Enjoy your stay and come back soon!
07:22 -ChanServ- (ChanServ@services.) [##mac] Please read the channel's rules before seeking help: http://ircmac.com/rules.php | Hackintosh is not supported here | Use a pastebin.
07:22 -ChanServ- (ChanServ@services.) [#bash] Welcome to #bash. Not everything that happens on the commandline is bash. ***Please specify if you are writing for sh!***
07:22 -ChanServ- (ChanServ@services.) [#irssi] Welcome to #irssi. See http://www.irssi.org/documentation/startup before asking your question. Google is your friend. Don't be afraid to ask your question, there's no need to hilight people. Send a mail to info@irssi.org if there's no reply.
07:22 -ChanServ- (ChanServ@services.) [#svn] This channel is LOGGED at http://colabti.org/irclogger/irclogger_logs/svn
07:22 -ChanServ- (ChanServ@services.) [#typo3] Welcome to Typo3 Official IRC channel. Please speak in English only.
07:22 -ChanServ- (ChanServ@services.) [#debian] Welcome to #Debian. This is a discussion channel; if you have a question about Debian GNU/Linux, ask and we will try our best to answer it. Newcomers should read the channel's guidelines by typing "/msg dpkg guidelines". Please do not paste in the channel; use #flood instead. Thank you.
--- Log closed Thu Nov 11 07:28:39 2010
--- Log opened Thu Nov 11 09:02:58 2010
09:02 -ChanServ- (ChanServ@services.) [#vim] vim discussion .. www.vim.org, vim.sf.net, :help
09:02 -ChanServ- (ChanServ@services.) [#zsh] Welcome to #zsh! Discussion of the Z Shell and sharing of configs highly encouraged. Enjoy your stay and come back soon!
09:02 -ChanServ- (ChanServ@services.) [##mac] Please read the channel's rules before seeking help: http://ircmac.com/rules.php | Hackintosh is not supported here | Use a pastebin.
09:02 -ChanServ- (ChanServ@services.) [#bash] Welcome to #bash. Not everything that happens on the commandline is bash. ***Please specify if you are writing for sh!***
09:02 -ChanServ- (ChanServ@services.) [#irssi] Welcome to #irssi. See http://www.irssi.org/documentation/startup before asking your question. Google is your friend. Don't be afraid to ask your question, there's no need to hilight people. Send a mail to info@irssi.org if there's no reply.
09:02 -ChanServ- (ChanServ@services.) [#svn] This channel is LOGGED at http://colabti.org/irclogger/irclogger_logs/svn
09:02 -ChanServ- (ChanServ@services.) [#typo3] Welcome to Typo3 Official IRC channel. Please speak in English only.
09:02 -ChanServ- (ChanServ@services.) [#debian] Welcome to #Debian. This is a discussion channel; if you have a question about Debian GNU/Linux, ask and we will try our best to answer it. Newcomers should read the channel's guidelines by typing "/msg dpkg guidelines". Please do not paste in the channel; use #flood instead. Thank you.
--- Log closed Thu Nov 11 09:08:32 2010
--- Log opened Thu Nov 11 09:11:21 2010
09:11 -ChanServ- (ChanServ@services.) [#vim] vim discussion .. www.vim.org, vim.sf.net, :help
09:11 -ChanServ- (ChanServ@services.) [#zsh] Welcome to #zsh! Discussion of the Z Shell and sharing of configs highly encouraged. Enjoy your stay and come back soon!
09:11 -ChanServ- (ChanServ@services.) [##mac] Please read the channel's rules before seeking help: http://ircmac.com/rules.php | Hackintosh is not supported here | Use a pastebin.
09:11 -ChanServ- (ChanServ@services.) [#bash] Welcome to #bash. Not everything that happens on the commandline is bash. ***Please specify if you are writing for sh!***
09:11 -ChanServ- (ChanServ@services.) [#python] Welcome to #python, puny fleshlings. Please see our website, http://pound-python.org/ , for information about the channel and Python.
09:11 -ChanServ- (ChanServ@services.) [#irssi] Welcome to #irssi. See http://www.irssi.org/documentation/startup before asking your question. Google is your friend. Don't be afraid to ask your question, there's no need to hilight people. Send a mail to info@irssi.org if there's no reply.
--- Log closed Thu Nov 11 09:17:03 2010
--- Log opened Thu Nov 11 10:16:22 2010
10:16 -ChanServ- (ChanServ@services.) [#vim] vim discussion .. www.vim.org, vim.sf.net, :help
10:16 -ChanServ- (ChanServ@services.) [#zsh] Welcome to #zsh! Discussion of the Z Shell and sharing of configs highly encouraged. Enjoy your stay and come back soon!
10:16 -ChanServ- (ChanServ@services.) [##mac] Please read the channel's rules before seeking help: http://ircmac.com/rules.php | Hackintosh is not supported here | Use a pastebin.
10:16 -ChanServ- (ChanServ@services.) [#bash] Welcome to #bash. Not everything that happens on the commandline is bash. ***Please specify if you are writing for sh!***
10:16 -ChanServ- (ChanServ@services.) [#python] Welcome to #python, puny fleshlings. Please see our website, http://pound-python.org/ , for information about the channel and Python.
10:16 -ChanServ- (ChanServ@services.) [#irssi] Welcome to #irssi. See http://www.irssi.org/documentation/startup before asking your question. Google is your friend. Don't be afraid to ask your question, there's no need to hilight people. Send a mail to info@irssi.org if there's no reply.
--- Log closed Thu Nov 11 10:22:03 2010
--- Log opened Thu Nov 11 10:52:31 2010
10:52 -ChanServ- (ChanServ@services.) [#debian] Welcome to #Debian. This is a discussion channel; if you have a question about Debian GNU/Linux, ask and we will try our best to answer it. Newcomers should read the channel's guidelines by typing "/msg dpkg guidelines". Please do not paste in the channel; use #flood instead. Thank you.
--- Log closed Thu Nov 11 10:58:03 2010
--- Log opened Thu Nov 11 11:17:33 2010
11:17 -ChanServ- (ChanServ@services.) [##php] Welcome to ##PHP. Please read the guidelines.
11:21 -ChanServ- (ChanServ@services.) [##javascript] Please note: ##javascript will shortly be logged by the IRSeek service. To search channel logs or for more information on logging, see http://irseek.com/
--- Log closed Thu Nov 11 11:27:03 2010
--- Log opened Thu Nov 11 12:32:36 2010
12:32 -ChanServ- (ChanServ@services.) [#typo3] Welcome to Typo3 Official IRC channel. Please speak in English only.
--- Log closed Thu Nov 11 12:38:03 2010
