--- Log opened Sat Nov 27 00:10:56 2010
00:10 -ChanServ- (ChanServ@services.) [#vim] vim discussion .. www.vim.org, vim.sf.net, :help
00:10 -ChanServ- (ChanServ@services.) [#zsh] Welcome to #zsh! Discussion of the Z Shell and sharing of configs highly encouraged. Enjoy your stay and come back soon!
00:10 -ChanServ- (ChanServ@services.) [##mac] Please read the channel's rules before seeking help: http://ircmac.com/rules.php | Hackintosh is not supported here | Use a pastebin.
00:10 -ChanServ- (ChanServ@services.) [#bash] Welcome to #bash. Not everything that happens on the commandline is bash. ***Please specify if you are writing for sh!***
00:10 -ChanServ- (ChanServ@services.) [#irssi] Welcome to #irssi. See http://www.irssi.org/documentation/startup before asking your question. Google is your friend. Don't be afraid to ask your question, there's no need to hilight people. Send a mail to info@irssi.org if there's no reply.
00:10 -ChanServ- (ChanServ@services.) [##javascript] Please note: ##javascript will shortly be logged by the IRSeek service. To search channel logs or for more information on logging, see http://irseek.com/
00:10 -ChanServ- (ChanServ@services.) [##linux] You've reached ##linux, Freenode's general Linux discussion channel. Check our website at http://www.linuxassist.net/ , enjoy your stay!
00:10 -ChanServ- (ChanServ@services.) [#debian] Welcome to #Debian. This is a discussion channel; if you have a question about Debian GNU/Linux, ask and we will try our best to answer it. Newcomers should read the channel's guidelines by typing "/msg dpkg guidelines". Please do not paste in the channel; use #flood instead. Thank you.
00:10 -ChanServ- (ChanServ@services.) [#typo3] Welcome to Typo3 Official IRC channel. Please speak in English only.
--- Log closed Sat Nov 27 00:16:28 2010
--- Log opened Sat Nov 27 16:37:28 2010
16:37 -ChanServ- (ChanServ@services.) [#vim] vim discussion .. www.vim.org, vim.sf.net, :help
16:37 -ChanServ- (ChanServ@services.) [#zsh] Welcome to #zsh! Discussion of the Z Shell and sharing of configs highly encouraged. Enjoy your stay and come back soon!
16:37 -ChanServ- (ChanServ@services.) [##mac] Please read the channel's rules before seeking help: http://ircmac.com/rules.php | Hackintosh is not supported here | Use a pastebin.
16:37 -ChanServ- (ChanServ@services.) [#bash] Welcome to #bash. Not everything that happens on the commandline is bash. ***Please specify if you are writing for sh!***
16:37 -ChanServ- (ChanServ@services.) [#irssi] Welcome to #irssi. See http://www.irssi.org/documentation/startup before asking your question. Google is your friend. Don't be afraid to ask your question, there's no need to hilight people. Send a mail to info@irssi.org if there's no reply.
16:37 -ChanServ- (ChanServ@services.) [##javascript] Please note: ##javascript will shortly be logged by the IRSeek service. To search channel logs or for more information on logging, see http://irseek.com/
16:37 -ChanServ- (ChanServ@services.) [##linux] You've reached ##linux, Freenode's general Linux discussion channel. Check our website at http://www.linuxassist.net/ , enjoy your stay!
16:37 -ChanServ- (ChanServ@services.) [#debian] Welcome to #Debian. This is a discussion channel; if you have a question about Debian GNU/Linux, ask and we will try our best to answer it. Newcomers should read the channel's guidelines by typing "/msg dpkg guidelines". Please do not paste in the channel; use #flood instead. Thank you.
16:37 -ChanServ- (ChanServ@services.) [#typo3] Welcome to Typo3 Official IRC channel. Please speak in English only.
--- Log closed Sat Nov 27 16:43:02 2010
--- Log opened Sat Nov 27 18:16:35 2010
18:16 -ChanServ- (ChanServ@services.) [#vim] vim discussion .. www.vim.org, vim.sf.net, :help
18:16 -ChanServ- (ChanServ@services.) [#zsh] Welcome to #zsh! Discussion of the Z Shell and sharing of configs highly encouraged. Enjoy your stay and come back soon!
18:16 -ChanServ- (ChanServ@services.) [##mac] Please read the channel's rules before seeking help: http://ircmac.com/rules.php | Hackintosh is not supported here | Use a pastebin.
18:16 -ChanServ- (ChanServ@services.) [#bash] Welcome to #bash. Not everything that happens on the commandline is bash. ***Please specify if you are writing for sh!***
18:16 -ChanServ- (ChanServ@services.) [#irssi] Welcome to #irssi. See http://www.irssi.org/documentation/startup before asking your question. Google is your friend. Don't be afraid to ask your question, there's no need to hilight people. Send a mail to info@irssi.org if there's no reply.
18:16 -ChanServ- (ChanServ@services.) [##javascript] Please note: ##javascript will shortly be logged by the IRSeek service. To search channel logs or for more information on logging, see http://irseek.com/
18:16 -ChanServ- (ChanServ@services.) [##linux] You've reached ##linux, Freenode's general Linux discussion channel. Check our website at http://www.linuxassist.net/ , enjoy your stay!
18:16 -ChanServ- (ChanServ@services.) [#debian] Welcome to #Debian. This is a discussion channel; if you have a question about Debian GNU/Linux, ask and we will try our best to answer it. Newcomers should read the channel's guidelines by typing "/msg dpkg guidelines". Please do not paste in the channel; use #flood instead. Thank you.
18:16 -ChanServ- (ChanServ@services.) [#typo3] Welcome to Typo3 Official IRC channel. Please speak in English only.
--- Log closed Sat Nov 27 18:22:02 2010
