--- Log opened Fri Oct 15 10:30:18 2010
10:30 -ChanServ- (ChanServ@services.) [#vim] vim discussion .. www.vim.org, vim.sf.net, :help
10:30 -ChanServ- (ChanServ@services.) [#zsh] Welcome to #zsh! Discussion of the Z Shell and sharing of configs highly encouraged. Enjoy your stay and come back soon!
10:30 -ChanServ- (ChanServ@services.) [##mac] Please read the channel's rules before seeking help: http://ircmac.com/rules.php | Hackintosh is not supported here | Use a pastebin.
10:30 -ChanServ- (ChanServ@services.) [#bash] Welcome to #bash. Not everything that happens on the commandline is bash. ***Please specify if you are writing for sh!***
10:30 -ChanServ- (ChanServ@services.) [#python] Welcome to #python, puny fleshlings. Please see our website, http://pound-python.org/ , for information about the channel and Python.
10:30 -ChanServ- (ChanServ@services.) [#irssi] Welcome to #irssi. See http://www.irssi.org/documentation/startup before asking your question. Google is your friend. Don't be afraid to ask your question, there's no need to hilight people. Send a mail to info@irssi.org if there's no reply.
--- Log closed Fri Oct 15 10:35:56 2010
--- Log opened Fri Oct 15 10:55:54 2010
10:55 -ChanServ- (ChanServ@services.) [#macdev] Read the FAQ, it could improve your life... or at least the next 5 minutes! - http://www.devintosh.com/index2.php?x=faq
--- Log closed Fri Oct 15 11:00:56 2010
--- Log opened Fri Oct 15 13:49:18 2010
13:49 -ChanServ- (ChanServ@services.) [#vim] vim discussion .. www.vim.org, vim.sf.net, :help
13:49 -ChanServ- (ChanServ@services.) [#zsh] Welcome to #zsh! Discussion of the Z Shell and sharing of configs highly encouraged. Enjoy your stay and come back soon!
13:49 -ChanServ- (ChanServ@services.) [##mac] Please read the channel's rules before seeking help: http://ircmac.com/rules.php | Hackintosh is not supported here | Use a pastebin.
13:49 -ChanServ- (ChanServ@services.) [#bash] Welcome to #bash. Not everything that happens on the commandline is bash. ***Please specify if you are writing for sh!***
13:49 -ChanServ- (ChanServ@services.) [#python] Welcome to #python, puny fleshlings. Please see our website, http://pound-python.org/ , for information about the channel and Python.
13:49 -ChanServ- (ChanServ@services.) [#irssi] Welcome to #irssi. See http://www.irssi.org/documentation/startup before asking your question. Google is your friend. Don't be afraid to ask your question, there's no need to hilight people. Send a mail to info@irssi.org if there's no reply.
--- Log closed Fri Oct 15 13:54:52 2010
--- Log opened Fri Oct 15 18:17:18 2010
18:17 -ChanServ- (ChanServ@services.) [#vim] vim discussion .. www.vim.org, vim.sf.net, :help
18:17 -ChanServ- (ChanServ@services.) [#zsh] Welcome to #zsh! Discussion of the Z Shell and sharing of configs highly encouraged. Enjoy your stay and come back soon!
18:17 -ChanServ- (ChanServ@services.) [##mac] Please read the channel's rules before seeking help: http://ircmac.com/rules.php | Hackintosh is not supported here | Use a pastebin.
18:17 -ChanServ- (ChanServ@services.) [#bash] Welcome to #bash. Not everything that happens on the commandline is bash. ***Please specify if you are writing for sh!***
18:17 -ChanServ- (ChanServ@services.) [#python] Welcome to #python, puny fleshlings. Please see our website, http://pound-python.org/ , for information about the channel and Python.
18:17 -ChanServ- (ChanServ@services.) [#irssi] Welcome to #irssi. See http://www.irssi.org/documentation/startup before asking your question. Google is your friend. Don't be afraid to ask your question, there's no need to hilight people. Send a mail to info@irssi.org if there's no reply.
--- Log closed Fri Oct 15 18:22:58 2010
