--- Log opened Wed Oct 27 13:16:19 2010
13:16 -ChanServ- (ChanServ@services.) [#vim] vim discussion .. www.vim.org, vim.sf.net, :help
13:16 -ChanServ- (ChanServ@services.) [#zsh] Welcome to #zsh! Discussion of the Z Shell and sharing of configs highly encouraged. Enjoy your stay and come back soon!
13:16 -ChanServ- (ChanServ@services.) [##mac] Please read the channel's rules before seeking help: http://ircmac.com/rules.php | Hackintosh is not supported here | Use a pastebin.
13:16 -ChanServ- (ChanServ@services.) [#bash] Welcome to #bash. Not everything that happens on the commandline is bash. ***Please specify if you are writing for sh!***
13:16 -ChanServ- (ChanServ@services.) [#python] Welcome to #python, puny fleshlings. Please see our website, http://pound-python.org/ , for information about the channel and Python.
13:16 -ChanServ- (ChanServ@services.) [#irssi] Welcome to #irssi. See http://www.irssi.org/documentation/startup before asking your question. Google is your friend. Don't be afraid to ask your question, there's no need to hilight people. Send a mail to info@irssi.org if there's no reply.
13:16 -ChanServ- (ChanServ@services.) [#typo3] Welcome to Typo3 Official IRC channel. Please speak in English only.
--- Log closed Wed Oct 27 13:21:55 2010
--- Log opened Wed Oct 27 18:44:39 2010
18:44 -ChanServ- (ChanServ@services.) [#vim] vim discussion .. www.vim.org, vim.sf.net, :help
18:44 -ChanServ- (ChanServ@services.) [#zsh] Welcome to #zsh! Discussion of the Z Shell and sharing of configs highly encouraged. Enjoy your stay and come back soon!
18:44 -ChanServ- (ChanServ@services.) [##mac] Please read the channel's rules before seeking help: http://ircmac.com/rules.php | Hackintosh is not supported here | Use a pastebin.
18:44 -ChanServ- (ChanServ@services.) [#bash] Welcome to #bash. Not everything that happens on the commandline is bash. ***Please specify if you are writing for sh!***
18:44 -ChanServ- (ChanServ@services.) [#python] Welcome to #python, puny fleshlings. Please see our website, http://pound-python.org/ , for information about the channel and Python.
18:44 -ChanServ- (ChanServ@services.) [#irssi] Welcome to #irssi. See http://www.irssi.org/documentation/startup before asking your question. Google is your friend. Don't be afraid to ask your question, there's no need to hilight people. Send a mail to info@irssi.org if there's no reply.
18:44 -ChanServ- (ChanServ@services.) [#typo3] Welcome to Typo3 Official IRC channel. Please speak in English only.
--- Log closed Wed Oct 27 18:49:55 2010
--- Log opened Wed Oct 27 19:28:31 2010
19:28 -ChanServ- (ChanServ@services.) [#vim] vim discussion .. www.vim.org, vim.sf.net, :help
19:28 -ChanServ- (ChanServ@services.) [#zsh] Welcome to #zsh! Discussion of the Z Shell and sharing of configs highly encouraged. Enjoy your stay and come back soon!
19:28 -ChanServ- (ChanServ@services.) [##mac] Please read the channel's rules before seeking help: http://ircmac.com/rules.php | Hackintosh is not supported here | Use a pastebin.
19:28 -ChanServ- (ChanServ@services.) [#bash] Welcome to #bash. Not everything that happens on the commandline is bash. ***Please specify if you are writing for sh!***
19:28 -ChanServ- (ChanServ@services.) [#python] Welcome to #python, puny fleshlings. Please see our website, http://pound-python.org/ , for information about the channel and Python.
19:28 -ChanServ- (ChanServ@services.) [#irssi] Welcome to #irssi. See http://www.irssi.org/documentation/startup before asking your question. Google is your friend. Don't be afraid to ask your question, there's no need to hilight people. Send a mail to info@irssi.org if there's no reply.
19:28 -ChanServ- (ChanServ@services.) [#typo3] Welcome to Typo3 Official IRC channel. Please speak in English only.
--- Log closed Wed Oct 27 19:33:55 2010
--- Log opened Wed Oct 27 19:59:11 2010
19:59 -ChanServ- (ChanServ@services.) [#vim] vim discussion .. www.vim.org, vim.sf.net, :help
19:59 -ChanServ- (ChanServ@services.) [#zsh] Welcome to #zsh! Discussion of the Z Shell and sharing of configs highly encouraged. Enjoy your stay and come back soon!
19:59 -ChanServ- (ChanServ@services.) [##mac] Please read the channel's rules before seeking help: http://ircmac.com/rules.php | Hackintosh is not supported here | Use a pastebin.
19:59 -ChanServ- (ChanServ@services.) [#bash] Welcome to #bash. Not everything that happens on the commandline is bash. ***Please specify if you are writing for sh!***
19:59 -ChanServ- (ChanServ@services.) [#irssi] Welcome to #irssi. See http://www.irssi.org/documentation/startup before asking your question. Google is your friend. Don't be afraid to ask your question, there's no need to hilight people. Send a mail to info@irssi.org if there's no reply.
19:59 -ChanServ- (ChanServ@services.) [#typo3] Welcome to Typo3 Official IRC channel. Please speak in English only.
--- Log closed Wed Oct 27 20:04:55 2010
