--- Log opened Fri Dec 10 02:27:37 2010
02:27 -ChanServ- (ChanServ@services.) [#vim] vim discussion .. www.vim.org, vim.sf.net, :help
02:27 -ChanServ- (ChanServ@services.) [#zsh] Welcome to #zsh! Discussion of the Z Shell and sharing of configs highly encouraged. Enjoy your stay and come back soon!
02:27 -ChanServ- (ChanServ@services.) [##mac] Please read the channel's rules before seeking help: http://ircmac.com/rules.php | Hackintosh is not supported here | Use a pastebin.
02:27 -ChanServ- (ChanServ@services.) [#bash] Welcome to #bash. Not everything that happens on the commandline is bash. ***Please specify if you are writing for sh!***
02:27 -ChanServ- (ChanServ@services.) [#python] Welcome to #python, puny fleshlings. Please see our website, http://pound-python.org/ , for information about the channel and Python.
02:27 -ChanServ- (ChanServ@services.) [#irssi] Welcome to #irssi. See http://www.irssi.org/documentation/startup before asking your question. Google is your friend. Don't be afraid to ask your question, there's no need to hilight people. Send a mail to info@irssi.org if there's no reply.
--- Log closed Fri Dec 10 02:33:12 2010
--- Log opened Fri Dec 10 03:46:05 2010
03:46 -ChanServ- (ChanServ@services.) [#vim] vim discussion .. www.vim.org, vim.sf.net, :help
03:46 -ChanServ- (ChanServ@services.) [#zsh] Welcome to #zsh! Discussion of the Z Shell and sharing of configs highly encouraged. Enjoy your stay and come back soon!
03:46 -ChanServ- (ChanServ@services.) [##mac] Please read the channel's rules before seeking help: http://ircmac.com/rules.php | Hackintosh is not supported here | Use a pastebin.
03:46 -ChanServ- (ChanServ@services.) [#bash] Welcome to #bash. Not everything that happens on the commandline is bash. ***Please specify if you are writing for sh!***
03:46 -ChanServ- (ChanServ@services.) [#python] Welcome to #python, puny fleshlings. Please see our website, http://pound-python.org/ , for information about the channel and Python.
03:46 -ChanServ- (ChanServ@services.) [#irssi] Welcome to #irssi. See http://www.irssi.org/documentation/startup before asking your question. Google is your friend. Don't be afraid to ask your question, there's no need to hilight people. Send a mail to info@irssi.org if there's no reply.
--- Log opened Fri Dec 10 03:46:32 2010
03:46 -ChanServ- (ChanServ@services.) [#vim] vim discussion .. www.vim.org, vim.sf.net, :help
03:46 -ChanServ- (ChanServ@services.) [#zsh] Welcome to #zsh! Discussion of the Z Shell and sharing of configs highly encouraged. Enjoy your stay and come back soon!
03:46 -ChanServ- (ChanServ@services.) [##mac] Please read the channel's rules before seeking help: http://ircmac.com/rules.php | Hackintosh is not supported here | Use a pastebin.
03:46 -ChanServ- (ChanServ@services.) [#bash] Welcome to #bash. Not everything that happens on the commandline is bash. ***Please specify if you are writing for sh!***
03:46 -ChanServ- (ChanServ@services.) [#irssi] Welcome to #irssi. See http://www.irssi.org/documentation/startup before asking your question. Google is your friend. Don't be afraid to ask your question, there's no need to hilight people. Send a mail to info@irssi.org if there's no reply.
--- Log closed Fri Dec 10 03:51:12 2010
--- Log closed Fri Dec 10 03:52:09 2010
--- Log opened Fri Dec 10 04:27:11 2010
04:27 -ChanServ- (ChanServ@services.) [#vim] vim discussion .. www.vim.org, vim.sf.net, :help
04:27 -ChanServ- (ChanServ@services.) [#zsh] Welcome to #zsh! Discussion of the Z Shell and sharing of configs highly encouraged. Enjoy your stay and come back soon!
04:27 -ChanServ- (ChanServ@services.) [##mac] Please read the channel's rules before seeking help: http://ircmac.com/rules.php | Hackintosh is not supported here | Use a pastebin.
04:27 -ChanServ- (ChanServ@services.) [#bash] Welcome to #bash. Not everything that happens on the commandline is bash. ***Please specify if you are writing for sh!***
04:27 -ChanServ- (ChanServ@services.) [#irssi] Welcome to #irssi. See http://www.irssi.org/documentation/startup before asking your question. Google is your friend. Don't be afraid to ask your question, there's no need to hilight people. Send a mail to info@irssi.org if there's no reply.
--- Log opened Fri Dec 10 04:27:41 2010
04:27 -ChanServ- (ChanServ@services.) [#vim] vim discussion .. www.vim.org, vim.sf.net, :help
04:27 -ChanServ- (ChanServ@services.) [#zsh] Welcome to #zsh! Discussion of the Z Shell and sharing of configs highly encouraged. Enjoy your stay and come back soon!
04:27 -ChanServ- (ChanServ@services.) [##mac] Please read the channel's rules before seeking help: http://ircmac.com/rules.php | Hackintosh is not supported here | Use a pastebin.
04:27 -ChanServ- (ChanServ@services.) [#bash] Welcome to #bash. Not everything that happens on the commandline is bash. ***Please specify if you are writing for sh!***
04:27 -ChanServ- (ChanServ@services.) [#python] Welcome to #python, puny fleshlings. Please see our website, http://pound-python.org/ , for information about the channel and Python.
04:27 -ChanServ- (ChanServ@services.) [#irssi] Welcome to #irssi. See http://www.irssi.org/documentation/startup before asking your question. Google is your friend. Don't be afraid to ask your question, there's no need to hilight people. Send a mail to info@irssi.org if there's no reply.
--- Log closed Fri Dec 10 04:33:09 2010
--- Log closed Fri Dec 10 04:33:12 2010
--- Log opened Fri Dec 10 07:46:28 2010
07:46 -ChanServ- (ChanServ@services.) [#vim] vim discussion .. www.vim.org, vim.sf.net, :help
07:46 -ChanServ- (ChanServ@services.) [#zsh] Welcome to #zsh! Discussion of the Z Shell and sharing of configs highly encouraged. Enjoy your stay and come back soon!
07:46 -ChanServ- (ChanServ@services.) [##mac] Please read the channel's rules before seeking help: http://ircmac.com/rules.php | Hackintosh is not supported here | Use a pastebin.
07:46 -ChanServ- (ChanServ@services.) [#bash] Welcome to #bash. Not everything that happens on the commandline is bash. ***Please specify if you are writing for sh!***
07:46 -ChanServ- (ChanServ@services.) [#irssi] Welcome to #irssi. See http://www.irssi.org/documentation/startup before asking your question. Google is your friend. Don't be afraid to ask your question, there's no need to hilight people. Send a mail to info@irssi.org if there's no reply.
--- Log opened Fri Dec 10 07:47:02 2010
07:47 -ChanServ- (ChanServ@services.) [#vim] vim discussion .. www.vim.org, vim.sf.net, :help
07:47 -ChanServ- (ChanServ@services.) [#zsh] Welcome to #zsh! Discussion of the Z Shell and sharing of configs highly encouraged. Enjoy your stay and come back soon!
07:47 -ChanServ- (ChanServ@services.) [##mac] Please read the channel's rules before seeking help: http://ircmac.com/rules.php | Hackintosh is not supported here | Use a pastebin.
07:47 -ChanServ- (ChanServ@services.) [#bash] Welcome to #bash. Not everything that happens on the commandline is bash. ***Please specify if you are writing for sh!***
07:47 -ChanServ- (ChanServ@services.) [#python] Welcome to #python, puny fleshlings. Please see our website, http://pound-python.org/ , for information about the channel and Python.
07:47 -ChanServ- (ChanServ@services.) [#irssi] Welcome to #irssi. See http://www.irssi.org/documentation/startup before asking your question. Google is your friend. Don't be afraid to ask your question, there's no need to hilight people. Send a mail to info@irssi.org if there's no reply.
--- Log closed Fri Dec 10 07:52:09 2010
--- Log closed Fri Dec 10 07:52:12 2010
--- Log opened Fri Dec 10 13:05:29 2010
13:05 -ChanServ- (ChanServ@services.) [#vim] vim discussion .. www.vim.org, vim.sf.net, :help
13:05 -ChanServ- (ChanServ@services.) [#zsh] Welcome to #zsh! Discussion of the Z Shell and sharing of configs highly encouraged. Enjoy your stay and come back soon!
13:05 -ChanServ- (ChanServ@services.) [##mac] Please read the channel's rules before seeking help: http://ircmac.com/rules.php | Hackintosh is not supported here | Use a pastebin.
13:05 -ChanServ- (ChanServ@services.) [#bash] Welcome to #bash. Not everything that happens on the commandline is bash. ***Please specify if you are writing for sh!***
13:05 -ChanServ- (ChanServ@services.) [#python] Welcome to #python, puny fleshlings. Please see our website, http://pound-python.org/ , for information about the channel and Python.
13:05 -ChanServ- (ChanServ@services.) [#irssi] Welcome to #irssi. See http://www.irssi.org/documentation/startup before asking your question. Google is your friend. Don't be afraid to ask your question, there's no need to hilight people. Send a mail to info@irssi.org if there's no reply.
--- Log closed Fri Dec 10 13:11:05 2010
--- Log opened Fri Dec 10 15:42:51 2010
15:42 -ChanServ- (ChanServ@services.) [#svn] This channel is LOGGED at http://colabti.org/irclogger/irclogger_logs/svn
--- Log closed Fri Dec 10 15:48:12 2010
