--- Log opened Thu Nov 18 08:52:02 2010
08:52 -ChanServ- (ChanServ@services.) [#vim] vim discussion .. www.vim.org, vim.sf.net, :help
08:52 -ChanServ- (ChanServ@services.) [#zsh] Welcome to #zsh! Discussion of the Z Shell and sharing of configs highly encouraged. Enjoy your stay and come back soon!
08:52 -ChanServ- (ChanServ@services.) [##mac] Please read the channel's rules before seeking help: http://ircmac.com/rules.php | Hackintosh is not supported here | Use a pastebin.
08:52 -ChanServ- (ChanServ@services.) [#bash] Welcome to #bash. Not everything that happens on the commandline is bash. ***Please specify if you are writing for sh!***
08:52 -ChanServ- (ChanServ@services.) [#python] Welcome to #python, puny fleshlings. Please see our website, http://pound-python.org/ , for information about the channel and Python.
08:52 -ChanServ- (ChanServ@services.) [#irssi] Welcome to #irssi. See http://www.irssi.org/documentation/startup before asking your question. Google is your friend. Don't be afraid to ask your question, there's no need to hilight people. Send a mail to info@irssi.org if there's no reply.
--- Log closed Thu Nov 18 08:57:38 2010
--- Log opened Thu Nov 18 12:49:26 2010
12:49 -ChanServ- (ChanServ@services.) [#vim] vim discussion .. www.vim.org, vim.sf.net, :help
12:49 -ChanServ- (ChanServ@services.) [#zsh] Welcome to #zsh! Discussion of the Z Shell and sharing of configs highly encouraged. Enjoy your stay and come back soon!
12:49 -ChanServ- (ChanServ@services.) [##mac] Please read the channel's rules before seeking help: http://ircmac.com/rules.php | Hackintosh is not supported here | Use a pastebin.
12:49 -ChanServ- (ChanServ@services.) [#bash] Welcome to #bash. Not everything that happens on the commandline is bash. ***Please specify if you are writing for sh!***
12:49 -ChanServ- (ChanServ@services.) [#python] Welcome to #python, puny fleshlings. Please see our website, http://pound-python.org/ , for information about the channel and Python.
12:49 -ChanServ- (ChanServ@services.) [#irssi] Welcome to #irssi. See http://www.irssi.org/documentation/startup before asking your question. Google is your friend. Don't be afraid to ask your question, there's no need to hilight people. Send a mail to info@irssi.org if there's no reply.
--- Log closed Thu Nov 18 12:54:38 2010
--- Log opened Thu Nov 18 18:44:37 2010
18:44 -ChanServ- (ChanServ@services.) [#vim] vim discussion .. www.vim.org, vim.sf.net, :help
18:44 -ChanServ- (ChanServ@services.) [#zsh] Welcome to #zsh! Discussion of the Z Shell and sharing of configs highly encouraged. Enjoy your stay and come back soon!
18:44 -ChanServ- (ChanServ@services.) [##mac] Please read the channel's rules before seeking help: http://ircmac.com/rules.php | Hackintosh is not supported here | Use a pastebin.
18:44 -ChanServ- (ChanServ@services.) [#bash] Welcome to #bash. Not everything that happens on the commandline is bash. ***Please specify if you are writing for sh!***
18:44 -ChanServ- (ChanServ@services.) [#python] Welcome to #python, puny fleshlings. Please see our website, http://pound-python.org/ , for information about the channel and Python.
18:44 -ChanServ- (ChanServ@services.) [#irssi] Welcome to #irssi. See http://www.irssi.org/documentation/startup before asking your question. Google is your friend. Don't be afraid to ask your question, there's no need to hilight people. Send a mail to info@irssi.org if there's no reply.
--- Log closed Thu Nov 18 18:50:12 2010
