--- Log opened Mon Nov 29 08:24:50 2010
08:24 -ChanServ- (ChanServ@services.) [#vim] vim discussion .. www.vim.org, vim.sf.net, :help
08:24 -ChanServ- (ChanServ@services.) [#zsh] Welcome to #zsh! Discussion of the Z Shell and sharing of configs highly encouraged. Enjoy your stay and come back soon!
08:24 -ChanServ- (ChanServ@services.) [##mac] Please read the channel's rules before seeking help: http://ircmac.com/rules.php | Hackintosh is not supported here | Use a pastebin.
08:24 -ChanServ- (ChanServ@services.) [#bash] Welcome to #bash. Not everything that happens on the commandline is bash. ***Please specify if you are writing for sh!***
08:24 -ChanServ- (ChanServ@services.) [#irssi] Welcome to #irssi. See http://www.irssi.org/documentation/startup before asking your question. Google is your friend. Don't be afraid to ask your question, there's no need to hilight people. Send a mail to info@irssi.org if there's no reply.
08:24 -ChanServ- (ChanServ@services.) [##javascript] Please note: ##javascript will shortly be logged by the IRSeek service. To search channel logs or for more information on logging, see http://irseek.com/
08:24 -ChanServ- (ChanServ@services.) [##linux] You've reached ##linux, Freenode's general Linux discussion channel. Check our website at http://www.linuxassist.net/ , enjoy your stay!
08:24 -ChanServ- (ChanServ@services.) [#debian] Welcome to #Debian. This is a discussion channel; if you have a question about Debian GNU/Linux, ask and we will try our best to answer it. Newcomers should read the channel's guidelines by typing "/msg dpkg guidelines". Please do not paste in the channel; use #flood instead. Thank you.
08:24 -ChanServ- (ChanServ@services.) [#typo3] Welcome to Typo3 Official IRC channel. Please speak in English only.
--- Log closed Mon Nov 29 08:30:22 2010
--- Log opened Mon Nov 29 15:27:58 2010
15:27 -ChanServ- (ChanServ@services.) [#vim] vim discussion .. www.vim.org, vim.sf.net, :help
15:27 -ChanServ- (ChanServ@services.) [#zsh] Welcome to #zsh! Discussion of the Z Shell and sharing of configs highly encouraged. Enjoy your stay and come back soon!
15:27 -ChanServ- (ChanServ@services.) [##mac] Please read the channel's rules before seeking help: http://ircmac.com/rules.php | Hackintosh is not supported here | Use a pastebin.
15:27 -ChanServ- (ChanServ@services.) [#bash] Welcome to #bash. Not everything that happens on the commandline is bash. ***Please specify if you are writing for sh!***
15:27 -ChanServ- (ChanServ@services.) [#irssi] Welcome to #irssi. See http://www.irssi.org/documentation/startup before asking your question. Google is your friend. Don't be afraid to ask your question, there's no need to hilight people. Send a mail to info@irssi.org if there's no reply.
15:27 -ChanServ- (ChanServ@services.) [##javascript] Please note: ##javascript will shortly be logged by the IRSeek service. To search channel logs or for more information on logging, see http://irseek.com/
15:27 -ChanServ- (ChanServ@services.) [##linux] You've reached ##linux, Freenode's general Linux discussion channel. Check our website at http://www.linuxassist.net/ , enjoy your stay!
15:27 -ChanServ- (ChanServ@services.) [#debian] Welcome to #Debian. This is a discussion channel; if you have a question about Debian GNU/Linux, ask and we will try our best to answer it. Newcomers should read the channel's guidelines by typing "/msg dpkg guidelines". Please do not paste in the channel; use #flood instead. Thank you.
15:27 -ChanServ- (ChanServ@services.) [#typo3] Welcome to Typo3 Official IRC channel. Please speak in English only.
--- Log closed Mon Nov 29 15:33:22 2010
--- Log opened Mon Nov 29 16:20:37 2010
16:20 -ChanServ- (ChanServ@services.) [#vim] vim discussion .. www.vim.org, vim.sf.net, :help
16:20 -ChanServ- (ChanServ@services.) [#zsh] Welcome to #zsh! Discussion of the Z Shell and sharing of configs highly encouraged. Enjoy your stay and come back soon!
16:20 -ChanServ- (ChanServ@services.) [##mac] Please read the channel's rules before seeking help: http://ircmac.com/rules.php | Hackintosh is not supported here | Use a pastebin.
16:20 -ChanServ- (ChanServ@services.) [#bash] Welcome to #bash. Not everything that happens on the commandline is bash. ***Please specify if you are writing for sh!***
16:20 -ChanServ- (ChanServ@services.) [#irssi] Welcome to #irssi. See http://www.irssi.org/documentation/startup before asking your question. Google is your friend. Don't be afraid to ask your question, there's no need to hilight people. Send a mail to info@irssi.org if there's no reply.
16:20 -ChanServ- (ChanServ@services.) [##javascript] Please note: ##javascript will shortly be logged by the IRSeek service. To search channel logs or for more information on logging, see http://irseek.com/
16:20 -ChanServ- (ChanServ@services.) [##linux] You've reached ##linux, Freenode's general Linux discussion channel. Check our website at http://www.linuxassist.net/ , enjoy your stay!
16:20 -ChanServ- (ChanServ@services.) [#debian] Welcome to #Debian. This is a discussion channel; if you have a question about Debian GNU/Linux, ask and we will try our best to answer it. Newcomers should read the channel's guidelines by typing "/msg dpkg guidelines". Please do not paste in the channel; use #flood instead. Thank you.
16:20 -ChanServ- (ChanServ@services.) [#typo3] Welcome to Typo3 Official IRC channel. Please speak in English only.
--- Log closed Mon Nov 29 16:26:22 2010
--- Log opened Mon Nov 29 17:22:53 2010
17:22 -ChanServ- (ChanServ@services.) [#latex] Hi and Welcome to #LaTeX! Before you ask, please read the FAQ at http://faq.tug.org and the documentation at http://www.tug.org/begin.html
--- Log closed Mon Nov 29 17:28:22 2010
