--- Log opened Thu Nov 04 08:21:56 2010
08:21 --- Users 395 nicks [0 ops, 0 halfops, 389 voices, 6 normal]
08:21 --- ChanServ sets modes [#irssi +v iaj]
08:23 --- Channel #irssi was synced in 105 seconds
08:26 --- ChanServ sets modes [#irssi +v hyperair]
08:39 --- ChanServ sets modes [#irssi +v setheus]
08:50 --- ChanServ sets modes [#irssi +v Steve57]
09:08 --- ChanServ sets modes [#irssi +v gemelen]
09:12 --- ChanServ sets modes [#irssi +v Tianon]
09:12 --- leguin.freenode.net sets modes [#irssi +v Tianon]
09:17 --- ChanServ sets modes [#irssi +v preller_]
09:17 +dhruvasagar: #weechat
09:36 --- ChanServ sets modes [#irssi +v ycas]
09:41 --- ChanServ sets modes [#irssi +v canyouscore]
09:50 +dhruvasagar: how do I move to a channel window by channel name ?
09:52 +Babar: use /window goto
09:53 +Steve57:  /window goto #channel
09:53 +Babar: so, bind /w to /window goto, and use /w #channel
09:53 +Babar: doesn't work that well when you've got several channels with the same name accross networks
09:53 +jayne: is there any way for a script to open a new curses "pop-up" on top of (or within) an existing window?
09:57 +dhruvasagar: Hi when I do /script install <scriptname> Scriptassist says the sacript name and says it was not installed, can someone please help ?
09:58 +dhruvasagar: Babar: thanks
09:58 +dhruvasagar: Steve57: thanks
09:58 +dhruvasagar: Steve57: can you also help with the scriptassist problem ?
10:00 +dhruvasagar: Babar: ?
10:03 +jink: dhruvasagar: Shouldn't that be /scriptassist install <scriptname> ?
10:03 +dhruvasagar: jink: it is the same
10:04 +dhruvasagar: jink: and even if I do /scriptassist install it says not installed
10:04 +dhruvasagar: >> Please wait...
10:04 +dhruvasagar: 14:29:27 04-11-2010 ,--[ScriptAssist]
10:04 +dhruvasagar: 14:29:27 04-11-2010 | o go.pl not installed
10:04 +jink: What script are you installing?
10:04 +dhruvasagar: 14:29:27 04-11-2010 `--<install>->
10:04 +dhruvasagar: jink: go.pl
10:04 +jink: I got that from your paste. :)
10:04 +dhruvasagar: yea I thought so :)
10:06 +jink: /scriptassist install go  works for me
10:06 +dhruvasagar: jink: I think it might be a permissions to .irssi folder issue
10:06 +jink: Ah. :)
10:06 +jink: You have a ~/.irssi/scripts dir?
10:06 +dhruvasagar: jink: what's you'r .irssi folder settings ?
10:06 +dhruvasagar: jink: yes
10:07 +jink: drwx------ 5 gdenijs gdenijs 4096 2010-10-26 21:41 /home/gdenijs/.irssi
10:07 +jink: drwxr-xr-x 4 gdenijs gdenijs 4096 2010-11-04 10:05 /home/gdenijs/.irssi/scripts
10:07 +dhruvasagar: me 2
10:07 +dhruvasagar: then maybe not
10:08 +dhruvasagar: Oh My!
10:08 +dhruvasagar: I was doing /script install go.pl
10:08 +dhruvasagar: but we need to do /script install go
10:08 +jink: :)
10:08 +jink: Excellent. ^__^
10:09 +jink: That should probably be fixed in scriptassist. ;)
10:09 +dhruvasagar: :)
10:17 --- ChanServ sets modes [#irssi +v Dice-Man]
10:33 --- ChanServ sets modes [#irssi +v FernandoBasso]
10:35 --- ChanServ sets modes [#irssi +v supercosmonaut]
10:44 --- ChanServ sets modes [#irssi +v toader]
11:06 --- ChanServ sets modes [#irssi +v Tianon]
11:06 --- lindbohm.freenode.net sets modes [#irssi +v Tianon]
11:21 --- ChanServ sets modes [#irssi +v ghostDancer]
11:28 --- ChanServ sets modes [#irssi +v shamrock]
11:29 --- ChanServ sets modes [#irssi +v SS3]
11:41 --- ChanServ sets modes [#irssi +v uzsolt]
11:44 --- ChanServ sets modes [#irssi +v Yvemath]
11:51 --- ChanServ sets modes [#irssi +v ghostDancer]
11:52 --- ChanServ sets modes [#irssi +v Yvemath_]
11:59 --- ChanServ sets modes [#irssi +v SpaceGhostC2C]
12:01 --- ChanServ sets modes [#irssi +v jstein]
12:04 --- ChanServ sets modes [#irssi +v jhunter]
12:09  speakman: hi folks
12:09 --- ChanServ sets modes [#irssi +v speakman]
12:09 +speakman: is it possible to save the current open windows, to be opened again (and reconnected) next time irssi is opened?
12:10 +jayne: /help layout
12:13 --- ryzer-afk is now known as ryzer
12:20 --- ChanServ sets modes [#irssi +v Yvemath]
12:27 --- ChanServ sets modes [#irssi +v P1ersson]
12:37 * slackie hey buddies \o
12:41 --- ChanServ sets modes [#irssi +v gemelen]
12:42 --- ChanServ sets modes [#irssi +v alip]
12:43 --- ChanServ sets modes [#irssi +v slackie]
13:00 --- ChanServ sets modes [#irssi +v emma]
13:17 +kavakava: Anyone know if nohar is still on freenode? (The creator the go.pl script)
13:18 +kavakava: of the*
13:18 +ahf: 04/11 13:18:05  -NickServ(NickServ@services.)- Last addr  : ~nohar@brainy.t1r.net
13:18 +ahf: 04/11 13:18:05  -NickServ(NickServ@services.)- Last seen  : Oct 24 13:27:13 2010 (1 week, 3 days, 22:50:51 ago)
13:18 +ahf: him?
13:18 +kavakava: Yes.
13:18 +kavakava: What command did you use?
13:18 +jink: /msg nickserv info nohar
13:18 +kavakava: Ah, wow. Learnt something new today. Thanks.
13:31 --- ChanServ sets modes [#irssi +v hyperair]
13:38 --- ChanServ sets modes [#irssi +v Brownout_]
13:38 +znx: kavakava: /alias go /window goto
13:38 +znx: then /go 1  /go 15
13:38 +znx: /go #irssi
13:38 +znx: etc
13:42 --- KitB_ is now known as KitB
13:45 +kavakava: znx: It doesn't handle "wildcards" as go.pl does. Like "/go ir" and it will go to #irssi.
13:47 --- ChanServ sets modes [#irssi +v bjorn_]
13:48 +Zmx: kavakava: hummm , ok
13:49 --- ChanServ sets modes [#irssi +v peeaivo]
13:49 --- ChanServ sets modes [#irssi +v sud0]
13:49 --- ChanServ sets modes [#irssi +v cuco]
13:50 +znx: kavakava: you can do /go ir<tab>  and it will complete
13:50 +bjorn_: Hi, I use vim keybindings in my shell and find this to be a good solution to navigate through my command history and within text. Is there a way to make this also work fir irssi?
13:51 +Zed`: bjorn_: there was a vim script
13:51 +Zed`: might have to hang out a bit till more folk wake up
13:51 +tmr: bjorn_, /join #irssi_vim, see /topic
13:52 +bjorn_: thats okay for me :) will try google a second time then and also try the channel meanwhile.
13:54 +Zed`: shabble's gits seem to be missing
13:55 +Zed`: wow they got serious about vim mode I see :)
13:55 +bjorn_: thanks Zed`. Thant was all I needed..
13:55 +bjorn_: ;)
13:55 +Zed`: np, its a cool project
13:56 +Zed`: history_serach.pl is pretty awesome too https://github.com/shabble/irssi-scripts/
13:56 +Zed`: use it every day
13:56 +Zed`: scrolled reminder, too
13:57 +Zed`: I should start getting a commission from shabble
13:57 +bjorn_: ;)
13:57 +bjorn_: I just copy the script to .irssi to make it work?
13:57 +bjorn_: (i´m new to irssi)
13:58 +Zed`: usually ~/.irssi/scripts
13:58 +ds187: to ~/.irssi/scripts
13:58 +Zed`: follow the instuctions at the top of - http://scripts.irssi.org/
13:58 +kavakava: znx: Yeah, I know. I mostly use that, but sometimes it's easier to just write one letter and press enter. :-P
13:58 +kavakava: <- lazy bum
14:02 --- ChanServ sets modes [#irssi +v Death4Life]
14:06 --- ChanServ sets modes [#irssi +v dn4]
14:06 +dn4: how do I join a server with a UN/PW
14:06 +dn4: ./server irc.irc UN/PW
14:07 +dn4: where the password goes to /identify
14:08 +tmr: What is UN/PW?
14:08 +cyraxx: username/password i'd guess
14:10 +dn4: right
14:10 +dn4: I am looking at the server command here
14:10 +dn4: http://static.quadpoint.org/irssi-docs/help-full.html#SERVER
14:11 +dn4: what would the command look like?
14:11 +vizz: iirc it depends on the network, which you want to join
14:14 +dn4: hmm getting a login failed
14:14 +tmr: I don't know what that web page has, but help says pass comes after port. On freenode format would be account:password.
14:15 --- ChanServ sets modes [#irssi +v FernandoBasso]
14:16 +dn4: I think it is the servers
14:16 +dn4: :(
14:17 --- ChanServ sets modes [#irssi +v ghostDancer]
14:18 +vizz: dn4: does it work, if you first connect to th server and identify then?
14:26 +dn4: the server is whitelisted
14:26 +dn4: :(
14:26 +dn4: I have to get an admin to set me up an account
14:27 +dn4: oh well thanks for the help :)
14:27 +dn4: ./server irc.justin.tv un pass
14:27 +dn4: worked
14:32 --- ChanServ sets modes [#irssi +v gemelen]
14:35 --- ChanServ sets modes [#irssi +v chemist]
14:37 --- ChanServ sets modes [#irssi +v hpt]
14:41 --- ChanServ sets modes [#irssi +v tcpsyn]
14:42 +tcpsyn: morning. Is there a way in irssi to jump to the last mention?
14:44 +billnye: tcpsyn: a couple.
14:44 +tcpsyn: I just found /lastlog
14:44 +billnye: tcpsyn: there's a history_search.pl included, or you can /lastlog -hilight and then /scrollback goto the timestamp
14:45 --- ChanServ sets modes [#irssi +v SolarisBoy]
14:46 --- Weust`afk is now known as Weust`
14:50 --- ChanServ sets modes [#irssi +v Steve57]
14:58 --- ChanServ sets modes [#irssi +v martin__]
15:01 --- ChanServ sets modes [#irssi +v vincent_wang]
15:04 --- ChanServ sets modes [#irssi +v hemu_]
15:04 --- ChanServ sets modes [#irssi +v blue]
15:05 --- ChanServ sets modes [#irssi +v chemist]
15:12 --- ChanServ sets modes [#irssi +v crazed]
15:12 +crazed: hmm my /network add is missing -ssl option
15:12 +crazed: any way around that?
15:13 +crazed: irssi 0.8.11
15:13 +Zed`: just re-issue the add command with the parameters you need
15:13 +Zed`: and upgrade to .15
15:13 +Zed`: :)
15:13 +crazed: so i need .15 for that
15:13 +crazed: damn
15:14 +Zed`: no
15:14 +Zed`: ssl is in eariler versions
15:14 +Zed`: tho I am not sure about .11
15:14 +Zed`: but there are a LOT of bug fixes since 11
15:15 +crazed: ssl is definitely supported, it's just the network add command doesn't have it
15:16 +crazed: i'm using a private irc server at work that uses ssl, but can't really upgrade either at this time
15:16 +Zed`: hang around, I am sure somone will have a suggestion. sorry afidk
15:17 --- ChanServ sets modes [#irssi +v CEnTR4L]
15:19 +Bazerka: -ssl is a server level option, not network
15:19 +Bazerka:  /help server
15:23 --- ChanServ sets modes [#irssi +v themighty]
15:24 +Zed`: doh
15:28 --- ChanServ sets modes [#irssi +v neo10101]
15:28 +neo10101: hi!
15:30 --- ChanServ sets modes [#irssi +v miguel000]
15:31 +miguel000: How can i set my nickname for a network and automatically identify via nickserv?
15:31 +miguel000: I see the example in the HOWTO /NETWORK ADD -autosendcmd "/^msg nickserv ident pass;wait 2000" OFTC
15:31 +miguel000: but why do i have to wait 20000?
15:32 +miguel000: 2000
15:32 +miguel000: also I do not understand waht the ^ is
15:32 +jink: Some channels require you are identified before you can join.  This makes sure it works.
15:32 +MinceR: because irssi will wait for the autosendcmd to complete before attempting to autojoin
15:32 +lestat: because otherwise you might join some channel before your hostmask is setup
15:32 +jink: /^msg doesn't op a new query window.
15:32 +jink: open, even.
15:33 +miguel000: allright. and wait 2000 is an irssi command? or part of irc?
15:33 +MinceR: it's an irssi command
15:33 +miguel000: allright thx
15:34 +miguel000: I also assume the ^ is part of irssi, right?
15:35 +yitz_: The ^ hides output
15:35 +lestat: miguel000: if you remove the ^, you'll have a new window opened for the /msg
15:36 +miguel000: i understand that, but wonder if its part of the irc protocoll or special to irssi
15:36 +jink: irssi
15:36 +miguel000: nice
15:38 +miguel000: one more thing I want is to mark some of my networks to be joined automatically on irssi startup. How do I accomplish that?
15:38 +billnye: miguel000: almost everything is going to be "part of irssi" not part of the protocol, but much of irssi's syntax and conventions are common to the base of other IRC clients as well
15:38 +billnye: miguel000: keep reading the startup howto.
15:38 +miguel000: :)
15:43 +miguel000: I'm afraid that I already did add the server but forgot to set -auto
15:49 --- ChanServ sets modes [#irssi +v chemist]
15:50 --- ChanServ sets modes [#irssi +v miguel__]
15:50 --- ChanServ sets modes [#irssi +v preller]
15:50 --- miguel__ is now known as miguel000
15:54 --- ChanServ sets modes [#irssi +v chemist]
15:59 --- ChanServ sets modes [#irssi +v chemist]
16:00 --- ChanServ sets modes [#irssi +v hyperair]
16:04 --- ChanServ sets modes [#irssi +v mavrc]
16:06 --- ChanServ sets modes [#irssi +v cr4zyb0y]
16:06 +cr4zyb0y: hi
16:07 +cr4zyb0y: i have problem
16:07 +cr4zyb0y: irssi segfault when i try to join any channel
16:07 +cr4zyb0y: how can i debug it ?
16:08 +Bazerka: what version of irssi?
16:08 +cr4zyb0y: it segfault after i run some scripts
16:08 +lestat: cr4zyb0y: they your scripts are buggy ^^
16:08 +cr4zyb0y: irssi 0.8.15 (20100403 1617) -  FreeBSD
16:08 +lestat: cr4zyb0y: do you get a coredump ?
16:08 +cr4zyb0y: nop
16:09 --- Weust` is now known as Weust`afk
16:09 +lestat: try ulimit -c unlimited, and then run irssi from the same shell
16:09 +lestat: make it segfault again, and you should get a coredump
16:09 +cr4zyb0y: yes, i know
16:09 +Bazerka: then you should also know that a coredump is one of the ways to debug
16:09 +Zmx: The "quit" in a private query is a good feature. But why don't do the "join" ?
16:09 --- ChanServ sets modes [#irssi +v mroconnor]
16:10 +cr4zyb0y: but now, i just want to keep that script doesn't run
16:10 --- ChanServ sets modes [#irssi +v rkokkelk]
16:10 +Bazerka: someone page me when the goalposts finally stop moving, thanks :)
16:10 +lestat: cr4zyb0y: just remove it from the autorun folder then
16:11 +rkokkelk: he, where is an doc located for help with configuring themes ?
16:11 +cr4zyb0y: lestat: yes, i try that but still segfault
16:12 +lestat: cr4zyb0y: so do you get a coredump ?
16:12 +cr4zyb0y: shit
16:13 +cr4zyb0y: freeBSD haven't ulimit
16:13 +cr4zyb0y: *_*
16:13 +Bazerka: freebsd also doesn't prevent dropping of core files by default
16:13 +jink: FreeBSD also works, by default. :P
16:13 +cr4zyb0y: hmm
16:13 +Bazerka: also
16:14 +Bazerka: ulimit is a bash builtin
16:14 +cr4zyb0y: what should i do ???
16:14 +cr4zyb0y: rm -rf ~/.irssi ?
16:14 +cr4zyb0y: o_0
16:14 --- ChanServ sets modes [#irssi +v fadein]
16:15 +Bazerka: cr4zyb0y: which shell are you using?
16:15 +znx: you need to use sysctl on freebsd, cr4zyb0y
16:15 +cr4zyb0y: csh
16:16 +Bazerka: znx: kern.coredump defaults to 1
16:17 +znx: Bazerka: ah didnt know that
16:17 +Bazerka: |04/11 15:13:18| <+Bazerka> freebsd also doesn't prevent dropping of core files by default
16:17 +rkokkelk: Hey does any one no a good starting point for learning to configure themes?
16:17 +rkokkelk: know*
16:18 +Bazerka: cr4zyb0y: what's the output of : limit coredumpsize
16:18 +cr4zyb0y: limit: No such limit. Bazerka
16:19 +Bazerka: uh
16:19 +Bazerka: uname -rms
16:19 +Bazerka: what's the output of that?
16:20 +cr4zyb0y: FreeBSD 6.3-RELEASE i386
16:20 --- ChanServ sets modes [#irssi +v svip]
16:21 +Bazerka: 6.3's csh definitely does have a coredumpsize limit
16:21 +Bazerka: pastebin the output of: limit -h
16:23 +cr4zyb0y: tcsh, :|
16:24 +Bazerka: tcsh and csh are the same binary
16:24 +cr4zyb0y: oh
16:28 --- ChanServ sets modes [#irssi +v kani]
16:30 +cr4zyb0y: hmm
16:30 +cr4zyb0y: i can't set autolog to ON
16:30 +cr4zyb0y: ::: Irssi: Value must be either ON, OFF or TOGGLE
16:31 +cr4zyb0y: wth ?? hmmmm
16:32 +lestat: cr4zyb0y: what are you typing ?
16:32 +ds187: here it is working :-) /set autolog ON
16:32 +cr4zyb0y: yeah
16:32 +cr4zyb0y: i just type /set autolog ON
16:32 +cr4zyb0y: hmm
16:32 +Bazerka: not /set autolog = ON
16:32 +cr4zyb0y: hmm
16:32 +cr4zyb0y: ok
16:32 +cr4zyb0y: thank baz
16:32 +cr4zyb0y: thank Bazerka
16:32 +ds187: perhaps you had a whitespace at the end?
16:33 +Bazerka: ds187: that gets ignore
16:33 +Bazerka: d
16:34 +Bazerka:  /set autolog on<space><space>[...] works fine
16:36 +cr4zyb0y: oh shit
16:36 +ds187: hmm, /set autolog ON<space> gives me the error message that the value must be either ON, OFF or TOGGLE
16:36 +cr4zyb0y: i receive pri message i it segfault :))
16:36 +cr4zyb0y: lol
16:37 +Bazerka: works fine here ds187
16:38 +ds187: don't know why, but doesen't work here :-)
16:38 +jink: Different version, perhaps?
16:38 +ds187: irssi 0.8.12
16:38 +ds187: perhaps thats the problem
16:38 +Bazerka: ah nm
16:39 +Bazerka: I just tried my system wide irssi install and it fails too
16:39 +Bazerka: so I guess I'm running a dev patch on this instance :)
16:39 --- ChanServ sets modes [#irssi +v vvsh]
16:39 +ds187: there was also a script for stripping trailing whitespaces, perhaps you are using that? :-)
16:40 +Bazerka: um no :)
16:40 --- ChanServ sets modes [#irssi +v supercosmonaut]
16:40 --- ChanServ sets modes [#irssi +v vvsh]
16:40 --- ChanServ sets modes [#irssi +v desikitteh{G}{H}]
16:41 +cr4zyb0y: hmm
16:41 +cr4zyb0y: can't pri chat via irssi
16:42 --- ChanServ sets modes [#irssi +v lagagnon]
16:43 +ds187: Bazerka: that was the script i meant: http://wouter.coekaerts.be/site/irssi/rtrim
16:44 +cr4zyb0y: Bazerka: how i set user list to column
16:44 +cr4zyb0y: right column beside chat window
16:44 +cr4zyb0y: like this http://irssi.org/themefiles/envy.png
16:44 +ds187: cr4zyb0y: nicklist.pl is your friend
16:45 +cr4zyb0y: ok
16:45 +cr4zyb0y: thanks ds187
16:50 --- ChanServ sets modes [#irssi +v crazyboy]
16:51 --- ChanServ sets modes [#irssi +v oye]
16:56 +Bazerka: ds187: yes, and I'm not running it :)
16:59 --- ChanServ sets modes [#irssi +v gauge]
16:59 --- ryzer is now known as ryzer-afk
17:00 +simcop2387: is there a way to get irssi to save scrollback and have it pull it up when you restart irssi later?
17:01 +imMute:  yes and i think so
17:01 +imMute:  /lastlog for the former
17:01 +Bazerka: logresume.pl
17:02 +Bazerka: http://www.explodingferret.com/linux/irssi/logresume.pl
17:03 --- ChanServ sets modes [#irssi +v xgenesis]
17:03 --- ChanServ sets modes [#irssi +v supercosmonaut]
17:03 --- xgenesis is now known as Guest35609
17:06 --- ChanServ sets modes [#irssi +v cromag]
17:06 +billnye: simcop2387: although it's much less useful for channels than it is for PMs, by its nature
17:06 +yitz_: meta-5 keeps getting rebound to /window 5 but it doesn't show up in my config. When I delete that binding, /save and restart, the binding is back... Any ideas?
17:06 +billnye: the feature you want, not the script... the script has nice features beyond just the chat history
17:08 +billnye: yitz_: does the change appear to take effect, does the /save appear successful, does the config after the /quit appear to have deleted it, etc.
17:08 +yitz_: /save seems to work. /bind -del meta-5 removes it. There is no corresponding binding in my .irssi/config file
17:09 +billnye: "there is no..." ever?
17:09 +yitz_: Yeah
17:10 +yitz_: Could it be reading/getting the binding from some other source?
17:10 --- ChanServ sets modes [#irssi +v astra-x]
17:11 --- ChanServ sets modes [#irssi +v Ragnor]
17:13 +billnye: anything else with a 5 in it from /bind ?
17:13 +yitz_: meta-5[0-9]
17:14 +Bazerka: ghost in the shell
17:14 +yitz_: I got meta-{01..69} bound but of {0..9} only meta-5 seems to get bound
17:21 --- ChanServ sets modes [#irssi +v Trollindor]
17:28 +ferret: yitz_: exact line from /bind output please
17:29 +ferret: +s
17:29 +ferret: pastebin ;p
17:29 --- ChanServ sets modes [#irssi +v chemist]
17:30 +ferret: yitz_: I bound all the default meta-blahs to nothing, I think
17:30 +ferret: /bind meta-q nothing
17:30 --- ChanServ sets modes [#irssi +v happyface]
17:30 +ferret: hmm, actually, only did that for the top qwerty row.  Anyway, that might work.
17:32 +yitz_: Hrm. Odd. When I reload, it re-binds meta-5. Actually, all meta-[0-9]. But all the other binds from 01 to 69 work without triggering the single-digit bind with the exception of the 5. I'll try binding to nothing
17:33 --- ChanServ sets modes [#irssi +v izibi]
17:37 +yitz_: Nope. Didn't help. The meta-5 captures before meta-5[0-9] ever with meta-5 bound to nothing. The other multi-digit binds capture before the single digit
17:38 +ferret: dd
17:38 +ferret: odd
17:38 +yitz_: binds: http://paste.pocoo.org/show/286105/
17:39 +ferret: maybe the order of the lines in the file makes a difference?
17:39 +ferret: ohhh, you have them like that
17:40 +ferret: I used to have them like that, but I had the same problems you're having
17:40 +ferret: try instead: meta-1-meta-6
17:42 +yitz_: Heh. That fixes it, but doesn't explain it...
17:43 +Bazerka: meta-XY != meta-Xmeta-Y
17:43 +ferret: you have to hold down the meta key for both
17:44 +yitz_: Yeah. Slight difference. I prefer the first but can survive with either
17:53 +coekie: ealexp: your mentioning of  http://bugs.irssi.org/index.php?do=details&task_id=754 yesterday made me look at it again. now I just noticed I never replied there
17:54 +coekie: "<ealexp> but no one cares" => I don't care enough to try to fix it myself no. I do still care enough to try to get someone else to do it ;)
--- Log closed Fri Nov 05 12:52:00 2010
