--- Log opened Wed Dec 22 08:13:10 2010
--- Log opened Wed Dec 22 10:09:28 2010
10:09 --- Users 8 nicks [0 ops, 0 halfops, 0 voices, 8 normal]
10:11 --- Channel #irssi_vim was synced in 100 seconds
--- Log closed Wed Dec 22 21:38:56 2010
--- Log opened Wed Dec 22 21:39:18 2010
21:39 --- Users 7 nicks [0 ops, 0 halfops, 0 voices, 7 normal]
21:41 --- Channel #irssi_vim was synced in 116 seconds
--- Log closed Wed Dec 22 21:47:27 2010
--- Log opened Wed Dec 22 22:02:56 2010
22:02 --- Users 7 nicks [0 ops, 0 halfops, 0 voices, 7 normal]
22:04 --- Channel #irssi_vim was synced in 116 seconds
--- Log closed Wed Dec 22 22:28:22 2010
--- Log opened Wed Dec 22 22:33:48 2010
22:33 --- Users 7 nicks [0 ops, 0 halfops, 0 voices, 7 normal]
22:33 --- Server: [zelazny.freenode.net] [freenode-info] channel flooding and no channel staff around to help? Please check with freenode support: http://freenode.net/faq.shtml#gettinghelp
22:35 --- Channel #irssi_vim was synced in 115 seconds
--- Log closed Wed Dec 22 23:27:40 2010
--- Log opened Wed Dec 22 23:33:10 2010
23:33 --- Users 7 nicks [0 ops, 0 halfops, 0 voices, 7 normal]
23:34 --- Channel #irssi_vim was synced in 114 seconds
--- Log closed Thu Dec 23 00:00:55 2010
