--- Log opened Sun Dec 12 00:00:40 2010
02:15 --- peth_ is now known as peth
08:22  virssi-bot: irssi-scripts: master Tom Feist * 6d61671 (1 files in 1 dirs): ido_switch: SPC jumps to window without exiting mode, RET no longer sends ... - http://bit.ly/dSefUn
--- Log closed Sun Dec 12 19:36:44 2010
--- Log opened Sun Dec 12 19:52:10 2010
19:52 --- Users 8 nicks [0 ops, 0 halfops, 0 voices, 8 normal]
19:53 --- Channel #irssi_vim was synced in 109 seconds
--- Log closed Sun Dec 12 20:18:37 2010
--- Log opened Sun Dec 12 20:23:58 2010
20:23 --- Users 8 nicks [0 ops, 0 halfops, 0 voices, 8 normal]
20:23 --- Server: [kornbluth.freenode.net] [freenode-info] channel trolls and no channel staff around to help? please check with freenode support: http://freenode.net/faq.shtml#gettinghelp
20:25 --- Channel #irssi_vim was synced in 113 seconds
--- Log closed Sun Dec 12 21:18:55 2010
--- Log opened Sun Dec 12 21:24:18 2010
21:24 --- Users 8 nicks [0 ops, 0 halfops, 0 voices, 8 normal]
21:25 --- Channel #irssi_vim was synced in 106 seconds
--- Log closed Sun Dec 12 23:19:05 2010
--- Log opened Sun Dec 12 23:24:28 2010
23:24 --- Users 8 nicks [0 ops, 0 halfops, 0 voices, 8 normal]
23:26 --- Channel #irssi_vim was synced in 106 seconds
23:42 --- peth_ is now known as peth
--- Log closed Mon Dec 13 00:45:14 2010
