--- Log opened Fri Dec 10 00:00:09 2010
02:14 --- peth_ is now known as peth
--- Log opened Fri Dec 10 02:27:36 2010
02:27 --- Users 11 nicks [0 ops, 0 halfops, 0 voices, 11 normal]
02:29 --- Channel #irssi_vim was synced in 104 seconds
--- Log closed Fri Dec 10 03:40:32 2010
--- Log closed Fri Dec 10 03:41:08 2010
--- Log opened Fri Dec 10 03:46:05 2010
03:46 --- Users 10 nicks [0 ops, 0 halfops, 0 voices, 10 normal]
--- Log opened Fri Dec 10 03:46:32 2010
03:46 --- Users 11 nicks [0 ops, 0 halfops, 0 voices, 11 normal]
03:47 --- Channel #irssi_vim was synced in 104 seconds
03:48 --- Channel #irssi_vim was synced in 98 seconds
--- Log closed Fri Dec 10 04:21:49 2010
--- Log closed Fri Dec 10 04:22:15 2010
--- Log opened Fri Dec 10 04:27:11 2010
04:27 --- Users 10 nicks [0 ops, 0 halfops, 0 voices, 10 normal]
--- Log opened Fri Dec 10 04:27:41 2010
04:27 --- Users 11 nicks [0 ops, 0 halfops, 0 voices, 11 normal]
04:28 --- Channel #irssi_vim was synced in 99 seconds
04:29 --- Channel #irssi_vim was synced in 104 seconds
--- Log closed Fri Dec 10 07:41:05 2010
--- Log closed Fri Dec 10 07:41:35 2010
--- Log opened Fri Dec 10 07:46:28 2010
07:46 --- Users 10 nicks [0 ops, 0 halfops, 0 voices, 10 normal]
--- Log opened Fri Dec 10 07:47:01 2010
07:47 --- Users 11 nicks [0 ops, 0 halfops, 0 voices, 11 normal]
07:47 --- Server: [verne.freenode.net] [freenode-info] channel trolls and no channel staff around to help? please check with freenode support: http://freenode.net/faq.shtml#gettinghelp
07:47 --- Channel #irssi_vim was synced in 95 seconds
07:48 --- Channel #irssi_vim was synced in 105 seconds
--- Log opened Fri Dec 10 13:05:29 2010
13:05 --- Users 10 nicks [0 ops, 0 halfops, 0 voices, 10 normal]
13:06 --- Channel #irssi_vim was synced in 98 seconds
--- Log closed Fri Dec 10 19:46:41 2010
