--- Log opened Mon Nov 01 00:00:27 2010
02:58 --- estragib_ is now known as estragib
--- Log closed Mon Nov 01 09:01:47 2010
--- Log opened Mon Nov 01 09:01:57 2010
09:01 --- Users 7 nicks [0 ops, 0 halfops, 0 voices, 7 normal]
09:03 --- Channel #irssi_vim was synced in 100 seconds
--- Log closed Mon Nov 01 11:10:22 2010
--- Log opened Mon Nov 01 11:11:07 2010
11:11 --- Users 7 nicks [0 ops, 0 halfops, 0 voices, 7 normal]
11:11 --- Server: [card.freenode.net] [freenode-info] channel trolls and no channel staff around to help? please check with freenode support: http://freenode.net/faq.shtml#gettinghelp
11:12 --- Channel #irssi_vim was synced in 104 seconds
--- Log closed Mon Nov 01 13:04:22 2010
--- Log opened Mon Nov 01 13:17:27 2010
13:17 --- Users 7 nicks [0 ops, 0 halfops, 0 voices, 7 normal]
13:18 --- Channel #irssi_vim was synced in 100 seconds
--- Log closed Mon Nov 01 14:56:13 2010
--- Log opened Mon Nov 01 15:01:36 2010
15:01 --- Users 7 nicks [0 ops, 0 halfops, 0 voices, 7 normal]
15:03 --- Channel #irssi_vim was synced in 102 seconds
--- Log closed Mon Nov 01 16:20:35 2010
--- Log opened Mon Nov 01 16:31:04 2010
16:31 --- Users 7 nicks [0 ops, 0 halfops, 0 voices, 7 normal]
16:32 --- Channel #irssi_vim was synced in 99 seconds
--- Log closed Mon Nov 01 16:58:30 2010
--- Log opened Mon Nov 01 16:58:58 2010
16:58 --- Users 7 nicks [0 ops, 0 halfops, 0 voices, 7 normal]
17:00 --- Channel #irssi_vim was synced in 92 seconds
--- Log closed Mon Nov 01 17:57:23 2010
--- Log opened Mon Nov 01 17:58:01 2010
17:58 --- Users 7 nicks [0 ops, 0 halfops, 0 voices, 7 normal]
17:59 --- Channel #irssi_vim was synced in 90 seconds
--- Log closed Mon Nov 01 19:57:29 2010
--- Log opened Mon Nov 01 19:57:59 2010
19:57 --- Users 7 nicks [0 ops, 0 halfops, 0 voices, 7 normal]
19:59 --- Channel #irssi_vim was synced in 95 seconds
--- Log closed Mon Nov 01 23:57:24 2010
--- Log opened Mon Nov 01 23:57:47 2010
23:57 --- Users 7 nicks [0 ops, 0 halfops, 0 voices, 7 normal]
23:59 --- Channel #irssi_vim was synced in 92 seconds
--- Log closed Tue Nov 02 00:00:13 2010
