--- Log opened Wed Dec 15 00:00:31 2010
--- Log closed Wed Dec 15 00:02:36 2010
--- Log opened Wed Dec 15 00:07:59 2010
00:07 --- Users 8 nicks [0 ops, 0 halfops, 0 voices, 8 normal]
00:09 --- Channel #irssi_vim was synced in 113 seconds
--- Log closed Wed Dec 15 02:02:13 2010
--- Log opened Wed Dec 15 02:07:37 2010
02:07 --- Users 8 nicks [0 ops, 0 halfops, 0 voices, 8 normal]
02:09 --- Channel #irssi_vim was synced in 110 seconds
02:16 --- peth_ is now known as peth
--- Log closed Wed Dec 15 06:02:27 2010
--- Log opened Wed Dec 15 06:07:52 2010
06:07 --- Users 7 nicks [0 ops, 0 halfops, 0 voices, 7 normal]
06:09 --- Channel #irssi_vim was synced in 110 seconds
--- Log closed Wed Dec 15 11:04:11 2010
--- Log opened Wed Dec 15 11:09:32 2010
11:09 --- Users 8 nicks [0 ops, 0 halfops, 0 voices, 8 normal]
11:11 --- Channel #irssi_vim was synced in 112 seconds
--- Log closed Wed Dec 15 12:46:51 2010
--- Log opened Wed Dec 15 13:24:20 2010
13:24 --- Users 8 nicks [0 ops, 0 halfops, 0 voices, 8 normal]
13:26 --- Channel #irssi_vim was synced in 113 seconds
--- Log closed Fri Dec 17 18:23:32 2010
