--- Log opened Mon Jan 17 00:00:47 2011
--- Log opened Mon Jan 17 01:10:14 2011
01:10 --- Users 9 nicks [0 ops, 0 halfops, 0 voices, 9 normal]
01:11 --- Channel #irssi_vim was synced in 104 seconds
--- Log closed Mon Jan 17 02:52:47 2011
--- Log opened Mon Jan 17 02:58:07 2011
02:58 --- Users 9 nicks [0 ops, 0 halfops, 0 voices, 9 normal]
02:59 --- Channel #irssi_vim was synced in 101 seconds
03:11 --- peth_ is now known as peth
--- Log closed Mon Jan 17 08:39:29 2011
--- Log opened Mon Jan 17 08:44:40 2011
08:44 --- Users 9 nicks [0 ops, 0 halfops, 0 voices, 9 normal]
08:46 --- Channel #irssi_vim was synced in 100 seconds
--- Log opened Mon Jan 17 08:52:00 2011
08:52 --- Users 9 nicks [0 ops, 0 halfops, 0 voices, 9 normal]
08:53 --- Channel #irssi_vim was synced in 113 seconds
10:47 --- silex is now known as Silex
--- Log opened Mon Jan 17 13:25:08 2011
13:25 --- Users 9 nicks [0 ops, 0 halfops, 0 voices, 9 normal]
13:26 --- Channel #irssi_vim was synced in 99 seconds
--- Log closed Mon Jan 17 21:26:37 2011
--- Log opened Mon Jan 17 21:32:07 2011
21:32 --- Users 9 nicks [0 ops, 0 halfops, 0 voices, 9 normal]
21:33 --- Channel #irssi_vim was synced in 109 seconds
--- Log closed Mon Jan 17 21:57:19 2011
--- Log opened Mon Jan 17 22:07:46 2011
22:07 --- Users 9 nicks [0 ops, 0 halfops, 0 voices, 9 normal]
22:09 --- Channel #irssi_vim was synced in 104 seconds
--- Log closed Mon Jan 17 22:19:44 2011
--- Log opened Mon Jan 17 22:20:04 2011
22:20 --- Users 9 nicks [0 ops, 0 halfops, 0 voices, 9 normal]
22:21 --- Channel #irssi_vim was synced in 101 seconds
--- Log closed Mon Jan 17 23:46:14 2011
--- Log opened Mon Jan 17 23:46:33 2011
23:46 --- Users 8 nicks [0 ops, 0 halfops, 0 voices, 8 normal]
23:48 --- Channel #irssi_vim was synced in 100 seconds
--- Log closed Tue Jan 18 00:00:37 2011
