--- Log opened Wed Jan 05 00:00:39 2011
01:11  virssi-bot: irssi-scripts: master Rich Healey * 65a6ee8 (1 files in 1 dirs): Added support for tab completion. ...
01:11  virssi-bot: irssi-scripts: master Rich Healey * 45a8a8b (1 files in 1 dirs): Merge branch 'tab_completion'
01:11  virssi-bot: irssi-scripts: master commits 6b02695...45a8a8b - http://bit.ly/gmGLTc
03:09 --- peth_ is now known as peth
--- Log closed Wed Jan 05 06:25:08 2011
--- Log opened Wed Jan 05 06:25:30 2011
06:25 --- Users 9 nicks [0 ops, 0 halfops, 0 voices, 9 normal]
06:26 --- Channel #irssi_vim was synced in 95 seconds
--- Log closed Wed Jan 05 08:50:20 2011
--- Log opened Wed Jan 05 08:50:44 2011
08:50 --- Users 9 nicks [0 ops, 0 halfops, 0 voices, 9 normal]
08:52 --- Channel #irssi_vim was synced in 91 seconds
--- Log closed Wed Jan 05 18:27:29 2011
--- Log opened Wed Jan 05 18:32:39 2011
18:32 --- Users 8 nicks [0 ops, 0 halfops, 0 voices, 8 normal]
18:34 --- Channel #irssi_vim was synced in 93 seconds
--- Log closed Wed Jan 05 19:29:13 2011
--- Log opened Wed Jan 05 19:29:23 2011
19:29 --- Users 8 nicks [0 ops, 0 halfops, 0 voices, 8 normal]
--- Log closed Wed Jan 05 19:33:06 2011
