--- Log opened Wed Jan 12 00:03:35 2011
00:03 --- Users 6 nicks [0 ops, 0 halfops, 0 voices, 6 normal]
00:05 --- Channel #irssi_vim was synced in 102 seconds
--- Log closed Wed Jan 12 00:58:15 2011
--- Log opened Wed Jan 12 01:03:41 2011
01:03 --- Users 6 nicks [0 ops, 0 halfops, 0 voices, 6 normal]
01:05 --- Channel #irssi_vim was synced in 104 seconds
01:10  virssi-bot: irssi-scripts: master Tom Feist * d285e78 (1 files in 1 dirs): pipes: added an example feature test on how to use pipes for non-blocking ... - http://bit.ly/gxvlUF
--- Log closed Wed Jan 12 02:58:20 2011
--- Log opened Wed Jan 12 03:03:47 2011
03:03 --- Users 6 nicks [0 ops, 0 halfops, 0 voices, 6 normal]
03:05 --- Channel #irssi_vim was synced in 105 seconds
--- Log closed Wed Jan 12 06:59:25 2011
--- Log opened Wed Jan 12 06:59:48 2011
06:59 --- Users 7 nicks [0 ops, 0 halfops, 0 voices, 7 normal]
06:59 --- Server: [brown.freenode.net] [freenode-info] channel trolls and no channel staff around to help? please check with freenode support: http://freenode.net/faq.shtml#gettinghelp
07:01 --- Channel #irssi_vim was synced in 100 seconds
--- Log closed Wed Jan 12 08:10:12 2011
--- Log opened Wed Jan 12 08:10:22 2011
08:10 --- Users 7 nicks [0 ops, 0 halfops, 0 voices, 7 normal]
08:11 --- Channel #irssi_vim was synced in 105 seconds
15:53 * Nyoxi peeks
20:14 --- Silex is now known as silex
23:39 --- silex is now known as Silex
23:58 --- Silex is now known as silex
--- Log closed Thu Jan 13 00:00:11 2011
