--- Log opened Sun Jan 16 00:00:51 2011
--- Log closed Sun Jan 16 00:10:19 2011
--- Log opened Sun Jan 16 00:10:40 2011
00:10 --- Users 9 nicks [0 ops, 0 halfops, 0 voices, 9 normal]
00:12 --- Channel #irssi_vim was synced in 113 seconds
--- Log closed Sun Jan 16 02:10:38 2011
--- Log opened Sun Jan 16 02:11:03 2011
02:11 --- Users 9 nicks [0 ops, 0 halfops, 0 voices, 9 normal]
02:12 --- Channel #irssi_vim was synced in 107 seconds
03:09 --- peth_ is now known as peth
--- Log closed Sun Jan 16 12:29:55 2011
--- Log opened Sun Jan 16 12:30:17 2011
12:30 --- Users 9 nicks [0 ops, 0 halfops, 0 voices, 9 normal]
12:31 --- Channel #irssi_vim was synced in 107 seconds
--- Log closed Sun Jan 16 14:52:29 2011
--- Log opened Sun Jan 16 14:52:50 2011
14:52 --- Users 9 nicks [0 ops, 0 halfops, 0 voices, 9 normal]
14:54 --- Channel #irssi_vim was synced in 108 seconds
--- Log closed Sun Jan 16 18:52:39 2011
--- Log opened Sun Jan 16 18:53:03 2011
18:53 --- Users 9 nicks [0 ops, 0 halfops, 0 voices, 9 normal]
18:54 --- Channel #irssi_vim was synced in 107 seconds
--- Log closed Sun Jan 16 20:59:03 2011
--- Log opened Sun Jan 16 21:12:14 2011
21:12 --- Users 9 nicks [0 ops, 0 halfops, 0 voices, 9 normal]
21:16 --- Channel #irssi_vim was synced in 429 seconds
--- Log closed Mon Jan 17 00:00:47 2011
