--- Log opened Sat Dec 11 01:07:25 2010
01:07 --- Query: Starting query with rudi_s on FreeNode
01:07 iaj: hiho:)
01:07 iaj: Bist du noch wach?
--- Log closed Sat Dec 11 01:12:49 2010
--- Log opened Sat Dec 11 09:32:40 2010
09:32 --- Query: Starting query with rudi_s on FreeNode
09:32 rudi_s: Nein ;-) .. aber jetzt.
--- Log closed Sat Dec 11 09:37:40 2010
--- Log opened Sat Dec 11 13:42:18 2010
13:42 iaj: 9:30 an einem Samstag
13:42 iaj: Ich bin faszininiert :)
--- Log closed Sat Dec 11 13:47:40 2010
--- Log opened Sat Dec 11 13:52:26 2010
13:52 rudi_s: :-)
13:52 rudi_s: Ich geh zur Zeit recht früh ins Bett ..
13:52 iaj: Kurze Frage du hast doch deine Statusline so schick unterteilt dass man gut erkennen kann was was ist oder?
13:53 rudi_s: Ja.
13:53 rudi_s: statusline = screen hardstatus
13:54 iaj: Ahh ne ich meinte in VIM
13:54 rudi_s: Achso, da auch ;-)
13:59 iaj: richte mir grad Fugitive ein
13:59 rudi_s: Was ist das?
--- Log closed Sat Dec 11 14:04:40 2010
--- Log opened Sat Dec 11 14:51:33 2010
14:51 iaj: fuers Gitten
14:51 rudi_s: ?
14:51 iaj: ein gutes Plugin - so I heard
14:51 iaj: für VIM
14:51 rudi_s: Oh, ok.
14:52 rudi_s: Ich nehm dafür die Shell, mit Zsh-Completion sehr angenehm.
--- Log closed Sat Dec 11 14:57:40 2010
--- Log opened Sat Dec 11 15:02:33 2010
15:02 iaj: Ahh ja... aber will mal sehen wie das so ist ... hat auch nen Statusbar eintrag
15:02 iaj:             set statusline+=%{'!'[&ff=='".&ff."']}%{'$'[!&list]} 
15:02 iaj: kannst mir sagen was hieran falsch is?
15:02 rudi_s: Wo liegt denn das Problem?
15:02 iaj: E540: Unclosed expression sequence: statusline+=%{'!'[&ff=='
15:04 iaj:             let &stl="%f %y%([%R%M]%)%{'!'[&ff=='".&ff."']}%{'$'[!&list]} (%{synIDattr(synID(line('.'),col('.'),0),'name')})%=#%n %l/%L,%c%V "
15:04 iaj: da geht's komischerweise
15:04 rudi_s: Hm, keine Ahnung, so verrückte Sachen hab ich mit der statusline probiert.
15:04 rudi_s: Hm, ich denke da fehlen die Anführungszeichen vorne und hinten.
--- Log closed Sat Dec 11 15:10:40 2010
--- Log opened Sat Dec 11 15:17:19 2010
15:17 iaj: Awhh... hmm ne das wars nicht .. schad
15:17 rudi_s: Ah, warte. Die nehmnen let, das funktioniert anders als set!
15:18 rudi_s: Probiers einfach mit let &strl+="..."
--- Log closed Sat Dec 11 15:23:40 2010
--- Log opened Sat Dec 11 15:35:19 2010
15:35 iaj: same :(
--- Log closed Sat Dec 11 15:40:40 2010
--- Log opened Sat Dec 11 15:42:40 2010
15:42 rudi_s: Kann eigentlich nicht sein.
15:42 rudi_s: Denn anders macht es das andere ja auch nicht.
15:42 rudi_s: Nimm einfach Stück für Stück was raus.
15:43 iaj: das hab ich schon probiert... hihi aber irgendei wills nicht :(
15:43 rudi_s: Schaffst du schon ;-)
15:45 rudi_s: :let &stl="%{'!'[&ff=='".&ff."']}%{'$'[!&list]}" geht bei mir ohne Probleme.
15:45 rudi_s: (Auch wenn ich keine Ahnung hab, was das tun soll ...)
--- Log closed Sat Dec 11 15:51:40 2010
--- Log opened Sat Dec 11 15:54:44 2010
15:54 iaj: hmm
15:54 iaj: Bei mir nicht
15:54 iaj: hihi
15:54 rudi_s: Was für ein Vim hast du?
15:55 rudi_s: Sicher das du das so kopiert hast?
15:55 rudi_s: Geht bei mir in 7.1 und 7.3.
15:55 iaj: 7.3  :\
15:55 iaj: meckert immer rum
15:55 rudi_s: Also bei mir nicht .. komisch.
15:55 rudi_s: Was ist denn der genaue Befehl?
15:56 iaj: sec
15:56 iaj: ich paste
15:56 iaj: http://paste.pocoo.org/show/303532
15:56 iaj: da.:)
15:56 iaj: der auskommentierte Part
15:56 iaj: geht nicht
15:57 rudi_s: set und let?
15:57 rudi_s: Probier bitte mal mein Beispiel von oben.
15:57 iaj:             "set statusline+=%{'!'[&ff=='".&ff."']}
15:57 rudi_s: set != let
15:57 iaj: mit = geht's glaub ich
15:57 iaj: aber nicht mit let +=
15:58 rudi_s: Doch, es geht mit let += .. probier mal mein Beispiel von oben.
15:58 iaj: mit let = geht's - aber mit += hmm 
15:59 iaj:             let &stl += "%{'!'[&ff=='".&ff."']}%{'$'[!&list]}"
16:00 rudi_s: Hm, stimmt, du hast recht, mit += geht es nicht.
16:00 rudi_s: .. aber was soll das eigentlich tun?
16:00 iaj: Sag ich ja :-)
--- Log closed Sat Dec 11 16:05:40 2010
--- Log opened Sat Dec 11 16:05:43 2010
16:05 rudi_s: .. aber was soll das eigentlich tun?
--- Log closed Sat Dec 11 16:11:40 2010
--- Log opened Sat Dec 11 16:35:46 2010
16:35 iaj: Hmm gute Frage.. das hab ich versucht rauszufinden
16:35 iaj: :-D
16:36 rudi_s: ^^
16:37 rudi_s: So wie es aussieht, soll es prüfen ob ff gleich dem ff wenn die statusline gesetzt wurde ist und dann ein ! reinschreiben.
16:37 rudi_s: Aber wozu braucht man das?
--- Log closed Sat Dec 11 16:42:40 2010
--- Log opened Sat Dec 11 18:05:03 2010
18:05 iaj: Hmmm gute Frage
18:05 iaj: selbstgemachte Pizza ist doch das beste
18:05 iaj: ;-)
18:05 rudi_s: ?
18:05 rudi_s: Muss ich das verstehen? ^^
18:05 iaj: Ich hab mal wieder ein Problem... zsh wenn ich cd <tab><tab> kommt ja die liste der möglichen completitions
18:05 iaj: aber warum fruchten meine dircolors da wieder nicht :\
18:05 iaj: Hatte ich eben :-)
18:06 rudi_s: ;-)
18:06 rudi_s: Stimmt, sowas schmeckt gut .. macht aber ne Menge Arbeit.
18:06 rudi_s: LS_COLORS passt?
18:06 rudi_s: Das hast du auch? zstyle ':completion:*' list-colors ${(s.:.)LS_COLORS}
18:06 iaj: LS_COLORS mhhh 
18:06 iaj: $LS_COLORS is leer
18:06 rudi_s: Da ist dein Problem. Das braucht schon nen Wert ;-)
18:07 iaj: Wieso ist das leer
18:07 rudi_s: Weil du es nicht setzt (oder überschreibst).
18:07 iaj: which dircolors &>/dev/null && eval `dircolors -b $HOME/.dircolors`
18:07 iaj: das führ ich aus... hmm
18:07 rudi_s: Was gibt dircolors -b .. aus?
18:08 iaj: iaj(8795)::~⤴  which dircolors
18:08 iaj: dircolors not found
18:08 iaj: lol
18:08 rudi_s: Soviel dazu ;-)
18:09 iaj: Ahhhh gott.......
18:10 iaj: Komisches port hat irgendwann die coreutils runtergeschmissen
18:10 iaj: dann musste ich sie neu installieren
18:10 iaj: und die +with_default_names flag hat er nicht übernommen
18:10 iaj: also heissts jetzt nicht mehr dircolors sonder gdircolors
18:10 rudi_s: Hehe. gdircolors ;-)
18:10 iaj: beste Solution ist alias dircolors=gdircolors
18:10 iaj: oder?
18:11 rudi_s: Entweder so, oder ein symbolischer Link.
18:11 rudi_s: Oder du passt deinen Check einfach an und prüfst auch auf gdircolors.
--- Log closed Sat Dec 11 18:16:40 2010
--- Log opened Sat Dec 11 18:17:22 2010
18:17 iaj: ahhh.. ja... oder das mit _WITH_DEFAULT_NAMES
18:17 iaj: würde fruchten
18:17 iaj: das wär mir am liebsten
18:17 iaj: :D
18:17 rudi_s: Oder so .. also neu kompilieren.
18:17 rudi_s: (Ein Grund warum MacPorts schlecht ist .. das ständige Kompilieren nervt einfach nur.)
18:19 iaj: Haha..ja :(  vorallem wenn er auf meine Flag nicht hört
18:19 iaj: und dennoch es ohne default names installiert
18:20 rudi_s: Das kann beim updaten manchmal passieren (als ich noch mit MacPorts gearbeitet habe, vielleicht haben sie das aber auch gefixt).
18:21 iaj: Weisst du wie ich bei coreutils... also ich hab port info coreutils  gemacht aber da stehen nicht die möglichen Flags.
18:21 iaj: Wo kann ich die einsehen?
18:21 rudi_s: port info coreutils
18:21 iaj: Da stehen die möglichen Flags nicht
18:22 rudi_s: Doch, sollten sie. Als variants.
18:22 iaj: ok.. da gibt's das dann wohl nicht bei der neusten coreutils version
18:22 rudi_s: Komisch, schau dir mal die Ausgabe von anderen Ports an, da sollten die Varianten angezeigt werden.
18:23 iaj: Jo bei vim wird auch einiges angezeigt
18:23 iaj: bei coreutils steht nur universal
18:23 rudi_s: Hm, komisch. Dann gibts die wohl wirklich nicht mehr .. sehr schlau.
18:24 iaj: Put /opt/local/libexec/gnubin in your PATH, coreutils (and similar ports) 
18:24 iaj: now install unprefixed binaries in that location; see ticket #20748: 
18:24 iaj: gnaa
18:24 rudi_s: Ah .. oder so.
--- Log closed Sat Dec 11 18:29:40 2010
--- Log opened Sat Dec 11 18:53:40 2010
18:53 iaj: :-)
18:53 iaj: All done
18:53 rudi_s: Perfekt :-)
--- Log closed Sat Dec 11 18:59:40 2010
--- Log opened Sat Dec 11 19:02:53 2010
19:02 iaj: wenn ich git nicht online sharen will (ok wär kacke wenn die HD abraucht) aber... dann brauch ich ja im prinzip ganricht pushen oder?
19:03 iaj: mein lokales repo enthält ja immer alle volle daten?
19:03 rudi_s: Ja, dann brauchst du nicht pushen.
19:03 rudi_s: Jep, alle Daten.
19:03 rudi_s: .. und fürs Sichern gibt es Backups ;-)
19:03 iaj: Okay, cool!! Thanks!
19:03 rudi_s: np
19:03 iaj: Naja ist halt nur cool wenn ich mal meine dotfiles von wo anders reachen will! :-)
19:03 rudi_s: Die meisten meiner Repos sind nirgendwo "online".
19:04 rudi_s: Stimmt schon, aber dafür sind sie bei mir auf meiner Homepage ^^
19:04 iaj: wie würdest du dir wenn man ne riesige History in zsh hat.. dir nen bestimmten Zeitabschnitt nochmal sehen (also zB was hab ich gestern um 16:30 für Befehle invoked?)
19:05 rudi_s: Gibt die extended history, die speichert timestamps, sonst gar nicht.
19:08 iaj: Oh ich glaub ich brauch nochmal garnicht
19:08 iaj: s/garnicht/deine Hilfe
19:08 iaj: oman was schreib ich da
19:08 iaj: in meinem VIM verzeichnis hab ich nen Haufen von Dateien geloescht
19:08 iaj: die jetzt alle noch als getrackt aufgefasst werden
19:08 iaj: wie kann ich die vermerken?
19:09 iaj: git rm hätt ich wohl machen sollen damals (
19:09 rudi_s: Entweder mit git rm.
19:09 rudi_s: Oder mit git add -u
19:09 rudi_s: Aber schau mit git status/git diff dass du nichts ungewolltes committest.
19:10 iaj: man git-add  geht ja garnicht :(
19:11 rudi_s: Wieso nicht?
19:11 iaj: ka gibt keien manpage dazu bei mir
19:11 iaj: ok nun geht's :\ oman wie sowas aufreg
19:11 rudi_s: Liegt wohl an MacPorts ;-)
19:12 iaj: Häh... git add -u ... versteh die Help da nicht - was genau bewirkt das?
19:13 rudi_s: Das fügt alle Änderungen die in git status stehen (nur für schon getrackte Dateien) dem Index zu.
19:15 iaj: Und geloeschte ebenfalls?
19:15 iaj: k
19:15 rudi_s: Ja, weil die ja auch getracked sind.
19:17 iaj: Danke :)
19:18 rudi_s: np ;-)
19:20 iaj: Hmmm... und jetzt hab ich einige Dateien die noch nicht getrackt sind
19:20 iaj: die aber alle getrackt werden sollen
19:20 iaj: die gerade angezeiget werden
19:21 rudi_s: git add .
19:21 rudi_s: ?
19:22 iaj: das fuegt alle hinzu?
19:22 iaj: Wow:p
19:22 rudi_s: Ja.
19:22 iaj: #       ../.DS_Store 
19:22 iaj: die muss ich noch rauskriegen
19:22 iaj: durch gitignore
19:22 iaj: aber ein Eintrag .DS_Store
19:22 iaj: löst das Problem nicht
19:22 iaj: :-D
19:22 rudi_s: Am besten in ~/.gitconfig ~/.gitignore
19:23 rudi_s: Doch, sollte es.
19:23 iaj: Hmmm ne :)
19:23 iaj: in ~/.gitconfig?
19:24 iaj: ~/.gitignore meinste oder?
19:24 rudi_s: In ~/.gitconfig ein globales gitignore einstellen, nämlich ~/.gitignore und das da rein packen.
19:24 iaj: k in ~/.gitignore ists
19:25 iaj: Hm wie sieht der Eintrag in .gitconfig aus.. da is nichts predefined
19:26 iaj: core.excludesfile 
19:26 rudi_s: [core] editor = vim # Can't use ~/ because of older git versions. excludesfile = /home/simon/dotfiles/vcs/gitignore
19:26 rudi_s: excludesfile = ~/.gitignore
19:28 iaj: Ahhrrr. danke :) Ok das fruchtet
19:29 iaj: kann ich in jedem Directory nen .gitignore haben
19:29 rudi_s: ;-)
19:29 rudi_s: Ja.
19:29 iaj: oder nur in dem ROOT von nem GitRepo?
19:29 rudi_s: Nein.
19:29 iaj: Woah dieses .gitignore  in ~/.gitignore erleichtert so einiges
19:30 rudi_s: ;-)
19:31 iaj: Richte nun alles auf GIT ein :-) ... hast du schon HG getestet ?
19:31 rudi_s: Bin mal kurz weg, Abendessen, bis später.
19:31 rudi_s: Ja, vor Git, ist (war) bei weitem schlechter, viel weniger dynamisch .. du konntest deine eigenen Fehler nicht mehr ausbesseren.
--- Log closed Sat Dec 11 19:37:40 2010
--- Log opened Sat Dec 11 19:37:50 2010
19:37 iaj: Okay guten Appo :-)
--- Log closed Sat Dec 11 19:43:40 2010
--- Log opened Sat Dec 11 19:58:48 2010
19:58 iaj: Hast du noch alte Logs von uns?
--- Log closed Sat Dec 11 20:04:40 2010
--- Log opened Sat Dec 11 21:09:50 2010
21:09 rudi_s: Danke ;-)
21:09 rudi_s: Denke schon.
21:10 rudi_s: Worum geht es?
--- Log closed Sat Dec 11 21:15:40 2010
--- Log opened Sat Dec 11 21:17:05 2010
21:17 iaj: Kannst du mal gucken ich hatte dir mal irgendwann was geschickt da gings um statuslines
21:17 iaj: müsste schon so ne Zeit her sein, war um die vim_mode zeit
21:17 iaj: hab den Teil irgendwann versehentlich aus meiner VIMRC gekickt und undofile war noch nicht aktiv
21:17 iaj: :-( und im GIT hab ich damals nich gearbeitet
21:18 iaj: oman hätte ich mal
21:18 iaj: glaube ich hab dir da nen paste geschickt.. paste.pocoo  und statusline wenn dir das iwie hilft
21:18 rudi_s: Hm. Hab nach statusline und stl gegreppt und nichts gefunden.
21:19 iaj: Shit
21:20 iaj: Da gings auch um buftabs die da involviert waren
21:22 rudi_s: Leider auch nichts gefunden, hab sogar mal alle pastes angeschaut, ist nichts dabei.
21:22 iaj: Mhhh so n Mist :-[
21:23 rudi_s: Was genau suchst du denn?
--- Log closed Sat Dec 11 21:29:40 2010
--- Log opened Sat Dec 11 21:36:58 2010
21:36 iaj: Ahh ich habs gefunden.. meine alte Statusline aber eher wegen der Colors leider hab ich den wichtigen Part User1 - User7 nicht mehr
21:37 rudi_s: Ah, die eigenen Farben .. das bekommst du schon wieder hin ;-)
21:38 iaj: Hätt ich nen Screen wärs leichter
21:39 iaj: Das Problem ist wnen man Farben in der Statusline verwendet
21:39 rudi_s: Dann nimm neue ;-)
21:39 iaj: UND dabei den Hintergrund der Statusline behalten will
21:40 iaj: hi User1 guifg=red     dachte so würde es gehen aber dann nimmt er immer nen schwarzen Hintergrund
21:40 rudi_s: guibg?
21:41 iaj: jo aber wenn ich den auf nen Wert setze
21:41 iaj: ist er a) nur colortheme spezifisch
21:41 iaj: und b) bei Inaktiver Statusbar is alles fürn Eimer :P
21:41 rudi_s: Inaktiver Statusbar?
21:42 iaj: wenn man mehrere Fenster offen hat
21:42 iaj: also Splitted
21:42 rudi_s: Achso .. komisch.
21:42 rudi_s: Ich hab noch nie Farben in der Statusbar verwendet, kann dir da leider nicht weiterhelfen.
21:43 iaj: :-) Macht nichts.. beim Gitten komm ich schon bald wieder auf dich zu
21:43 rudi_s: ;-)
21:48 iaj: noch da?
21:48 iaj:                     \ substitute(g:c_statusline, '%1', '%5', 'g'),
21:48 rudi_s: Ja.
21:48 iaj: würde das den Wert von %1 mit %5 austauschen?
21:49 rudi_s: Keine Ahnung, hab nie wirklich was mit vim-script gemacht (eine der dummen Ideen von Vim - ne ordentlich Programmiersprache wäre mir lieber gewesen).
21:49 iaj: hahahaah ;-)
21:50 iaj: Ja.. stimmt.. Hab viel schlechtes über VIML gehört
21:50 rudi_s: Aber nach :h substitute() sieht es so aus.
21:50 iaj: naja...
21:50 iaj: Okies:-)
21:50 iaj: Dann werd ich das System austricksen
21:50 rudi_s: ;-)
--- Log closed Sat Dec 11 21:55:40 2010
--- Log opened Sat Dec 11 22:42:24 2010
22:42 iaj: Hmmmmm
22:42 iaj: Wenn ich nur wüsste wie ich an guibg Attribut von ner Highlight Gruppe rankomme
22:43 rudi_s: Vielleicht weiß #vim mehr, ich hab da leider keine Ahnung.
--- Log closed Sat Dec 11 22:48:40 2010
