--- Log opened Sat Jan 15 00:02:25 2011
00:02 --- Query: Starting query with rudi_s on FreeNode
00:02 iaj: mHh :)
00:02 iaj: noch da?
00:02 rudi_s: Ja.
00:02 iaj: Wenn ich die mappings mach.. angenommen in der aktuellen irssi session... wie speicher ich das ganze dann?
00:03 rudi_s: :mkvimrc
00:03 rudi_s: Oder einfach :map und das in das vim_mode config file speichern.
00:03 iaj: Hmm und wenn die Datei aber schon existiert?
00:03 rudi_s: Dann von Hand.
00:04 iaj: Mit : oder ohne?
00:04 rudi_s: Ohne.
00:05 iaj: Ein map g0 :b1
00:05 iaj: ist nicht möglich wa
00:05 rudi_s: Doch sollte gehen.
00:07 iaj: 00:04:50  vim_mode: Error in ex-mode command map: :b1 not found
00:07 iaj: Krieg ich als Error
00:07 rudi_s: Hm.
00:08 iaj: Du nicht?
00:08 rudi_s: :map x :b 1
00:08 rudi_s: Steht sogar in der Dokumentation ;-)
00:09 iaj: kann man auch commenten im vim_moderc?
00:09 iaj: ohh
00:09 iaj: sorry :(
00:09 rudi_s: Klar. Mit " am Anfang.
00:09 iaj: hab da egtl vorhin durchgeguckt
00:09 rudi_s: np ;-)
00:10 iaj: :-)  kann ich auch 2 commands chainen?
00:10 rudi_s: Leider nicht.
00:11 rudi_s: Das ganze mapping muss mal neu/umgeschrieben werden. Aber zur Zeit hab ich einfach keine Zeit :-/
00:11 iaj: shabble hatte mal sowas eingebaut:
00:11 iaj: "map ,b #:b<space>
00:11 rudi_s: Geht das?
00:11 iaj: aber das ist wohl wieder raus
00:11 rudi_s: Hm, ok. Das Mapping ist ziemlich kaputt zur Zeit :-/
00:11 rudi_s: Aber wenn du was willst, bau dir einfach den Code um, ist recht einfach.
00:12 iaj: Wo müsste ich dafür ansetzen :)
00:13 rudi_s: Den Befehl inklusive mapping in $commands eintragen, und dann die eigene Funktion bauen.
00:16 iaj: Hmm ok :)
00:16 rudi_s: Ist aber nicht so das perfekte Design, hat sich etwas zu schnell entwickelt ^^ (geht dafür aber recht gut finde ich).
--- Log closed Sat Jan 15 00:21:40 2011
