--- Log opened Tue Nov 16 00:00:30 2010
--- Log closed Tue Nov 16 00:34:56 2010
--- Log opened Tue Nov 16 00:35:14 2010
00:35 --- Users 12 nicks [0 ops, 0 halfops, 0 voices, 12 normal]
00:36 --- Channel #quicksilver was synced in 78 seconds
--- Log closed Tue Nov 16 02:32:51 2010
--- Log opened Tue Nov 16 02:33:10 2010
02:33 --- Users 10 nicks [0 ops, 0 halfops, 0 voices, 10 normal]
02:34 --- Channel #quicksilver was synced in 79 seconds
--- Log closed Tue Nov 16 06:25:37 2010
--- Log opened Tue Nov 16 06:25:57 2010
06:25 --- Users 10 nicks [0 ops, 0 halfops, 0 voices, 10 normal]
06:27 --- Channel #quicksilver was synced in 79 seconds
--- Log closed Tue Nov 16 06:33:45 2010
--- Log opened Tue Nov 16 06:34:09 2010
06:34 --- Users 10 nicks [0 ops, 0 halfops, 0 voices, 10 normal]
06:35 --- Channel #quicksilver was synced in 78 seconds
--- Log closed Tue Nov 16 08:42:24 2010
--- Log opened Tue Nov 16 08:44:12 2010
08:44 --- Users 8 nicks [0 ops, 0 halfops, 0 voices, 8 normal]
08:48 --- Channel #quicksilver was synced in 273 seconds
--- Log closed Tue Nov 16 12:42:13 2010
--- Log opened Tue Nov 16 12:42:44 2010
12:42 --- Users 8 nicks [0 ops, 0 halfops, 0 voices, 8 normal]
12:43 --- Channel #quicksilver was synced in 76 seconds
--- Log opened Tue Nov 16 15:52:48 2010
15:52 --- Users 9 nicks [0 ops, 0 halfops, 0 voices, 9 normal]
15:53 --- Channel #quicksilver was synced in 77 seconds
--- Log closed Wed Nov 17 11:21:13 2010
