--- Log opened Sat Oct 09 11:57:30 2010
--- Log closed Sat Oct 09 12:02:31 2010
--- Log opened Sat Oct 09 16:51:22 2010
16:51 --- Users 7 nicks [0 ops, 0 halfops, 0 voices, 7 normal]
16:52 --- Channel #quicksilver was synced in 64 seconds
--- Log closed Sat Oct 09 19:08:40 2010
--- Log opened Sat Oct 09 19:09:04 2010
19:09 --- Users 7 nicks [0 ops, 0 halfops, 0 voices, 7 normal]
19:09 --- Channel #quicksilver was synced in 58 seconds
--- Log closed Sat Oct 09 19:50:56 2010
--- Log opened Sat Oct 09 19:51:18 2010
19:51 --- Users 8 nicks [0 ops, 0 halfops, 0 voices, 8 normal]
19:52 --- Channel #quicksilver was synced in 57 seconds
--- Log closed Sat Oct 09 20:53:30 2010
--- Log opened Sat Oct 09 20:53:50 2010
20:53 --- Users 8 nicks [0 ops, 0 halfops, 0 voices, 8 normal]
20:54 --- Channel #quicksilver was synced in 57 seconds
--- Log closed Sat Oct 09 21:42:49 2010
--- Log opened Sat Oct 09 21:48:14 2010
21:48 --- Users 8 nicks [0 ops, 0 halfops, 0 voices, 8 normal]
21:49 --- Channel #quicksilver was synced in 59 seconds
--- Log closed Sat Oct 09 22:03:41 2010
--- Log opened Sat Oct 09 22:04:01 2010
22:04 --- Users 8 nicks [0 ops, 0 halfops, 0 voices, 8 normal]
22:04 --- Channel #quicksilver was synced in 59 seconds
--- Log closed Sat Oct 09 22:33:42 2010
--- Log opened Sat Oct 09 22:34:05 2010
22:34 --- Users 8 nicks [0 ops, 0 halfops, 0 voices, 8 normal]
22:35 --- Channel #quicksilver was synced in 63 seconds
--- Log closed Sat Oct 09 23:33:17 2010
--- Log opened Sat Oct 09 23:33:37 2010
23:33 --- Users 8 nicks [0 ops, 0 halfops, 0 voices, 8 normal]
23:34 --- Channel #quicksilver was synced in 59 seconds
--- Log closed Sun Oct 10 00:00:39 2010
