--- Log opened Tue Dec 21 00:00:37 2010
--- Log closed Tue Dec 21 09:20:17 2010
--- Log opened Tue Dec 21 09:25:40 2010
09:25 --- Users 5 nicks [0 ops, 0 halfops, 0 voices, 5 normal]
09:26 --- Channel #quicksilver was synced in 77 seconds
--- Log closed Tue Dec 21 12:10:49 2010
--- Log opened Tue Dec 21 12:11:11 2010
12:11 --- Users 4 nicks [0 ops, 0 halfops, 0 voices, 4 normal]
12:12 --- Channel #quicksilver was synced in 78 seconds
--- Log closed Tue Dec 21 12:43:37 2010
--- Log opened Tue Dec 21 12:44:59 2010
12:44 --- Users 5 nicks [0 ops, 0 halfops, 0 voices, 5 normal]
12:44 --- Server: [kornbluth.freenode.net] [freenode-info] please register your nickname...don't forget to auto-identify! http://freenode.net/faq.shtml#nicksetup
12:49 --- Channel #quicksilver was synced in 323 seconds
--- Log closed Tue Dec 21 15:40:20 2010
--- Log opened Tue Dec 21 15:40:39 2010
15:40 --- Users 5 nicks [0 ops, 0 halfops, 0 voices, 5 normal]
15:41 --- Channel #quicksilver was synced in 72 seconds
--- Log closed Tue Dec 21 20:40:05 2010
--- Log opened Tue Dec 21 20:40:29 2010
20:40 --- Users 6 nicks [0 ops, 0 halfops, 0 voices, 6 normal]
20:41 --- Channel #quicksilver was synced in 77 seconds
--- Log closed Tue Dec 21 20:59:22 2010
--- Log opened Tue Dec 21 21:14:50 2010
21:14 --- Users 5 nicks [0 ops, 0 halfops, 0 voices, 5 normal]
21:15 --- Channel #quicksilver was synced in 71 seconds
--- Log closed Tue Dec 21 21:40:45 2010
--- Log opened Tue Dec 21 21:46:11 2010
21:46 --- Users 5 nicks [0 ops, 0 halfops, 0 voices, 5 normal]
21:47 --- Channel #quicksilver was synced in 73 seconds
--- Log closed Tue Dec 21 22:41:38 2010
--- Log opened Tue Dec 21 22:47:04 2010
22:47 --- Users 5 nicks [0 ops, 0 halfops, 0 voices, 5 normal]
22:48 --- Channel #quicksilver was synced in 77 seconds
--- Log closed Wed Dec 22 08:13:10 2010
