--- Log opened Wed Dec 15 00:00:31 2010
--- Log closed Wed Dec 15 00:02:36 2010
--- Log opened Wed Dec 15 00:07:58 2010
00:07 --- Users 8 nicks [0 ops, 0 halfops, 0 voices, 8 normal]
00:07 --- Server: [hubbard.freenode.net] [freenode-info] channel trolls and no channel staff around to help? please check with freenode support: http://freenode.net/faq.shtml#gettinghelp
00:09 --- Channel #quicksilver was synced in 93 seconds
--- Log closed Wed Dec 15 02:02:13 2010
--- Log opened Wed Dec 15 02:07:36 2010
02:07 --- Users 8 nicks [0 ops, 0 halfops, 0 voices, 8 normal]
02:08 --- Channel #quicksilver was synced in 90 seconds
--- Log closed Wed Dec 15 06:02:27 2010
--- Log opened Wed Dec 15 06:07:51 2010
06:07 --- Users 7 nicks [0 ops, 0 halfops, 0 voices, 7 normal]
06:09 --- Channel #quicksilver was synced in 90 seconds
--- Log closed Wed Dec 15 11:04:11 2010
--- Log opened Wed Dec 15 11:09:31 2010
11:09 --- Users 6 nicks [0 ops, 0 halfops, 0 voices, 6 normal]
11:10 --- Channel #quicksilver was synced in 92 seconds
--- Log closed Wed Dec 15 12:46:51 2010
--- Log opened Wed Dec 15 13:24:19 2010
13:24 --- Users 6 nicks [0 ops, 0 halfops, 0 voices, 6 normal]
13:25 --- Channel #quicksilver was synced in 93 seconds
--- Log closed Fri Dec 17 18:23:32 2010
