--- Log opened Sun Jan 16 00:00:51 2011
--- Log closed Sun Jan 16 00:10:19 2011
--- Log opened Sun Jan 16 00:10:39 2011
00:10 --- Users 8 nicks [0 ops, 0 halfops, 0 voices, 8 normal]
00:12 --- Channel #quicksilver was synced in 91 seconds
--- Log closed Sun Jan 16 02:10:38 2011
--- Log opened Sun Jan 16 02:11:01 2011
02:11 --- Users 8 nicks [0 ops, 0 halfops, 0 voices, 8 normal]
02:12 --- Channel #quicksilver was synced in 87 seconds
--- Log closed Sun Jan 16 12:29:55 2011
--- Log opened Sun Jan 16 12:30:16 2011
12:30 --- Users 7 nicks [0 ops, 0 halfops, 0 voices, 7 normal]
12:31 --- Channel #quicksilver was synced in 87 seconds
--- Log closed Sun Jan 16 14:52:29 2011
--- Log opened Sun Jan 16 14:52:49 2011
14:52 --- Users 7 nicks [0 ops, 0 halfops, 0 voices, 7 normal]
14:54 --- Channel #quicksilver was synced in 88 seconds
--- Log closed Sun Jan 16 18:52:39 2011
--- Log opened Sun Jan 16 18:53:02 2011
18:53 --- Users 7 nicks [0 ops, 0 halfops, 0 voices, 7 normal]
18:54 --- Channel #quicksilver was synced in 87 seconds
--- Log closed Sun Jan 16 20:59:03 2011
--- Log opened Sun Jan 16 21:12:11 2011
21:12 --- Users 8 nicks [0 ops, 0 halfops, 0 voices, 8 normal]
21:16 --- Channel #quicksilver was synced in 409 seconds
--- Log closed Mon Jan 17 00:00:47 2011
